[0.013s] Invoking command in '/home/astra/Ti5_controller/build/Ti5_arms_controller': CMAKE_PREFIX_PATH=${CMAKE_PREFIX_PATH}:/opt/ros/humble /usr/bin/cmake /home/astra/Ti5_controller/src/Ti5_arms_controller -DCMAKE_INSTALL_PREFIX=/home/astra/Ti5_controller/install/Ti5_arms_controller
[0.021s] -- Found ament_cmake: 1.3.10 (/opt/ros/humble/share/ament_cmake/cmake)
[0.099s] -- Override CMake install command with custom implementation using symlinks instead of copying resources
[0.103s] -- Found generate_parameter_library: 0.3.9 (/opt/ros/humble/share/generate_parameter_library/cmake)
[0.104s] -- Found parameter_traits: 0.3.9 (/opt/ros/humble/share/parameter_traits/cmake)
[0.123s] -- Found rosidl_generator_c: 3.1.5 (/opt/ros/humble/share/rosidl_generator_c/cmake)
[0.124s] -- Found rosidl_adapter: 3.1.5 (/opt/ros/humble/share/rosidl_adapter/cmake)
[0.128s] -- Found rosidl_generator_cpp: 3.1.5 (/opt/ros/humble/share/rosidl_generator_cpp/cmake)
[0.134s] -- Using all available rosidl_typesupport_c: rosidl_typesupport_fastrtps_c;rosidl_typesupport_introspection_c
[0.142s] -- Using all available rosidl_typesupport_cpp: rosidl_typesupport_fastrtps_cpp;rosidl_typesupport_introspection_cpp
[0.161s] -- Found rmw_implementation_cmake: 6.1.2 (/opt/ros/humble/share/rmw_implementation_cmake/cmake)
[0.162s] -- Found rmw_cyclonedds_cpp: 1.3.4 (/opt/ros/humble/share/rmw_cyclonedds_cpp/cmake)
[0.173s] -- Using RMW implementation 'rmw_cyclonedds_cpp' as default
[0.208s] -- Found rclcpp_lifecycle: 16.0.10 (/opt/ros/humble/share/rclcpp_lifecycle/cmake)
[0.218s] -- Found ament_cmake_gmock: 1.3.10 (/opt/ros/humble/share/ament_cmake_gmock/cmake)
[0.218s] -- Found controller_manager: 2.43.1 (/opt/ros/humble/share/controller_manager/cmake)
[0.309s] -- Found ros2_control_test_assets: 2.43.1 (/opt/ros/humble/share/ros2_control_test_assets/cmake)
[0.311s] -- Found std_srvs: 4.2.4 (/opt/ros/humble/share/std_srvs/cmake)
[0.324s] -- Found ament_lint_auto: 0.12.11 (/opt/ros/humble/share/ament_lint_auto/cmake)
[0.325s] -- Found gmock sources under '/opt/ros/humble/src/gmock_vendor': C++ tests using 'Google Mock' will be built
[0.326s] -- Found ament_cmake_gtest: 1.3.10 (/opt/ros/humble/share/ament_cmake_gtest/cmake)
[0.326s] -- Found gtest sources under '/opt/ros/humble/src/gtest_vendor': C++ tests using 'Google Test' will be built
[0.382s] WARNING: Package name "Ti5_arms_controller" does not follow the naming conventions. It should start with a lower case letter and only contain lower case letters, digits, underscores, and dashes.
[0.393s] -- Configuring done
[0.442s] -- Generating done
[0.443s] -- Build files have been written to: /home/astra/Ti5_controller/build/Ti5_arms_controller
[0.449s] Invoked command in '/home/astra/Ti5_controller/build/Ti5_arms_controller' returned '0': CMAKE_PREFIX_PATH=${CMAKE_PREFIX_PATH}:/opt/ros/humble /usr/bin/cmake /home/astra/Ti5_controller/src/Ti5_arms_controller -DCMAKE_INSTALL_PREFIX=/home/astra/Ti5_controller/install/Ti5_arms_controller
[0.451s] Invoking command in '/home/astra/Ti5_controller/build/Ti5_arms_controller': CMAKE_PREFIX_PATH=${CMAKE_PREFIX_PATH}:/opt/ros/humble /usr/bin/cmake --build /home/astra/Ti5_controller/build/Ti5_arms_controller -- -j24 -l24
[0.478s] [35m[1mConsolidate compiler generated dependencies of target gmock_main[0m
[0.479s] [35m[1mConsolidate compiler generated dependencies of target gmock[0m
[0.485s] [ 13%] Built target Ti5_arms_controller_parameters
[0.488s] [ 26%] Built target gmock_main
[0.489s] [ 46%] Built target gmock
[0.492s] [35m[1mConsolidate compiler generated dependencies of target Ti5_arms_controller[0m
[0.496s] [35m[1mConsolidate compiler generated dependencies of target test_load_Ti5_arms_controller[0m
[0.504s] [ 53%] [32mBuilding CXX object CMakeFiles/Ti5_arms_controller.dir/src/Ti5_arms_controller.cpp.o[0m
[0.509s] [ 60%] [32mBuilding CXX object CMakeFiles/test_load_Ti5_arms_controller.dir/test/test_load_Ti5_arms_controller.cpp.o[0m
[2.023s] In file included from [01m[K/home/astra/Ti5_controller/build/Ti5_arms_controller/Ti5_arms_controller_parameters/include/Ti5_arms_controller_parameters.hpp:29[m[K,
[2.023s]                  from [01m[K/home/astra/Ti5_controller/src/Ti5_arms_controller/include/Ti5_arms_controller/Ti5_arms_controller.hpp:28[m[K,
[2.023s]                  from [01m[K/home/astra/Ti5_controller/src/Ti5_arms_controller/src/Ti5_arms_controller.cpp:20[m[K:
[2.023s] [01m[K/home/astra/Ti5_controller/build/Ti5_arms_controller/Ti5_arms_controller_parameters/include/validate_Ti5_arms_controller_parameters.hpp:29:75:[m[K [01;35m[Kwarning: [m[K‚Äò[01m[Kusing Result = class tl::expected<void, std::__cxx11::basic_string<char> >[m[K‚Äô is deprecated: Use tl::expected<void, std::string> for return instead. `#include <tl_expected/expected.hpp>`. [[01;35m[K]8;;https://gcc.gnu.org/onlinedocs/gcc/Warning-Options.html#index-Wdeprecated-declarations-Wdeprecated-declarations]8;;[m[K]
[2.023s]    29 | Result forbidden_interface_name_prefix(rclcpp::Parameter const & parameter[01;35m[K)[m[K
[2.023s]       |                                                                           [01;35m[K^[m[K
[2.023s] In file included from [01m[K/home/astra/Ti5_controller/build/Ti5_arms_controller/Ti5_arms_controller_parameters/include/Ti5_arms_controller_parameters.hpp:23[m[K,
[2.023s]                  from [01m[K/home/astra/Ti5_controller/src/Ti5_arms_controller/include/Ti5_arms_controller/Ti5_arms_controller.hpp:28[m[K,
[2.023s]                  from [01m[K/home/astra/Ti5_controller/src/Ti5_arms_controller/src/Ti5_arms_controller.cpp:20[m[K:
[2.023s] [01m[K/opt/ros/humble/include/parameter_traits/parameter_traits/parameter_traits.hpp:37:7:[m[K [01;36m[Knote: [m[Kdeclared here
[2.023s]    37 | using [01;36m[KResult[m[K
[2.024s]       |       [01;36m[K^~~~~~[m[K
[2.024s] In file included from [01m[K/home/astra/Ti5_controller/build/Ti5_arms_controller/Ti5_arms_controller_parameters/include/Ti5_arms_controller_parameters.hpp:29[m[K,
[2.024s]                  from [01m[K/home/astra/Ti5_controller/src/Ti5_arms_controller/include/Ti5_arms_controller/Ti5_arms_controller.hpp:28[m[K,
[2.024s]                  from [01m[K/home/astra/Ti5_controller/src/Ti5_arms_controller/src/Ti5_arms_controller.cpp:20[m[K:
[2.024s] [01m[K/home/astra/Ti5_controller/build/Ti5_arms_controller/Ti5_arms_controller_parameters/include/validate_Ti5_arms_controller_parameters.hpp:[m[K In function ‚Äò[01m[Kparameter_traits::Result parameter_traits::forbidden_interface_name_prefix(const rclcpp::Parameter&)[m[K‚Äô:
[2.024s] [01m[K/home/astra/Ti5_controller/build/Ti5_arms_controller/Ti5_arms_controller_parameters/include/validate_Ti5_arms_controller_parameters.hpp:35:17:[m[K [01;35m[Kwarning: [m[K‚Äò[01m[Ktl::expected<void, std::__cxx11::basic_string<char> > parameter_traits::ERROR(const string&, Args ...) [with Args = {}; std::string = std::__cxx11::basic_string<char>][m[K‚Äô is deprecated: When returning tl::expected<void, std::string> you can call fmt::format directly. [[01;35m[K]8;;https://gcc.gnu.org/onlinedocs/gcc/Warning-Options.html#index-Wdeprecated-declarations-Wdeprecated-declarations]8;;[m[K]
[2.024s]    35 |     return [01;35m[KERROR("'interface_name' parameter can not start with 'blup_'")[m[K;
[2.024s]       |            [01;35m[K~~~~~^~~~~~~~~~~~~~~~~~~~~~~~~~~~~~~~~~~~~~~~~~~~~~~~~~~~~~~~~[m[K
[2.024s] In file included from [01m[K/home/astra/Ti5_controller/build/Ti5_arms_controller/Ti5_arms_controller_parameters/include/Ti5_arms_controller_parameters.hpp:23[m[K,
[2.024s]                  from [01m[K/home/astra/Ti5_controller/src/Ti5_arms_controller/include/Ti5_arms_controller/Ti5_arms_controller.hpp:28[m[K,
[2.024s]                  from [01m[K/home/astra/Ti5_controller/src/Ti5_arms_controller/src/Ti5_arms_controller.cpp:20[m[K:
[2.024s] [01m[K/opt/ros/humble/include/parameter_traits/parameter_traits/parameter_traits.hpp:46:1:[m[K [01;36m[Knote: [m[Kdeclared here
[2.024s]    46 | [01;36m[KERROR[m[K(const std::string& format, Args... args)
[2.024s]       | [01;36m[K^~~~~[m[K
[2.024s] In file included from [01m[K/home/astra/Ti5_controller/build/Ti5_arms_controller/Ti5_arms_controller_parameters/include/Ti5_arms_controller_parameters.hpp:29[m[K,
[2.024s]                  from [01m[K/home/astra/Ti5_controller/src/Ti5_arms_controller/include/Ti5_arms_controller/Ti5_arms_controller.hpp:28[m[K,
[2.024s]                  from [01m[K/home/astra/Ti5_controller/src/Ti5_arms_controller/src/Ti5_arms_controller.cpp:20[m[K:
[2.024s] [01m[K/home/astra/Ti5_controller/build/Ti5_arms_controller/Ti5_arms_controller_parameters/include/validate_Ti5_arms_controller_parameters.hpp:38:10:[m[K [01;35m[Kwarning: [m[K‚Äò[01m[Kparameter_traits::OK[m[K‚Äô is deprecated: When returning tl::expected<void, std::string> default construct for OK with `{}`. [[01;35m[K]8;;https://gcc.gnu.org/onlinedocs/gcc/Warning-Options.html#index-Wdeprecated-declarations-Wdeprecated-declarations]8;;[m[K]
[2.024s]    38 |   return [01;35m[KOK[m[K;
[2.024s]       |          [01;35m[K^~[m[K
[2.024s] In file included from [01m[K/home/astra/Ti5_controller/build/Ti5_arms_controller/Ti5_arms_controller_parameters/include/Ti5_arms_controller_parameters.hpp:23[m[K,
[2.024s]                  from [01m[K/home/astra/Ti5_controller/src/Ti5_arms_controller/include/Ti5_arms_controller/Ti5_arms_controller.hpp:28[m[K,
[2.024s]                  from [01m[K/home/astra/Ti5_controller/src/Ti5_arms_controller/src/Ti5_arms_controller.cpp:20[m[K:
[2.024s] [01m[K/opt/ros/humble/include/parameter_traits/parameter_traits/parameter_traits.hpp:51:13:[m[K [01;36m[Knote: [m[Kdeclared here
[2.024s]    51 | auto static [01;36m[KOK[m[K
[2.024s]       |             [01;36m[K^~[m[K
[2.280s] [01m[K/home/astra/Ti5_controller/src/Ti5_arms_controller/src/Ti5_arms_controller.cpp:[m[K In member function ‚Äò[01m[Kvirtual controller_interface::CallbackReturn Ti5_arms_controller::Ti5ArmsController::on_init()[m[K‚Äô:
[2.280s] [01m[K/home/astra/Ti5_controller/src/Ti5_arms_controller/src/Ti5_arms_controller.cpp:42:52:[m[K [01;31m[Kerror: [m[K‚Äò[01m[Kjoint_command_interfaces_[m[K‚Äô was not declared in this scope; did you mean ‚Äò[01m[Kcommand_interfaces_[m[K‚Äô?
[2.280s]    42 |     node->get_parameter("joint_command_interfaces",[01;31m[Kjoint_command_interfaces_[m[K);
[2.280s]       |                                                    [01;31m[K^~~~~~~~~~~~~~~~~~~~~~~~~[m[K
[2.280s]       |                                                    [32m[Kcommand_interfaces_[m[K
[2.286s] [01m[K/home/astra/Ti5_controller/src/Ti5_arms_controller/src/Ti5_arms_controller.cpp:43:50:[m[K [01;31m[Kerror: [m[K‚Äò[01m[Kjoint_state_interfaces_[m[K‚Äô was not declared in this scope; did you mean ‚Äò[01m[Kstate_interfaces_[m[K‚Äô?
[2.286s]    43 |     node->get_parameter("joint_state_interfaces",[01;31m[Kjoint_state_interfaces_[m[K);
[2.286s]       |                                                  [01;31m[K^~~~~~~~~~~~~~~~~~~~~~~[m[K
[2.286s]       |                                                  [32m[Kstate_interfaces_[m[K
[2.292s] [01m[K/home/astra/Ti5_controller/src/Ti5_arms_controller/src/Ti5_arms_controller.cpp:[m[K In member function ‚Äò[01m[Kvirtual controller_interface::CallbackReturn Ti5_arms_controller::Ti5ArmsController::on_configure(const rclcpp_lifecycle::State&)[m[K‚Äô:
[2.292s] [01m[K/home/astra/Ti5_controller/src/Ti5_arms_controller/src/Ti5_arms_controller.cpp:55:32:[m[K [01;31m[Kerror: [m[K‚Äò[01m[Kjoint_command_interfaces_[m[K‚Äô was not declared in this scope; did you mean ‚Äò[01m[Kcommand_interfaces_[m[K‚Äô?
[2.292s]    55 |     if(joint_names_.empty() || [01;31m[Kjoint_command_interfaces_[m[K.empty() || joint_state_interfaces_.empty())
[2.292s]       |                                [01;31m[K^~~~~~~~~~~~~~~~~~~~~~~~~[m[K
[2.292s]       |                                [32m[Kcommand_interfaces_[m[K
[2.298s] [01m[K/home/astra/Ti5_controller/src/Ti5_arms_controller/src/Ti5_arms_controller.cpp:55:69:[m[K [01;31m[Kerror: [m[K‚Äò[01m[Kjoint_state_interfaces_[m[K‚Äô was not declared in this scope; did you mean ‚Äò[01m[Kstate_interfaces_[m[K‚Äô?
[2.298s]    55 |     if(joint_names_.empty() || joint_command_interfaces_.empty() || [01;31m[Kjoint_state_interfaces_[m[K.empty())
[2.298s]       |                                                                     [01;31m[K^~~~~~~~~~~~~~~~~~~~~~~[m[K
[2.298s]       |                                                                     [32m[Kstate_interfaces_[m[K
[2.298s] [01m[K/home/astra/Ti5_controller/src/Ti5_arms_controller/src/Ti5_arms_controller.cpp:58:7:[m[K [01;31m[Kerror: [m[Kexpected ‚Äò[01m[K;[m[K‚Äô before ‚Äò[01m[Kreturn[m[K‚Äô
[2.298s]    58 |       [01;31m[Kreturn[m[K controller_interface::CallbackReturn::ERROR;
[2.298s]       |       [01;31m[K^~~~~~[m[K
[2.303s] [01m[K/home/astra/Ti5_controller/src/Ti5_arms_controller/src/Ti5_arms_controller.cpp:65:23:[m[K [01;31m[Kerror: [m[K‚Äò[01m[Kget_interface[m[K‚Äô was not declared in this scope; did you mean ‚Äò[01m[Krcl_interfaces[m[K‚Äô?
[2.303s]    65 |         auto handle = [01;31m[Kget_interface[m[K(joint, interface, command_interfaces_);
[2.303s]       |                       [01;31m[K^~~~~~~~~~~~~[m[K
[2.303s]       |                       [32m[Krcl_interfaces[m[K
[2.310s] [01m[K/home/astra/Ti5_controller/src/Ti5_arms_controller/src/Ti5_arms_controller.cpp:78:35:[m[K [01;31m[Kerror: [m[K‚Äò[01m[Kjoint_state_interfaces_[m[K‚Äô was not declared in this scope; did you mean ‚Äò[01m[Kstate_interfaces_[m[K‚Äô?
[2.310s]    78 |       for(const auto &interface : [01;31m[Kjoint_state_interfaces_[m[K)
[2.310s]       |                                   [01;31m[K^~~~~~~~~~~~~~~~~~~~~~~[m[K
[2.310s]       |                                   [32m[Kstate_interfaces_[m[K
[2.314s] [01m[K/home/astra/Ti5_controller/src/Ti5_arms_controller/src/Ti5_arms_controller.cpp:80:23:[m[K [01;31m[Kerror: [m[K‚Äò[01m[Kget_interface[m[K‚Äô was not declared in this scope; did you mean ‚Äò[01m[Krcl_interfaces[m[K‚Äô?
[2.314s]    80 |         auto handle = [01;31m[Kget_interface[m[K(joint, interface, state_interfaces_);
[2.314s]       |                       [01;31m[K^~~~~~~~~~~~~[m[K
[2.314s]       |                       [32m[Krcl_interfaces[m[K
[2.321s] [01m[K/home/astra/Ti5_controller/src/Ti5_arms_controller/src/Ti5_arms_controller.cpp:[m[K In member function ‚Äò[01m[Kvirtual controller_interface::InterfaceConfiguration Ti5_arms_controller::Ti5ArmsController::command_interface_configuration() const[m[K‚Äô:
[2.321s] [01m[K/home/astra/Ti5_controller/src/Ti5_arms_controller/src/Ti5_arms_controller.cpp:102:67:[m[K [01;31m[Kerror: [m[K‚Äò[01m[Kjoint_command_interfaces_[m[K‚Äô was not declared in this scope; did you mean ‚Äò[01m[Kcommand_interfaces_[m[K‚Äô?
[2.321s]   102 |     command_interfaces_config.names.reserve(joint_names_.size() * [01;31m[Kjoint_command_interfaces_[m[K.size());
[2.321s]       |                                                                   [01;31m[K^~~~~~~~~~~~~~~~~~~~~~~~~[m[K
[2.321s]       |                                                                   [32m[Kcommand_interfaces_[m[K
[2.327s] [01m[K/home/astra/Ti5_controller/src/Ti5_arms_controller/src/Ti5_arms_controller.cpp:[m[K In member function ‚Äò[01m[Kvirtual controller_interface::InterfaceConfiguration Ti5_arms_controller::Ti5ArmsController::state_interface_configuration() const[m[K‚Äô:
[2.327s] [01m[K/home/astra/Ti5_controller/src/Ti5_arms_controller/src/Ti5_arms_controller.cpp:120:35:[m[K [01;31m[Kerror: [m[K‚Äò[01m[Kjoint_state_interfaces_[m[K‚Äô was not declared in this scope; did you mean ‚Äò[01m[Kstate_interfaces_[m[K‚Äô?
[2.327s]   120 |       for(const auto &interface : [01;31m[Kjoint_state_interfaces_[m[K)
[2.327s]       |                                   [01;31m[K^~~~~~~~~~~~~~~~~~~~~~~[m[K
[2.327s]       |                                   [32m[Kstate_interfaces_[m[K
[2.327s] [01m[K/home/astra/Ti5_controller/src/Ti5_arms_controller/src/Ti5_arms_controller.cpp:[m[K In member function ‚Äò[01m[Kvirtual controller_interface::return_type Ti5_arms_controller::Ti5ArmsController::update(const rclcpp::Time&, const rclcpp::Duration&)[m[K‚Äô:
[2.327s] [01m[K/home/astra/Ti5_controller/src/Ti5_arms_controller/src/Ti5_arms_controller.cpp:151:83:[m[K [01;35m[Kwarning: [m[Kunused parameter ‚Äò[01m[Ktime[m[K‚Äô [[01;35m[K]8;;https://gcc.gnu.org/onlinedocs/gcc/Warning-Options.html#index-Wunused-parameter-Wunused-parameter]8;;[m[K]
[2.327s]   151 |   controller_interface::return_type Ti5ArmsController::update([01;35m[Kconst rclcpp::Time &time[m[K, const rclcpp::Duration &)
[2.327s]       |                                                               [01;35m[K~~~~~~~~~~~~~~~~~~~~^~~~[m[K
[2.671s] gmake[2]: *** [CMakeFiles/Ti5_arms_controller.dir/build.make:76ÔºöCMakeFiles/Ti5_arms_controller.dir/src/Ti5_arms_controller.cpp.o] ÈîôËØØ 1
[2.671s] gmake[1]: *** [CMakeFiles/Makefile2:208ÔºöCMakeFiles/Ti5_arms_controller.dir/all] ÈîôËØØ 2
[2.671s] gmake[1]: *** Ê≠£Âú®Á≠âÂæÖÊú™ÂÆåÊàêÁöÑ‰ªªÂä°....
[2.890s] [01m[K/home/astra/Ti5_controller/src/Ti5_arms_controller/test/test_load_Ti5_arms_controller.cpp:[m[K In member function ‚Äò[01m[Kvirtual void TestLoadTi5ArmsController_load_controller_Test::TestBody()[m[K‚Äô:
[2.890s] [01m[K/home/astra/Ti5_controller/src/Ti5_arms_controller/test/test_load_Ti5_arms_controller.cpp:38:92:[m[K [01;31m[Kerror: [m[Kno matching function for call to ‚Äò[01m[Kcontroller_manager::ControllerManager::ControllerManager(std::shared_ptr<rclcpp::Executor>&, const std::__cxx11::basic_string<char>&, bool, const char [24])[m[K‚Äô
[2.890s]    38 |     executor, ros2_control_test_assets::minimal_robot_urdf, true, "test_controller_manager"[01;31m[K)[m[K;
[2.890s]       |                                                                                            [01;31m[K^[m[K
[2.890s] In file included from [01m[K/home/astra/Ti5_controller/src/Ti5_arms_controller/test/test_load_Ti5_arms_controller.cpp:23[m[K:
[2.890s] [01m[K/opt/ros/humble/include/controller_manager/controller_manager.hpp:77:3:[m[K [01;36m[Knote: [m[Kcandidate: ‚Äò[01m[Kcontroller_manager::ControllerManager::ControllerManager(std::shared_ptr<rclcpp::Executor>, const string&, const string&, const rclcpp::NodeOptions&)[m[K‚Äô
[2.890s]    77 |   [01;36m[KControllerManager[m[K(
[2.890s]       |   [01;36m[K^~~~~~~~~~~~~~~~~[m[K
[2.890s] [01m[K/opt/ros/humble/include/controller_manager/controller_manager.hpp:80:25:[m[K [01;36m[Knote: [m[K  no known conversion for argument 3 from ‚Äò[01m[Kbool[m[K‚Äô to ‚Äò[01m[Kconst string&[m[K‚Äô {aka ‚Äò[01m[Kconst std::__cxx11::basic_string<char>&[m[K‚Äô}
[2.890s]    80 |     [01;36m[Kconst std::string & namespace_ = ""[m[K,
[2.890s]       |     [01;36m[K~~~~~~~~~~~~~~~~~~~~^~~~~~~~~~~~~~~[m[K
[2.890s] [01m[K/opt/ros/humble/include/controller_manager/controller_manager.hpp:69:3:[m[K [01;36m[Knote: [m[Kcandidate: ‚Äò[01m[Kcontroller_manager::ControllerManager::ControllerManager(std::unique_ptr<hardware_interface::ResourceManager>, std::shared_ptr<rclcpp::Executor>, const string&, const string&, const rclcpp::NodeOptions&)[m[K‚Äô
[2.890s]    69 |   [01;36m[KControllerManager[m[K(
[2.890s]       |   [01;36m[K^~~~~~~~~~~~~~~~~[m[K
[2.891s] [01m[K/opt/ros/humble/include/controller_manager/controller_manager.hpp:70:58:[m[K [01;36m[Knote: [m[K  no known conversion for argument 1 from ‚Äò[01m[Kstd::shared_ptr<rclcpp::Executor>[m[K‚Äô to ‚Äò[01m[Kstd::unique_ptr<hardware_interface::ResourceManager>[m[K‚Äô
[2.891s]    70 |     [01;36m[Kstd::unique_ptr<hardware_interface::ResourceManager> resource_manager[m[K,
[2.891s]       |     [01;36m[K~~~~~~~~~~~~~~~~~~~~~~~~~~~~~~~~~~~~~~~~~~~~~~~~~~~~~^~~~~~~~~~~~~~~~[m[K
[3.451s] gmake[2]: *** [CMakeFiles/test_load_Ti5_arms_controller.dir/build.make:76ÔºöCMakeFiles/test_load_Ti5_arms_controller.dir/test/test_load_Ti5_arms_controller.cpp.o] ÈîôËØØ 1
[3.451s] gmake[1]: *** [CMakeFiles/Makefile2:235ÔºöCMakeFiles/test_load_Ti5_arms_controller.dir/all] ÈîôËØØ 2
[3.452s] gmake: *** [Makefile:146Ôºöall] ÈîôËØØ 2
