<?xml version="1.0" encoding="UTF-8"?>
<Site BuildName="(empty)"
	BuildStamp="20250624-0120-Experimental"
	Name="astra"
	Generator="ctest-3.22.1"
	CompilerName="/usr/bin/g++"
	CompilerVersion="11.4.0"
	OSName="Linux"
	Hostname="astra"
	OSRelease="6.8.0-60-generic"
	OSVersion="#63~22.04.1-Ubuntu SMP PREEMPT_DYNAMIC Tue Apr 22 19:00:15 UTC 2"
	OSPlatform="x86_64"
	Is64Bits="1"
	VendorString="GenuineIntel"
	VendorID="Intel Corporation"
	FamilyID="6"
	ModelID="183"
	ProcessorCacheSize="30720"
	NumberOfLogicalCPU="24"
	NumberOfPhysicalCPU="16"
	TotalVirtualMemory="2047"
	TotalPhysicalMemory="31756"
	LogicalProcessorsPerPhysical="1"
	ProcessorClockFrequency="1155.42"
	>
	<Testing>
		<StartDateTime>Jun 24 09:20 CST</StartDateTime>
		<StartTestTime>1750728032</StartTestTime>
		<TestList/>
		<EndDateTime>Jun 24 09:20 CST</EndDateTime>
		<EndTestTime>1750728032</EndTestTime>
		<ElapsedMinutes>0</ElapsedMinutes>
	</Testing>
</Site>
