[0.013s] Invoking command in '/home/astra/Ti5_controller/build/Ti5_arms_controller': CMAKE_PREFIX_PATH=${CMAKE_PREFIX_PATH}:/opt/ros/humble /usr/bin/cmake --build /home/astra/Ti5_controller/build/Ti5_arms_controller -- -j24 -l24
[0.047s] [ 13%] Built target Ti5_arms_controller_parameters
[0.054s] [ 26%] Built target gmock_main
[0.057s] [ 46%] Built target gmock
[0.067s] [ 60%] Built target Ti5_arms_controller
[0.079s] [ 66%] [32mBuilding CXX object CMakeFiles/test_load_Ti5_arms_controller.dir/test/test_load_Ti5_arms_controller.cpp.o[0m
[0.086s] [ 73%] [32mBuilding CXX object CMakeFiles/test_Ti5_arms_controller.dir/test/test_Ti5_arms_controller.cpp.o[0m
[0.088s] [ 80%] [32mBuilding CXX object CMakeFiles/test_Ti5_arms_controller_preceeding.dir/test/test_Ti5_arms_controller_preceeding.cpp.o[0m
[1.636s] In file included from [01m[K/home/astra/Ti5_controller/build/Ti5_arms_controller/Ti5_arms_controller_parameters/include/Ti5_arms_controller_parameters.hpp:29[m[K,
[1.636s]                  from [01m[K/home/astra/Ti5_controller/src/Ti5_arms_controller/include/Ti5_arms_controller/Ti5_arms_controller.hpp:28[m[K,
[1.636s]                  from [01m[K/home/astra/Ti5_controller/src/Ti5_arms_controller/test/test_Ti5_arms_controller.hpp:31[m[K,
[1.636s]                  from [01m[K/home/astra/Ti5_controller/src/Ti5_arms_controller/test/test_Ti5_arms_controller_preceeding.cpp:20[m[K:
[1.636s] [01m[K/home/astra/Ti5_controller/build/Ti5_arms_controller/Ti5_arms_controller_parameters/include/validate_Ti5_arms_controller_parameters.hpp:29:75:[m[K [01;35m[Kwarning: [m[Kâ€˜[01m[Kusing Result = class tl::expected<void, std::__cxx11::basic_string<char> >[m[Kâ€™ is deprecated: Use tl::expected<void, std::string> for return instead. `#include <tl_expected/expected.hpp>`. [[01;35m[K]8;;https://gcc.gnu.org/onlinedocs/gcc/Warning-Options.html#index-Wdeprecated-declarations-Wdeprecated-declarations]8;;[m[K]
[1.636s]    29 | Result forbidden_interface_name_prefix(rclcpp::Parameter const & parameter[01;35m[K)[m[K
[1.636s]       |                                                                           [01;35m[K^[m[K
[1.636s] In file included from [01m[K/home/astra/Ti5_controller/build/Ti5_arms_controller/Ti5_arms_controller_parameters/include/Ti5_arms_controller_parameters.hpp:23[m[K,
[1.636s]                  from [01m[K/home/astra/Ti5_controller/src/Ti5_arms_controller/include/Ti5_arms_controller/Ti5_arms_controller.hpp:28[m[K,
[1.636s]                  from [01m[K/home/astra/Ti5_controller/src/Ti5_arms_controller/test/test_Ti5_arms_controller.hpp:31[m[K,
[1.636s]                  from [01m[K/home/astra/Ti5_controller/src/Ti5_arms_controller/test/test_Ti5_arms_controller_preceeding.cpp:20[m[K:
[1.636s] [01m[K/opt/ros/humble/include/parameter_traits/parameter_traits/parameter_traits.hpp:37:7:[m[K [01;36m[Knote: [m[Kdeclared here
[1.636s]    37 | using [01;36m[KResult[m[K
[1.636s]       |       [01;36m[K^~~~~~[m[K
[1.637s] In file included from [01m[K/home/astra/Ti5_controller/build/Ti5_arms_controller/Ti5_arms_controller_parameters/include/Ti5_arms_controller_parameters.hpp:29[m[K,
[1.637s]                  from [01m[K/home/astra/Ti5_controller/src/Ti5_arms_controller/include/Ti5_arms_controller/Ti5_arms_controller.hpp:28[m[K,
[1.637s]                  from [01m[K/home/astra/Ti5_controller/src/Ti5_arms_controller/test/test_Ti5_arms_controller.hpp:31[m[K,
[1.637s]                  from [01m[K/home/astra/Ti5_controller/src/Ti5_arms_controller/test/test_Ti5_arms_controller_preceeding.cpp:20[m[K:
[1.637s] [01m[K/home/astra/Ti5_controller/build/Ti5_arms_controller/Ti5_arms_controller_parameters/include/validate_Ti5_arms_controller_parameters.hpp:[m[K In function â€˜[01m[Kparameter_traits::Result parameter_traits::forbidden_interface_name_prefix(const rclcpp::Parameter&)[m[Kâ€™:
[1.637s] [01m[K/home/astra/Ti5_controller/build/Ti5_arms_controller/Ti5_arms_controller_parameters/include/validate_Ti5_arms_controller_parameters.hpp:35:17:[m[K [01;35m[Kwarning: [m[Kâ€˜[01m[Ktl::expected<void, std::__cxx11::basic_string<char> > parameter_traits::ERROR(const string&, Args ...) [with Args = {}; std::string = std::__cxx11::basic_string<char>][m[Kâ€™ is deprecated: When returning tl::expected<void, std::string> you can call fmt::format directly. [[01;35m[K]8;;https://gcc.gnu.org/onlinedocs/gcc/Warning-Options.html#index-Wdeprecated-declarations-Wdeprecated-declarations]8;;[m[K]
[1.637s]    35 |     return [01;35m[KERROR("'interface_name' parameter can not start with 'blup_'")[m[K;
[1.637s]       |            [01;35m[K~~~~~^~~~~~~~~~~~~~~~~~~~~~~~~~~~~~~~~~~~~~~~~~~~~~~~~~~~~~~~~[m[K
[1.637s] In file included from [01m[K/home/astra/Ti5_controller/build/Ti5_arms_controller/Ti5_arms_controller_parameters/include/Ti5_arms_controller_parameters.hpp:23[m[K,
[1.637s]                  from [01m[K/home/astra/Ti5_controller/src/Ti5_arms_controller/include/Ti5_arms_controller/Ti5_arms_controller.hpp:28[m[K,
[1.637s]                  from [01m[K/home/astra/Ti5_controller/src/Ti5_arms_controller/test/test_Ti5_arms_controller.hpp:31[m[K,
[1.637s]                  from [01m[K/home/astra/Ti5_controller/src/Ti5_arms_controller/test/test_Ti5_arms_controller_preceeding.cpp:20[m[K:
[1.637s] [01m[K/opt/ros/humble/include/parameter_traits/parameter_traits/parameter_traits.hpp:46:1:[m[K [01;36m[Knote: [m[Kdeclared here
[1.637s]    46 | [01;36m[KERROR[m[K(const std::string& format, Args... args)
[1.637s]       | [01;36m[K^~~~~[m[K
[1.637s] In file included from [01m[K/home/astra/Ti5_controller/build/Ti5_arms_controller/Ti5_arms_controller_parameters/include/Ti5_arms_controller_parameters.hpp:29[m[K,
[1.637s]                  from [01m[K/home/astra/Ti5_controller/src/Ti5_arms_controller/include/Ti5_arms_controller/Ti5_arms_controller.hpp:28[m[K,
[1.637s]                  from [01m[K/home/astra/Ti5_controller/src/Ti5_arms_controller/test/test_Ti5_arms_controller.hpp:31[m[K,
[1.637s]                  from [01m[K/home/astra/Ti5_controller/src/Ti5_arms_controller/test/test_Ti5_arms_controller_preceeding.cpp:20[m[K:
[1.637s] [01m[K/home/astra/Ti5_controller/build/Ti5_arms_controller/Ti5_arms_controller_parameters/include/validate_Ti5_arms_controller_parameters.hpp:38:10:[m[K [01;35m[Kwarning: [m[Kâ€˜[01m[Kparameter_traits::OK[m[Kâ€™ is deprecated: When returning tl::expected<void, std::string> default construct for OK with `{}`. [[01;35m[K]8;;https://gcc.gnu.org/onlinedocs/gcc/Warning-Options.html#index-Wdeprecated-declarations-Wdeprecated-declarations]8;;[m[K]
[1.637s]    38 |   return [01;35m[KOK[m[K;
[1.637s]       |          [01;35m[K^~[m[K
[1.637s] In file included from [01m[K/home/astra/Ti5_controller/build/Ti5_arms_controller/Ti5_arms_controller_parameters/include/Ti5_arms_controller_parameters.hpp:23[m[K,
[1.637s]                  from [01m[K/home/astra/Ti5_controller/src/Ti5_arms_controller/include/Ti5_arms_controller/Ti5_arms_controller.hpp:28[m[K,
[1.637s]                  from [01m[K/home/astra/Ti5_controller/src/Ti5_arms_controller/test/test_Ti5_arms_controller.hpp:31[m[K,
[1.637s]                  from [01m[K/home/astra/Ti5_controller/src/Ti5_arms_controller/test/test_Ti5_arms_controller_preceeding.cpp:20[m[K:
[1.637s] [01m[K/opt/ros/humble/include/parameter_traits/parameter_traits/parameter_traits.hpp:51:13:[m[K [01;36m[Knote: [m[Kdeclared here
[1.637s]    51 | auto static [01;36m[KOK[m[K
[1.637s]       |             [01;36m[K^~[m[K
[1.642s] In file included from [01m[K/home/astra/Ti5_controller/build/Ti5_arms_controller/Ti5_arms_controller_parameters/include/Ti5_arms_controller_parameters.hpp:29[m[K,
[1.642s]                  from [01m[K/home/astra/Ti5_controller/src/Ti5_arms_controller/include/Ti5_arms_controller/Ti5_arms_controller.hpp:28[m[K,
[1.642s]                  from [01m[K/home/astra/Ti5_controller/src/Ti5_arms_controller/test/test_Ti5_arms_controller.hpp:31[m[K,
[1.642s]                  from [01m[K/home/astra/Ti5_controller/src/Ti5_arms_controller/test/test_Ti5_arms_controller.cpp:27[m[K:
[1.642s] [01m[K/home/astra/Ti5_controller/build/Ti5_arms_controller/Ti5_arms_controller_parameters/include/validate_Ti5_arms_controller_parameters.hpp:29:75:[m[K [01;35m[Kwarning: [m[Kâ€˜[01m[Kusing Result = class tl::expected<void, std::__cxx11::basic_string<char> >[m[Kâ€™ is deprecated: Use tl::expected<void, std::string> for return instead. `#include <tl_expected/expected.hpp>`. [[01;35m[K]8;;https://gcc.gnu.org/onlinedocs/gcc/Warning-Options.html#index-Wdeprecated-declarations-Wdeprecated-declarations]8;;[m[K]
[1.642s]    29 | Result forbidden_interface_name_prefix(rclcpp::Parameter const & parameter[01;35m[K)[m[K
[1.643s]       |                                                                           [01;35m[K^[m[K
[1.643s] In file included from [01m[K/home/astra/Ti5_controller/build/Ti5_arms_controller/Ti5_arms_controller_parameters/include/Ti5_arms_controller_parameters.hpp:23[m[K,
[1.643s]                  from [01m[K/home/astra/Ti5_controller/src/Ti5_arms_controller/include/Ti5_arms_controller/Ti5_arms_controller.hpp:28[m[K,
[1.643s]                  from [01m[K/home/astra/Ti5_controller/src/Ti5_arms_controller/test/test_Ti5_arms_controller.hpp:31[m[K,
[1.643s]                  from [01m[K/home/astra/Ti5_controller/src/Ti5_arms_controller/test/test_Ti5_arms_controller.cpp:27[m[K:
[1.643s] [01m[K/opt/ros/humble/include/parameter_traits/parameter_traits/parameter_traits.hpp:37:7:[m[K [01;36m[Knote: [m[Kdeclared here
[1.643s]    37 | using [01;36m[KResult[m[K
[1.643s]       |       [01;36m[K^~~~~~[m[K
[1.643s] In file included from [01m[K/home/astra/Ti5_controller/build/Ti5_arms_controller/Ti5_arms_controller_parameters/include/Ti5_arms_controller_parameters.hpp:29[m[K,
[1.643s]                  from [01m[K/home/astra/Ti5_controller/src/Ti5_arms_controller/include/Ti5_arms_controller/Ti5_arms_controller.hpp:28[m[K,
[1.643s]                  from [01m[K/home/astra/Ti5_controller/src/Ti5_arms_controller/test/test_Ti5_arms_controller.hpp:31[m[K,
[1.643s]                  from [01m[K/home/astra/Ti5_controller/src/Ti5_arms_controller/test/test_Ti5_arms_controller.cpp:27[m[K:
[1.643s] [01m[K/home/astra/Ti5_controller/build/Ti5_arms_controller/Ti5_arms_controller_parameters/include/validate_Ti5_arms_controller_parameters.hpp:[m[K In function â€˜[01m[Kparameter_traits::Result parameter_traits::forbidden_interface_name_prefix(const rclcpp::Parameter&)[m[Kâ€™:
[1.643s] [01m[K/home/astra/Ti5_controller/build/Ti5_arms_controller/Ti5_arms_controller_parameters/include/validate_Ti5_arms_controller_parameters.hpp:35:17:[m[K [01;35m[Kwarning: [m[Kâ€˜[01m[Ktl::expected<void, std::__cxx11::basic_string<char> > parameter_traits::ERROR(const string&, Args ...) [with Args = {}; std::string = std::__cxx11::basic_string<char>][m[Kâ€™ is deprecated: When returning tl::expected<void, std::string> you can call fmt::format directly. [[01;35m[K]8;;https://gcc.gnu.org/onlinedocs/gcc/Warning-Options.html#index-Wdeprecated-declarations-Wdeprecated-declarations]8;;[m[K]
[1.643s]    35 |     return [01;35m[KERROR("'interface_name' parameter can not start with 'blup_'")[m[K;
[1.643s]       |            [01;35m[K~~~~~^~~~~~~~~~~~~~~~~~~~~~~~~~~~~~~~~~~~~~~~~~~~~~~~~~~~~~~~~[m[K
[1.643s] In file included from [01m[K/home/astra/Ti5_controller/build/Ti5_arms_controller/Ti5_arms_controller_parameters/include/Ti5_arms_controller_parameters.hpp:23[m[K,
[1.643s]                  from [01m[K/home/astra/Ti5_controller/src/Ti5_arms_controller/include/Ti5_arms_controller/Ti5_arms_controller.hpp:28[m[K,
[1.643s]                  from [01m[K/home/astra/Ti5_controller/src/Ti5_arms_controller/test/test_Ti5_arms_controller.hpp:31[m[K,
[1.643s]                  from [01m[K/home/astra/Ti5_controller/src/Ti5_arms_controller/test/test_Ti5_arms_controller.cpp:27[m[K:
[1.643s] [01m[K/opt/ros/humble/include/parameter_traits/parameter_traits/parameter_traits.hpp:46:1:[m[K [01;36m[Knote: [m[Kdeclared here
[1.643s]    46 | [01;36m[KERROR[m[K(const std::string& format, Args... args)
[1.643s]       | [01;36m[K^~~~~[m[K
[1.643s] In file included from [01m[K/home/astra/Ti5_controller/build/Ti5_arms_controller/Ti5_arms_controller_parameters/include/Ti5_arms_controller_parameters.hpp:29[m[K,
[1.643s]                  from [01m[K/home/astra/Ti5_controller/src/Ti5_arms_controller/include/Ti5_arms_controller/Ti5_arms_controller.hpp:28[m[K,
[1.643s]                  from [01m[K/home/astra/Ti5_controller/src/Ti5_arms_controller/test/test_Ti5_arms_controller.hpp:31[m[K,
[1.643s]                  from [01m[K/home/astra/Ti5_controller/src/Ti5_arms_controller/test/test_Ti5_arms_controller.cpp:27[m[K:
[1.643s] [01m[K/home/astra/Ti5_controller/build/Ti5_arms_controller/Ti5_arms_controller_parameters/include/validate_Ti5_arms_controller_parameters.hpp:38:10:[m[K [01;35m[Kwarning: [m[Kâ€˜[01m[Kparameter_traits::OK[m[Kâ€™ is deprecated: When returning tl::expected<void, std::string> default construct for OK with `{}`. [[01;35m[K]8;;https://gcc.gnu.org/onlinedocs/gcc/Warning-Options.html#index-Wdeprecated-declarations-Wdeprecated-declarations]8;;[m[K]
[1.643s]    38 |   return [01;35m[KOK[m[K;
[1.643s]       |          [01;35m[K^~[m[K
[1.644s] In file included from [01m[K/home/astra/Ti5_controller/build/Ti5_arms_controller/Ti5_arms_controller_parameters/include/Ti5_arms_controller_parameters.hpp:23[m[K,
[1.644s]                  from [01m[K/home/astra/Ti5_controller/src/Ti5_arms_controller/include/Ti5_arms_controller/Ti5_arms_controller.hpp:28[m[K,
[1.644s]                  from [01m[K/home/astra/Ti5_controller/src/Ti5_arms_controller/test/test_Ti5_arms_controller.hpp:31[m[K,
[1.644s]                  from [01m[K/home/astra/Ti5_controller/src/Ti5_arms_controller/test/test_Ti5_arms_controller.cpp:27[m[K:
[1.644s] [01m[K/opt/ros/humble/include/parameter_traits/parameter_traits/parameter_traits.hpp:51:13:[m[K [01;36m[Knote: [m[Kdeclared here
[1.644s]    51 | auto static [01;36m[KOK[m[K
[1.644s]       |             [01;36m[K^~[m[K
[2.208s] In file included from [01m[K/home/astra/Ti5_controller/src/Ti5_arms_controller/test/test_Ti5_arms_controller_preceeding.cpp:20[m[K:
[2.208s] [01m[K/home/astra/Ti5_controller/src/Ti5_arms_controller/test/test_Ti5_arms_controller.hpp:[m[K In member function â€˜[01m[Kvirtual controller_interface::CallbackReturn TestableTi5ArmsController::on_configure(const rclcpp_lifecycle::State&)[m[Kâ€™:
[2.208s] [01m[K/home/astra/Ti5_controller/src/Ti5_arms_controller/test/test_Ti5_arms_controller.hpp:71:49:[m[K [01;31m[Kerror: [m[Kâ€˜[01m[Krclcpp::Subscription<control_msgs::msg::JointJog_<std::allocator<void> > >::SharedPtr Ti5_arms_controller::Ti5ArmsController::ref_subscriber_[m[Kâ€™ is private within this context
[2.208s]    71 |       ref_subscriber_wait_set_.add_subscription([01;31m[Kref_subscriber_[m[K);
[2.208s]       |                                                 [01;31m[K^~~~~~~~~~~~~~~[m[K
[2.208s] In file included from [01m[K/home/astra/Ti5_controller/src/Ti5_arms_controller/test/test_Ti5_arms_controller.hpp:31[m[K,
[2.208s]                  from [01m[K/home/astra/Ti5_controller/src/Ti5_arms_controller/test/test_Ti5_arms_controller_preceeding.cpp:20[m[K:
[2.208s] [01m[K/home/astra/Ti5_controller/src/Ti5_arms_controller/include/Ti5_arms_controller/Ti5_arms_controller.hpp:92:61:[m[K [01;36m[Knote: [m[Kdeclared private here
[2.208s]    92 |     rclcpp::Subscription<ControllerReferenceMsg>::SharedPtr [01;36m[Kref_subscriber_[m[K = nullptr;
[2.208s]       |                                                             [01;36m[K^~~~~~~~~~~~~~~[m[K
[2.216s] In file included from [01m[K/home/astra/Ti5_controller/src/Ti5_arms_controller/test/test_Ti5_arms_controller.cpp:27[m[K:
[2.216s] [01m[K/home/astra/Ti5_controller/src/Ti5_arms_controller/test/test_Ti5_arms_controller.hpp:[m[K In member function â€˜[01m[Kvirtual controller_interface::CallbackReturn TestableTi5ArmsController::on_configure(const rclcpp_lifecycle::State&)[m[Kâ€™:
[2.216s] [01m[K/home/astra/Ti5_controller/src/Ti5_arms_controller/test/test_Ti5_arms_controller.hpp:71:49:[m[K [01;31m[Kerror: [m[Kâ€˜[01m[Krclcpp::Subscription<control_msgs::msg::JointJog_<std::allocator<void> > >::SharedPtr Ti5_arms_controller::Ti5ArmsController::ref_subscriber_[m[Kâ€™ is private within this context
[2.216s]    71 |       ref_subscriber_wait_set_.add_subscription([01;31m[Kref_subscriber_[m[K);
[2.216s]       |                                                 [01;31m[K^~~~~~~~~~~~~~~[m[K
[2.216s] In file included from [01m[K/home/astra/Ti5_controller/src/Ti5_arms_controller/test/test_Ti5_arms_controller.hpp:31[m[K,
[2.216s]                  from [01m[K/home/astra/Ti5_controller/src/Ti5_arms_controller/test/test_Ti5_arms_controller.cpp:27[m[K:
[2.216s] [01m[K/home/astra/Ti5_controller/src/Ti5_arms_controller/include/Ti5_arms_controller/Ti5_arms_controller.hpp:92:61:[m[K [01;36m[Knote: [m[Kdeclared private here
[2.216s]    92 |     rclcpp::Subscription<ControllerReferenceMsg>::SharedPtr [01;36m[Kref_subscriber_[m[K = nullptr;
[2.216s]       |                                                             [01;36m[K^~~~~~~~~~~~~~~[m[K
[2.247s] In file included from [01m[K/opt/ros/humble/src/gtest_vendor/include/gtest/gtest.h:375[m[K,
[2.248s]                  from [01m[K/opt/ros/humble/src/gmock_vendor/include/gmock/internal/gmock-internal-utils.h:47[m[K,
[2.248s]                  from [01m[K/opt/ros/humble/src/gmock_vendor/include/gmock/gmock-actions.h:51[m[K,
[2.248s]                  from [01m[K/opt/ros/humble/src/gmock_vendor/include/gmock/gmock.h:59[m[K,
[2.248s]                  from [01m[K/home/astra/Ti5_controller/src/Ti5_arms_controller/test/test_Ti5_arms_controller.hpp:32[m[K,
[2.248s]                  from [01m[K/home/astra/Ti5_controller/src/Ti5_arms_controller/test/test_Ti5_arms_controller_preceeding.cpp:20[m[K:
[2.248s] [01m[K/home/astra/Ti5_controller/src/Ti5_arms_controller/test/test_Ti5_arms_controller.hpp:[m[K In member function â€˜[01m[Kvoid Ti5ArmsControllerFixture<CtrlType>::SetUpController(std::string)[m[Kâ€™:
[2.248s] [01m[K/home/astra/Ti5_controller/src/Ti5_arms_controller/test/test_Ti5_arms_controller.hpp:137:66:[m[K [01;31m[Kerror: [m[Kâ€˜[01m[Kclass TestableTi5ArmsController[m[Kâ€™ has no member named â€˜[01m[Kdefine_custom_node_options[m[Kâ€™
[2.248s]   137 |       controller_->init(controller_name, "", 0, "", controller_->[01;31m[Kdefine_custom_node_options[m[K()),
[2.248s]       |                                                                  [01;31m[K^~~~~~~~~~~~~~~~~~~~~~~~~~[m[K
[2.248s] [01m[K/opt/ros/humble/src/gtest_vendor/include/gtest/gtest_pred_impl.h:77:52:[m[K [01;36m[Knote: [m[Kin definition of macro â€˜[01m[KGTEST_ASSERT_[m[Kâ€™
[2.248s]    77 |   if (const ::testing::AssertionResult gtest_ar = ([01;36m[Kexpression[m[K)) \
[2.248s]       |                                                    [01;36m[K^~~~~~~~~~[m[K
[2.248s] [01m[K/opt/ros/humble/src/gtest_vendor/include/gtest/gtest_pred_impl.h:168:3:[m[K [01;36m[Knote: [m[Kin expansion of macro â€˜[01m[KGTEST_PRED_FORMAT2_[m[Kâ€™
[2.248s]   168 |   [01;36m[KGTEST_PRED_FORMAT2_[m[K(pred_format, v1, v2, GTEST_FATAL_FAILURE_)
[2.248s]       |   [01;36m[K^~~~~~~~~~~~~~~~~~~[m[K
[2.248s] [01m[K/opt/ros/humble/src/gtest_vendor/include/gtest/gtest.h:2041:3:[m[K [01;36m[Knote: [m[Kin expansion of macro â€˜[01m[KASSERT_PRED_FORMAT2[m[Kâ€™
[2.248s]  2041 |   [01;36m[KASSERT_PRED_FORMAT2[m[K(::testing::internal::EqHelper::Compare, val1, val2)
[2.248s]       |   [01;36m[K^~~~~~~~~~~~~~~~~~~[m[K
[2.248s] [01m[K/opt/ros/humble/src/gtest_vendor/include/gtest/gtest.h:2057:32:[m[K [01;36m[Knote: [m[Kin expansion of macro â€˜[01m[KGTEST_ASSERT_EQ[m[Kâ€™
[2.248s]  2057 | # define ASSERT_EQ(val1, val2) [01;36m[KGTEST_ASSERT_EQ[m[K(val1, val2)
[2.248s]       |                                [01;36m[K^~~~~~~~~~~~~~~[m[K
[2.248s] [01m[K/home/astra/Ti5_controller/src/Ti5_arms_controller/test/test_Ti5_arms_controller.hpp:136:5:[m[K [01;36m[Knote: [m[Kin expansion of macro â€˜[01m[KASSERT_EQ[m[Kâ€™
[2.248s]   136 |     [01;36m[KASSERT_EQ[m[K(
[2.248s]       |     [01;36m[K^~~~~~~~~[m[K
[2.251s] [01m[K/home/astra/Ti5_controller/src/Ti5_arms_controller/test/test_Ti5_arms_controller_preceeding.cpp:[m[K At global scope:
[2.251s] [01m[K/home/astra/Ti5_controller/src/Ti5_arms_controller/test/test_Ti5_arms_controller_preceeding.cpp:28:28:[m[K [01;31m[Kerror: [m[Kâ€˜[01m[KCMD_MY_ITFS[m[Kâ€™ has not been declared in â€˜[01m[KTi5_arms_controller[m[Kâ€™
[2.252s]    28 | using Ti5_arms_controller::[01;31m[KCMD_MY_ITFS[m[K;
[2.252s]       |                            [01;31m[K^~~~~~~~~~~[m[K
[2.252s] [01m[K/home/astra/Ti5_controller/src/Ti5_arms_controller/test/test_Ti5_arms_controller_preceeding.cpp:29:28:[m[K [01;31m[Kerror: [m[Kâ€˜[01m[Kcontrol_mode_type[m[Kâ€™ has not been declared in â€˜[01m[KTi5_arms_controller[m[Kâ€™
[2.252s]    29 | using Ti5_arms_controller::[01;31m[Kcontrol_mode_type[m[K;
[2.252s]       |                            [01;31m[K^~~~~~~~~~~~~~~~~[m[K
[2.252s] [01m[K/home/astra/Ti5_controller/src/Ti5_arms_controller/test/test_Ti5_arms_controller_preceeding.cpp:30:28:[m[K [01;31m[Kerror: [m[Kâ€˜[01m[KSTATE_MY_ITFS[m[Kâ€™ has not been declared in â€˜[01m[KTi5_arms_controller[m[Kâ€™
[2.252s]    30 | using Ti5_arms_controller::[01;31m[KSTATE_MY_ITFS[m[K;
[2.252s]       |                            [01;31m[K^~~~~~~~~~~~~[m[K
[2.254s] In file included from [01m[K/opt/ros/humble/src/gtest_vendor/include/gtest/gtest.h:62[m[K,
[2.254s]                  from [01m[K/opt/ros/humble/src/gmock_vendor/include/gmock/internal/gmock-internal-utils.h:47[m[K,
[2.254s]                  from [01m[K/opt/ros/humble/src/gmock_vendor/include/gmock/gmock-actions.h:51[m[K,
[2.254s]                  from [01m[K/opt/ros/humble/src/gmock_vendor/include/gmock/gmock.h:59[m[K,
[2.254s]                  from [01m[K/home/astra/Ti5_controller/src/Ti5_arms_controller/test/test_Ti5_arms_controller.hpp:32[m[K,
[2.254s]                  from [01m[K/home/astra/Ti5_controller/src/Ti5_arms_controller/test/test_Ti5_arms_controller_preceeding.cpp:20[m[K:
[2.254s] [01m[K/home/astra/Ti5_controller/src/Ti5_arms_controller/test/test_Ti5_arms_controller_preceeding.cpp:[m[K In member function â€˜[01m[Kvirtual void Ti5ArmsControllerTest_all_parameters_set_configure_success_Test::TestBody()[m[Kâ€™:
[2.254s] [01m[K/home/astra/Ti5_controller/src/Ti5_arms_controller/test/test_Ti5_arms_controller_preceeding.cpp:40:28:[m[K [01;31m[Kerror: [m[Kâ€˜[01m[KTi5_arms_controller::Params Ti5_arms_controller::Ti5ArmsController::params_[m[Kâ€™ is private within this context
[2.254s]    40 |   ASSERT_TRUE(controller_->[01;31m[Kparams_[m[K.joints.empty());
[2.255s]       |                            [01;31m[K^~~~~~~[m[K
[2.255s] [01m[K/opt/ros/humble/src/gtest_vendor/include/gtest/internal/gtest-internal.h:1325:34:[m[K [01;36m[Knote: [m[Kin definition of macro â€˜[01m[KGTEST_TEST_BOOLEAN_[m[Kâ€™
[2.255s]  1325 |       ::testing::AssertionResult([01;36m[Kexpression[m[K)) \
[2.255s]       |                                  [01;36m[K^~~~~~~~~~[m[K
[2.255s] [01m[K/home/astra/Ti5_controller/src/Ti5_arms_controller/test/test_Ti5_arms_controller_preceeding.cpp:40:3:[m[K [01;36m[Knote: [m[Kin expansion of macro â€˜[01m[KASSERT_TRUE[m[Kâ€™
[2.255s]    40 |   [01;36m[KASSERT_TRUE[m[K(controller_->params_.joints.empty());
[2.255s]       |   [01;36m[K^~~~~~~~~~~[m[K
[2.255s] In file included from [01m[K/home/astra/Ti5_controller/src/Ti5_arms_controller/test/test_Ti5_arms_controller.hpp:31[m[K,
[2.255s]                  from [01m[K/home/astra/Ti5_controller/src/Ti5_arms_controller/test/test_Ti5_arms_controller_preceeding.cpp:20[m[K:
[2.255s] [01m[K/home/astra/Ti5_controller/src/Ti5_arms_controller/include/Ti5_arms_controller/Ti5_arms_controller.hpp:78:33:[m[K [01;36m[Knote: [m[Kdeclared private here
[2.255s]    78 |     Ti5_arms_controller::Params [01;36m[Kparams_[m[K;
[2.255s]       |                                 [01;36m[K^~~~~~~[m[K
[2.255s] In file included from [01m[K/opt/ros/humble/src/gtest_vendor/include/gtest/gtest.h:62[m[K,
[2.255s]                  from [01m[K/opt/ros/humble/src/gmock_vendor/include/gmock/internal/gmock-internal-utils.h:47[m[K,
[2.255s]                  from [01m[K/opt/ros/humble/src/gmock_vendor/include/gmock/gmock-actions.h:51[m[K,
[2.255s]                  from [01m[K/opt/ros/humble/src/gmock_vendor/include/gmock/gmock.h:59[m[K,
[2.255s]                  from [01m[K/home/astra/Ti5_controller/src/Ti5_arms_controller/test/test_Ti5_arms_controller.hpp:32[m[K,
[2.255s]                  from [01m[K/home/astra/Ti5_controller/src/Ti5_arms_controller/test/test_Ti5_arms_controller_preceeding.cpp:20[m[K:
[2.255s] [01m[K/home/astra/Ti5_controller/src/Ti5_arms_controller/test/test_Ti5_arms_controller_preceeding.cpp:41:28:[m[K [01;31m[Kerror: [m[Kâ€˜[01m[KTi5_arms_controller::Params Ti5_arms_controller::Ti5ArmsController::params_[m[Kâ€™ is private within this context
[2.255s]    41 |   ASSERT_TRUE(controller_->[01;31m[Kparams_[m[K.state_joints.empty());
[2.255s]       |                            [01;31m[K^~~~~~~[m[K
[2.255s] [01m[K/opt/ros/humble/src/gtest_vendor/include/gtest/internal/gtest-internal.h:1325:34:[m[K [01;36m[Knote: [m[Kin definition of macro â€˜[01m[KGTEST_TEST_BOOLEAN_[m[Kâ€™
[2.255s]  1325 |       ::testing::AssertionResult([01;36m[Kexpression[m[K)) \
[2.255s]       |                                  [01;36m[K^~~~~~~~~~[m[K
[2.255s] [01m[K/home/astra/Ti5_controller/src/Ti5_arms_controller/test/test_Ti5_arms_controller_preceeding.cpp:41:3:[m[K [01;36m[Knote: [m[Kin expansion of macro â€˜[01m[KASSERT_TRUE[m[Kâ€™
[2.255s]    41 |   [01;36m[KASSERT_TRUE[m[K(controller_->params_.state_joints.empty());
[2.255s]       |   [01;36m[K^~~~~~~~~~~[m[K
[2.255s] In file included from [01m[K/home/astra/Ti5_controller/src/Ti5_arms_controller/test/test_Ti5_arms_controller.hpp:31[m[K,
[2.255s]                  from [01m[K/home/astra/Ti5_controller/src/Ti5_arms_controller/test/test_Ti5_arms_controller_preceeding.cpp:20[m[K:
[2.255s] [01m[K/home/astra/Ti5_controller/src/Ti5_arms_controller/include/Ti5_arms_controller/Ti5_arms_controller.hpp:78:33:[m[K [01;36m[Knote: [m[Kdeclared private here
[2.255s]    78 |     Ti5_arms_controller::Params [01;36m[Kparams_[m[K;
[2.256s]       |                                 [01;36m[K^~~~~~~[m[K
[2.256s] In file included from [01m[K/opt/ros/humble/src/gtest_vendor/include/gtest/gtest.h:62[m[K,
[2.256s]                  from [01m[K/opt/ros/humble/src/gmock_vendor/include/gmock/internal/gmock-internal-utils.h:47[m[K,
[2.256s]                  from [01m[K/opt/ros/humble/src/gmock_vendor/include/gmock/gmock-actions.h:51[m[K,
[2.256s]                  from [01m[K/opt/ros/humble/src/gmock_vendor/include/gmock/gmock.h:59[m[K,
[2.256s]                  from [01m[K/home/astra/Ti5_controller/src/Ti5_arms_controller/test/test_Ti5_arms_controller.hpp:32[m[K,
[2.256s]                  from [01m[K/home/astra/Ti5_controller/src/Ti5_arms_controller/test/test_Ti5_arms_controller_preceeding.cpp:20[m[K:
[2.256s] [01m[K/home/astra/Ti5_controller/src/Ti5_arms_controller/test/test_Ti5_arms_controller_preceeding.cpp:42:28:[m[K [01;31m[Kerror: [m[Kâ€˜[01m[KTi5_arms_controller::Params Ti5_arms_controller::Ti5ArmsController::params_[m[Kâ€™ is private within this context
[2.256s]    42 |   ASSERT_TRUE(controller_->[01;31m[Kparams_[m[K.interface_name.empty());
[2.256s]       |                            [01;31m[K^~~~~~~[m[K
[2.256s] [01m[K/opt/ros/humble/src/gtest_vendor/include/gtest/internal/gtest-internal.h:1325:34:[m[K [01;36m[Knote: [m[Kin definition of macro â€˜[01m[KGTEST_TEST_BOOLEAN_[m[Kâ€™
[2.256s]  1325 |       ::testing::AssertionResult([01;36m[Kexpression[m[K)) \
[2.256s]       |                                  [01;36m[K^~~~~~~~~~[m[K
[2.256s] [01m[K/home/astra/Ti5_controller/src/Ti5_arms_controller/test/test_Ti5_arms_controller_preceeding.cpp:42:3:[m[K [01;36m[Knote: [m[Kin expansion of macro â€˜[01m[KASSERT_TRUE[m[Kâ€™
[2.256s]    42 |   [01;36m[KASSERT_TRUE[m[K(controller_->params_.interface_name.empty());
[2.256s]       |   [01;36m[K^~~~~~~~~~~[m[K
[2.256s] In file included from [01m[K/home/astra/Ti5_controller/src/Ti5_arms_controller/test/test_Ti5_arms_controller.hpp:31[m[K,
[2.256s]                  from [01m[K/home/astra/Ti5_controller/src/Ti5_arms_controller/test/test_Ti5_arms_controller_preceeding.cpp:20[m[K:
[2.256s] [01m[K/home/astra/Ti5_controller/src/Ti5_arms_controller/include/Ti5_arms_controller/Ti5_arms_controller.hpp:78:33:[m[K [01;36m[Knote: [m[Kdeclared private here
[2.256s]    78 |     Ti5_arms_controller::Params [01;36m[Kparams_[m[K;
[2.256s]       |                                 [01;36m[K^~~~~~~[m[K
[2.256s] In file included from [01m[K/opt/ros/humble/src/gtest_vendor/include/gtest/gtest.h:375[m[K,
[2.256s]                  from [01m[K/opt/ros/humble/src/gmock_vendor/include/gmock/internal/gmock-internal-utils.h:47[m[K,
[2.256s]                  from [01m[K/opt/ros/humble/src/gmock_vendor/include/gmock/gmock-actions.h:51[m[K,
[2.256s]                  from [01m[K/opt/ros/humble/src/gmock_vendor/include/gmock/gmock.h:59[m[K,
[2.256s]                  from [01m[K/home/astra/Ti5_controller/src/Ti5_arms_controller/test/test_Ti5_arms_controller.hpp:32[m[K,
[2.256s]                  from [01m[K/home/astra/Ti5_controller/src/Ti5_arms_controller/test/test_Ti5_arms_controller_preceeding.cpp:20[m[K:
[2.256s] [01m[K/home/astra/Ti5_controller/src/Ti5_arms_controller/test/test_Ti5_arms_controller_preceeding.cpp:46:28:[m[K [01;31m[Kerror: [m[Kâ€˜[01m[KTi5_arms_controller::Params Ti5_arms_controller::Ti5ArmsController::params_[m[Kâ€™ is private within this context
[2.256s]    46 |   ASSERT_THAT(controller_->[01;31m[Kparams_[m[K.joints, testing::ElementsAreArray(joint_names_));
[2.256s]       |                            [01;31m[K^~~~~~~[m[K
[2.256s] [01m[K/opt/ros/humble/src/gtest_vendor/include/gtest/gtest_pred_impl.h:77:52:[m[K [01;36m[Knote: [m[Kin definition of macro â€˜[01m[KGTEST_ASSERT_[m[Kâ€™
[2.256s]    77 |   if (const ::testing::AssertionResult gtest_ar = ([01;36m[Kexpression[m[K)) \
[2.256s]       |                                                    [01;36m[K^~~~~~~~~~[m[K
[2.257s] [01m[K/opt/ros/humble/src/gtest_vendor/include/gtest/gtest_pred_impl.h:119:3:[m[K [01;36m[Knote: [m[Kin expansion of macro â€˜[01m[KGTEST_PRED_FORMAT1_[m[Kâ€™
[2.257s]   119 |   [01;36m[KGTEST_PRED_FORMAT1_[m[K(pred_format, v1, GTEST_FATAL_FAILURE_)
[2.257s]       |   [01;36m[K^~~~~~~~~~~~~~~~~~~[m[K
[2.257s] [01m[K/opt/ros/humble/src/gmock_vendor/include/gmock/gmock-matchers.h:4554:37:[m[K [01;36m[Knote: [m[Kin expansion of macro â€˜[01m[KASSERT_PRED_FORMAT1[m[Kâ€™
[2.257s]  4554 | #define ASSERT_THAT(value, matcher) [01;36m[KASSERT_PRED_FORMAT1[m[K(\
[2.257s]       |                                     [01;36m[K^~~~~~~~~~~~~~~~~~~[m[K
[2.257s] [01m[K/home/astra/Ti5_controller/src/Ti5_arms_controller/test/test_Ti5_arms_controller_preceeding.cpp:46:3:[m[K [01;36m[Knote: [m[Kin expansion of macro â€˜[01m[KASSERT_THAT[m[Kâ€™
[2.257s]    46 |   [01;36m[KASSERT_THAT[m[K(controller_->params_.joints, testing::ElementsAreArray(joint_names_));
[2.257s]       |   [01;36m[K^~~~~~~~~~~[m[K
[2.257s] In file included from [01m[K/home/astra/Ti5_controller/src/Ti5_arms_controller/test/test_Ti5_arms_controller.hpp:31[m[K,
[2.257s]                  from [01m[K/home/astra/Ti5_controller/src/Ti5_arms_controller/test/test_Ti5_arms_controller_preceeding.cpp:20[m[K:
[2.257s] [01m[K/home/astra/Ti5_controller/src/Ti5_arms_controller/include/Ti5_arms_controller/Ti5_arms_controller.hpp:78:33:[m[K [01;36m[Knote: [m[Kdeclared private here
[2.257s]    78 |     Ti5_arms_controller::Params [01;36m[Kparams_[m[K;
[2.257s]       |                                 [01;36m[K^~~~~~~[m[K
[2.257s] In file included from [01m[K/opt/ros/humble/src/gtest_vendor/include/gtest/gtest.h:375[m[K,
[2.257s]                  from [01m[K/opt/ros/humble/src/gmock_vendor/include/gmock/internal/gmock-internal-utils.h:47[m[K,
[2.257s]                  from [01m[K/opt/ros/humble/src/gmock_vendor/include/gmock/gmock-actions.h:51[m[K,
[2.257s]                  from [01m[K/opt/ros/humble/src/gmock_vendor/include/gmock/gmock.h:59[m[K,
[2.257s]                  from [01m[K/home/astra/Ti5_controller/src/Ti5_arms_controller/test/test_Ti5_arms_controller.hpp:32[m[K,
[2.257s]                  from [01m[K/home/astra/Ti5_controller/src/Ti5_arms_controller/test/test_Ti5_arms_controller_preceeding.cpp:20[m[K:
[2.257s] [01m[K/home/astra/Ti5_controller/src/Ti5_arms_controller/test/test_Ti5_arms_controller_preceeding.cpp:47:28:[m[K [01;31m[Kerror: [m[Kâ€˜[01m[KTi5_arms_controller::Params Ti5_arms_controller::Ti5ArmsController::params_[m[Kâ€™ is private within this context
[2.257s]    47 |   ASSERT_THAT(controller_->[01;31m[Kparams_[m[K.state_joints, testing::ElementsAreArray(state_joint_names_));
[2.257s]       |                            [01;31m[K^~~~~~~[m[K
[2.257s] [01m[K/opt/ros/humble/src/gtest_vendor/include/gtest/gtest_pred_impl.h:77:52:[m[K [01;36m[Knote: [m[Kin definition of macro â€˜[01m[KGTEST_ASSERT_[m[Kâ€™
[2.257s]    77 |   if (const ::testing::AssertionResult gtest_ar = ([01;36m[Kexpression[m[K)) \
[2.257s]       |                                                    [01;36m[K^~~~~~~~~~[m[K
[2.257s] [01m[K/opt/ros/humble/src/gtest_vendor/include/gtest/gtest_pred_impl.h:119:3:[m[K [01;36m[Knote: [m[Kin expansion of macro â€˜[01m[KGTEST_PRED_FORMAT1_[m[Kâ€™
[2.257s]   119 |   [01;36m[KGTEST_PRED_FORMAT1_[m[K(pred_format, v1, GTEST_FATAL_FAILURE_)
[2.257s]       |   [01;36m[K^~~~~~~~~~~~~~~~~~~[m[K
[2.257s] [01m[K/opt/ros/humble/src/gmock_vendor/include/gmock/gmock-matchers.h:4554:37:[m[K [01;36m[Knote: [m[Kin expansion of macro â€˜[01m[KASSERT_PRED_FORMAT1[m[Kâ€™
[2.257s]  4554 | #define ASSERT_THAT(value, matcher) [01;36m[KASSERT_PRED_FORMAT1[m[K(\
[2.257s]       |                                     [01;36m[K^~~~~~~~~~~~~~~~~~~[m[K
[2.257s] [01m[K/home/astra/Ti5_controller/src/Ti5_arms_controller/test/test_Ti5_arms_controller_preceeding.cpp:47:3:[m[K [01;36m[Knote: [m[Kin expansion of macro â€˜[01m[KASSERT_THAT[m[Kâ€™
[2.257s]    47 |   [01;36m[KASSERT_THAT[m[K(controller_->params_.state_joints, testing::ElementsAreArray(state_joint_names_));
[2.257s]       |   [01;36m[K^~~~~~~~~~~[m[K
[2.257s] In file included from [01m[K/home/astra/Ti5_controller/src/Ti5_arms_controller/test/test_Ti5_arms_controller.hpp:31[m[K,
[2.257s]                  from [01m[K/home/astra/Ti5_controller/src/Ti5_arms_controller/test/test_Ti5_arms_controller_preceeding.cpp:20[m[K:
[2.257s] [01m[K/home/astra/Ti5_controller/src/Ti5_arms_controller/include/Ti5_arms_controller/Ti5_arms_controller.hpp:78:33:[m[K [01;36m[Knote: [m[Kdeclared private here
[2.258s]    78 |     Ti5_arms_controller::Params [01;36m[Kparams_[m[K;
[2.258s]       |                                 [01;36m[K^~~~~~~[m[K
[2.258s] In file included from [01m[K/opt/ros/humble/src/gtest_vendor/include/gtest/gtest.h:375[m[K,
[2.258s]                  from [01m[K/opt/ros/humble/src/gmock_vendor/include/gmock/internal/gmock-internal-utils.h:47[m[K,
[2.258s]                  from [01m[K/opt/ros/humble/src/gmock_vendor/include/gmock/gmock-actions.h:51[m[K,
[2.258s]                  from [01m[K/opt/ros/humble/src/gmock_vendor/include/gmock/gmock.h:59[m[K,
[2.258s]                  from [01m[K/home/astra/Ti5_controller/src/Ti5_arms_controller/test/test_Ti5_arms_controller.hpp:32[m[K,
[2.258s]                  from [01m[K/home/astra/Ti5_controller/src/Ti5_arms_controller/test/test_Ti5_arms_controller_preceeding.cpp:20[m[K:
[2.258s] [01m[K/home/astra/Ti5_controller/src/Ti5_arms_controller/test/test_Ti5_arms_controller_preceeding.cpp:48:28:[m[K [01;31m[Kerror: [m[Kâ€˜[01m[Kclass TestableTi5ArmsController[m[Kâ€™ has no member named â€˜[01m[Kstate_joints_[m[Kâ€™
[2.258s]    48 |   ASSERT_THAT(controller_->[01;31m[Kstate_joints_[m[K, testing::ElementsAreArray(state_joint_names_));
[2.258s]       |                            [01;31m[K^~~~~~~~~~~~~[m[K
[2.258s] [01m[K/opt/ros/humble/src/gtest_vendor/include/gtest/gtest_pred_impl.h:77:52:[m[K [01;36m[Knote: [m[Kin definition of macro â€˜[01m[KGTEST_ASSERT_[m[Kâ€™
[2.258s]    77 |   if (const ::testing::AssertionResult gtest_ar = ([01;36m[Kexpression[m[K)) \
[2.258s]       |                                                    [01;36m[K^~~~~~~~~~[m[K
[2.258s] [01m[K/opt/ros/humble/src/gtest_vendor/include/gtest/gtest_pred_impl.h:119:3:[m[K [01;36m[Knote: [m[Kin expansion of macro â€˜[01m[KGTEST_PRED_FORMAT1_[m[Kâ€™
[2.258s]   119 |   [01;36m[KGTEST_PRED_FORMAT1_[m[K(pred_format, v1, GTEST_FATAL_FAILURE_)
[2.258s]       |   [01;36m[K^~~~~~~~~~~~~~~~~~~[m[K
[2.258s] [01m[K/opt/ros/humble/src/gmock_vendor/include/gmock/gmock-matchers.h:4554:37:[m[K [01;36m[Knote: [m[Kin expansion of macro â€˜[01m[KASSERT_PRED_FORMAT1[m[Kâ€™
[2.258s]  4554 | #define ASSERT_THAT(value, matcher) [01;36m[KASSERT_PRED_FORMAT1[m[K(\
[2.258s]       |                                     [01;36m[K^~~~~~~~~~~~~~~~~~~[m[K
[2.258s] [01m[K/home/astra/Ti5_controller/src/Ti5_arms_controller/test/test_Ti5_arms_controller_preceeding.cpp:48:3:[m[K [01;36m[Knote: [m[Kin expansion of macro â€˜[01m[KASSERT_THAT[m[Kâ€™
[2.258s]    48 |   [01;36m[KASSERT_THAT[m[K(controller_->state_joints_, testing::ElementsAreArray(state_joint_names_));
[2.258s]       |   [01;36m[K^~~~~~~~~~~[m[K
[2.258s] [01m[K/home/astra/Ti5_controller/src/Ti5_arms_controller/test/test_Ti5_arms_controller_preceeding.cpp:49:26:[m[K [01;31m[Kerror: [m[Kâ€˜[01m[KTi5_arms_controller::Params Ti5_arms_controller::Ti5ArmsController::params_[m[Kâ€™ is private within this context
[2.258s]    49 |   ASSERT_EQ(controller_->[01;31m[Kparams_[m[K.interface_name, interface_name_);
[2.258s]       |                          [01;31m[K^~~~~~~[m[K
[2.258s] [01m[K/opt/ros/humble/src/gtest_vendor/include/gtest/gtest_pred_impl.h:77:52:[m[K [01;36m[Knote: [m[Kin definition of macro â€˜[01m[KGTEST_ASSERT_[m[Kâ€™
[2.258s]    77 |   if (const ::testing::AssertionResult gtest_ar = ([01;36m[Kexpression[m[K)) \
[2.258s]       |                                                    [01;36m[K^~~~~~~~~~[m[K
[2.258s] [01m[K/opt/ros/humble/src/gtest_vendor/include/gtest/gtest_pred_impl.h:168:3:[m[K [01;36m[Knote: [m[Kin expansion of macro â€˜[01m[KGTEST_PRED_FORMAT2_[m[Kâ€™
[2.258s]   168 |   [01;36m[KGTEST_PRED_FORMAT2_[m[K(pred_format, v1, v2, GTEST_FATAL_FAILURE_)
[2.258s]       |   [01;36m[K^~~~~~~~~~~~~~~~~~~[m[K
[2.258s] [01m[K/opt/ros/humble/src/gtest_vendor/include/gtest/gtest.h:2041:3:[m[K [01;36m[Knote: [m[Kin expansion of macro â€˜[01m[KASSERT_PRED_FORMAT2[m[Kâ€™
[2.258s]  2041 |   [01;36m[KASSERT_PRED_FORMAT2[m[K(::testing::internal::EqHelper::Compare, val1, val2)
[2.258s]       |   [01;36m[K^~~~~~~~~~~~~~~~~~~[m[K
[2.258s] [01m[K/opt/ros/humble/src/gtest_vendor/include/gtest/gtest.h:2057:32:[m[K [01;36m[Knote: [m[Kin expansion of macro â€˜[01m[KGTEST_ASSERT_EQ[m[Kâ€™
[2.258s]  2057 | # define ASSERT_EQ(val1, val2) [01;36m[KGTEST_ASSERT_EQ[m[K(val1, val2)
[2.258s]       |                                [01;36m[K^~~~~~~~~~~~~~~[m[K
[2.258s] [01m[K/home/astra/Ti5_controller/src/Ti5_arms_controller/test/test_Ti5_arms_controller_preceeding.cpp:49:3:[m[K [01;36m[Knote: [m[Kin expansion of macro â€˜[01m[KASSERT_EQ[m[Kâ€™
[2.259s]    49 |   [01;36m[KASSERT_EQ[m[K(controller_->params_.interface_name, interface_name_);
[2.259s]       |   [01;36m[K^~~~~~~~~[m[K
[2.259s] In file included from [01m[K/home/astra/Ti5_controller/src/Ti5_arms_controller/test/test_Ti5_arms_controller.hpp:31[m[K,
[2.259s]                  from [01m[K/home/astra/Ti5_controller/src/Ti5_arms_controller/test/test_Ti5_arms_controller_preceeding.cpp:20[m[K:
[2.259s] [01m[K/home/astra/Ti5_controller/src/Ti5_arms_controller/include/Ti5_arms_controller/Ti5_arms_controller.hpp:78:33:[m[K [01;36m[Knote: [m[Kdeclared private here
[2.259s]    78 |     Ti5_arms_controller::Params [01;36m[Kparams_[m[K;
[2.259s]       |                                 [01;36m[K^~~~~~~[m[K
[2.259s] In file included from [01m[K/opt/ros/humble/src/gtest_vendor/include/gtest/gtest.h:375[m[K,
[2.259s]                  from [01m[K/opt/ros/humble/src/gmock_vendor/include/gmock/internal/gmock-internal-utils.h:47[m[K,
[2.259s]                  from [01m[K/opt/ros/humble/src/gmock_vendor/include/gmock/gmock-actions.h:51[m[K,
[2.259s]                  from [01m[K/opt/ros/humble/src/gmock_vendor/include/gmock/gmock.h:59[m[K,
[2.259s]                  from [01m[K/home/astra/Ti5_controller/src/Ti5_arms_controller/test/test_Ti5_arms_controller.hpp:32[m[K,
[2.259s]                  from [01m[K/home/astra/Ti5_controller/src/Ti5_arms_controller/test/test_Ti5_arms_controller.cpp:27[m[K:
[2.259s] [01m[K/home/astra/Ti5_controller/src/Ti5_arms_controller/test/test_Ti5_arms_controller.hpp:[m[K In member function â€˜[01m[Kvoid Ti5ArmsControllerFixture<CtrlType>::SetUpController(std::string)[m[Kâ€™:
[2.259s] [01m[K/home/astra/Ti5_controller/src/Ti5_arms_controller/test/test_Ti5_arms_controller.hpp:137:66:[m[K [01;31m[Kerror: [m[Kâ€˜[01m[Kclass TestableTi5ArmsController[m[Kâ€™ has no member named â€˜[01m[Kdefine_custom_node_options[m[Kâ€™
[2.259s]   137 |       controller_->init(controller_name, "", 0, "", controller_->[01;31m[Kdefine_custom_node_options[m[K()),
[2.259s]       |                                                                  [01;31m[K^~~~~~~~~~~~~~~~~~~~~~~~~~[m[K
[2.259s] [01m[K/opt/ros/humble/src/gtest_vendor/include/gtest/gtest_pred_impl.h:77:52:[m[K [01;36m[Knote: [m[Kin definition of macro â€˜[01m[KGTEST_ASSERT_[m[Kâ€™
[2.259s]    77 |   if (const ::testing::AssertionResult gtest_ar = ([01;36m[Kexpression[m[K)) \
[2.259s]       |                                                    [01;36m[K^~~~~~~~~~[m[K
[2.259s] [01m[K/opt/ros/humble/src/gtest_vendor/include/gtest/gtest_pred_impl.h:168:3:[m[K [01;36m[Knote: [m[Kin expansion of macro â€˜[01m[KGTEST_PRED_FORMAT2_[m[Kâ€™
[2.259s]   168 |   [01;36m[KGTEST_PRED_FORMAT2_[m[K(pred_format, v1, v2, GTEST_FATAL_FAILURE_)
[2.259s]       |   [01;36m[K^~~~~~~~~~~~~~~~~~~[m[K
[2.259s] [01m[K/opt/ros/humble/src/gtest_vendor/include/gtest/gtest.h:2041:3:[m[K [01;36m[Knote: [m[Kin expansion of macro â€˜[01m[KASSERT_PRED_FORMAT2[m[Kâ€™
[2.259s]  2041 |   [01;36m[KASSERT_PRED_FORMAT2[m[K(::testing::internal::EqHelper::Compare, val1, val2)
[2.259s]       |   [01;36m[K^~~~~~~~~~~~~~~~~~~[m[K
[2.259s] [01m[K/opt/ros/humble/src/gtest_vendor/include/gtest/gtest.h:2057:32:[m[K [01;36m[Knote: [m[Kin expansion of macro â€˜[01m[KGTEST_ASSERT_EQ[m[Kâ€™
[2.259s]  2057 | # define ASSERT_EQ(val1, val2) [01;36m[KGTEST_ASSERT_EQ[m[K(val1, val2)
[2.259s]       |                                [01;36m[K^~~~~~~~~~~~~~~[m[K
[2.259s] [01m[K/home/astra/Ti5_controller/src/Ti5_arms_controller/test/test_Ti5_arms_controller.hpp:136:5:[m[K [01;36m[Knote: [m[Kin expansion of macro â€˜[01m[KASSERT_EQ[m[Kâ€™
[2.259s]   136 |     [01;36m[KASSERT_EQ[m[K(
[2.259s]       |     [01;36m[K^~~~~~~~~[m[K
[2.260s] [01m[K/home/astra/Ti5_controller/src/Ti5_arms_controller/test/test_Ti5_arms_controller.cpp:[m[K At global scope:
[2.260s] [01m[K/home/astra/Ti5_controller/src/Ti5_arms_controller/test/test_Ti5_arms_controller.cpp:29:28:[m[K [01;31m[Kerror: [m[Kâ€˜[01m[KCMD_MY_ITFS[m[Kâ€™ has not been declared in â€˜[01m[KTi5_arms_controller[m[Kâ€™
[2.260s]    29 | using Ti5_arms_controller::[01;31m[KCMD_MY_ITFS[m[K;
[2.260s]       |                            [01;31m[K^~~~~~~~~~~[m[K
[2.260s] [01m[K/home/astra/Ti5_controller/src/Ti5_arms_controller/test/test_Ti5_arms_controller.cpp:30:28:[m[K [01;31m[Kerror: [m[Kâ€˜[01m[Kcontrol_mode_type[m[Kâ€™ has not been declared in â€˜[01m[KTi5_arms_controller[m[Kâ€™
[2.260s]    30 | using Ti5_arms_controller::[01;31m[Kcontrol_mode_type[m[K;
[2.260s]       |                            [01;31m[K^~~~~~~~~~~~~~~~~[m[K
[2.260s] [01m[K/home/astra/Ti5_controller/src/Ti5_arms_controller/test/test_Ti5_arms_controller.cpp:31:28:[m[K [01;31m[Kerror: [m[Kâ€˜[01m[KSTATE_MY_ITFS[m[Kâ€™ has not been declared in â€˜[01m[KTi5_arms_controller[m[Kâ€™
[2.260s]    31 | using Ti5_arms_controller::[01;31m[KSTATE_MY_ITFS[m[K;
[2.260s]       |                            [01;31m[K^~~~~~~~~~~~~[m[K
[2.263s] In file included from [01m[K/opt/ros/humble/src/gtest_vendor/include/gtest/gtest.h:62[m[K,
[2.263s]                  from [01m[K/opt/ros/humble/src/gmock_vendor/include/gmock/internal/gmock-internal-utils.h:47[m[K,
[2.263s]                  from [01m[K/opt/ros/humble/src/gmock_vendor/include/gmock/gmock-actions.h:51[m[K,
[2.263s]                  from [01m[K/opt/ros/humble/src/gmock_vendor/include/gmock/gmock.h:59[m[K,
[2.263s]                  from [01m[K/home/astra/Ti5_controller/src/Ti5_arms_controller/test/test_Ti5_arms_controller.hpp:32[m[K,
[2.263s]                  from [01m[K/home/astra/Ti5_controller/src/Ti5_arms_controller/test/test_Ti5_arms_controller.cpp:27[m[K:
[2.263s] [01m[K/home/astra/Ti5_controller/src/Ti5_arms_controller/test/test_Ti5_arms_controller.cpp:[m[K In member function â€˜[01m[Kvirtual void Ti5ArmsControllerTest_all_parameters_set_configure_success_Test::TestBody()[m[Kâ€™:
[2.263s] [01m[K/home/astra/Ti5_controller/src/Ti5_arms_controller/test/test_Ti5_arms_controller.cpp:41:28:[m[K [01;31m[Kerror: [m[Kâ€˜[01m[KTi5_arms_controller::Params Ti5_arms_controller::Ti5ArmsController::params_[m[Kâ€™ is private within this context
[2.263s]    41 |   ASSERT_TRUE(controller_->[01;31m[Kparams_[m[K.joints.empty());
[2.263s]       |                            [01;31m[K^~~~~~~[m[K
[2.263s] [01m[K/opt/ros/humble/src/gtest_vendor/include/gtest/internal/gtest-internal.h:1325:34:[m[K [01;36m[Knote: [m[Kin definition of macro â€˜[01m[KGTEST_TEST_BOOLEAN_[m[Kâ€™
[2.263s]  1325 |       ::testing::AssertionResult([01;36m[Kexpression[m[K)) \
[2.263s]       |                                  [01;36m[K^~~~~~~~~~[m[K
[2.263s] [01m[K/home/astra/Ti5_controller/src/Ti5_arms_controller/test/test_Ti5_arms_controller.cpp:41:3:[m[K [01;36m[Knote: [m[Kin expansion of macro â€˜[01m[KASSERT_TRUE[m[Kâ€™
[2.263s]    41 |   [01;36m[KASSERT_TRUE[m[K(controller_->params_.joints.empty());
[2.263s]       |   [01;36m[K^~~~~~~~~~~[m[K
[2.263s] In file included from [01m[K/home/astra/Ti5_controller/src/Ti5_arms_controller/test/test_Ti5_arms_controller.hpp:31[m[K,
[2.263s]                  from [01m[K/home/astra/Ti5_controller/src/Ti5_arms_controller/test/test_Ti5_arms_controller.cpp:27[m[K:
[2.263s] [01m[K/home/astra/Ti5_controller/src/Ti5_arms_controller/include/Ti5_arms_controller/Ti5_arms_controller.hpp:78:33:[m[K [01;36m[Knote: [m[Kdeclared private here
[2.263s]    78 |     Ti5_arms_controller::Params [01;36m[Kparams_[m[K;
[2.263s]       |                                 [01;36m[K^~~~~~~[m[K
[2.263s] In file included from [01m[K/opt/ros/humble/src/gtest_vendor/include/gtest/gtest.h:62[m[K,
[2.263s]                  from [01m[K/opt/ros/humble/src/gmock_vendor/include/gmock/internal/gmock-internal-utils.h:47[m[K,
[2.263s]                  from [01m[K/opt/ros/humble/src/gmock_vendor/include/gmock/gmock-actions.h:51[m[K,
[2.263s]                  from [01m[K/opt/ros/humble/src/gmock_vendor/include/gmock/gmock.h:59[m[K,
[2.263s]                  from [01m[K/home/astra/Ti5_controller/src/Ti5_arms_controller/test/test_Ti5_arms_controller.hpp:32[m[K,
[2.263s]                  from [01m[K/home/astra/Ti5_controller/src/Ti5_arms_controller/test/test_Ti5_arms_controller.cpp:27[m[K:
[2.264s] [01m[K/home/astra/Ti5_controller/src/Ti5_arms_controller/test/test_Ti5_arms_controller.cpp:42:28:[m[K [01;31m[Kerror: [m[Kâ€˜[01m[KTi5_arms_controller::Params Ti5_arms_controller::Ti5ArmsController::params_[m[Kâ€™ is private within this context
[2.264s]    42 |   ASSERT_TRUE(controller_->[01;31m[Kparams_[m[K.state_joints.empty());
[2.264s]       |                            [01;31m[K^~~~~~~[m[K
[2.264s] [01m[K/opt/ros/humble/src/gtest_vendor/include/gtest/internal/gtest-internal.h:1325:34:[m[K [01;36m[Knote: [m[Kin definition of macro â€˜[01m[KGTEST_TEST_BOOLEAN_[m[Kâ€™
[2.264s]  1325 |       ::testing::AssertionResult([01;36m[Kexpression[m[K)) \
[2.264s]       |                                  [01;36m[K^~~~~~~~~~[m[K
[2.264s] [01m[K/home/astra/Ti5_controller/src/Ti5_arms_controller/test/test_Ti5_arms_controller.cpp:42:3:[m[K [01;36m[Knote: [m[Kin expansion of macro â€˜[01m[KASSERT_TRUE[m[Kâ€™
[2.264s]    42 |   [01;36m[KASSERT_TRUE[m[K(controller_->params_.state_joints.empty());
[2.264s]       |   [01;36m[K^~~~~~~~~~~[m[K
[2.264s] In file included from [01m[K/home/astra/Ti5_controller/src/Ti5_arms_controller/test/test_Ti5_arms_controller.hpp:31[m[K,
[2.264s]                  from [01m[K/home/astra/Ti5_controller/src/Ti5_arms_controller/test/test_Ti5_arms_controller.cpp:27[m[K:
[2.264s] [01m[K/home/astra/Ti5_controller/src/Ti5_arms_controller/include/Ti5_arms_controller/Ti5_arms_controller.hpp:78:33:[m[K [01;36m[Knote: [m[Kdeclared private here
[2.264s]    78 |     Ti5_arms_controller::Params [01;36m[Kparams_[m[K;
[2.264s]       |                                 [01;36m[K^~~~~~~[m[K
[2.264s] In file included from [01m[K/opt/ros/humble/src/gtest_vendor/include/gtest/gtest.h:62[m[K,
[2.264s]                  from [01m[K/opt/ros/humble/src/gmock_vendor/include/gmock/internal/gmock-internal-utils.h:47[m[K,
[2.264s]                  from [01m[K/opt/ros/humble/src/gmock_vendor/include/gmock/gmock-actions.h:51[m[K,
[2.264s]                  from [01m[K/opt/ros/humble/src/gmock_vendor/include/gmock/gmock.h:59[m[K,
[2.264s]                  from [01m[K/home/astra/Ti5_controller/src/Ti5_arms_controller/test/test_Ti5_arms_controller.hpp:32[m[K,
[2.264s]                  from [01m[K/home/astra/Ti5_controller/src/Ti5_arms_controller/test/test_Ti5_arms_controller.cpp:27[m[K:
[2.264s] [01m[K/home/astra/Ti5_controller/src/Ti5_arms_controller/test/test_Ti5_arms_controller.cpp:43:28:[m[K [01;31m[Kerror: [m[Kâ€˜[01m[KTi5_arms_controller::Params Ti5_arms_controller::Ti5ArmsController::params_[m[Kâ€™ is private within this context
[2.264s]    43 |   ASSERT_TRUE(controller_->[01;31m[Kparams_[m[K.interface_name.empty());
[2.264s]       |                            [01;31m[K^~~~~~~[m[K
[2.264s] [01m[K/opt/ros/humble/src/gtest_vendor/include/gtest/internal/gtest-internal.h:1325:34:[m[K [01;36m[Knote: [m[Kin definition of macro â€˜[01m[KGTEST_TEST_BOOLEAN_[m[Kâ€™
[2.264s]  1325 |       ::testing::AssertionResult([01;36m[Kexpression[m[K)) \
[2.264s]       |                                  [01;36m[K^~~~~~~~~~[m[K
[2.265s] [01m[K/home/astra/Ti5_controller/src/Ti5_arms_controller/test/test_Ti5_arms_controller.cpp:43:3:[m[K [01;36m[Knote: [m[Kin expansion of macro â€˜[01m[KASSERT_TRUE[m[Kâ€™
[2.265s]    43 |   [01;36m[KASSERT_TRUE[m[K(controller_->params_.interface_name.empty());
[2.265s]       |   [01;36m[K^~~~~~~~~~~[m[K
[2.265s] In file included from [01m[K/home/astra/Ti5_controller/src/Ti5_arms_controller/test/test_Ti5_arms_controller.hpp:31[m[K,
[2.265s]                  from [01m[K/home/astra/Ti5_controller/src/Ti5_arms_controller/test/test_Ti5_arms_controller.cpp:27[m[K:
[2.265s] [01m[K/home/astra/Ti5_controller/src/Ti5_arms_controller/include/Ti5_arms_controller/Ti5_arms_controller.hpp:78:33:[m[K [01;36m[Knote: [m[Kdeclared private here
[2.265s]    78 |     Ti5_arms_controller::Params [01;36m[Kparams_[m[K;
[2.265s]       |                                 [01;36m[K^~~~~~~[m[K
[2.265s] In file included from [01m[K/opt/ros/humble/src/gtest_vendor/include/gtest/gtest.h:375[m[K,
[2.265s]                  from [01m[K/opt/ros/humble/src/gmock_vendor/include/gmock/internal/gmock-internal-utils.h:47[m[K,
[2.265s]                  from [01m[K/opt/ros/humble/src/gmock_vendor/include/gmock/gmock-actions.h:51[m[K,
[2.265s]                  from [01m[K/opt/ros/humble/src/gmock_vendor/include/gmock/gmock.h:59[m[K,
[2.265s]                  from [01m[K/home/astra/Ti5_controller/src/Ti5_arms_controller/test/test_Ti5_arms_controller.hpp:32[m[K,
[2.265s]                  from [01m[K/home/astra/Ti5_controller/src/Ti5_arms_controller/test/test_Ti5_arms_controller.cpp:27[m[K:
[2.265s] [01m[K/home/astra/Ti5_controller/src/Ti5_arms_controller/test/test_Ti5_arms_controller.cpp:47:28:[m[K [01;31m[Kerror: [m[Kâ€˜[01m[KTi5_arms_controller::Params Ti5_arms_controller::Ti5ArmsController::params_[m[Kâ€™ is private within this context
[2.265s]    47 |   ASSERT_THAT(controller_->[01;31m[Kparams_[m[K.joints, testing::ElementsAreArray(joint_names_));
[2.265s]       |                            [01;31m[K^~~~~~~[m[K
[2.265s] [01m[K/opt/ros/humble/src/gtest_vendor/include/gtest/gtest_pred_impl.h:77:52:[m[K [01;36m[Knote: [m[Kin definition of macro â€˜[01m[KGTEST_ASSERT_[m[Kâ€™
[2.265s]    77 |   if (const ::testing::AssertionResult gtest_ar = ([01;36m[Kexpression[m[K)) \
[2.265s]       |                                                    [01;36m[K^~~~~~~~~~[m[K
[2.265s] [01m[K/opt/ros/humble/src/gtest_vendor/include/gtest/gtest_pred_impl.h:119:3:[m[K [01;36m[Knote: [m[Kin expansion of macro â€˜[01m[KGTEST_PRED_FORMAT1_[m[Kâ€™
[2.265s]   119 |   [01;36m[KGTEST_PRED_FORMAT1_[m[K(pred_format, v1, GTEST_FATAL_FAILURE_)
[2.265s]       |   [01;36m[K^~~~~~~~~~~~~~~~~~~[m[K
[2.265s] [01m[K/opt/ros/humble/src/gmock_vendor/include/gmock/gmock-matchers.h:4554:37:[m[K [01;36m[Knote: [m[Kin expansion of macro â€˜[01m[KASSERT_PRED_FORMAT1[m[Kâ€™
[2.265s]  4554 | #define ASSERT_THAT(value, matcher) [01;36m[KASSERT_PRED_FORMAT1[m[K(\
[2.265s]       |                                     [01;36m[K^~~~~~~~~~~~~~~~~~~[m[K
[2.265s] [01m[K/home/astra/Ti5_controller/src/Ti5_arms_controller/test/test_Ti5_arms_controller.cpp:47:3:[m[K [01;36m[Knote: [m[Kin expansion of macro â€˜[01m[KASSERT_THAT[m[Kâ€™
[2.265s]    47 |   [01;36m[KASSERT_THAT[m[K(controller_->params_.joints, testing::ElementsAreArray(joint_names_));
[2.265s]       |   [01;36m[K^~~~~~~~~~~[m[K
[2.265s] In file included from [01m[K/home/astra/Ti5_controller/src/Ti5_arms_controller/test/test_Ti5_arms_controller.hpp:31[m[K,
[2.265s]                  from [01m[K/home/astra/Ti5_controller/src/Ti5_arms_controller/test/test_Ti5_arms_controller.cpp:27[m[K:
[2.265s] [01m[K/home/astra/Ti5_controller/src/Ti5_arms_controller/include/Ti5_arms_controller/Ti5_arms_controller.hpp:78:33:[m[K [01;36m[Knote: [m[Kdeclared private here
[2.266s]    78 |     Ti5_arms_controller::Params [01;36m[Kparams_[m[K;
[2.266s]       |                                 [01;36m[K^~~~~~~[m[K
[2.266s] In file included from [01m[K/opt/ros/humble/src/gtest_vendor/include/gtest/gtest.h:62[m[K,
[2.266s]                  from [01m[K/opt/ros/humble/src/gmock_vendor/include/gmock/internal/gmock-internal-utils.h:47[m[K,
[2.266s]                  from [01m[K/opt/ros/humble/src/gmock_vendor/include/gmock/gmock-actions.h:51[m[K,
[2.266s]                  from [01m[K/opt/ros/humble/src/gmock_vendor/include/gmock/gmock.h:59[m[K,
[2.266s]                  from [01m[K/home/astra/Ti5_controller/src/Ti5_arms_controller/test/test_Ti5_arms_controller.hpp:32[m[K,
[2.266s]                  from [01m[K/home/astra/Ti5_controller/src/Ti5_arms_controller/test/test_Ti5_arms_controller.cpp:27[m[K:
[2.266s] [01m[K/home/astra/Ti5_controller/src/Ti5_arms_controller/test/test_Ti5_arms_controller.cpp:48:28:[m[K [01;31m[Kerror: [m[Kâ€˜[01m[KTi5_arms_controller::Params Ti5_arms_controller::Ti5ArmsController::params_[m[Kâ€™ is private within this context
[2.266s]    48 |   ASSERT_TRUE(controller_->[01;31m[Kparams_[m[K.state_joints.empty());
[2.266s]       |                            [01;31m[K^~~~~~~[m[K
[2.266s] [01m[K/opt/ros/humble/src/gtest_vendor/include/gtest/internal/gtest-internal.h:1325:34:[m[K [01;36m[Knote: [m[Kin definition of macro â€˜[01m[KGTEST_TEST_BOOLEAN_[m[Kâ€™
[2.266s]  1325 |       ::testing::AssertionResult([01;36m[Kexpression[m[K)) \
[2.266s]       |                                  [01;36m[K^~~~~~~~~~[m[K
[2.266s] [01m[K/home/astra/Ti5_controller/src/Ti5_arms_controller/test/test_Ti5_arms_controller.cpp:48:3:[m[K [01;36m[Knote: [m[Kin expansion of macro â€˜[01m[KASSERT_TRUE[m[Kâ€™
[2.266s]    48 |   [01;36m[KASSERT_TRUE[m[K(controller_->params_.state_joints.empty());
[2.266s]       |   [01;36m[K^~~~~~~~~~~[m[K
[2.266s] In file included from [01m[K/home/astra/Ti5_controller/src/Ti5_arms_controller/test/test_Ti5_arms_controller.hpp:31[m[K,
[2.266s]                  from [01m[K/home/astra/Ti5_controller/src/Ti5_arms_controller/test/test_Ti5_arms_controller.cpp:27[m[K:
[2.266s] [01m[K/home/astra/Ti5_controller/src/Ti5_arms_controller/include/Ti5_arms_controller/Ti5_arms_controller.hpp:78:33:[m[K [01;36m[Knote: [m[Kdeclared private here
[2.266s]    78 |     Ti5_arms_controller::Params [01;36m[Kparams_[m[K;
[2.266s]       |                                 [01;36m[K^~~~~~~[m[K
[2.266s] In file included from [01m[K/opt/ros/humble/src/gtest_vendor/include/gtest/gtest.h:375[m[K,
[2.266s]                  from [01m[K/opt/ros/humble/src/gmock_vendor/include/gmock/internal/gmock-internal-utils.h:47[m[K,
[2.266s]                  from [01m[K/opt/ros/humble/src/gmock_vendor/include/gmock/gmock-actions.h:51[m[K,
[2.266s]                  from [01m[K/opt/ros/humble/src/gmock_vendor/include/gmock/gmock.h:59[m[K,
[2.266s]                  from [01m[K/home/astra/Ti5_controller/src/Ti5_arms_controller/test/test_Ti5_arms_controller.hpp:32[m[K,
[2.266s]                  from [01m[K/home/astra/Ti5_controller/src/Ti5_arms_controller/test/test_Ti5_arms_controller.cpp:27[m[K:
[2.266s] [01m[K/home/astra/Ti5_controller/src/Ti5_arms_controller/test/test_Ti5_arms_controller.cpp:49:28:[m[K [01;31m[Kerror: [m[Kâ€˜[01m[Kclass TestableTi5ArmsController[m[Kâ€™ has no member named â€˜[01m[Kstate_joints_[m[Kâ€™
[2.266s]    49 |   ASSERT_THAT(controller_->[01;31m[Kstate_joints_[m[K, testing::ElementsAreArray(joint_names_));
[2.266s]       |                            [01;31m[K^~~~~~~~~~~~~[m[K
[2.266s] [01m[K/opt/ros/humble/src/gtest_vendor/include/gtest/gtest_pred_impl.h:77:52:[m[K [01;36m[Knote: [m[Kin definition of macro â€˜[01m[KGTEST_ASSERT_[m[Kâ€™
[2.266s]    77 |   if (const ::testing::AssertionResult gtest_ar = ([01;36m[Kexpression[m[K)) \
[2.267s]       |                                                    [01;36m[K^~~~~~~~~~[m[K
[2.267s] [01m[K/opt/ros/humble/src/gtest_vendor/include/gtest/gtest_pred_impl.h:119:3:[m[K [01;36m[Knote: [m[Kin expansion of macro â€˜[01m[KGTEST_PRED_FORMAT1_[m[Kâ€™
[2.267s]   119 |   [01;36m[KGTEST_PRED_FORMAT1_[m[K(pred_format, v1, GTEST_FATAL_FAILURE_)
[2.267s]       |   [01;36m[K^~~~~~~~~~~~~~~~~~~[m[K
[2.267s] [01m[K/opt/ros/humble/src/gmock_vendor/include/gmock/gmock-matchers.h:4554:37:[m[K [01;36m[Knote: [m[Kin expansion of macro â€˜[01m[KASSERT_PRED_FORMAT1[m[Kâ€™
[2.267s]  4554 | #define ASSERT_THAT(value, matcher) [01;36m[KASSERT_PRED_FORMAT1[m[K(\
[2.267s]       |                                     [01;36m[K^~~~~~~~~~~~~~~~~~~[m[K
[2.267s] [01m[K/home/astra/Ti5_controller/src/Ti5_arms_controller/test/test_Ti5_arms_controller.cpp:49:3:[m[K [01;36m[Knote: [m[Kin expansion of macro â€˜[01m[KASSERT_THAT[m[Kâ€™
[2.267s]    49 |   [01;36m[KASSERT_THAT[m[K(controller_->state_joints_, testing::ElementsAreArray(joint_names_));
[2.267s]       |   [01;36m[K^~~~~~~~~~~[m[K
[2.267s] [01m[K/home/astra/Ti5_controller/src/Ti5_arms_controller/test/test_Ti5_arms_controller.cpp:50:26:[m[K [01;31m[Kerror: [m[Kâ€˜[01m[KTi5_arms_controller::Params Ti5_arms_controller::Ti5ArmsController::params_[m[Kâ€™ is private within this context
[2.267s]    50 |   ASSERT_EQ(controller_->[01;31m[Kparams_[m[K.interface_name, interface_name_);
[2.267s]       |                          [01;31m[K^~~~~~~[m[K
[2.267s] [01m[K/opt/ros/humble/src/gtest_vendor/include/gtest/gtest_pred_impl.h:77:52:[m[K [01;36m[Knote: [m[Kin definition of macro â€˜[01m[KGTEST_ASSERT_[m[Kâ€™
[2.267s]    77 |   if (const ::testing::AssertionResult gtest_ar = ([01;36m[Kexpression[m[K)) \
[2.267s]       |                                                    [01;36m[K^~~~~~~~~~[m[K
[2.267s] [01m[K/opt/ros/humble/src/gtest_vendor/include/gtest/gtest_pred_impl.h:168:3:[m[K [01;36m[Knote: [m[Kin expansion of macro â€˜[01m[KGTEST_PRED_FORMAT2_[m[Kâ€™
[2.267s]   168 |   [01;36m[KGTEST_PRED_FORMAT2_[m[K(pred_format, v1, v2, GTEST_FATAL_FAILURE_)
[2.267s]       |   [01;36m[K^~~~~~~~~~~~~~~~~~~[m[K
[2.267s] [01m[K/opt/ros/humble/src/gtest_vendor/include/gtest/gtest.h:2041:3:[m[K [01;36m[Knote: [m[Kin expansion of macro â€˜[01m[KASSERT_PRED_FORMAT2[m[Kâ€™
[2.267s]  2041 |   [01;36m[KASSERT_PRED_FORMAT2[m[K(::testing::internal::EqHelper::Compare, val1, val2)
[2.267s]       |   [01;36m[K^~~~~~~~~~~~~~~~~~~[m[K
[2.267s] [01m[K/opt/ros/humble/src/gtest_vendor/include/gtest/gtest.h:2057:32:[m[K [01;36m[Knote: [m[Kin expansion of macro â€˜[01m[KGTEST_ASSERT_EQ[m[Kâ€™
[2.267s]  2057 | # define ASSERT_EQ(val1, val2) [01;36m[KGTEST_ASSERT_EQ[m[K(val1, val2)
[2.267s]       |                                [01;36m[K^~~~~~~~~~~~~~~[m[K
[2.267s] [01m[K/home/astra/Ti5_controller/src/Ti5_arms_controller/test/test_Ti5_arms_controller.cpp:50:3:[m[K [01;36m[Knote: [m[Kin expansion of macro â€˜[01m[KASSERT_EQ[m[Kâ€™
[2.267s]    50 |   [01;36m[KASSERT_EQ[m[K(controller_->params_.interface_name, interface_name_);
[2.267s]       |   [01;36m[K^~~~~~~~~[m[K
[2.267s] In file included from [01m[K/home/astra/Ti5_controller/src/Ti5_arms_controller/test/test_Ti5_arms_controller.hpp:31[m[K,
[2.267s]                  from [01m[K/home/astra/Ti5_controller/src/Ti5_arms_controller/test/test_Ti5_arms_controller.cpp:27[m[K:
[2.267s] [01m[K/home/astra/Ti5_controller/src/Ti5_arms_controller/include/Ti5_arms_controller/Ti5_arms_controller.hpp:78:33:[m[K [01;36m[Knote: [m[Kdeclared private here
[2.267s]    78 |     Ti5_arms_controller::Params [01;36m[Kparams_[m[K;
[2.268s]       |                                 [01;36m[K^~~~~~~[m[K
[2.268s] [01m[K/home/astra/Ti5_controller/src/Ti5_arms_controller/test/test_Ti5_arms_controller.cpp:[m[K In member function â€˜[01m[Kvirtual void Ti5ArmsControllerTest_activate_success_Test::TestBody()[m[Kâ€™:
[2.268s] [01m[K/home/astra/Ti5_controller/src/Ti5_arms_controller/test/test_Ti5_arms_controller.cpp:82:27:[m[K [01;31m[Kerror: [m[Kâ€˜[01m[Krealtime_tools::RealtimeBuffer<std::shared_ptr<control_msgs::msg::JointJog_<std::allocator<void> > > > Ti5_arms_controller::Ti5ArmsController::input_ref_[m[Kâ€™ is private within this context
[2.268s]    82 |   auto msg = controller_->[01;31m[Kinput_ref_[m[K.readFromNonRT();
[2.268s]       |                           [01;31m[K^~~~~~~~~~[m[K
[2.268s] In file included from [01m[K/home/astra/Ti5_controller/src/Ti5_arms_controller/test/test_Ti5_arms_controller.hpp:31[m[K,
[2.268s]                  from [01m[K/home/astra/Ti5_controller/src/Ti5_arms_controller/test/test_Ti5_arms_controller.cpp:27[m[K:
[2.268s] [01m[K/home/astra/Ti5_controller/src/Ti5_arms_controller/include/Ti5_arms_controller/Ti5_arms_controller.hpp:93:77:[m[K [01;36m[Knote: [m[Kdeclared private here
[2.268s]    93 |     realtime_tools::RealtimeBuffer<std::shared_ptr<ControllerReferenceMsg>> [01;36m[Kinput_ref_[m[K;
[2.268s]       |                                                                             [01;36m[K^~~~~~~~~~[m[K
[2.272s] In file included from [01m[K/opt/ros/humble/src/gtest_vendor/include/gtest/gtest.h:375[m[K,
[2.272s]                  from [01m[K/opt/ros/humble/src/gmock_vendor/include/gmock/internal/gmock-internal-utils.h:47[m[K,
[2.272s]                  from [01m[K/opt/ros/humble/src/gmock_vendor/include/gmock/gmock-actions.h:51[m[K,
[2.272s]                  from [01m[K/opt/ros/humble/src/gmock_vendor/include/gmock/gmock.h:59[m[K,
[2.272s]                  from [01m[K/home/astra/Ti5_controller/src/Ti5_arms_controller/test/test_Ti5_arms_controller.hpp:32[m[K,
[2.272s]                  from [01m[K/home/astra/Ti5_controller/src/Ti5_arms_controller/test/test_Ti5_arms_controller.cpp:27[m[K:
[2.272s] [01m[K/home/astra/Ti5_controller/src/Ti5_arms_controller/test/test_Ti5_arms_controller.cpp:[m[K In member function â€˜[01m[Kvirtual void Ti5ArmsControllerTest_reactivate_success_Test::TestBody()[m[Kâ€™:
[2.272s] [01m[K/home/astra/Ti5_controller/src/Ti5_arms_controller/test/test_Ti5_arms_controller.cpp:124:26:[m[K [01;31m[Kerror: [m[Kâ€˜[01m[Kstd::vector<std::__cxx11::basic_string<char> > Ti5_arms_controller::Ti5ArmsController::command_interfaces_[m[Kâ€™ is private within this context
[2.272s]   124 |   ASSERT_EQ(controller_->[01;31m[Kcommand_interfaces_[m[K[CMD_MY_ITFS].get_value(), 101.101);
[2.272s]       |                          [01;31m[K^~~~~~~~~~~~~~~~~~~[m[K
[2.272s] [01m[K/opt/ros/humble/src/gtest_vendor/include/gtest/gtest_pred_impl.h:77:52:[m[K [01;36m[Knote: [m[Kin definition of macro â€˜[01m[KGTEST_ASSERT_[m[Kâ€™
[2.272s]    77 |   if (const ::testing::AssertionResult gtest_ar = ([01;36m[Kexpression[m[K)) \
[2.272s]       |                                                    [01;36m[K^~~~~~~~~~[m[K
[2.272s] [01m[K/opt/ros/humble/src/gtest_vendor/include/gtest/gtest_pred_impl.h:168:3:[m[K [01;36m[Knote: [m[Kin expansion of macro â€˜[01m[KGTEST_PRED_FORMAT2_[m[Kâ€™
[2.272s]   168 |   [01;36m[KGTEST_PRED_FORMAT2_[m[K(pred_format, v1, v2, GTEST_FATAL_FAILURE_)
[2.272s]       |   [01;36m[K^~~~~~~~~~~~~~~~~~~[m[K
[2.272s] [01m[K/opt/ros/humble/src/gtest_vendor/include/gtest/gtest.h:2041:3:[m[K [01;36m[Knote: [m[Kin expansion of macro â€˜[01m[KASSERT_PRED_FORMAT2[m[Kâ€™
[2.272s]  2041 |   [01;36m[KASSERT_PRED_FORMAT2[m[K(::testing::internal::EqHelper::Compare, val1, val2)
[2.272s]       |   [01;36m[K^~~~~~~~~~~~~~~~~~~[m[K
[2.272s] [01m[K/opt/ros/humble/src/gtest_vendor/include/gtest/gtest.h:2057:32:[m[K [01;36m[Knote: [m[Kin expansion of macro â€˜[01m[KGTEST_ASSERT_EQ[m[Kâ€™
[2.273s]  2057 | # define ASSERT_EQ(val1, val2) [01;36m[KGTEST_ASSERT_EQ[m[K(val1, val2)
[2.273s]       |                                [01;36m[K^~~~~~~~~~~~~~~[m[K
[2.273s] [01m[K/home/astra/Ti5_controller/src/Ti5_arms_controller/test/test_Ti5_arms_controller.cpp:124:3:[m[K [01;36m[Knote: [m[Kin expansion of macro â€˜[01m[KASSERT_EQ[m[Kâ€™
[2.273s]   124 |   [01;36m[KASSERT_EQ[m[K(controller_->command_interfaces_[CMD_MY_ITFS].get_value(), 101.101);
[2.273s]       |   [01;36m[K^~~~~~~~~[m[K
[2.273s] In file included from [01m[K/home/astra/Ti5_controller/src/Ti5_arms_controller/test/test_Ti5_arms_controller.hpp:31[m[K,
[2.273s]                  from [01m[K/home/astra/Ti5_controller/src/Ti5_arms_controller/test/test_Ti5_arms_controller.cpp:27[m[K:
[2.273s] [01m[K/home/astra/Ti5_controller/src/Ti5_arms_controller/include/Ti5_arms_controller/Ti5_arms_controller.hpp:85:30:[m[K [01;36m[Knote: [m[Kdeclared private here
[2.273s]    85 |     std::vector<std::string> [01;36m[Kcommand_interfaces_[m[K;
[2.273s]       |                              [01;36m[K^~~~~~~~~~~~~~~~~~~[m[K
[2.278s] In file included from [01m[K/opt/ros/humble/src/gtest_vendor/include/gtest/gtest.h:375[m[K,
[2.278s]                  from [01m[K/opt/ros/humble/src/gmock_vendor/include/gmock/internal/gmock-internal-utils.h:47[m[K,
[2.278s]                  from [01m[K/opt/ros/humble/src/gmock_vendor/include/gmock/gmock-actions.h:51[m[K,
[2.278s]                  from [01m[K/opt/ros/humble/src/gmock_vendor/include/gmock/gmock.h:59[m[K,
[2.278s]                  from [01m[K/home/astra/Ti5_controller/src/Ti5_arms_controller/test/test_Ti5_arms_controller.hpp:32[m[K,
[2.278s]                  from [01m[K/home/astra/Ti5_controller/src/Ti5_arms_controller/test/test_Ti5_arms_controller.cpp:27[m[K:
[2.278s] [01m[K/home/astra/Ti5_controller/src/Ti5_arms_controller/test/test_Ti5_arms_controller.cpp:124:46:[m[K [01;31m[Kerror: [m[Kâ€˜[01m[KCMD_MY_ITFS[m[Kâ€™ was not declared in this scope
[2.278s]   124 |   ASSERT_EQ(controller_->command_interfaces_[[01;31m[KCMD_MY_ITFS[m[K].get_value(), 101.101);
[2.278s]       |                                              [01;31m[K^~~~~~~~~~~[m[K
[2.278s] [01m[K/opt/ros/humble/src/gtest_vendor/include/gtest/gtest_pred_impl.h:77:52:[m[K [01;36m[Knote: [m[Kin definition of macro â€˜[01m[KGTEST_ASSERT_[m[Kâ€™
[2.278s]    77 |   if (const ::testing::AssertionResult gtest_ar = ([01;36m[Kexpression[m[K)) \
[2.278s]       |                                                    [01;36m[K^~~~~~~~~~[m[K
[2.278s] [01m[K/opt/ros/humble/src/gtest_vendor/include/gtest/gtest_pred_impl.h:168:3:[m[K [01;36m[Knote: [m[Kin expansion of macro â€˜[01m[KGTEST_PRED_FORMAT2_[m[Kâ€™
[2.278s]   168 |   [01;36m[KGTEST_PRED_FORMAT2_[m[K(pred_format, v1, v2, GTEST_FATAL_FAILURE_)
[2.278s]       |   [01;36m[K^~~~~~~~~~~~~~~~~~~[m[K
[2.278s] [01m[K/opt/ros/humble/src/gtest_vendor/include/gtest/gtest.h:2041:3:[m[K [01;36m[Knote: [m[Kin expansion of macro â€˜[01m[KASSERT_PRED_FORMAT2[m[Kâ€™
[2.278s]  2041 |   [01;36m[KASSERT_PRED_FORMAT2[m[K(::testing::internal::EqHelper::Compare, val1, val2)
[2.278s]       |   [01;36m[K^~~~~~~~~~~~~~~~~~~[m[K
[2.278s] [01m[K/opt/ros/humble/src/gtest_vendor/include/gtest/gtest.h:2057:32:[m[K [01;36m[Knote: [m[Kin expansion of macro â€˜[01m[KGTEST_ASSERT_EQ[m[Kâ€™
[2.278s]  2057 | # define ASSERT_EQ(val1, val2) [01;36m[KGTEST_ASSERT_EQ[m[K(val1, val2)
[2.278s]       |                                [01;36m[K^~~~~~~~~~~~~~~[m[K
[2.278s] [01m[K/home/astra/Ti5_controller/src/Ti5_arms_controller/test/test_Ti5_arms_controller.cpp:124:3:[m[K [01;36m[Knote: [m[Kin expansion of macro â€˜[01m[KASSERT_EQ[m[Kâ€™
[2.278s]   124 |   [01;36m[KASSERT_EQ[m[K(controller_->command_interfaces_[CMD_MY_ITFS].get_value(), 101.101);
[2.278s]       |   [01;36m[K^~~~~~~~~[m[K
[2.283s] In file included from [01m[K/opt/ros/humble/src/gtest_vendor/include/gtest/gtest.h:62[m[K,
[2.283s]                  from [01m[K/opt/ros/humble/src/gmock_vendor/include/gmock/internal/gmock-internal-utils.h:47[m[K,
[2.283s]                  from [01m[K/opt/ros/humble/src/gmock_vendor/include/gmock/gmock-actions.h:51[m[K,
[2.283s]                  from [01m[K/opt/ros/humble/src/gmock_vendor/include/gmock/gmock.h:59[m[K,
[2.283s]                  from [01m[K/home/astra/Ti5_controller/src/Ti5_arms_controller/test/test_Ti5_arms_controller.hpp:32[m[K,
[2.283s]                  from [01m[K/home/astra/Ti5_controller/src/Ti5_arms_controller/test/test_Ti5_arms_controller.cpp:27[m[K:
[2.283s] [01m[K/home/astra/Ti5_controller/src/Ti5_arms_controller/test/test_Ti5_arms_controller.cpp:126:59:[m[K [01;31m[Kerror: [m[Kâ€˜[01m[KCMD_MY_ITFS[m[Kâ€™ was not declared in this scope
[2.283s]   126 |   ASSERT_TRUE(std::isnan(controller_->command_interfaces_[[01;31m[KCMD_MY_ITFS[m[K].get_value()));
[2.283s]       |                                                           [01;31m[K^~~~~~~~~~~[m[K
[2.283s] [01m[K/opt/ros/humble/src/gtest_vendor/include/gtest/internal/gtest-internal.h:1325:34:[m[K [01;36m[Knote: [m[Kin definition of macro â€˜[01m[KGTEST_TEST_BOOLEAN_[m[Kâ€™
[2.283s]  1325 |       ::testing::AssertionResult([01;36m[Kexpression[m[K)) \
[2.284s]       |                                  [01;36m[K^~~~~~~~~~[m[K
[2.284s] [01m[K/home/astra/Ti5_controller/src/Ti5_arms_controller/test/test_Ti5_arms_controller.cpp:126:3:[m[K [01;36m[Knote: [m[Kin expansion of macro â€˜[01m[KASSERT_TRUE[m[Kâ€™
[2.284s]   126 |   [01;36m[KASSERT_TRUE[m[K(std::isnan(controller_->command_interfaces_[CMD_MY_ITFS].get_value()));
[2.284s]       |   [01;36m[K^~~~~~~~~~~[m[K
[2.284s] [01m[K/home/astra/Ti5_controller/src/Ti5_arms_controller/test/test_Ti5_arms_controller.cpp:126:39:[m[K [01;31m[Kerror: [m[Kâ€˜[01m[Kstd::vector<std::__cxx11::basic_string<char> > Ti5_arms_controller::Ti5ArmsController::command_interfaces_[m[Kâ€™ is private within this context
[2.284s]   126 |   ASSERT_TRUE(std::isnan(controller_->[01;31m[Kcommand_interfaces_[m[K[CMD_MY_ITFS].get_value()));
[2.284s]       |                                       [01;31m[K^~~~~~~~~~~~~~~~~~~[m[K
[2.284s] [01m[K/opt/ros/humble/src/gtest_vendor/include/gtest/internal/gtest-internal.h:1325:34:[m[K [01;36m[Knote: [m[Kin definition of macro â€˜[01m[KGTEST_TEST_BOOLEAN_[m[Kâ€™
[2.284s]  1325 |       ::testing::AssertionResult([01;36m[Kexpression[m[K)) \
[2.284s]       |                                  [01;36m[K^~~~~~~~~~[m[K
[2.284s] [01m[K/home/astra/Ti5_controller/src/Ti5_arms_controller/test/test_Ti5_arms_controller.cpp:126:3:[m[K [01;36m[Knote: [m[Kin expansion of macro â€˜[01m[KASSERT_TRUE[m[Kâ€™
[2.284s]   126 |   [01;36m[KASSERT_TRUE[m[K(std::isnan(controller_->command_interfaces_[CMD_MY_ITFS].get_value()));
[2.284s]       |   [01;36m[K^~~~~~~~~~~[m[K
[2.284s] In file included from [01m[K/home/astra/Ti5_controller/src/Ti5_arms_controller/test/test_Ti5_arms_controller.hpp:31[m[K,
[2.284s]                  from [01m[K/home/astra/Ti5_controller/src/Ti5_arms_controller/test/test_Ti5_arms_controller.cpp:27[m[K:
[2.284s] [01m[K/home/astra/Ti5_controller/src/Ti5_arms_controller/include/Ti5_arms_controller/Ti5_arms_controller.hpp:85:30:[m[K [01;36m[Knote: [m[Kdeclared private here
[2.284s]    85 |     std::vector<std::string> [01;36m[Kcommand_interfaces_[m[K;
[2.284s]       |                              [01;36m[K^~~~~~~~~~~~~~~~~~~[m[K
[2.289s] In file included from [01m[K/opt/ros/humble/src/gtest_vendor/include/gtest/gtest.h:62[m[K,
[2.289s]                  from [01m[K/opt/ros/humble/src/gmock_vendor/include/gmock/internal/gmock-internal-utils.h:47[m[K,
[2.289s]                  from [01m[K/opt/ros/humble/src/gmock_vendor/include/gmock/gmock-actions.h:51[m[K,
[2.289s]                  from [01m[K/opt/ros/humble/src/gmock_vendor/include/gmock/gmock.h:59[m[K,
[2.289s]                  from [01m[K/home/astra/Ti5_controller/src/Ti5_arms_controller/test/test_Ti5_arms_controller.hpp:32[m[K,
[2.289s]                  from [01m[K/home/astra/Ti5_controller/src/Ti5_arms_controller/test/test_Ti5_arms_controller.cpp:27[m[K:
[2.289s] [01m[K/home/astra/Ti5_controller/src/Ti5_arms_controller/test/test_Ti5_arms_controller.cpp:128:59:[m[K [01;31m[Kerror: [m[Kâ€˜[01m[KCMD_MY_ITFS[m[Kâ€™ was not declared in this scope
[2.289s]   128 |   ASSERT_TRUE(std::isnan(controller_->command_interfaces_[[01;31m[KCMD_MY_ITFS[m[K].get_value()));
[2.289s]       |                                                           [01;31m[K^~~~~~~~~~~[m[K
[2.289s] [01m[K/opt/ros/humble/src/gtest_vendor/include/gtest/internal/gtest-internal.h:1325:34:[m[K [01;36m[Knote: [m[Kin definition of macro â€˜[01m[KGTEST_TEST_BOOLEAN_[m[Kâ€™
[2.289s]  1325 |       ::testing::AssertionResult([01;36m[Kexpression[m[K)) \
[2.289s]       |                                  [01;36m[K^~~~~~~~~~[m[K
[2.289s] [01m[K/home/astra/Ti5_controller/src/Ti5_arms_controller/test/test_Ti5_arms_controller.cpp:128:3:[m[K [01;36m[Knote: [m[Kin expansion of macro â€˜[01m[KASSERT_TRUE[m[Kâ€™
[2.289s]   128 |   [01;36m[KASSERT_TRUE[m[K(std::isnan(controller_->command_interfaces_[CMD_MY_ITFS].get_value()));
[2.289s]       |   [01;36m[K^~~~~~~~~~~[m[K
[2.289s] [01m[K/home/astra/Ti5_controller/src/Ti5_arms_controller/test/test_Ti5_arms_controller.cpp:128:39:[m[K [01;31m[Kerror: [m[Kâ€˜[01m[Kstd::vector<std::__cxx11::basic_string<char> > Ti5_arms_controller::Ti5ArmsController::command_interfaces_[m[Kâ€™ is private within this context
[2.289s]   128 |   ASSERT_TRUE(std::isnan(controller_->[01;31m[Kcommand_interfaces_[m[K[CMD_MY_ITFS].get_value()));
[2.289s]       |                                       [01;31m[K^~~~~~~~~~~~~~~~~~~[m[K
[2.289s] [01m[K/opt/ros/humble/src/gtest_vendor/include/gtest/internal/gtest-internal.h:1325:34:[m[K [01;36m[Knote: [m[Kin definition of macro â€˜[01m[KGTEST_TEST_BOOLEAN_[m[Kâ€™
[2.289s]  1325 |       ::testing::AssertionResult([01;36m[Kexpression[m[K)) \
[2.289s]       |                                  [01;36m[K^~~~~~~~~~[m[K
[2.289s] [01m[K/home/astra/Ti5_controller/src/Ti5_arms_controller/test/test_Ti5_arms_controller.cpp:128:3:[m[K [01;36m[Knote: [m[Kin expansion of macro â€˜[01m[KASSERT_TRUE[m[Kâ€™
[2.289s]   128 |   [01;36m[KASSERT_TRUE[m[K(std::isnan(controller_->command_interfaces_[CMD_MY_ITFS].get_value()));
[2.289s]       |   [01;36m[K^~~~~~~~~~~[m[K
[2.289s] In file included from [01m[K/home/astra/Ti5_controller/src/Ti5_arms_controller/test/test_Ti5_arms_controller.hpp:31[m[K,
[2.289s]                  from [01m[K/home/astra/Ti5_controller/src/Ti5_arms_controller/test/test_Ti5_arms_controller.cpp:27[m[K:
[2.289s] [01m[K/home/astra/Ti5_controller/src/Ti5_arms_controller/include/Ti5_arms_controller/Ti5_arms_controller.hpp:85:30:[m[K [01;36m[Knote: [m[Kdeclared private here
[2.289s]    85 |     std::vector<std::string> [01;36m[Kcommand_interfaces_[m[K;
[2.289s]       |                              [01;36m[K^~~~~~~~~~~~~~~~~~~[m[K
[2.290s] In file included from [01m[K/opt/ros/humble/src/gtest_vendor/include/gtest/gtest.h:375[m[K,
[2.290s]                  from [01m[K/opt/ros/humble/src/gmock_vendor/include/gmock/internal/gmock-internal-utils.h:47[m[K,
[2.290s]                  from [01m[K/opt/ros/humble/src/gmock_vendor/include/gmock/gmock-actions.h:51[m[K,
[2.290s]                  from [01m[K/opt/ros/humble/src/gmock_vendor/include/gmock/gmock.h:59[m[K,
[2.290s]                  from [01m[K/home/astra/Ti5_controller/src/Ti5_arms_controller/test/test_Ti5_arms_controller.hpp:32[m[K,
[2.290s]                  from [01m[K/home/astra/Ti5_controller/src/Ti5_arms_controller/test/test_Ti5_arms_controller.cpp:27[m[K:
[2.290s] [01m[K/home/astra/Ti5_controller/src/Ti5_arms_controller/test/test_Ti5_arms_controller.cpp:[m[K In member function â€˜[01m[Kvirtual void Ti5ArmsControllerTest_test_setting_slow_mode_service_Test::TestBody()[m[Kâ€™:
[2.290s] [01m[K/home/astra/Ti5_controller/src/Ti5_arms_controller/test/test_Ti5_arms_controller.cpp:144:28:[m[K [01;31m[Kerror: [m[Kâ€˜[01m[Kclass TestableTi5ArmsController[m[Kâ€™ has no member named â€˜[01m[Kcontrol_mode_[m[Kâ€™
[2.290s]   144 |   ASSERT_EQ(*(controller_->[01;31m[Kcontrol_mode_[m[K.readFromRT()), control_mode_type::FAST);
[2.290s]       |                            [01;31m[K^~~~~~~~~~~~~[m[K
[2.290s] [01m[K/opt/ros/humble/src/gtest_vendor/include/gtest/gtest_pred_impl.h:77:52:[m[K [01;36m[Knote: [m[Kin definition of macro â€˜[01m[KGTEST_ASSERT_[m[Kâ€™
[2.290s]    77 |   if (const ::testing::AssertionResult gtest_ar = ([01;36m[Kexpression[m[K)) \
[2.290s]       |                                                    [01;36m[K^~~~~~~~~~[m[K
[2.290s] [01m[K/opt/ros/humble/src/gtest_vendor/include/gtest/gtest_pred_impl.h:168:3:[m[K [01;36m[Knote: [m[Kin expansion of macro â€˜[01m[KGTEST_PRED_FORMAT2_[m[Kâ€™
[2.290s]   168 |   [01;36m[KGTEST_PRED_FORMAT2_[m[K(pred_format, v1, v2, GTEST_FATAL_FAILURE_)
[2.290s]       |   [01;36m[K^~~~~~~~~~~~~~~~~~~[m[K
[2.291s] [01m[K/opt/ros/humble/src/gtest_vendor/include/gtest/gtest.h:2041:3:[m[K [01;36m[Knote: [m[Kin expansion of macro â€˜[01m[KASSERT_PRED_FORMAT2[m[Kâ€™
[2.291s]  2041 |   [01;36m[KASSERT_PRED_FORMAT2[m[K(::testing::internal::EqHelper::Compare, val1, val2)
[2.291s]       |   [01;36m[K^~~~~~~~~~~~~~~~~~~[m[K
[2.291s] [01m[K/opt/ros/humble/src/gtest_vendor/include/gtest/gtest.h:2057:32:[m[K [01;36m[Knote: [m[Kin expansion of macro â€˜[01m[KGTEST_ASSERT_EQ[m[Kâ€™
[2.291s]  2057 | # define ASSERT_EQ(val1, val2) [01;36m[KGTEST_ASSERT_EQ[m[K(val1, val2)
[2.291s]       |                                [01;36m[K^~~~~~~~~~~~~~~[m[K
[2.291s] [01m[K/home/astra/Ti5_controller/src/Ti5_arms_controller/test/test_Ti5_arms_controller.cpp:144:3:[m[K [01;36m[Knote: [m[Kin expansion of macro â€˜[01m[KASSERT_EQ[m[Kâ€™
[2.291s]   144 |   [01;36m[KASSERT_EQ[m[K(*(controller_->control_mode_.readFromRT()), control_mode_type::FAST);
[2.291s]       |   [01;36m[K^~~~~~~~~[m[K
[2.291s] [01m[K/home/astra/Ti5_controller/src/Ti5_arms_controller/test/test_Ti5_arms_controller.cpp:144:57:[m[K [01;31m[Kerror: [m[Kâ€˜[01m[Kcontrol_mode_type[m[Kâ€™ has not been declared
[2.291s]   144 |   ASSERT_EQ(*(controller_->control_mode_.readFromRT()), [01;31m[Kcontrol_mode_type[m[K::FAST);
[2.291s]       |                                                         [01;31m[K^~~~~~~~~~~~~~~~~[m[K
[2.291s] [01m[K/opt/ros/humble/src/gtest_vendor/include/gtest/gtest_pred_impl.h:77:52:[m[K [01;36m[Knote: [m[Kin definition of macro â€˜[01m[KGTEST_ASSERT_[m[Kâ€™
[2.291s]    77 |   if (const ::testing::AssertionResult gtest_ar = ([01;36m[Kexpression[m[K)) \
[2.291s]       |                                                    [01;36m[K^~~~~~~~~~[m[K
[2.291s] [01m[K/opt/ros/humble/src/gtest_vendor/include/gtest/gtest_pred_impl.h:168:3:[m[K [01;36m[Knote: [m[Kin expansion of macro â€˜[01m[KGTEST_PRED_FORMAT2_[m[Kâ€™
[2.291s]   168 |   [01;36m[KGTEST_PRED_FORMAT2_[m[K(pred_format, v1, v2, GTEST_FATAL_FAILURE_)
[2.291s]       |   [01;36m[K^~~~~~~~~~~~~~~~~~~[m[K
[2.291s] [01m[K/opt/ros/humble/src/gtest_vendor/include/gtest/gtest.h:2041:3:[m[K [01;36m[Knote: [m[Kin expansion of macro â€˜[01m[KASSERT_PRED_FORMAT2[m[Kâ€™
[2.291s]  2041 |   [01;36m[KASSERT_PRED_FORMAT2[m[K(::testing::internal::EqHelper::Compare, val1, val2)
[2.291s]       |   [01;36m[K^~~~~~~~~~~~~~~~~~~[m[K
[2.291s] [01m[K/opt/ros/humble/src/gtest_vendor/include/gtest/gtest.h:2057:32:[m[K [01;36m[Knote: [m[Kin expansion of macro â€˜[01m[KGTEST_ASSERT_EQ[m[Kâ€™
[2.291s]  2057 | # define ASSERT_EQ(val1, val2) [01;36m[KGTEST_ASSERT_EQ[m[K(val1, val2)
[2.291s]       |                                [01;36m[K^~~~~~~~~~~~~~~[m[K
[2.291s] [01m[K/home/astra/Ti5_controller/src/Ti5_arms_controller/test/test_Ti5_arms_controller.cpp:144:3:[m[K [01;36m[Knote: [m[Kin expansion of macro â€˜[01m[KASSERT_EQ[m[Kâ€™
[2.291s]   144 |   [01;36m[KASSERT_EQ[m[K(*(controller_->control_mode_.readFromRT()), control_mode_type::FAST);
[2.291s]       |   [01;36m[K^~~~~~~~~[m[K
[2.291s] [01m[K/home/astra/Ti5_controller/src/Ti5_arms_controller/test/test_Ti5_arms_controller.cpp:150:28:[m[K [01;31m[Kerror: [m[Kâ€˜[01m[Kclass TestableTi5ArmsController[m[Kâ€™ has no member named â€˜[01m[Kcontrol_mode_[m[Kâ€™
[2.291s]   150 |   ASSERT_EQ(*(controller_->[01;31m[Kcontrol_mode_[m[K.readFromRT()), control_mode_type::FAST);
[2.291s]       |                            [01;31m[K^~~~~~~~~~~~~[m[K
[2.291s] [01m[K/opt/ros/humble/src/gtest_vendor/include/gtest/gtest_pred_impl.h:77:52:[m[K [01;36m[Knote: [m[Kin definition of macro â€˜[01m[KGTEST_ASSERT_[m[Kâ€™
[2.291s]    77 |   if (const ::testing::AssertionResult gtest_ar = ([01;36m[Kexpression[m[K)) \
[2.291s]       |                                                    [01;36m[K^~~~~~~~~~[m[K
[2.292s] [01m[K/opt/ros/humble/src/gtest_vendor/include/gtest/gtest_pred_impl.h:168:3:[m[K [01;36m[Knote: [m[Kin expansion of macro â€˜[01m[KGTEST_PRED_FORMAT2_[m[Kâ€™
[2.292s]   168 |   [01;36m[KGTEST_PRED_FORMAT2_[m[K(pred_format, v1, v2, GTEST_FATAL_FAILURE_)
[2.292s]       |   [01;36m[K^~~~~~~~~~~~~~~~~~~[m[K
[2.292s] [01m[K/opt/ros/humble/src/gtest_vendor/include/gtest/gtest.h:2041:3:[m[K [01;36m[Knote: [m[Kin expansion of macro â€˜[01m[KASSERT_PRED_FORMAT2[m[Kâ€™
[2.292s]  2041 |   [01;36m[KASSERT_PRED_FORMAT2[m[K(::testing::internal::EqHelper::Compare, val1, val2)
[2.292s]       |   [01;36m[K^~~~~~~~~~~~~~~~~~~[m[K
[2.292s] [01m[K/opt/ros/humble/src/gtest_vendor/include/gtest/gtest.h:2057:32:[m[K [01;36m[Knote: [m[Kin expansion of macro â€˜[01m[KGTEST_ASSERT_EQ[m[Kâ€™
[2.292s]  2057 | # define ASSERT_EQ(val1, val2) [01;36m[KGTEST_ASSERT_EQ[m[K(val1, val2)
[2.292s]       |                                [01;36m[K^~~~~~~~~~~~~~~[m[K
[2.292s] [01m[K/home/astra/Ti5_controller/src/Ti5_arms_controller/test/test_Ti5_arms_controller.cpp:150:3:[m[K [01;36m[Knote: [m[Kin expansion of macro â€˜[01m[KASSERT_EQ[m[Kâ€™
[2.292s]   150 |   [01;36m[KASSERT_EQ[m[K(*(controller_->control_mode_.readFromRT()), control_mode_type::FAST);
[2.292s]       |   [01;36m[K^~~~~~~~~[m[K
[2.292s] [01m[K/home/astra/Ti5_controller/src/Ti5_arms_controller/test/test_Ti5_arms_controller.cpp:150:57:[m[K [01;31m[Kerror: [m[Kâ€˜[01m[Kcontrol_mode_type[m[Kâ€™ has not been declared
[2.292s]   150 |   ASSERT_EQ(*(controller_->control_mode_.readFromRT()), [01;31m[Kcontrol_mode_type[m[K::FAST);
[2.292s]       |                                                         [01;31m[K^~~~~~~~~~~~~~~~~[m[K
[2.292s] [01m[K/opt/ros/humble/src/gtest_vendor/include/gtest/gtest_pred_impl.h:77:52:[m[K [01;36m[Knote: [m[Kin definition of macro â€˜[01m[KGTEST_ASSERT_[m[Kâ€™
[2.292s]    77 |   if (const ::testing::AssertionResult gtest_ar = ([01;36m[Kexpression[m[K)) \
[2.292s]       |                                                    [01;36m[K^~~~~~~~~~[m[K
[2.292s] [01m[K/opt/ros/humble/src/gtest_vendor/include/gtest/gtest_pred_impl.h:168:3:[m[K [01;36m[Knote: [m[Kin expansion of macro â€˜[01m[KGTEST_PRED_FORMAT2_[m[Kâ€™
[2.292s]   168 |   [01;36m[KGTEST_PRED_FORMAT2_[m[K(pred_format, v1, v2, GTEST_FATAL_FAILURE_)
[2.292s]       |   [01;36m[K^~~~~~~~~~~~~~~~~~~[m[K
[2.292s] [01m[K/opt/ros/humble/src/gtest_vendor/include/gtest/gtest.h:2041:3:[m[K [01;36m[Knote: [m[Kin expansion of macro â€˜[01m[KASSERT_PRED_FORMAT2[m[Kâ€™
[2.292s]  2041 |   [01;36m[KASSERT_PRED_FORMAT2[m[K(::testing::internal::EqHelper::Compare, val1, val2)
[2.292s]       |   [01;36m[K^~~~~~~~~~~~~~~~~~~[m[K
[2.292s] [01m[K/opt/ros/humble/src/gtest_vendor/include/gtest/gtest.h:2057:32:[m[K [01;36m[Knote: [m[Kin expansion of macro â€˜[01m[KGTEST_ASSERT_EQ[m[Kâ€™
[2.292s]  2057 | # define ASSERT_EQ(val1, val2) [01;36m[KGTEST_ASSERT_EQ[m[K(val1, val2)
[2.292s]       |                                [01;36m[K^~~~~~~~~~~~~~~[m[K
[2.292s] [01m[K/home/astra/Ti5_controller/src/Ti5_arms_controller/test/test_Ti5_arms_controller.cpp:150:3:[m[K [01;36m[Knote: [m[Kin expansion of macro â€˜[01m[KASSERT_EQ[m[Kâ€™
[2.292s]   150 |   [01;36m[KASSERT_EQ[m[K(*(controller_->control_mode_.readFromRT()), control_mode_type::FAST);
[2.292s]       |   [01;36m[K^~~~~~~~~[m[K
[2.292s] [01m[K/home/astra/Ti5_controller/src/Ti5_arms_controller/test/test_Ti5_arms_controller.cpp:154:28:[m[K [01;31m[Kerror: [m[Kâ€˜[01m[Kclass TestableTi5ArmsController[m[Kâ€™ has no member named â€˜[01m[Kcontrol_mode_[m[Kâ€™
[2.292s]   154 |   ASSERT_EQ(*(controller_->[01;31m[Kcontrol_mode_[m[K.readFromRT()), control_mode_type::SLOW);
[2.292s]       |                            [01;31m[K^~~~~~~~~~~~~[m[K
[2.292s] [01m[K/opt/ros/humble/src/gtest_vendor/include/gtest/gtest_pred_impl.h:77:52:[m[K [01;36m[Knote: [m[Kin definition of macro â€˜[01m[KGTEST_ASSERT_[m[Kâ€™
[2.292s]    77 |   if (const ::testing::AssertionResult gtest_ar = ([01;36m[Kexpression[m[K)) \
[2.292s]       |                                                    [01;36m[K^~~~~~~~~~[m[K
[2.292s] [01m[K/opt/ros/humble/src/gtest_vendor/include/gtest/gtest_pred_impl.h:168:3:[m[K [01;36m[Knote: [m[Kin expansion of macro â€˜[01m[KGTEST_PRED_FORMAT2_[m[Kâ€™
[2.293s]   168 |   [01;36m[KGTEST_PRED_FORMAT2_[m[K(pred_format, v1, v2, GTEST_FATAL_FAILURE_)
[2.293s]       |   [01;36m[K^~~~~~~~~~~~~~~~~~~[m[K
[2.293s] [01m[K/opt/ros/humble/src/gtest_vendor/include/gtest/gtest.h:2041:3:[m[K [01;36m[Knote: [m[Kin expansion of macro â€˜[01m[KASSERT_PRED_FORMAT2[m[Kâ€™
[2.293s]  2041 |   [01;36m[KASSERT_PRED_FORMAT2[m[K(::testing::internal::EqHelper::Compare, val1, val2)
[2.293s]       |   [01;36m[K^~~~~~~~~~~~~~~~~~~[m[K
[2.293s] [01m[K/opt/ros/humble/src/gtest_vendor/include/gtest/gtest.h:2057:32:[m[K [01;36m[Knote: [m[Kin expansion of macro â€˜[01m[KGTEST_ASSERT_EQ[m[Kâ€™
[2.293s]  2057 | # define ASSERT_EQ(val1, val2) [01;36m[KGTEST_ASSERT_EQ[m[K(val1, val2)
[2.293s]       |                                [01;36m[K^~~~~~~~~~~~~~~[m[K
[2.293s] [01m[K/home/astra/Ti5_controller/src/Ti5_arms_controller/test/test_Ti5_arms_controller.cpp:154:3:[m[K [01;36m[Knote: [m[Kin expansion of macro â€˜[01m[KASSERT_EQ[m[Kâ€™
[2.293s]   154 |   [01;36m[KASSERT_EQ[m[K(*(controller_->control_mode_.readFromRT()), control_mode_type::SLOW);
[2.293s]       |   [01;36m[K^~~~~~~~~[m[K
[2.293s] [01m[K/home/astra/Ti5_controller/src/Ti5_arms_controller/test/test_Ti5_arms_controller.cpp:154:57:[m[K [01;31m[Kerror: [m[Kâ€˜[01m[Kcontrol_mode_type[m[Kâ€™ has not been declared
[2.293s]   154 |   ASSERT_EQ(*(controller_->control_mode_.readFromRT()), [01;31m[Kcontrol_mode_type[m[K::SLOW);
[2.293s]       |                                                         [01;31m[K^~~~~~~~~~~~~~~~~[m[K
[2.293s] [01m[K/opt/ros/humble/src/gtest_vendor/include/gtest/gtest_pred_impl.h:77:52:[m[K [01;36m[Knote: [m[Kin definition of macro â€˜[01m[KGTEST_ASSERT_[m[Kâ€™
[2.293s]    77 |   if (const ::testing::AssertionResult gtest_ar = ([01;36m[Kexpression[m[K)) \
[2.293s]       |                                                    [01;36m[K^~~~~~~~~~[m[K
[2.293s] [01m[K/opt/ros/humble/src/gtest_vendor/include/gtest/gtest_pred_impl.h:168:3:[m[K [01;36m[Knote: [m[Kin expansion of macro â€˜[01m[KGTEST_PRED_FORMAT2_[m[Kâ€™
[2.293s]   168 |   [01;36m[KGTEST_PRED_FORMAT2_[m[K(pred_format, v1, v2, GTEST_FATAL_FAILURE_)
[2.293s]       |   [01;36m[K^~~~~~~~~~~~~~~~~~~[m[K
[2.293s] [01m[K/opt/ros/humble/src/gtest_vendor/include/gtest/gtest.h:2041:3:[m[K [01;36m[Knote: [m[Kin expansion of macro â€˜[01m[KASSERT_PRED_FORMAT2[m[Kâ€™
[2.293s]  2041 |   [01;36m[KASSERT_PRED_FORMAT2[m[K(::testing::internal::EqHelper::Compare, val1, val2)
[2.293s]       |   [01;36m[K^~~~~~~~~~~~~~~~~~~[m[K
[2.293s] [01m[K/opt/ros/humble/src/gtest_vendor/include/gtest/gtest.h:2057:32:[m[K [01;36m[Knote: [m[Kin expansion of macro â€˜[01m[KGTEST_ASSERT_EQ[m[Kâ€™
[2.293s]  2057 | # define ASSERT_EQ(val1, val2) [01;36m[KGTEST_ASSERT_EQ[m[K(val1, val2)
[2.293s]       |                                [01;36m[K^~~~~~~~~~~~~~~[m[K
[2.293s] [01m[K/home/astra/Ti5_controller/src/Ti5_arms_controller/test/test_Ti5_arms_controller.cpp:154:3:[m[K [01;36m[Knote: [m[Kin expansion of macro â€˜[01m[KASSERT_EQ[m[Kâ€™
[2.293s]   154 |   [01;36m[KASSERT_EQ[m[K(*(controller_->control_mode_.readFromRT()), control_mode_type::SLOW);
[2.293s]       |   [01;36m[K^~~~~~~~~[m[K
[2.293s] [01m[K/home/astra/Ti5_controller/src/Ti5_arms_controller/test/test_Ti5_arms_controller.cpp:158:28:[m[K [01;31m[Kerror: [m[Kâ€˜[01m[Kclass TestableTi5ArmsController[m[Kâ€™ has no member named â€˜[01m[Kcontrol_mode_[m[Kâ€™
[2.293s]   158 |   ASSERT_EQ(*(controller_->[01;31m[Kcontrol_mode_[m[K.readFromRT()), control_mode_type::FAST);
[2.293s]       |                            [01;31m[K^~~~~~~~~~~~~[m[K
[2.293s] [01m[K/opt/ros/humble/src/gtest_vendor/include/gtest/gtest_pred_impl.h:77:52:[m[K [01;36m[Knote: [m[Kin definition of macro â€˜[01m[KGTEST_ASSERT_[m[Kâ€™
[2.293s]    77 |   if (const ::testing::AssertionResult gtest_ar = ([01;36m[Kexpression[m[K)) \
[2.293s]       |                                                    [01;36m[K^~~~~~~~~~[m[K
[2.293s] [01m[K/opt/ros/humble/src/gtest_vendor/include/gtest/gtest_pred_impl.h:168:3:[m[K [01;36m[Knote: [m[Kin expansion of macro â€˜[01m[KGTEST_PRED_FORMAT2_[m[Kâ€™
[2.294s]   168 |   [01;36m[KGTEST_PRED_FORMAT2_[m[K(pred_format, v1, v2, GTEST_FATAL_FAILURE_)
[2.294s]       |   [01;36m[K^~~~~~~~~~~~~~~~~~~[m[K
[2.294s] [01m[K/opt/ros/humble/src/gtest_vendor/include/gtest/gtest.h:2041:3:[m[K [01;36m[Knote: [m[Kin expansion of macro â€˜[01m[KASSERT_PRED_FORMAT2[m[Kâ€™
[2.294s]  2041 |   [01;36m[KASSERT_PRED_FORMAT2[m[K(::testing::internal::EqHelper::Compare, val1, val2)
[2.294s]       |   [01;36m[K^~~~~~~~~~~~~~~~~~~[m[K
[2.294s] [01m[K/opt/ros/humble/src/gtest_vendor/include/gtest/gtest.h:2057:32:[m[K [01;36m[Knote: [m[Kin expansion of macro â€˜[01m[KGTEST_ASSERT_EQ[m[Kâ€™
[2.294s]  2057 | # define ASSERT_EQ(val1, val2) [01;36m[KGTEST_ASSERT_EQ[m[K(val1, val2)
[2.294s]       |                                [01;36m[K^~~~~~~~~~~~~~~[m[K
[2.294s] [01m[K/home/astra/Ti5_controller/src/Ti5_arms_controller/test/test_Ti5_arms_controller.cpp:158:3:[m[K [01;36m[Knote: [m[Kin expansion of macro â€˜[01m[KASSERT_EQ[m[Kâ€™
[2.294s]   158 |   [01;36m[KASSERT_EQ[m[K(*(controller_->control_mode_.readFromRT()), control_mode_type::FAST);
[2.294s]       |   [01;36m[K^~~~~~~~~[m[K
[2.294s] [01m[K/home/astra/Ti5_controller/src/Ti5_arms_controller/test/test_Ti5_arms_controller.cpp:158:57:[m[K [01;31m[Kerror: [m[Kâ€˜[01m[Kcontrol_mode_type[m[Kâ€™ has not been declared
[2.294s]   158 |   ASSERT_EQ(*(controller_->control_mode_.readFromRT()), [01;31m[Kcontrol_mode_type[m[K::FAST);
[2.294s]       |                                                         [01;31m[K^~~~~~~~~~~~~~~~~[m[K
[2.294s] [01m[K/opt/ros/humble/src/gtest_vendor/include/gtest/gtest_pred_impl.h:77:52:[m[K [01;36m[Knote: [m[Kin definition of macro â€˜[01m[KGTEST_ASSERT_[m[Kâ€™
[2.294s]    77 |   if (const ::testing::AssertionResult gtest_ar = ([01;36m[Kexpression[m[K)) \
[2.294s]       |                                                    [01;36m[K^~~~~~~~~~[m[K
[2.294s] [01m[K/opt/ros/humble/src/gtest_vendor/include/gtest/gtest_pred_impl.h:168:3:[m[K [01;36m[Knote: [m[Kin expansion of macro â€˜[01m[KGTEST_PRED_FORMAT2_[m[Kâ€™
[2.294s]   168 |   [01;36m[KGTEST_PRED_FORMAT2_[m[K(pred_format, v1, v2, GTEST_FATAL_FAILURE_)
[2.294s]       |   [01;36m[K^~~~~~~~~~~~~~~~~~~[m[K
[2.294s] [01m[K/opt/ros/humble/src/gtest_vendor/include/gtest/gtest.h:2041:3:[m[K [01;36m[Knote: [m[Kin expansion of macro â€˜[01m[KASSERT_PRED_FORMAT2[m[Kâ€™
[2.294s]  2041 |   [01;36m[KASSERT_PRED_FORMAT2[m[K(::testing::internal::EqHelper::Compare, val1, val2)
[2.294s]       |   [01;36m[K^~~~~~~~~~~~~~~~~~~[m[K
[2.294s] [01m[K/opt/ros/humble/src/gtest_vendor/include/gtest/gtest.h:2057:32:[m[K [01;36m[Knote: [m[Kin expansion of macro â€˜[01m[KGTEST_ASSERT_EQ[m[Kâ€™
[2.294s]  2057 | # define ASSERT_EQ(val1, val2) [01;36m[KGTEST_ASSERT_EQ[m[K(val1, val2)
[2.294s]       |                                [01;36m[K^~~~~~~~~~~~~~~[m[K
[2.294s] [01m[K/home/astra/Ti5_controller/src/Ti5_arms_controller/test/test_Ti5_arms_controller.cpp:158:3:[m[K [01;36m[Knote: [m[Kin expansion of macro â€˜[01m[KASSERT_EQ[m[Kâ€™
[2.294s]   158 |   [01;36m[KASSERT_EQ[m[K(*(controller_->control_mode_.readFromRT()), control_mode_type::FAST);
[2.294s]       |   [01;36m[K^~~~~~~~~[m[K
[2.294s] [01m[K/home/astra/Ti5_controller/src/Ti5_arms_controller/test/test_Ti5_arms_controller.cpp:[m[K In member function â€˜[01m[Kvirtual void Ti5ArmsControllerTest_test_update_logic_fast_Test::TestBody()[m[Kâ€™:
[2.294s] [01m[K/home/astra/Ti5_controller/src/Ti5_arms_controller/test/test_Ti5_arms_controller.cpp:178:16:[m[K [01;31m[Kerror: [m[Kâ€˜[01m[Krealtime_tools::RealtimeBuffer<std::shared_ptr<control_msgs::msg::JointJog_<std::allocator<void> > > > Ti5_arms_controller::Ti5ArmsController::input_ref_[m[Kâ€™ is private within this context
[2.294s]   178 |   controller_->[01;31m[Kinput_ref_[m[K.writeFromNonRT(msg);
[2.294s]       |                [01;31m[K^~~~~~~~~~[m[K
[2.294s] In file included from [01m[K/home/astra/Ti5_controller/src/Ti5_arms_controller/test/test_Ti5_arms_controller.hpp:31[m[K,
[2.294s]                  from [01m[K/home/astra/Ti5_controller/src/Ti5_arms_controller/test/test_Ti5_arms_controller.cpp:27[m[K:
[2.294s] [01m[K/home/astra/Ti5_controller/src/Ti5_arms_controller/include/Ti5_arms_controller/Ti5_arms_controller.hpp:93:77:[m[K [01;36m[Knote: [m[Kdeclared private here
[2.294s]    93 |     realtime_tools::RealtimeBuffer<std::shared_ptr<ControllerReferenceMsg>> [01;36m[Kinput_ref_[m[K;
[2.294s]       |                                                                             [01;36m[K^~~~~~~~~~[m[K
[2.294s] In file included from [01m[K/opt/ros/humble/src/gtest_vendor/include/gtest/gtest.h:375[m[K,
[2.294s]                  from [01m[K/opt/ros/humble/src/gmock_vendor/include/gmock/internal/gmock-internal-utils.h:47[m[K,
[2.295s]                  from [01m[K/opt/ros/humble/src/gmock_vendor/include/gmock/gmock-actions.h:51[m[K,
[2.295s]                  from [01m[K/opt/ros/humble/src/gmock_vendor/include/gmock/gmock.h:59[m[K,
[2.295s]                  from [01m[K/home/astra/Ti5_controller/src/Ti5_arms_controller/test/test_Ti5_arms_controller.hpp:32[m[K,
[2.295s]                  from [01m[K/home/astra/Ti5_controller/src/Ti5_arms_controller/test/test_Ti5_arms_controller.cpp:27[m[K:
[2.295s] [01m[K/home/astra/Ti5_controller/src/Ti5_arms_controller/test/test_Ti5_arms_controller.cpp:184:28:[m[K [01;31m[Kerror: [m[Kâ€˜[01m[Kclass TestableTi5ArmsController[m[Kâ€™ has no member named â€˜[01m[Kcontrol_mode_[m[Kâ€™
[2.295s]   184 |   EXPECT_EQ(*(controller_->[01;31m[Kcontrol_mode_[m[K.readFromRT()), control_mode_type::FAST);
[2.295s]       |                            [01;31m[K^~~~~~~~~~~~~[m[K
[2.295s] [01m[K/opt/ros/humble/src/gtest_vendor/include/gtest/gtest_pred_impl.h:77:52:[m[K [01;36m[Knote: [m[Kin definition of macro â€˜[01m[KGTEST_ASSERT_[m[Kâ€™
[2.295s]    77 |   if (const ::testing::AssertionResult gtest_ar = ([01;36m[Kexpression[m[K)) \
[2.295s]       |                                                    [01;36m[K^~~~~~~~~~[m[K
[2.295s] [01m[K/opt/ros/humble/src/gtest_vendor/include/gtest/gtest_pred_impl.h:164:3:[m[K [01;36m[Knote: [m[Kin expansion of macro â€˜[01m[KGTEST_PRED_FORMAT2_[m[Kâ€™
[2.295s]   164 |   [01;36m[KGTEST_PRED_FORMAT2_[m[K(pred_format, v1, v2, GTEST_NONFATAL_FAILURE_)
[2.295s]       |   [01;36m[K^~~~~~~~~~~~~~~~~~~[m[K
[2.295s] [01m[K/opt/ros/humble/src/gtest_vendor/include/gtest/gtest.h:2028:3:[m[K [01;36m[Knote: [m[Kin expansion of macro â€˜[01m[KEXPECT_PRED_FORMAT2[m[Kâ€™
[2.295s]  2028 |   [01;36m[KEXPECT_PRED_FORMAT2[m[K(::testing::internal::EqHelper::Compare, val1, val2)
[2.295s]       |   [01;36m[K^~~~~~~~~~~~~~~~~~~[m[K
[2.295s] [01m[K/home/astra/Ti5_controller/src/Ti5_arms_controller/test/test_Ti5_arms_controller.cpp:184:3:[m[K [01;36m[Knote: [m[Kin expansion of macro â€˜[01m[KEXPECT_EQ[m[Kâ€™
[2.295s]   184 |   [01;36m[KEXPECT_EQ[m[K(*(controller_->control_mode_.readFromRT()), control_mode_type::FAST);
[2.295s]       |   [01;36m[K^~~~~~~~~[m[K
[2.295s] [01m[K/home/astra/Ti5_controller/src/Ti5_arms_controller/test/test_Ti5_arms_controller.cpp:184:57:[m[K [01;31m[Kerror: [m[Kâ€˜[01m[Kcontrol_mode_type[m[Kâ€™ has not been declared
[2.295s]   184 |   EXPECT_EQ(*(controller_->control_mode_.readFromRT()), [01;31m[Kcontrol_mode_type[m[K::FAST);
[2.295s]       |                                                         [01;31m[K^~~~~~~~~~~~~~~~~[m[K
[2.295s] [01m[K/opt/ros/humble/src/gtest_vendor/include/gtest/gtest_pred_impl.h:77:52:[m[K [01;36m[Knote: [m[Kin definition of macro â€˜[01m[KGTEST_ASSERT_[m[Kâ€™
[2.295s]    77 |   if (const ::testing::AssertionResult gtest_ar = ([01;36m[Kexpression[m[K)) \
[2.295s]       |                                                    [01;36m[K^~~~~~~~~~[m[K
[2.295s] [01m[K/opt/ros/humble/src/gtest_vendor/include/gtest/gtest_pred_impl.h:164:3:[m[K [01;36m[Knote: [m[Kin expansion of macro â€˜[01m[KGTEST_PRED_FORMAT2_[m[Kâ€™
[2.295s]   164 |   [01;36m[KGTEST_PRED_FORMAT2_[m[K(pred_format, v1, v2, GTEST_NONFATAL_FAILURE_)
[2.295s]       |   [01;36m[K^~~~~~~~~~~~~~~~~~~[m[K
[2.295s] [01m[K/opt/ros/humble/src/gtest_vendor/include/gtest/gtest.h:2028:3:[m[K [01;36m[Knote: [m[Kin expansion of macro â€˜[01m[KEXPECT_PRED_FORMAT2[m[Kâ€™
[2.295s]  2028 |   [01;36m[KEXPECT_PRED_FORMAT2[m[K(::testing::internal::EqHelper::Compare, val1, val2)
[2.295s]       |   [01;36m[K^~~~~~~~~~~~~~~~~~~[m[K
[2.295s] [01m[K/home/astra/Ti5_controller/src/Ti5_arms_controller/test/test_Ti5_arms_controller.cpp:184:3:[m[K [01;36m[Knote: [m[Kin expansion of macro â€˜[01m[KEXPECT_EQ[m[Kâ€™
[2.295s]   184 |   [01;36m[KEXPECT_EQ[m[K(*(controller_->control_mode_.readFromRT()), control_mode_type::FAST);
[2.295s]       |   [01;36m[K^~~~~~~~~[m[K
[2.299s] [01m[K/home/astra/Ti5_controller/src/Ti5_arms_controller/test/test_Ti5_arms_controller.cpp:185:35:[m[K [01;31m[Kerror: [m[Kâ€˜[01m[KSTATE_MY_ITFS[m[Kâ€™ was not declared in this scope
[2.299s]   185 |   EXPECT_EQ(joint_command_values_[[01;31m[KSTATE_MY_ITFS[m[K], TEST_DISPLACEMENT);
[2.299s]       |                                   [01;31m[K^~~~~~~~~~~~~[m[K
[2.299s] [01m[K/opt/ros/humble/src/gtest_vendor/include/gtest/gtest_pred_impl.h:77:52:[m[K [01;36m[Knote: [m[Kin definition of macro â€˜[01m[KGTEST_ASSERT_[m[Kâ€™
[2.299s]    77 |   if (const ::testing::AssertionResult gtest_ar = ([01;36m[Kexpression[m[K)) \
[2.299s]       |                                                    [01;36m[K^~~~~~~~~~[m[K
[2.299s] [01m[K/opt/ros/humble/src/gtest_vendor/include/gtest/gtest_pred_impl.h:164:3:[m[K [01;36m[Knote: [m[Kin expansion of macro â€˜[01m[KGTEST_PRED_FORMAT2_[m[Kâ€™
[2.299s]   164 |   [01;36m[KGTEST_PRED_FORMAT2_[m[K(pred_format, v1, v2, GTEST_NONFATAL_FAILURE_)
[2.299s]       |   [01;36m[K^~~~~~~~~~~~~~~~~~~[m[K
[2.299s] [01m[K/opt/ros/humble/src/gtest_vendor/include/gtest/gtest.h:2028:3:[m[K [01;36m[Knote: [m[Kin expansion of macro â€˜[01m[KEXPECT_PRED_FORMAT2[m[Kâ€™
[2.299s]  2028 |   [01;36m[KEXPECT_PRED_FORMAT2[m[K(::testing::internal::EqHelper::Compare, val1, val2)
[2.299s]       |   [01;36m[K^~~~~~~~~~~~~~~~~~~[m[K
[2.299s] [01m[K/home/astra/Ti5_controller/src/Ti5_arms_controller/test/test_Ti5_arms_controller.cpp:185:3:[m[K [01;36m[Knote: [m[Kin expansion of macro â€˜[01m[KEXPECT_EQ[m[Kâ€™
[2.299s]   185 |   [01;36m[KEXPECT_EQ[m[K(joint_command_values_[STATE_MY_ITFS], TEST_DISPLACEMENT);
[2.299s]       |   [01;36m[K^~~~~~~~~[m[K
[2.299s] In file included from [01m[K/opt/ros/humble/src/gtest_vendor/include/gtest/gtest.h:62[m[K,
[2.299s]                  from [01m[K/opt/ros/humble/src/gmock_vendor/include/gmock/internal/gmock-internal-utils.h:47[m[K,
[2.299s]                  from [01m[K/opt/ros/humble/src/gmock_vendor/include/gmock/gmock-actions.h:51[m[K,
[2.299s]                  from [01m[K/opt/ros/humble/src/gmock_vendor/include/gmock/gmock.h:59[m[K,
[2.299s]                  from [01m[K/home/astra/Ti5_controller/src/Ti5_arms_controller/test/test_Ti5_arms_controller.hpp:32[m[K,
[2.299s]                  from [01m[K/home/astra/Ti5_controller/src/Ti5_arms_controller/test/test_Ti5_arms_controller.cpp:27[m[K:
[2.299s] [01m[K/home/astra/Ti5_controller/src/Ti5_arms_controller/test/test_Ti5_arms_controller.cpp:186:42:[m[K [01;31m[Kerror: [m[Kâ€˜[01m[Krealtime_tools::RealtimeBuffer<std::shared_ptr<control_msgs::msg::JointJog_<std::allocator<void> > > > Ti5_arms_controller::Ti5ArmsController::input_ref_[m[Kâ€™ is private within this context
[2.299s]   186 |   EXPECT_TRUE(std::isnan((*(controller_->[01;31m[Kinput_ref_[m[K.readFromRT()))->displacements[0]));
[2.299s]       |                                          [01;31m[K^~~~~~~~~~[m[K
[2.299s] [01m[K/opt/ros/humble/src/gtest_vendor/include/gtest/internal/gtest-internal.h:1325:34:[m[K [01;36m[Knote: [m[Kin definition of macro â€˜[01m[KGTEST_TEST_BOOLEAN_[m[Kâ€™
[2.299s]  1325 |       ::testing::AssertionResult([01;36m[Kexpression[m[K)) \
[2.299s]       |                                  [01;36m[K^~~~~~~~~~[m[K
[2.299s] [01m[K/home/astra/Ti5_controller/src/Ti5_arms_controller/test/test_Ti5_arms_controller.cpp:186:3:[m[K [01;36m[Knote: [m[Kin expansion of macro â€˜[01m[KEXPECT_TRUE[m[Kâ€™
[2.299s]   186 |   [01;36m[KEXPECT_TRUE[m[K(std::isnan((*(controller_->input_ref_.readFromRT()))->displacements[0]));
[2.299s]       |   [01;36m[K^~~~~~~~~~~[m[K
[2.299s] In file included from [01m[K/home/astra/Ti5_controller/src/Ti5_arms_controller/test/test_Ti5_arms_controller.hpp:31[m[K,
[2.299s]                  from [01m[K/home/astra/Ti5_controller/src/Ti5_arms_controller/test/test_Ti5_arms_controller.cpp:27[m[K:
[2.299s] [01m[K/home/astra/Ti5_controller/src/Ti5_arms_controller/include/Ti5_arms_controller/Ti5_arms_controller.hpp:93:77:[m[K [01;36m[Knote: [m[Kdeclared private here
[2.300s]    93 |     realtime_tools::RealtimeBuffer<std::shared_ptr<ControllerReferenceMsg>> [01;36m[Kinput_ref_[m[K;
[2.300s]       |                                                                             [01;36m[K^~~~~~~~~~[m[K
[2.300s] In file included from [01m[K/opt/ros/humble/src/gtest_vendor/include/gtest/gtest.h:375[m[K,
[2.300s]                  from [01m[K/opt/ros/humble/src/gmock_vendor/include/gmock/internal/gmock-internal-utils.h:47[m[K,
[2.300s]                  from [01m[K/opt/ros/humble/src/gmock_vendor/include/gmock/gmock-actions.h:51[m[K,
[2.300s]                  from [01m[K/opt/ros/humble/src/gmock_vendor/include/gmock/gmock.h:59[m[K,
[2.300s]                  from [01m[K/home/astra/Ti5_controller/src/Ti5_arms_controller/test/test_Ti5_arms_controller.hpp:32[m[K,
[2.300s]                  from [01m[K/home/astra/Ti5_controller/src/Ti5_arms_controller/test/test_Ti5_arms_controller.cpp:27[m[K:
[2.300s] [01m[K/home/astra/Ti5_controller/src/Ti5_arms_controller/test/test_Ti5_arms_controller.cpp:187:28:[m[K [01;31m[Kerror: [m[Kâ€˜[01m[Kclass TestableTi5ArmsController[m[Kâ€™ has no member named â€˜[01m[Kcontrol_mode_[m[Kâ€™
[2.300s]   187 |   EXPECT_EQ(*(controller_->[01;31m[Kcontrol_mode_[m[K.readFromRT()), control_mode_type::FAST);
[2.300s]       |                            [01;31m[K^~~~~~~~~~~~~[m[K
[2.300s] [01m[K/opt/ros/humble/src/gtest_vendor/include/gtest/gtest_pred_impl.h:77:52:[m[K [01;36m[Knote: [m[Kin definition of macro â€˜[01m[KGTEST_ASSERT_[m[Kâ€™
[2.300s]    77 |   if (const ::testing::AssertionResult gtest_ar = ([01;36m[Kexpression[m[K)) \
[2.300s]       |                                                    [01;36m[K^~~~~~~~~~[m[K
[2.300s] [01m[K/opt/ros/humble/src/gtest_vendor/include/gtest/gtest_pred_impl.h:164:3:[m[K [01;36m[Knote: [m[Kin expansion of macro â€˜[01m[KGTEST_PRED_FORMAT2_[m[Kâ€™
[2.300s]   164 |   [01;36m[KGTEST_PRED_FORMAT2_[m[K(pred_format, v1, v2, GTEST_NONFATAL_FAILURE_)
[2.300s]       |   [01;36m[K^~~~~~~~~~~~~~~~~~~[m[K
[2.300s] [01m[K/opt/ros/humble/src/gtest_vendor/include/gtest/gtest.h:2028:3:[m[K [01;36m[Knote: [m[Kin expansion of macro â€˜[01m[KEXPECT_PRED_FORMAT2[m[Kâ€™
[2.300s]  2028 |   [01;36m[KEXPECT_PRED_FORMAT2[m[K(::testing::internal::EqHelper::Compare, val1, val2)
[2.300s]       |   [01;36m[K^~~~~~~~~~~~~~~~~~~[m[K
[2.300s] [01m[K/home/astra/Ti5_controller/src/Ti5_arms_controller/test/test_Ti5_arms_controller.cpp:187:3:[m[K [01;36m[Knote: [m[Kin expansion of macro â€˜[01m[KEXPECT_EQ[m[Kâ€™
[2.300s]   187 |   [01;36m[KEXPECT_EQ[m[K(*(controller_->control_mode_.readFromRT()), control_mode_type::FAST);
[2.300s]       |   [01;36m[K^~~~~~~~~[m[K
[2.300s] [01m[K/home/astra/Ti5_controller/src/Ti5_arms_controller/test/test_Ti5_arms_controller.cpp:187:57:[m[K [01;31m[Kerror: [m[Kâ€˜[01m[Kcontrol_mode_type[m[Kâ€™ has not been declared
[2.300s]   187 |   EXPECT_EQ(*(controller_->control_mode_.readFromRT()), [01;31m[Kcontrol_mode_type[m[K::FAST);
[2.300s]       |                                                         [01;31m[K^~~~~~~~~~~~~~~~~[m[K
[2.300s] [01m[K/opt/ros/humble/src/gtest_vendor/include/gtest/gtest_pred_impl.h:77:52:[m[K [01;36m[Knote: [m[Kin definition of macro â€˜[01m[KGTEST_ASSERT_[m[Kâ€™
[2.300s]    77 |   if (const ::testing::AssertionResult gtest_ar = ([01;36m[Kexpression[m[K)) \
[2.300s]       |                                                    [01;36m[K^~~~~~~~~~[m[K
[2.300s] [01m[K/opt/ros/humble/src/gtest_vendor/include/gtest/gtest_pred_impl.h:164:3:[m[K [01;36m[Knote: [m[Kin expansion of macro â€˜[01m[KGTEST_PRED_FORMAT2_[m[Kâ€™
[2.300s]   164 |   [01;36m[KGTEST_PRED_FORMAT2_[m[K(pred_format, v1, v2, GTEST_NONFATAL_FAILURE_)
[2.300s]       |   [01;36m[K^~~~~~~~~~~~~~~~~~~[m[K
[2.300s] [01m[K/opt/ros/humble/src/gtest_vendor/include/gtest/gtest.h:2028:3:[m[K [01;36m[Knote: [m[Kin expansion of macro â€˜[01m[KEXPECT_PRED_FORMAT2[m[Kâ€™
[2.300s]  2028 |   [01;36m[KEXPECT_PRED_FORMAT2[m[K(::testing::internal::EqHelper::Compare, val1, val2)
[2.301s]       |   [01;36m[K^~~~~~~~~~~~~~~~~~~[m[K
[2.301s] [01m[K/home/astra/Ti5_controller/src/Ti5_arms_controller/test/test_Ti5_arms_controller.cpp:187:3:[m[K [01;36m[Knote: [m[Kin expansion of macro â€˜[01m[KEXPECT_EQ[m[Kâ€™
[2.301s]   187 |   [01;36m[KEXPECT_EQ[m[K(*(controller_->control_mode_.readFromRT()), control_mode_type::FAST);
[2.301s]       |   [01;36m[K^~~~~~~~~[m[K
[2.301s] [01m[K/home/astra/Ti5_controller/src/Ti5_arms_controller/test/test_Ti5_arms_controller.cpp:[m[K In member function â€˜[01m[Kvirtual void Ti5ArmsControllerTest_test_update_logic_slow_Test::TestBody()[m[Kâ€™:
[2.301s] [01m[K/home/astra/Ti5_controller/src/Ti5_arms_controller/test/test_Ti5_arms_controller.cpp:208:16:[m[K [01;31m[Kerror: [m[Kâ€˜[01m[Krealtime_tools::RealtimeBuffer<std::shared_ptr<control_msgs::msg::JointJog_<std::allocator<void> > > > Ti5_arms_controller::Ti5ArmsController::input_ref_[m[Kâ€™ is private within this context
[2.301s]   208 |   controller_->[01;31m[Kinput_ref_[m[K.writeFromNonRT(msg);
[2.301s]       |                [01;31m[K^~~~~~~~~~[m[K
[2.301s] In file included from [01m[K/home/astra/Ti5_controller/src/Ti5_arms_controller/test/test_Ti5_arms_controller.hpp:31[m[K,
[2.301s]                  from [01m[K/home/astra/Ti5_controller/src/Ti5_arms_controller/test/test_Ti5_arms_controller.cpp:27[m[K:
[2.301s] [01m[K/home/astra/Ti5_controller/src/Ti5_arms_controller/include/Ti5_arms_controller/Ti5_arms_controller.hpp:93:77:[m[K [01;36m[Knote: [m[Kdeclared private here
[2.301s]    93 |     realtime_tools::RealtimeBuffer<std::shared_ptr<ControllerReferenceMsg>> [01;36m[Kinput_ref_[m[K;
[2.301s]       |                                                                             [01;36m[K^~~~~~~~~~[m[K
[2.301s] [01m[K/home/astra/Ti5_controller/src/Ti5_arms_controller/test/test_Ti5_arms_controller.cpp:209:16:[m[K [01;31m[Kerror: [m[Kâ€˜[01m[Kclass TestableTi5ArmsController[m[Kâ€™ has no member named â€˜[01m[Kcontrol_mode_[m[Kâ€™
[2.301s]   209 |   controller_->[01;31m[Kcontrol_mode_[m[K.writeFromNonRT(control_mode_type::SLOW);
[2.301s]       |                [01;31m[K^~~~~~~~~~~~~[m[K
[2.301s] [01m[K/home/astra/Ti5_controller/src/Ti5_arms_controller/test/test_Ti5_arms_controller.cpp:209:45:[m[K [01;31m[Kerror: [m[Kâ€˜[01m[Kcontrol_mode_type[m[Kâ€™ has not been declared
[2.301s]   209 |   controller_->control_mode_.writeFromNonRT([01;31m[Kcontrol_mode_type[m[K::SLOW);
[2.301s]       |                                             [01;31m[K^~~~~~~~~~~~~~~~~[m[K
[2.301s] In file included from [01m[K/opt/ros/humble/src/gtest_vendor/include/gtest/gtest.h:375[m[K,
[2.301s]                  from [01m[K/opt/ros/humble/src/gmock_vendor/include/gmock/internal/gmock-internal-utils.h:47[m[K,
[2.301s]                  from [01m[K/opt/ros/humble/src/gmock_vendor/include/gmock/gmock-actions.h:51[m[K,
[2.301s]                  from [01m[K/opt/ros/humble/src/gmock_vendor/include/gmock/gmock.h:59[m[K,
[2.301s]                  from [01m[K/home/astra/Ti5_controller/src/Ti5_arms_controller/test/test_Ti5_arms_controller.hpp:32[m[K,
[2.301s]                  from [01m[K/home/astra/Ti5_controller/src/Ti5_arms_controller/test/test_Ti5_arms_controller.cpp:27[m[K:
[2.301s] [01m[K/home/astra/Ti5_controller/src/Ti5_arms_controller/test/test_Ti5_arms_controller.cpp:211:28:[m[K [01;31m[Kerror: [m[Kâ€˜[01m[Kclass TestableTi5ArmsController[m[Kâ€™ has no member named â€˜[01m[Kcontrol_mode_[m[Kâ€™
[2.301s]   211 |   EXPECT_EQ(*(controller_->[01;31m[Kcontrol_mode_[m[K.readFromRT()), control_mode_type::SLOW);
[2.301s]       |                            [01;31m[K^~~~~~~~~~~~~[m[K
[2.301s] [01m[K/opt/ros/humble/src/gtest_vendor/include/gtest/gtest_pred_impl.h:77:52:[m[K [01;36m[Knote: [m[Kin definition of macro â€˜[01m[KGTEST_ASSERT_[m[Kâ€™
[2.301s]    77 |   if (const ::testing::AssertionResult gtest_ar = ([01;36m[Kexpression[m[K)) \
[2.301s]       |                                                    [01;36m[K^~~~~~~~~~[m[K
[2.301s] [01m[K/opt/ros/humble/src/gtest_vendor/include/gtest/gtest_pred_impl.h:164:3:[m[K [01;36m[Knote: [m[Kin expansion of macro â€˜[01m[KGTEST_PRED_FORMAT2_[m[Kâ€™
[2.301s]   164 |   [01;36m[KGTEST_PRED_FORMAT2_[m[K(pred_format, v1, v2, GTEST_NONFATAL_FAILURE_)
[2.301s]       |   [01;36m[K^~~~~~~~~~~~~~~~~~~[m[K
[2.301s] [01m[K/opt/ros/humble/src/gtest_vendor/include/gtest/gtest.h:2028:3:[m[K [01;36m[Knote: [m[Kin expansion of macro â€˜[01m[KEXPECT_PRED_FORMAT2[m[Kâ€™
[2.301s]  2028 |   [01;36m[KEXPECT_PRED_FORMAT2[m[K(::testing::internal::EqHelper::Compare, val1, val2)
[2.302s]       |   [01;36m[K^~~~~~~~~~~~~~~~~~~[m[K
[2.302s] [01m[K/home/astra/Ti5_controller/src/Ti5_arms_controller/test/test_Ti5_arms_controller.cpp:211:3:[m[K [01;36m[Knote: [m[Kin expansion of macro â€˜[01m[KEXPECT_EQ[m[Kâ€™
[2.302s]   211 |   [01;36m[KEXPECT_EQ[m[K(*(controller_->control_mode_.readFromRT()), control_mode_type::SLOW);
[2.302s]       |   [01;36m[K^~~~~~~~~[m[K
[2.302s] [01m[K/home/astra/Ti5_controller/src/Ti5_arms_controller/test/test_Ti5_arms_controller.cpp:211:57:[m[K [01;31m[Kerror: [m[Kâ€˜[01m[Kcontrol_mode_type[m[Kâ€™ has not been declared
[2.302s]   211 |   EXPECT_EQ(*(controller_->control_mode_.readFromRT()), [01;31m[Kcontrol_mode_type[m[K::SLOW);
[2.302s]       |                                                         [01;31m[K^~~~~~~~~~~~~~~~~[m[K
[2.302s] [01m[K/opt/ros/humble/src/gtest_vendor/include/gtest/gtest_pred_impl.h:77:52:[m[K [01;36m[Knote: [m[Kin definition of macro â€˜[01m[KGTEST_ASSERT_[m[Kâ€™
[2.302s]    77 |   if (const ::testing::AssertionResult gtest_ar = ([01;36m[Kexpression[m[K)) \
[2.302s]       |                                                    [01;36m[K^~~~~~~~~~[m[K
[2.302s] [01m[K/opt/ros/humble/src/gtest_vendor/include/gtest/gtest_pred_impl.h:164:3:[m[K [01;36m[Knote: [m[Kin expansion of macro â€˜[01m[KGTEST_PRED_FORMAT2_[m[Kâ€™
[2.302s]   164 |   [01;36m[KGTEST_PRED_FORMAT2_[m[K(pred_format, v1, v2, GTEST_NONFATAL_FAILURE_)
[2.302s]       |   [01;36m[K^~~~~~~~~~~~~~~~~~~[m[K
[2.302s] [01m[K/opt/ros/humble/src/gtest_vendor/include/gtest/gtest.h:2028:3:[m[K [01;36m[Knote: [m[Kin expansion of macro â€˜[01m[KEXPECT_PRED_FORMAT2[m[Kâ€™
[2.302s]  2028 |   [01;36m[KEXPECT_PRED_FORMAT2[m[K(::testing::internal::EqHelper::Compare, val1, val2)
[2.302s]       |   [01;36m[K^~~~~~~~~~~~~~~~~~~[m[K
[2.302s] [01m[K/home/astra/Ti5_controller/src/Ti5_arms_controller/test/test_Ti5_arms_controller.cpp:211:3:[m[K [01;36m[Knote: [m[Kin expansion of macro â€˜[01m[KEXPECT_EQ[m[Kâ€™
[2.302s]   211 |   [01;36m[KEXPECT_EQ[m[K(*(controller_->control_mode_.readFromRT()), control_mode_type::SLOW);
[2.302s]       |   [01;36m[K^~~~~~~~~[m[K
[2.302s] [01m[K/home/astra/Ti5_controller/src/Ti5_arms_controller/test/test_Ti5_arms_controller.cpp:212:29:[m[K [01;31m[Kerror: [m[Kâ€˜[01m[Krealtime_tools::RealtimeBuffer<std::shared_ptr<control_msgs::msg::JointJog_<std::allocator<void> > > > Ti5_arms_controller::Ti5ArmsController::input_ref_[m[Kâ€™ is private within this context
[2.302s]   212 |   ASSERT_EQ((*(controller_->[01;31m[Kinput_ref_[m[K.readFromRT()))->displacements[0], TEST_DISPLACEMENT);
[2.302s]       |                             [01;31m[K^~~~~~~~~~[m[K
[2.302s] [01m[K/opt/ros/humble/src/gtest_vendor/include/gtest/gtest_pred_impl.h:77:52:[m[K [01;36m[Knote: [m[Kin definition of macro â€˜[01m[KGTEST_ASSERT_[m[Kâ€™
[2.302s]    77 |   if (const ::testing::AssertionResult gtest_ar = ([01;36m[Kexpression[m[K)) \
[2.302s]       |                                                    [01;36m[K^~~~~~~~~~[m[K
[2.302s] [01m[K/opt/ros/humble/src/gtest_vendor/include/gtest/gtest_pred_impl.h:168:3:[m[K [01;36m[Knote: [m[Kin expansion of macro â€˜[01m[KGTEST_PRED_FORMAT2_[m[Kâ€™
[2.302s]   168 |   [01;36m[KGTEST_PRED_FORMAT2_[m[K(pred_format, v1, v2, GTEST_FATAL_FAILURE_)
[2.302s]       |   [01;36m[K^~~~~~~~~~~~~~~~~~~[m[K
[2.302s] [01m[K/opt/ros/humble/src/gtest_vendor/include/gtest/gtest.h:2041:3:[m[K [01;36m[Knote: [m[Kin expansion of macro â€˜[01m[KASSERT_PRED_FORMAT2[m[Kâ€™
[2.302s]  2041 |   [01;36m[KASSERT_PRED_FORMAT2[m[K(::testing::internal::EqHelper::Compare, val1, val2)
[2.302s]       |   [01;36m[K^~~~~~~~~~~~~~~~~~~[m[K
[2.302s] [01m[K/opt/ros/humble/src/gtest_vendor/include/gtest/gtest.h:2057:32:[m[K [01;36m[Knote: [m[Kin expansion of macro â€˜[01m[KGTEST_ASSERT_EQ[m[Kâ€™
[2.302s]  2057 | # define ASSERT_EQ(val1, val2) [01;36m[KGTEST_ASSERT_EQ[m[K(val1, val2)
[2.302s]       |                                [01;36m[K^~~~~~~~~~~~~~~[m[K
[2.302s] [01m[K/home/astra/Ti5_controller/src/Ti5_arms_controller/test/test_Ti5_arms_controller.cpp:212:3:[m[K [01;36m[Knote: [m[Kin expansion of macro â€˜[01m[KASSERT_EQ[m[Kâ€™
[2.302s]   212 |   [01;36m[KASSERT_EQ[m[K((*(controller_->input_ref_.readFromRT()))->displacements[0], TEST_DISPLACEMENT);
[2.302s]       |   [01;36m[K^~~~~~~~~[m[K
[2.302s] In file included from [01m[K/home/astra/Ti5_controller/src/Ti5_arms_controller/test/test_Ti5_arms_controller.hpp:31[m[K,
[2.302s]                  from [01m[K/home/astra/Ti5_controller/src/Ti5_arms_controller/test/test_Ti5_arms_controller.cpp:27[m[K:
[2.302s] [01m[K/home/astra/Ti5_controller/src/Ti5_arms_controller/include/Ti5_arms_controller/Ti5_arms_controller.hpp:93:77:[m[K [01;36m[Knote: [m[Kdeclared private here
[2.302s]    93 |     realtime_tools::RealtimeBuffer<std::shared_ptr<ControllerReferenceMsg>> [01;36m[Kinput_ref_[m[K;
[2.303s]       |                                                                             [01;36m[K^~~~~~~~~~[m[K
[2.307s] In file included from [01m[K/opt/ros/humble/src/gtest_vendor/include/gtest/gtest.h:375[m[K,
[2.307s]                  from [01m[K/opt/ros/humble/src/gmock_vendor/include/gmock/internal/gmock-internal-utils.h:47[m[K,
[2.307s]                  from [01m[K/opt/ros/humble/src/gmock_vendor/include/gmock/gmock-actions.h:51[m[K,
[2.307s]                  from [01m[K/opt/ros/humble/src/gmock_vendor/include/gmock/gmock.h:59[m[K,
[2.307s]                  from [01m[K/home/astra/Ti5_controller/src/Ti5_arms_controller/test/test_Ti5_arms_controller.hpp:32[m[K,
[2.307s]                  from [01m[K/home/astra/Ti5_controller/src/Ti5_arms_controller/test/test_Ti5_arms_controller.cpp:27[m[K:
[2.307s] [01m[K/home/astra/Ti5_controller/src/Ti5_arms_controller/test/test_Ti5_arms_controller.cpp:217:35:[m[K [01;31m[Kerror: [m[Kâ€˜[01m[KSTATE_MY_ITFS[m[Kâ€™ was not declared in this scope
[2.307s]   217 |   EXPECT_EQ(joint_command_values_[[01;31m[KSTATE_MY_ITFS[m[K], TEST_DISPLACEMENT / 2);
[2.307s]       |                                   [01;31m[K^~~~~~~~~~~~~[m[K
[2.307s] [01m[K/opt/ros/humble/src/gtest_vendor/include/gtest/gtest_pred_impl.h:77:52:[m[K [01;36m[Knote: [m[Kin definition of macro â€˜[01m[KGTEST_ASSERT_[m[Kâ€™
[2.307s]    77 |   if (const ::testing::AssertionResult gtest_ar = ([01;36m[Kexpression[m[K)) \
[2.307s]       |                                                    [01;36m[K^~~~~~~~~~[m[K
[2.307s] [01m[K/opt/ros/humble/src/gtest_vendor/include/gtest/gtest_pred_impl.h:164:3:[m[K [01;36m[Knote: [m[Kin expansion of macro â€˜[01m[KGTEST_PRED_FORMAT2_[m[Kâ€™
[2.307s]   164 |   [01;36m[KGTEST_PRED_FORMAT2_[m[K(pred_format, v1, v2, GTEST_NONFATAL_FAILURE_)
[2.307s]       |   [01;36m[K^~~~~~~~~~~~~~~~~~~[m[K
[2.307s] [01m[K/opt/ros/humble/src/gtest_vendor/include/gtest/gtest.h:2028:3:[m[K [01;36m[Knote: [m[Kin expansion of macro â€˜[01m[KEXPECT_PRED_FORMAT2[m[Kâ€™
[2.307s]  2028 |   [01;36m[KEXPECT_PRED_FORMAT2[m[K(::testing::internal::EqHelper::Compare, val1, val2)
[2.307s]       |   [01;36m[K^~~~~~~~~~~~~~~~~~~[m[K
[2.307s] [01m[K/home/astra/Ti5_controller/src/Ti5_arms_controller/test/test_Ti5_arms_controller.cpp:217:3:[m[K [01;36m[Knote: [m[Kin expansion of macro â€˜[01m[KEXPECT_EQ[m[Kâ€™
[2.307s]   217 |   [01;36m[KEXPECT_EQ[m[K(joint_command_values_[STATE_MY_ITFS], TEST_DISPLACEMENT / 2);
[2.307s]       |   [01;36m[K^~~~~~~~~[m[K
[2.307s] In file included from [01m[K/opt/ros/humble/src/gtest_vendor/include/gtest/gtest.h:62[m[K,
[2.307s]                  from [01m[K/opt/ros/humble/src/gmock_vendor/include/gmock/internal/gmock-internal-utils.h:47[m[K,
[2.307s]                  from [01m[K/opt/ros/humble/src/gmock_vendor/include/gmock/gmock-actions.h:51[m[K,
[2.307s]                  from [01m[K/opt/ros/humble/src/gmock_vendor/include/gmock/gmock.h:59[m[K,
[2.307s]                  from [01m[K/home/astra/Ti5_controller/src/Ti5_arms_controller/test/test_Ti5_arms_controller.hpp:32[m[K,
[2.307s]                  from [01m[K/home/astra/Ti5_controller/src/Ti5_arms_controller/test/test_Ti5_arms_controller.cpp:27[m[K:
[2.307s] [01m[K/home/astra/Ti5_controller/src/Ti5_arms_controller/test/test_Ti5_arms_controller.cpp:218:42:[m[K [01;31m[Kerror: [m[Kâ€˜[01m[Krealtime_tools::RealtimeBuffer<std::shared_ptr<control_msgs::msg::JointJog_<std::allocator<void> > > > Ti5_arms_controller::Ti5ArmsController::input_ref_[m[Kâ€™ is private within this context
[2.307s]   218 |   EXPECT_TRUE(std::isnan((*(controller_->[01;31m[Kinput_ref_[m[K.readFromRT()))->displacements[0]));
[2.307s]       |                                          [01;31m[K^~~~~~~~~~[m[K
[2.307s] [01m[K/opt/ros/humble/src/gtest_vendor/include/gtest/internal/gtest-internal.h:1325:34:[m[K [01;36m[Knote: [m[Kin definition of macro â€˜[01m[KGTEST_TEST_BOOLEAN_[m[Kâ€™
[2.307s]  1325 |       ::testing::AssertionResult([01;36m[Kexpression[m[K)) \
[2.307s]       |                                  [01;36m[K^~~~~~~~~~[m[K
[2.308s] [01m[K/home/astra/Ti5_controller/src/Ti5_arms_controller/test/test_Ti5_arms_controller.cpp:218:3:[m[K [01;36m[Knote: [m[Kin expansion of macro â€˜[01m[KEXPECT_TRUE[m[Kâ€™
[2.308s]   218 |   [01;36m[KEXPECT_TRUE[m[K(std::isnan((*(controller_->input_ref_.readFromRT()))->displacements[0]));
[2.308s]       |   [01;36m[K^~~~~~~~~~~[m[K
[2.308s] In file included from [01m[K/home/astra/Ti5_controller/src/Ti5_arms_controller/test/test_Ti5_arms_controller.hpp:31[m[K,
[2.308s]                  from [01m[K/home/astra/Ti5_controller/src/Ti5_arms_controller/test/test_Ti5_arms_controller.cpp:27[m[K:
[2.308s] [01m[K/home/astra/Ti5_controller/src/Ti5_arms_controller/include/Ti5_arms_controller/Ti5_arms_controller.hpp:93:77:[m[K [01;36m[Knote: [m[Kdeclared private here
[2.308s]    93 |     realtime_tools::RealtimeBuffer<std::shared_ptr<ControllerReferenceMsg>> [01;36m[Kinput_ref_[m[K;
[2.308s]       |                                                                             [01;36m[K^~~~~~~~~~[m[K
[2.315s] In file included from [01m[K/opt/ros/humble/src/gtest_vendor/include/gtest/gtest.h:375[m[K,
[2.315s]                  from [01m[K/opt/ros/humble/src/gmock_vendor/include/gmock/internal/gmock-internal-utils.h:47[m[K,
[2.315s]                  from [01m[K/opt/ros/humble/src/gmock_vendor/include/gmock/gmock-actions.h:51[m[K,
[2.315s]                  from [01m[K/opt/ros/humble/src/gmock_vendor/include/gmock/gmock.h:59[m[K,
[2.315s]                  from [01m[K/home/astra/Ti5_controller/src/Ti5_arms_controller/test/test_Ti5_arms_controller.hpp:32[m[K,
[2.315s]                  from [01m[K/home/astra/Ti5_controller/src/Ti5_arms_controller/test/test_Ti5_arms_controller.cpp:27[m[K:
[2.315s] [01m[K/home/astra/Ti5_controller/src/Ti5_arms_controller/test/test_Ti5_arms_controller.cpp:[m[K In member function â€˜[01m[Kvirtual void Ti5ArmsControllerTest_receive_message_and_publish_updated_status_Test::TestBody()[m[Kâ€™:
[2.315s] [01m[K/home/astra/Ti5_controller/src/Ti5_arms_controller/test/test_Ti5_arms_controller.cpp:263:35:[m[K [01;31m[Kerror: [m[Kâ€˜[01m[KCMD_MY_ITFS[m[Kâ€™ was not declared in this scope
[2.315s]   263 |   EXPECT_EQ(joint_command_values_[[01;31m[KCMD_MY_ITFS[m[K], 0.45);
[2.315s]       |                                   [01;31m[K^~~~~~~~~~~[m[K
[2.315s] [01m[K/opt/ros/humble/src/gtest_vendor/include/gtest/gtest_pred_impl.h:77:52:[m[K [01;36m[Knote: [m[Kin definition of macro â€˜[01m[KGTEST_ASSERT_[m[Kâ€™
[2.315s]    77 |   if (const ::testing::AssertionResult gtest_ar = ([01;36m[Kexpression[m[K)) \
[2.315s]       |                                                    [01;36m[K^~~~~~~~~~[m[K
[2.315s] [01m[K/opt/ros/humble/src/gtest_vendor/include/gtest/gtest_pred_impl.h:164:3:[m[K [01;36m[Knote: [m[Kin expansion of macro â€˜[01m[KGTEST_PRED_FORMAT2_[m[Kâ€™
[2.315s]   164 |   [01;36m[KGTEST_PRED_FORMAT2_[m[K(pred_format, v1, v2, GTEST_NONFATAL_FAILURE_)
[2.315s]       |   [01;36m[K^~~~~~~~~~~~~~~~~~~[m[K
[2.315s] [01m[K/opt/ros/humble/src/gtest_vendor/include/gtest/gtest.h:2028:3:[m[K [01;36m[Knote: [m[Kin expansion of macro â€˜[01m[KEXPECT_PRED_FORMAT2[m[Kâ€™
[2.315s]  2028 |   [01;36m[KEXPECT_PRED_FORMAT2[m[K(::testing::internal::EqHelper::Compare, val1, val2)
[2.315s]       |   [01;36m[K^~~~~~~~~~~~~~~~~~~[m[K
[2.315s] [01m[K/home/astra/Ti5_controller/src/Ti5_arms_controller/test/test_Ti5_arms_controller.cpp:263:3:[m[K [01;36m[Knote: [m[Kin expansion of macro â€˜[01m[KEXPECT_EQ[m[Kâ€™
[2.315s]   263 |   [01;36m[KEXPECT_EQ[m[K(joint_command_values_[CMD_MY_ITFS], 0.45);
[2.315s]       |   [01;36m[K^~~~~~~~~[m[K
[2.541s] In file included from [01m[K/opt/ros/humble/src/gtest_vendor/include/gtest/gtest.h:62[m[K,
[2.541s]                  from [01m[K/opt/ros/humble/src/gmock_vendor/include/gmock/internal/gmock-internal-utils.h:47[m[K,
[2.541s]                  from [01m[K/opt/ros/humble/src/gmock_vendor/include/gmock/gmock-actions.h:51[m[K,
[2.541s]                  from [01m[K/opt/ros/humble/src/gmock_vendor/include/gmock/gmock.h:59[m[K,
[2.541s]                  from [01m[K/home/astra/Ti5_controller/src/Ti5_arms_controller/test/test_load_Ti5_arms_controller.cpp:20[m[K:
[2.541s] [01m[K/home/astra/Ti5_controller/src/Ti5_arms_controller/test/test_load_Ti5_arms_controller.cpp:[m[K In member function â€˜[01m[Kvirtual void TestLoadTi5ArmsController_load_controller_Test::TestBody()[m[Kâ€™:
[2.541s] [01m[K/home/astra/Ti5_controller/src/Ti5_arms_controller/test/test_load_Ti5_arms_controller.cpp:41:23:[m[K [01;31m[Kerror: [m[Kno matching function for call to â€˜[01m[Kcontroller_manager::ControllerManager::load_controller(const char [25], const char [5], const char [38])[m[Kâ€™
[2.541s]    41 |     [01;31m[Kcm.load_controller("test_Ti5_arms_controller", "true","Ti5_arms_controller/Ti5ArmsController")[m[K);
[2.541s]       |     [01;31m[K~~~~~~~~~~~~~~~~~~^~~~~~~~~~~~~~~~~~~~~~~~~~~~~~~~~~~~~~~~~~~~~~~~~~~~~~~~~~~~~~~~~~~~~~~~~~~~[m[K
[2.541s] In file included from [01m[K/home/astra/Ti5_controller/src/Ti5_arms_controller/test/test_load_Ti5_arms_controller.cpp:23[m[K:
[2.541s] [01m[K/opt/ros/humble/include/controller_manager/controller_manager.hpp:93:58:[m[K [01;36m[Knote: [m[Kcandidate: â€˜[01m[Kcontroller_interface::ControllerInterfaceBaseSharedPtr controller_manager::ControllerManager::load_controller(const string&, const string&)[m[Kâ€™
[2.541s]    93 |   controller_interface::ControllerInterfaceBaseSharedPtr [01;36m[Kload_controller[m[K(
[2.541s]       |                                                          [01;36m[K^~~~~~~~~~~~~~~[m[K
[2.541s] [01m[K/opt/ros/humble/include/controller_manager/controller_manager.hpp:93:58:[m[K [01;36m[Knote: [m[K  candidate expects 2 arguments, 3 provided
[2.541s] [01m[K/opt/ros/humble/include/controller_manager/controller_manager.hpp:103:58:[m[K [01;36m[Knote: [m[Kcandidate: â€˜[01m[Kcontroller_interface::ControllerInterfaceBaseSharedPtr controller_manager::ControllerManager::load_controller(const string&)[m[Kâ€™
[2.541s]   103 |   controller_interface::ControllerInterfaceBaseSharedPtr [01;36m[Kload_controller[m[K(
[2.541s]       |                                                          [01;36m[K^~~~~~~~~~~~~~~[m[K
[2.541s] [01m[K/opt/ros/humble/include/controller_manager/controller_manager.hpp:103:58:[m[K [01;36m[Knote: [m[K  candidate expects 1 argument, 3 provided
[3.064s] gmake[2]: *** [CMakeFiles/test_Ti5_arms_controller_preceeding.dir/build.make:76ï¼šCMakeFiles/test_Ti5_arms_controller_preceeding.dir/test/test_Ti5_arms_controller_preceeding.cpp.o] é”™è¯¯ 1
[3.064s] gmake[1]: *** [CMakeFiles/Makefile2:291ï¼šCMakeFiles/test_Ti5_arms_controller_preceeding.dir/all] é”™è¯¯ 2
[3.064s] gmake[1]: *** æ­£åœ¨ç­‰å¾…æœªå®Œæˆçš„ä»»åŠ¡....
[3.133s] gmake[2]: *** [CMakeFiles/test_load_Ti5_arms_controller.dir/build.make:76ï¼šCMakeFiles/test_load_Ti5_arms_controller.dir/test/test_load_Ti5_arms_controller.cpp.o] é”™è¯¯ 1
[3.133s] gmake[1]: *** [CMakeFiles/Makefile2:235ï¼šCMakeFiles/test_load_Ti5_arms_controller.dir/all] é”™è¯¯ 2
[4.324s] gmake[2]: *** [CMakeFiles/test_Ti5_arms_controller.dir/build.make:76ï¼šCMakeFiles/test_Ti5_arms_controller.dir/test/test_Ti5_arms_controller.cpp.o] é”™è¯¯ 1
[4.325s] gmake[1]: *** [CMakeFiles/Makefile2:263ï¼šCMakeFiles/test_Ti5_arms_controller.dir/all] é”™è¯¯ 2
[4.325s] gmake: *** [Makefile:146ï¼šall] é”™è¯¯ 2
[4.326s] Invoked command in '/home/astra/Ti5_controller/build/Ti5_arms_controller' returned '2': CMAKE_PREFIX_PATH=${CMAKE_PREFIX_PATH}:/opt/ros/humble /usr/bin/cmake --build /home/astra/Ti5_controller/build/Ti5_arms_controller -- -j24 -l24
