[ 13%] Built target gmock_main
[ 26%] Built target Ti5_arms_controller_parameters
[ 46%] Built target gmock
[35m[1mConsolidate compiler generated dependencies of target test_load_Ti5_arms_controller[0m
[ 60%] Built target Ti5_arms_controller
[ 66%] [32mBuilding CXX object CMakeFiles/test_load_Ti5_arms_controller.dir/test/test_load_Ti5_arms_controller.cpp.o[0m
[35m[1mConsolidate compiler generated dependencies of target test_Ti5_arms_controller_preceeding[0m
[35m[1mConsolidate compiler generated dependencies of target test_Ti5_arms_controller[0m
[01m[Kcc1plus:[m[K [01;31m[Kfatal error: [m[K/home/astra/Ti5_controller/src/Ti5_arms_controller/test/test_load_Ti5_arms_controller.cpp: 没有那个文件或目录
compilation terminated.
gmake[2]: *** [CMakeFiles/test_load_Ti5_arms_controller.dir/build.make:76：CMakeFiles/test_load_Ti5_arms_controller.dir/test/test_load_Ti5_arms_controller.cpp.o] 错误 1
gmake[1]: *** [CMakeFiles/Makefile2:235：CMakeFiles/test_load_Ti5_arms_controller.dir/all] 错误 2
gmake[1]: *** 正在等待未完成的任务....
[ 73%] [32mBuilding CXX object CMakeFiles/test_Ti5_arms_controller_preceeding.dir/test/test_Ti5_arms_controller_preceeding.cpp.o[0m
[ 80%] [32mBuilding CXX object CMakeFiles/test_Ti5_arms_controller.dir/test/test_Ti5_arms_controller.cpp.o[0m
[01m[Kcc1plus:[m[K [01;31m[Kfatal error: [m[K/home/astra/Ti5_controller/src/Ti5_arms_controller/test/test_Ti5_arms_controller_preceeding.cpp: 没有那个文件或目录
compilation terminated.
[01m[Kcc1plus:[m[K [01;31m[Kfatal error: [m[K/home/astra/Ti5_controller/src/Ti5_arms_controller/test/test_Ti5_arms_controller.cpp: 没有那个文件或目录
compilation terminated.
gmake[2]: *** [CMakeFiles/test_Ti5_arms_controller_preceeding.dir/build.make:76：CMakeFiles/test_Ti5_arms_controller_preceeding.dir/test/test_Ti5_arms_controller_preceeding.cpp.o] 错误 1
gmake[1]: *** [CMakeFiles/Makefile2:291：CMakeFiles/test_Ti5_arms_controller_preceeding.dir/all] 错误 2
gmake[2]: *** [CMakeFiles/test_Ti5_arms_controller.dir/build.make:76：CMakeFiles/test_Ti5_arms_controller.dir/test/test_Ti5_arms_controller.cpp.o] 错误 1
gmake[1]: *** [CMakeFiles/Makefile2:263：CMakeFiles/test_Ti5_arms_controller.dir/all] 错误 2
gmake: *** [Makefile:146：all] 错误 2
