[0.013s] Invoking command in '/home/astra/Ti5_controller/build/Ti5_arms_controller': CMAKE_PREFIX_PATH=${CMAKE_PREFIX_PATH}:/opt/ros/humble /usr/bin/cmake --build /home/astra/Ti5_controller/build/Ti5_arms_controller -- -j24 -l24
[0.063s] [ 13%] Built target gmock_main
[0.063s] [ 26%] Built target Ti5_arms_controller_parameters
[0.065s] [ 46%] Built target gmock
[0.075s] [35m[1mConsolidate compiler generated dependencies of target test_load_Ti5_arms_controller[0m
[0.087s] [ 60%] Built target Ti5_arms_controller
[0.090s] [ 66%] [32mBuilding CXX object CMakeFiles/test_load_Ti5_arms_controller.dir/test/test_load_Ti5_arms_controller.cpp.o[0m
[0.090s] [35m[1mConsolidate compiler generated dependencies of target test_Ti5_arms_controller_preceeding[0m
[0.091s] [35m[1mConsolidate compiler generated dependencies of target test_Ti5_arms_controller[0m
[0.091s] [01m[Kcc1plus:[m[K [01;31m[Kfatal error: [m[K/home/astra/Ti5_controller/src/Ti5_arms_controller/test/test_load_Ti5_arms_controller.cpp: 没有那个文件或目录
[0.091s] compilation terminated.
[0.091s] gmake[2]: *** [CMakeFiles/test_load_Ti5_arms_controller.dir/build.make:76：CMakeFiles/test_load_Ti5_arms_controller.dir/test/test_load_Ti5_arms_controller.cpp.o] 错误 1
[0.092s] gmake[1]: *** [CMakeFiles/Makefile2:235：CMakeFiles/test_load_Ti5_arms_controller.dir/all] 错误 2
[0.092s] gmake[1]: *** 正在等待未完成的任务....
[0.102s] [ 73%] [32mBuilding CXX object CMakeFiles/test_Ti5_arms_controller_preceeding.dir/test/test_Ti5_arms_controller_preceeding.cpp.o[0m
[0.102s] [ 80%] [32mBuilding CXX object CMakeFiles/test_Ti5_arms_controller.dir/test/test_Ti5_arms_controller.cpp.o[0m
[0.106s] [01m[Kcc1plus:[m[K [01;31m[Kfatal error: [m[K/home/astra/Ti5_controller/src/Ti5_arms_controller/test/test_Ti5_arms_controller_preceeding.cpp: 没有那个文件或目录
[0.106s] compilation terminated.
[0.106s] [01m[Kcc1plus:[m[K [01;31m[Kfatal error: [m[K/home/astra/Ti5_controller/src/Ti5_arms_controller/test/test_Ti5_arms_controller.cpp: 没有那个文件或目录
[0.106s] compilation terminated.
[0.106s] gmake[2]: *** [CMakeFiles/test_Ti5_arms_controller_preceeding.dir/build.make:76：CMakeFiles/test_Ti5_arms_controller_preceeding.dir/test/test_Ti5_arms_controller_preceeding.cpp.o] 错误 1
[0.107s] gmake[1]: *** [CMakeFiles/Makefile2:291：CMakeFiles/test_Ti5_arms_controller_preceeding.dir/all] 错误 2
[0.107s] gmake[2]: *** [CMakeFiles/test_Ti5_arms_controller.dir/build.make:76：CMakeFiles/test_Ti5_arms_controller.dir/test/test_Ti5_arms_controller.cpp.o] 错误 1
[0.107s] gmake[1]: *** [CMakeFiles/Makefile2:263：CMakeFiles/test_Ti5_arms_controller.dir/all] 错误 2
[0.107s] gmake: *** [Makefile:146：all] 错误 2
[0.112s] Invoked command in '/home/astra/Ti5_controller/build/Ti5_arms_controller' returned '2': CMAKE_PREFIX_PATH=${CMAKE_PREFIX_PATH}:/opt/ros/humble /usr/bin/cmake --build /home/astra/Ti5_controller/build/Ti5_arms_controller -- -j24 -l24
