WARNING: Package name "Ti5_hardware_interface" does not follow the naming conventions. It should start with a lower case letter and only contain lower case letters, digits, underscores, and dashes.
In file included from [01m[K/home/astra/Ti5_controller/src/Ti5_hardware_interface/src/hardware.cpp:18[m[K:
[01m[K/home/astra/Ti5_controller/src/Ti5_hardware_interface/include/Ti5_hardware_interface/hardware.hpp:82:11:[m[K [01;31m[Kerror: [m[Kâ€˜[01m[KNode[m[Kâ€™ in namespace â€˜[01m[Krclcpp[m[Kâ€™ does not name a type
   82 |   rclcpp::[01;31m[KNode[m[K::SharedPtr node_;
      |           [01;31m[K^~~~[m[K
[01m[K/home/astra/Ti5_controller/src/Ti5_hardware_interface/include/Ti5_hardware_interface/hardware.hpp:83:11:[m[K [01;31m[Kerror: [m[Kâ€˜[01m[KSubscription[m[Kâ€™ in namespace â€˜[01m[Krclcpp[m[Kâ€™ does not name a template type
   83 |   rclcpp::[01;31m[KSubscription[m[K<std_msgs::msg::Float64MultiArray>::SharedPtr motor_pos_sub_;
      |           [01;31m[K^~~~~~~~~~~~[m[K
[01m[K/home/astra/Ti5_controller/src/Ti5_hardware_interface/include/Ti5_hardware_interface/hardware.hpp:84:11:[m[K [01;31m[Kerror: [m[Kâ€˜[01m[KSubscription[m[Kâ€™ in namespace â€˜[01m[Krclcpp[m[Kâ€™ does not name a template type
   84 |   rclcpp::[01;31m[KSubscription[m[K<std_msgs::msg::Float64MultiArray>::SharedPtr motor_vel_sub_;
      |           [01;31m[K^~~~~~~~~~~~[m[K
[01m[K/home/astra/Ti5_controller/src/Ti5_hardware_interface/include/Ti5_hardware_interface/hardware.hpp:85:11:[m[K [01;31m[Kerror: [m[Kâ€˜[01m[KSubscription[m[Kâ€™ in namespace â€˜[01m[Krclcpp[m[Kâ€™ does not name a template type
   85 |   rclcpp::[01;31m[KSubscription[m[K<std_msgs::msg::Float64MultiArray>::SharedPtr motor_torque_sub_;
      |           [01;31m[K^~~~~~~~~~~~[m[K
[01m[K/home/astra/Ti5_controller/src/Ti5_hardware_interface/include/Ti5_hardware_interface/hardware.hpp:87:11:[m[K [01;31m[Kerror: [m[Kâ€˜[01m[KPublisher[m[Kâ€™ in namespace â€˜[01m[Krclcpp[m[Kâ€™ does not name a template type
   87 |   rclcpp::[01;31m[KPublisher[m[K<std_msgs::msg::Float64MultiArray>::SharedPtr motor_pos_pub_;
      |           [01;31m[K^~~~~~~~~[m[K
[01m[K/home/astra/Ti5_controller/src/Ti5_hardware_interface/include/Ti5_hardware_interface/hardware.hpp:88:11:[m[K [01;31m[Kerror: [m[Kâ€˜[01m[KPublisher[m[Kâ€™ in namespace â€˜[01m[Krclcpp[m[Kâ€™ does not name a template type
   88 |   rclcpp::[01;31m[KPublisher[m[K<std_msgs::msg::Float64MultiArray>::SharedPtr motor_vel_pub_;
      |           [01;31m[K^~~~~~~~~[m[K
[01m[K/home/astra/Ti5_controller/src/Ti5_hardware_interface/include/Ti5_hardware_interface/hardware.hpp:89:11:[m[K [01;31m[Kerror: [m[Kâ€˜[01m[KPublisher[m[Kâ€™ in namespace â€˜[01m[Krclcpp[m[Kâ€™ does not name a template type
   89 |   rclcpp::[01;31m[KPublisher[m[K<std_msgs::msg::Float64MultiArray>::SharedPtr motor_torque_pub_;
      |           [01;31m[K^~~~~~~~~[m[K
[01m[K/home/astra/Ti5_controller/src/Ti5_hardware_interface/src/hardware.cpp:[m[K In member function â€˜[01m[Kvirtual hardware_interface::CallbackReturn Ti5_hardware_interface::hardware::on_init(const hardware_interface::HardwareInfo&)[m[Kâ€™:
[01m[K/home/astra/Ti5_controller/src/Ti5_hardware_interface/src/hardware.cpp:38:3:[m[K [01;31m[Kerror: [m[Kâ€˜[01m[Knode_[m[Kâ€™ was not declared in this scope; did you mean â€˜[01m[Kmode_t[m[Kâ€™?
   38 |   [01;31m[Knode_[m[K = rclcpp::Node::make_shared("ti5_hardware_interface");
      |   [01;31m[K^~~~~[m[K
      |   [32m[Kmode_t[m[K
[01m[K/home/astra/Ti5_controller/src/Ti5_hardware_interface/src/hardware.cpp:39:3:[m[K [01;31m[Kerror: [m[Kâ€˜[01m[Kmotor_pos_sub_[m[Kâ€™ was not declared in this scope; did you mean â€˜[01m[Kmotor_pos_feedback_[m[Kâ€™?
   39 |   [01;31m[Kmotor_pos_sub_[m[K = node_->create_subscription<std_msgs::msg::Float64MultiArray>("data_analysis/motor_pos",1);
      |   [01;31m[K^~~~~~~~~~~~~~[m[K
      |   [32m[Kmotor_pos_feedback_[m[K
[01m[K/home/astra/Ti5_controller/src/Ti5_hardware_interface/src/hardware.cpp:39:79:[m[K [01;31m[Kerror: [m[Kexpected primary-expression before â€˜[01m[K>[m[Kâ€™ token
   39 |   motor_pos_sub_ = node_->create_subscription<std_msgs::msg::Float64MultiArray[01;31m[K>[m[K("data_analysis/motor_pos",1);
      |                                                                               [01;31m[K^[m[K
[01m[K/home/astra/Ti5_controller/src/Ti5_hardware_interface/src/hardware.cpp:39:81:[m[K [01;35m[Kwarning: [m[Kleft operand of comma operator has no effect [[01;35m[K]8;;https://gcc.gnu.org/onlinedocs/gcc/Warning-Options.html#index-Wunused-value-Wunused-value]8;;[m[K]
   39 |   motor_pos_sub_ = node_->create_subscription<std_msgs::msg::Float64MultiArray>([01;35m[K"data_analysis/motor_pos"[m[K,1);
      |                                                                                 [01;35m[K^~~~~~~~~~~~~~~~~~~~~~~~~[m[K
[01m[K/home/astra/Ti5_controller/src/Ti5_hardware_interface/src/hardware.cpp:40:3:[m[K [01;31m[Kerror: [m[Kâ€˜[01m[Kmotor_vel_sub_[m[Kâ€™ was not declared in this scope; did you mean â€˜[01m[Kmotor_vel_feedback_[m[Kâ€™?
   40 |   [01;31m[Kmotor_vel_sub_[m[K = node_->create_subscription<std_msgs::msg::Float64MultiArray>("data_analysis/motor_vel",1);
      |   [01;31m[K^~~~~~~~~~~~~~[m[K
      |   [32m[Kmotor_vel_feedback_[m[K
[01m[K/home/astra/Ti5_controller/src/Ti5_hardware_interface/src/hardware.cpp:40:79:[m[K [01;31m[Kerror: [m[Kexpected primary-expression before â€˜[01m[K>[m[Kâ€™ token
   40 |   motor_vel_sub_ = node_->create_subscription<std_msgs::msg::Float64MultiArray[01;31m[K>[m[K("data_analysis/motor_vel",1);
      |                                                                               [01;31m[K^[m[K
[01m[K/home/astra/Ti5_controller/src/Ti5_hardware_interface/src/hardware.cpp:40:81:[m[K [01;35m[Kwarning: [m[Kleft operand of comma operator has no effect [[01;35m[K]8;;https://gcc.gnu.org/onlinedocs/gcc/Warning-Options.html#index-Wunused-value-Wunused-value]8;;[m[K]
   40 |   motor_vel_sub_ = node_->create_subscription<std_msgs::msg::Float64MultiArray>([01;35m[K"data_analysis/motor_vel"[m[K,1);
      |                                                                                 [01;35m[K^~~~~~~~~~~~~~~~~~~~~~~~~[m[K
[01m[K/home/astra/Ti5_controller/src/Ti5_hardware_interface/src/hardware.cpp:41:3:[m[K [01;31m[Kerror: [m[Kâ€˜[01m[Kmotor_torque_sub_[m[Kâ€™ was not declared in this scope
   41 |   [01;31m[Kmotor_torque_sub_[m[K = node_->create_subscription<std_msgs::msg::Float64MultiArray>("data_analysis/motor_torque",1);
      |   [01;31m[K^~~~~~~~~~~~~~~~~[m[K
[01m[K/home/astra/Ti5_controller/src/Ti5_hardware_interface/src/hardware.cpp:41:82:[m[K [01;31m[Kerror: [m[Kexpected primary-expression before â€˜[01m[K>[m[Kâ€™ token
   41 |   motor_torque_sub_ = node_->create_subscription<std_msgs::msg::Float64MultiArray[01;31m[K>[m[K("data_analysis/motor_torque",1);
      |                                                                                  [01;31m[K^[m[K
[01m[K/home/astra/Ti5_controller/src/Ti5_hardware_interface/src/hardware.cpp:41:84:[m[K [01;35m[Kwarning: [m[Kleft operand of comma operator has no effect [[01;35m[K]8;;https://gcc.gnu.org/onlinedocs/gcc/Warning-Options.html#index-Wunused-value-Wunused-value]8;;[m[K]
   41 |   motor_torque_sub_ = node_->create_subscription<std_msgs::msg::Float64MultiArray>([01;35m[K"data_analysis/motor_torque"[m[K,1);
      |                                                                                    [01;35m[K^~~~~~~~~~~~~~~~~~~~~~~~~~~~[m[K
In file included from [01m[K/opt/ros/humble/include/rclcpp/rclcpp/client.hpp:40[m[K,
                 from [01m[K/opt/ros/humble/include/rclcpp/rclcpp/callback_group.hpp:24[m[K,
                 from [01m[K/opt/ros/humble/include/rclcpp/rclcpp/any_executable.hpp:20[m[K,
                 from [01m[K/opt/ros/humble/include/rclcpp/rclcpp/memory_strategy.hpp:25[m[K,
                 from [01m[K/opt/ros/humble/include/rclcpp/rclcpp/memory_strategies.hpp:18[m[K,
                 from [01m[K/opt/ros/humble/include/rclcpp/rclcpp/executor_options.hpp:20[m[K,
                 from [01m[K/opt/ros/humble/include/rclcpp/rclcpp/executor.hpp:37[m[K,
                 from [01m[K/opt/ros/humble/include/rclcpp/rclcpp/executors/multi_threaded_executor.hpp:25[m[K,
                 from [01m[K/opt/ros/humble/include/rclcpp/rclcpp/executors.hpp:21[m[K,
                 from [01m[K/opt/ros/humble/include/rclcpp/rclcpp/rclcpp.hpp:155[m[K,
                 from [01m[K/home/astra/Ti5_controller/src/Ti5_hardware_interface/src/hardware.cpp:20[m[K:
[01m[K/home/astra/Ti5_controller/src/Ti5_hardware_interface/src/hardware.cpp:42:3:[m[K [01;31m[Kerror: [m[Ktemplate argument 1 is invalid
   42 |   [01;31m[KRCLCPP_INFO[m[K(node_->get_logger(), "Ti5 hardware interface initialized");
      |   [01;31m[K^~~~~~~~~~~[m[K
[01m[K/home/astra/Ti5_controller/src/Ti5_hardware_interface/src/hardware.cpp:42:3:[m[K [01;31m[Kerror: [m[Ktemplate argument 1 is invalid
   42 |   [01;31m[KRCLCPP_INFO[m[K(node_->get_logger(), "Ti5 hardware interface initialized");
      |   [01;31m[K^~~~~~~~~~~[m[K
[01m[K/home/astra/Ti5_controller/src/Ti5_hardware_interface/src/hardware.cpp:42:3:[m[K [01;31m[Kerror: [m[Ktemplate argument 1 is invalid
   42 |   [01;31m[KRCLCPP_INFO[m[K(node_->get_logger(), "Ti5 hardware interface initialized");
      |   [01;31m[K^~~~~~~~~~~[m[K
[01m[K/home/astra/Ti5_controller/src/Ti5_hardware_interface/src/hardware.cpp:[m[K In member function â€˜[01m[Kvirtual hardware_interface::CallbackReturn Ti5_hardware_interface::hardware::on_configure(const rclcpp_lifecycle::State&)[m[Kâ€™:
[01m[K/home/astra/Ti5_controller/src/Ti5_hardware_interface/src/hardware.cpp:55:8:[m[K [01;31m[Kerror: [m[Kâ€˜[01m[Kinit_can[m[Kâ€™ was not declared in this scope
   55 |     if([01;31m[Kinit_can[m[K())
      |        [01;31m[K^~~~~~~~[m[K
In file included from [01m[K/opt/ros/humble/include/rclcpp/rclcpp/client.hpp:40[m[K,
                 from [01m[K/opt/ros/humble/include/rclcpp/rclcpp/callback_group.hpp:24[m[K,
                 from [01m[K/opt/ros/humble/include/rclcpp/rclcpp/any_executable.hpp:20[m[K,
                 from [01m[K/opt/ros/humble/include/rclcpp/rclcpp/memory_strategy.hpp:25[m[K,
                 from [01m[K/opt/ros/humble/include/rclcpp/rclcpp/memory_strategies.hpp:18[m[K,
                 from [01m[K/opt/ros/humble/include/rclcpp/rclcpp/executor_options.hpp:20[m[K,
                 from [01m[K/opt/ros/humble/include/rclcpp/rclcpp/executor.hpp:37[m[K,
                 from [01m[K/opt/ros/humble/include/rclcpp/rclcpp/executors/multi_threaded_executor.hpp:25[m[K,
                 from [01m[K/opt/ros/humble/include/rclcpp/rclcpp/executors.hpp:21[m[K,
                 from [01m[K/opt/ros/humble/include/rclcpp/rclcpp/rclcpp.hpp:155[m[K,
                 from [01m[K/home/astra/Ti5_controller/src/Ti5_hardware_interface/src/hardware.cpp:20[m[K:
[01m[K/home/astra/Ti5_controller/src/Ti5_hardware_interface/src/hardware.cpp:57:19:[m[K [01;31m[Kerror: [m[Kâ€˜[01m[Knode_[m[Kâ€™ was not declared in this scope; did you mean â€˜[01m[Kmode_t[m[Kâ€™?
   57 |       RCLCPP_INFO([01;31m[Knode_[m[K->get_logger(), "CAN initialized successfully");
      |                   [01;31m[K^~~~~[m[K
[01m[K/home/astra/Ti5_controller/src/Ti5_hardware_interface/src/hardware.cpp:57:7:[m[K [01;31m[Kerror: [m[Ktemplate argument 1 is invalid
   57 |       [01;31m[KRCLCPP_INFO[m[K(node_->get_logger(), "CAN initialized successfully");
      |       [01;31m[K^~~~~~~~~~~[m[K
[01m[K/home/astra/Ti5_controller/src/Ti5_hardware_interface/src/hardware.cpp:57:7:[m[K [01;31m[Kerror: [m[Ktemplate argument 1 is invalid
   57 |       [01;31m[KRCLCPP_INFO[m[K(node_->get_logger(), "CAN initialized successfully");
      |       [01;31m[K^~~~~~~~~~~[m[K
[01m[K/home/astra/Ti5_controller/src/Ti5_hardware_interface/src/hardware.cpp:57:7:[m[K [01;31m[Kerror: [m[Ktemplate argument 1 is invalid
   57 |       [01;31m[KRCLCPP_INFO[m[K(node_->get_logger(), "CAN initialized successfully");
      |       [01;31m[K^~~~~~~~~~~[m[K
[01m[K/home/astra/Ti5_controller/src/Ti5_hardware_interface/src/hardware.cpp:63:18:[m[K [01;31m[Kerror: [m[Kâ€˜[01m[Knode_[m[Kâ€™ was not declared in this scope; did you mean â€˜[01m[Kmode_t[m[Kâ€™?
   63 |     RCLCPP_ERROR([01;31m[Knode_[m[K->get_logger(), "CAN initialization failed");
      |                  [01;31m[K^~~~~[m[K
[01m[K/home/astra/Ti5_controller/src/Ti5_hardware_interface/src/hardware.cpp:63:5:[m[K [01;31m[Kerror: [m[Ktemplate argument 1 is invalid
   63 |     [01;31m[KRCLCPP_ERROR[m[K(node_->get_logger(), "CAN initialization failed");
      |     [01;31m[K^~~~~~~~~~~~[m[K
[01m[K/home/astra/Ti5_controller/src/Ti5_hardware_interface/src/hardware.cpp:63:5:[m[K [01;31m[Kerror: [m[Ktemplate argument 1 is invalid
   63 |     [01;31m[KRCLCPP_ERROR[m[K(node_->get_logger(), "CAN initialization failed");
      |     [01;31m[K^~~~~~~~~~~~[m[K
[01m[K/home/astra/Ti5_controller/src/Ti5_hardware_interface/src/hardware.cpp:63:5:[m[K [01;31m[Kerror: [m[Ktemplate argument 1 is invalid
   63 |     [01;31m[KRCLCPP_ERROR[m[K(node_->get_logger(), "CAN initialization failed");
      |     [01;31m[K^~~~~~~~~~~~[m[K
[01m[K/home/astra/Ti5_controller/src/Ti5_hardware_interface/src/hardware.cpp:[m[K In member function â€˜[01m[Kvirtual std::vector<hardware_interface::StateInterface> Ti5_hardware_interface::hardware::export_state_interfaces()[m[Kâ€™:
[01m[K/home/astra/Ti5_controller/src/Ti5_hardware_interface/src/hardware.cpp:76:17:[m[K [01;31m[Kerror: [m[Kâ€˜[01m[Knode_[m[Kâ€™ was not declared in this scope; did you mean â€˜[01m[Kmode_t[m[Kâ€™?
   76 |     RCLCPP_INFO([01;31m[Knode_[m[K->get_logger(), "Exporting state interface for joint %s", info_.joints[i].name.c_str())
      |                 [01;31m[K^~~~~[m[K
[01m[K/home/astra/Ti5_controller/src/Ti5_hardware_interface/src/hardware.cpp:76:5:[m[K [01;31m[Kerror: [m[Ktemplate argument 1 is invalid
   76 |     [01;31m[KRCLCPP_INFO[m[K(node_->get_logger(), "Exporting state interface for joint %s", info_.joints[i].name.c_str())
      |     [01;31m[K^~~~~~~~~~~[m[K
[01m[K/home/astra/Ti5_controller/src/Ti5_hardware_interface/src/hardware.cpp:76:5:[m[K [01;31m[Kerror: [m[Ktemplate argument 1 is invalid
   76 |     [01;31m[KRCLCPP_INFO[m[K(node_->get_logger(), "Exporting state interface for joint %s", info_.joints[i].name.c_str())
      |     [01;31m[K^~~~~~~~~~~[m[K
[01m[K/home/astra/Ti5_controller/src/Ti5_hardware_interface/src/hardware.cpp:76:5:[m[K [01;31m[Kerror: [m[Ktemplate argument 1 is invalid
   76 |     [01;31m[KRCLCPP_INFO[m[K(node_->get_logger(), "Exporting state interface for joint %s", info_.joints[i].name.c_str())
      |     [01;31m[K^~~~~~~~~~~[m[K
[01m[K/home/astra/Ti5_controller/src/Ti5_hardware_interface/src/hardware.cpp:77:5:[m[K [01;31m[Kerror: [m[Kexpected â€˜[01m[K;[m[Kâ€™ before â€˜[01m[Kstate_interfaces[m[Kâ€™
   77 |     [01;31m[Kstate_interfaces[m[K.emplace_back(info_.joints[i].name, "position", &joint_data_[i].pos_);
      |     [01;31m[K^~~~~~~~~~~~~~~~[m[K
[01m[K/home/astra/Ti5_controller/src/Ti5_hardware_interface/src/hardware.cpp:[m[K In member function â€˜[01m[Kvirtual hardware_interface::return_type Ti5_hardware_interface::hardware::read(const rclcpp::Time&, const rclcpp::Duration&)[m[Kâ€™:
[01m[K/home/astra/Ti5_controller/src/Ti5_hardware_interface/src/hardware.cpp:118:27:[m[K [01;31m[Kerror: [m[Kâ€˜[01m[Krv_motor_msg[m[Kâ€™ was not declared in this scope
  118 |     joint_data_[i].pos_ = [01;31m[Krv_motor_msg[m[K[i].position;
      |                           [01;31m[K^~~~~~~~~~~~[m[K
[01m[K/home/astra/Ti5_controller/src/Ti5_hardware_interface/src/hardware.cpp:122:39:[m[K [01;31m[Kerror: [m[Kâ€˜[01m[Ki[m[Kâ€™ was not declared in this scope
  122 |     motor_pos_feedback_ = joint_data_[[01;31m[Ki[m[K].pos_;
      |                                       [01;31m[K^[m[K
[01m[K/home/astra/Ti5_controller/src/Ti5_hardware_interface/src/hardware.cpp:125:3:[m[K [01;35m[Kwarning: [m[Kno return statement in function returning non-void [[01;35m[K]8;;https://gcc.gnu.org/onlinedocs/gcc/Warning-Options.html#index-Wreturn-type-Wreturn-type]8;;[m[K]
  125 |   [01;35m[K}[m[K
      |   [01;35m[K^[m[K
[01m[K/home/astra/Ti5_controller/src/Ti5_hardware_interface/src/hardware.cpp:[m[K At global scope:
[01m[K/home/astra/Ti5_controller/src/Ti5_hardware_interface/src/hardware.cpp:126:3:[m[K [01;31m[Kerror: [m[Kâ€˜[01m[Kmotor_pos_pub_[m[Kâ€™ does not name a type
  126 |   [01;31m[Kmotor_pos_pub_[m[K->publish(createFloa64MultiArrayMsg(motor_pos_feedback_));
      |   [01;31m[K^~~~~~~~~~~~~~[m[K
[01m[K/home/astra/Ti5_controller/src/Ti5_hardware_interface/src/hardware.cpp:127:3:[m[K [01;31m[Kerror: [m[Kâ€˜[01m[Kmotor_vel_pub_[m[Kâ€™ does not name a type
  127 |   [01;31m[Kmotor_vel_pub_[m[K->publish(createFloa64MultiArrayMsg(motor_vel_feedback_));
      |   [01;31m[K^~~~~~~~~~~~~~[m[K
[01m[K/home/astra/Ti5_controller/src/Ti5_hardware_interface/src/hardware.cpp:128:3:[m[K [01;31m[Kerror: [m[Kâ€˜[01m[Kmotor_torque_pub_[m[Kâ€™ does not name a type
  128 |   [01;31m[Kmotor_torque_pub_[m[K->publish(createFloa64MultiArrayMsg(motor_eff_feedback_));
      |   [01;31m[K^~~~~~~~~~~~~~~~~[m[K
[01m[K/home/astra/Ti5_controller/src/Ti5_hardware_interface/src/hardware.cpp:130:3:[m[K [01;31m[Kerror: [m[Kexpected unqualified-id before â€˜[01m[Kreturn[m[Kâ€™
  130 |   [01;31m[Kreturn[m[K hardware_interface::return_type::OK;
      |   [01;31m[K^~~~~~[m[K
[01m[K/home/astra/Ti5_controller/src/Ti5_hardware_interface/src/hardware.cpp:133:33:[m[K [01;31m[Kerror: [m[Kâ€˜[01m[Khardware[m[Kâ€™ has not been declared
  133 | hardware_interface::return_type [01;31m[Khardware[m[K::write(const rclcpp::Time & , const rclcpp::Duration & )
      |                                 [01;31m[K^~~~~~~~[m[K
[01m[K/home/astra/Ti5_controller/src/Ti5_hardware_interface/src/hardware.cpp:[m[K In function â€˜[01m[Khardware_interface::return_type write(const rclcpp::Time&, const rclcpp::Duration&)[m[Kâ€™:
[01m[K/home/astra/Ti5_controller/src/Ti5_hardware_interface/src/hardware.cpp:135:3:[m[K [01;31m[Kerror: [m[Kâ€˜[01m[KsendCanCommand[m[Kâ€™ was not declared in this scope
  135 |   [01;31m[KsendCanCommand[m[K();
      |   [01;31m[K^~~~~~~~~~~~~~[m[K
[01m[K/home/astra/Ti5_controller/src/Ti5_hardware_interface/src/hardware.cpp:[m[K At global scope:
[01m[K/home/astra/Ti5_controller/src/Ti5_hardware_interface/src/hardware.cpp:140:1:[m[K [01;31m[Kerror: [m[Kexpected declaration before â€˜[01m[K}[m[Kâ€™ token
  140 | [01;31m[K}[m[K  // namespace Ti5_hardware_interface
      | [01;31m[K^[m[K
gmake[2]: *** [CMakeFiles/Ti5_hardware_interface.dir/build.make:76ï¼šCMakeFiles/Ti5_hardware_interface.dir/src/hardware.cpp.o] é”™è¯¯ 1
gmake[1]: *** [CMakeFiles/Makefile2:176ï¼šCMakeFiles/Ti5_hardware_interface.dir/all] é”™è¯¯ 2
gmake[1]: *** æ­£åœ¨ç­‰å¾…æœªå®Œæˆçš„ä»»åŠ¡....
gmake: *** [Makefile:146ï¼šall] é”™è¯¯ 2
