[0.010s] Invoking command in '/home/astra/Ti5_controller/build/Ti5_hardware_interface': CMAKE_PREFIX_PATH=${CMAKE_PREFIX_PATH}:/opt/ros/humble /usr/bin/cmake /home/astra/Ti5_controller/src/Ti5_hardware_interface -DCMAKE_INSTALL_PREFIX=/home/astra/Ti5_controller/install/Ti5_hardware_interface
[0.050s] -- The C compiler identification is GNU 11.4.0
[0.092s] -- The CXX compiler identification is GNU 11.4.0
[0.096s] -- Detecting C compiler ABI info
[0.142s] -- Detecting C compiler ABI info - done
[0.147s] -- Check for working C compiler: /usr/bin/cc - skipped
[0.147s] -- Detecting C compile features
[0.148s] -- Detecting C compile features - done
[0.150s] -- Detecting CXX compiler ABI info
[0.202s] -- Detecting CXX compiler ABI info - done
[0.207s] -- Check for working CXX compiler: /usr/bin/c++ - skipped
[0.207s] -- Detecting CXX compile features
[0.207s] -- Detecting CXX compile features - done
[0.209s] -- Found ament_cmake: 1.3.10 (/opt/ros/humble/share/ament_cmake/cmake)
[0.308s] -- Found Python3: /usr/bin/python3 (found version "3.10.12") found components: Interpreter 
[0.363s] -- Found hardware_interface: 2.43.1 (/opt/ros/humble/share/hardware_interface/cmake)
[0.389s] -- Found rosidl_generator_c: 3.1.5 (/opt/ros/humble/share/rosidl_generator_c/cmake)
[0.392s] -- Found rosidl_adapter: 3.1.5 (/opt/ros/humble/share/rosidl_adapter/cmake)
[0.397s] -- Found rosidl_generator_cpp: 3.1.5 (/opt/ros/humble/share/rosidl_generator_cpp/cmake)
[0.404s] -- Using all available rosidl_typesupport_c: rosidl_typesupport_fastrtps_c;rosidl_typesupport_introspection_c
[0.415s] -- Using all available rosidl_typesupport_cpp: rosidl_typesupport_fastrtps_cpp;rosidl_typesupport_introspection_cpp
[0.537s] -- Found rmw_implementation_cmake: 6.1.2 (/opt/ros/humble/share/rmw_implementation_cmake/cmake)
[0.539s] -- Found rmw_cyclonedds_cpp: 1.3.4 (/opt/ros/humble/share/rmw_cyclonedds_cpp/cmake)
[0.552s] -- Using RMW implementation 'rmw_cyclonedds_cpp' as default
[0.556s] -- Looking for pthread.h
[0.622s] -- Looking for pthread.h - found
[0.623s] -- Performing Test CMAKE_HAVE_LIBC_PTHREAD
[0.717s] -- Performing Test CMAKE_HAVE_LIBC_PTHREAD - Success
[0.718s] -- Found Threads: TRUE  
[0.756s] -- Found ament_lint_auto: 0.12.11 (/opt/ros/humble/share/ament_lint_auto/cmake)
[0.787s] WARNING: Package name "Ti5_hardware_interface" does not follow the naming conventions. It should start with a lower case letter and only contain lower case letters, digits, underscores, and dashes.
[0.807s] -- Found gmock sources under '/opt/ros/humble/src/gmock_vendor': C++ tests using 'Google Mock' will be built
[0.810s] -- Found ament_cmake_gtest: 1.3.10 (/opt/ros/humble/share/ament_cmake_gtest/cmake)
[0.811s] -- Found gtest sources under '/opt/ros/humble/src/gtest_vendor': C++ tests using 'Google Test' will be built
[0.818s] -- Added test 'cppcheck' to perform static code analysis on C / C++ code
[0.818s] -- Configured cppcheck include dirs: /home/astra/Ti5_controller/src/Ti5_hardware_interface/include
[0.818s] -- Configured cppcheck exclude dirs and/or files: 
[0.818s] -- Added test 'lint_cmake' to check CMake code style
[0.819s] -- Added test 'uncrustify' to check C / C++ code style
[0.819s] -- Configured uncrustify additional arguments: 
[0.819s] -- Added test 'xmllint' to check XML markup files
[0.821s] -- Configuring done
[0.843s] -- Generating done
[0.844s] -- Build files have been written to: /home/astra/Ti5_controller/build/Ti5_hardware_interface
[0.850s] Invoked command in '/home/astra/Ti5_controller/build/Ti5_hardware_interface' returned '0': CMAKE_PREFIX_PATH=${CMAKE_PREFIX_PATH}:/opt/ros/humble /usr/bin/cmake /home/astra/Ti5_controller/src/Ti5_hardware_interface -DCMAKE_INSTALL_PREFIX=/home/astra/Ti5_controller/install/Ti5_hardware_interface
[0.852s] Invoking command in '/home/astra/Ti5_controller/build/Ti5_hardware_interface': CMAKE_PREFIX_PATH=${CMAKE_PREFIX_PATH}:/opt/ros/humble /usr/bin/cmake --build /home/astra/Ti5_controller/build/Ti5_hardware_interface -- -j24 -l24
[0.889s] [ 11%] [32mBuilding CXX object gmock/CMakeFiles/gmock.dir/src/gmock-all.cc.o[0m
[0.890s] [ 22%] [32mBuilding CXX object gmock/CMakeFiles/gmock.dir/opt/ros/humble/src/gtest_vendor/src/gtest-all.cc.o[0m
[0.890s] [ 33%] [32mBuilding CXX object gmock/CMakeFiles/gmock_main.dir/src/gmock_main.cc.o[0m
[0.892s] [ 44%] [32mBuilding CXX object CMakeFiles/Ti5_hardware_interface.dir/src/hardware.cpp.o[0m
[1.543s] [ 55%] [32m[1mLinking CXX static library libgmock_main.a[0m
[1.565s] [ 55%] Built target gmock_main
[1.603s] In file included from [01m[K/home/astra/Ti5_controller/src/Ti5_hardware_interface/src/hardware.cpp:18[m[K:
[1.603s] [01m[K/home/astra/Ti5_controller/src/Ti5_hardware_interface/include/Ti5_hardware_interface/hardware.hpp:82:11:[m[K [01;31m[Kerror: [m[K‚Äò[01m[KNode[m[K‚Äô in namespace ‚Äò[01m[Krclcpp[m[K‚Äô does not name a type
[1.603s]    82 |   rclcpp::[01;31m[KNode[m[K::SharedPtr node_;
[1.603s]       |           [01;31m[K^~~~[m[K
[1.603s] [01m[K/home/astra/Ti5_controller/src/Ti5_hardware_interface/include/Ti5_hardware_interface/hardware.hpp:83:11:[m[K [01;31m[Kerror: [m[K‚Äò[01m[KSubscription[m[K‚Äô in namespace ‚Äò[01m[Krclcpp[m[K‚Äô does not name a template type
[1.603s]    83 |   rclcpp::[01;31m[KSubscription[m[K<std_msgs::msg::Float64MultiArray>::SharedPtr motor_pos_sub_;
[1.604s]       |           [01;31m[K^~~~~~~~~~~~[m[K
[1.604s] [01m[K/home/astra/Ti5_controller/src/Ti5_hardware_interface/include/Ti5_hardware_interface/hardware.hpp:84:11:[m[K [01;31m[Kerror: [m[K‚Äò[01m[KSubscription[m[K‚Äô in namespace ‚Äò[01m[Krclcpp[m[K‚Äô does not name a template type
[1.604s]    84 |   rclcpp::[01;31m[KSubscription[m[K<std_msgs::msg::Float64MultiArray>::SharedPtr motor_vel_sub_;
[1.604s]       |           [01;31m[K^~~~~~~~~~~~[m[K
[1.604s] [01m[K/home/astra/Ti5_controller/src/Ti5_hardware_interface/include/Ti5_hardware_interface/hardware.hpp:85:11:[m[K [01;31m[Kerror: [m[K‚Äò[01m[KSubscription[m[K‚Äô in namespace ‚Äò[01m[Krclcpp[m[K‚Äô does not name a template type
[1.604s]    85 |   rclcpp::[01;31m[KSubscription[m[K<std_msgs::msg::Float64MultiArray>::SharedPtr motor_torque_sub_;
[1.604s]       |           [01;31m[K^~~~~~~~~~~~[m[K
[1.604s] [01m[K/home/astra/Ti5_controller/src/Ti5_hardware_interface/include/Ti5_hardware_interface/hardware.hpp:87:11:[m[K [01;31m[Kerror: [m[K‚Äò[01m[KPublisher[m[K‚Äô in namespace ‚Äò[01m[Krclcpp[m[K‚Äô does not name a template type
[1.604s]    87 |   rclcpp::[01;31m[KPublisher[m[K<std_msgs::msg::Float64MultiArray>::SharedPtr motor_pos_pub_;
[1.604s]       |           [01;31m[K^~~~~~~~~[m[K
[1.604s] [01m[K/home/astra/Ti5_controller/src/Ti5_hardware_interface/include/Ti5_hardware_interface/hardware.hpp:88:11:[m[K [01;31m[Kerror: [m[K‚Äò[01m[KPublisher[m[K‚Äô in namespace ‚Äò[01m[Krclcpp[m[K‚Äô does not name a template type
[1.604s]    88 |   rclcpp::[01;31m[KPublisher[m[K<std_msgs::msg::Float64MultiArray>::SharedPtr motor_vel_pub_;
[1.604s]       |           [01;31m[K^~~~~~~~~[m[K
[1.604s] [01m[K/home/astra/Ti5_controller/src/Ti5_hardware_interface/include/Ti5_hardware_interface/hardware.hpp:89:11:[m[K [01;31m[Kerror: [m[K‚Äò[01m[KPublisher[m[K‚Äô in namespace ‚Äò[01m[Krclcpp[m[K‚Äô does not name a template type
[1.604s]    89 |   rclcpp::[01;31m[KPublisher[m[K<std_msgs::msg::Float64MultiArray>::SharedPtr motor_torque_pub_;
[1.604s]       |           [01;31m[K^~~~~~~~~[m[K
[2.479s] [01m[K/home/astra/Ti5_controller/src/Ti5_hardware_interface/src/hardware.cpp:[m[K In member function ‚Äò[01m[Kvirtual hardware_interface::CallbackReturn Ti5_hardware_interface::hardware::on_init(const hardware_interface::HardwareInfo&)[m[K‚Äô:
[2.479s] [01m[K/home/astra/Ti5_controller/src/Ti5_hardware_interface/src/hardware.cpp:38:3:[m[K [01;31m[Kerror: [m[K‚Äò[01m[Knode_[m[K‚Äô was not declared in this scope; did you mean ‚Äò[01m[Kmode_t[m[K‚Äô?
[2.479s]    38 |   [01;31m[Knode_[m[K = rclcpp::Node::make_shared("ti5_hardware_interface");
[2.479s]       |   [01;31m[K^~~~~[m[K
[2.479s]       |   [32m[Kmode_t[m[K
[2.485s] [01m[K/home/astra/Ti5_controller/src/Ti5_hardware_interface/src/hardware.cpp:39:3:[m[K [01;31m[Kerror: [m[K‚Äò[01m[Kmotor_pos_sub_[m[K‚Äô was not declared in this scope; did you mean ‚Äò[01m[Kmotor_pos_feedback_[m[K‚Äô?
[2.485s]    39 |   [01;31m[Kmotor_pos_sub_[m[K = node_->create_subscription<std_msgs::msg::Float64MultiArray>("data_analysis/motor_pos",1);
[2.485s]       |   [01;31m[K^~~~~~~~~~~~~~[m[K
[2.486s]       |   [32m[Kmotor_pos_feedback_[m[K
[2.486s] [01m[K/home/astra/Ti5_controller/src/Ti5_hardware_interface/src/hardware.cpp:39:79:[m[K [01;31m[Kerror: [m[Kexpected primary-expression before ‚Äò[01m[K>[m[K‚Äô token
[2.486s]    39 |   motor_pos_sub_ = node_->create_subscription<std_msgs::msg::Float64MultiArray[01;31m[K>[m[K("data_analysis/motor_pos",1);
[2.486s]       |                                                                               [01;31m[K^[m[K
[2.486s] [01m[K/home/astra/Ti5_controller/src/Ti5_hardware_interface/src/hardware.cpp:39:81:[m[K [01;35m[Kwarning: [m[Kleft operand of comma operator has no effect [[01;35m[K]8;;https://gcc.gnu.org/onlinedocs/gcc/Warning-Options.html#index-Wunused-value-Wunused-value]8;;[m[K]
[2.486s]    39 |   motor_pos_sub_ = node_->create_subscription<std_msgs::msg::Float64MultiArray>([01;35m[K"data_analysis/motor_pos"[m[K,1);
[2.486s]       |                                                                                 [01;35m[K^~~~~~~~~~~~~~~~~~~~~~~~~[m[K
[2.491s] [01m[K/home/astra/Ti5_controller/src/Ti5_hardware_interface/src/hardware.cpp:40:3:[m[K [01;31m[Kerror: [m[K‚Äò[01m[Kmotor_vel_sub_[m[K‚Äô was not declared in this scope; did you mean ‚Äò[01m[Kmotor_vel_feedback_[m[K‚Äô?
[2.491s]    40 |   [01;31m[Kmotor_vel_sub_[m[K = node_->create_subscription<std_msgs::msg::Float64MultiArray>("data_analysis/motor_vel",1);
[2.491s]       |   [01;31m[K^~~~~~~~~~~~~~[m[K
[2.491s]       |   [32m[Kmotor_vel_feedback_[m[K
[2.491s] [01m[K/home/astra/Ti5_controller/src/Ti5_hardware_interface/src/hardware.cpp:40:79:[m[K [01;31m[Kerror: [m[Kexpected primary-expression before ‚Äò[01m[K>[m[K‚Äô token
[2.491s]    40 |   motor_vel_sub_ = node_->create_subscription<std_msgs::msg::Float64MultiArray[01;31m[K>[m[K("data_analysis/motor_vel",1);
[2.492s]       |                                                                               [01;31m[K^[m[K
[2.492s] [01m[K/home/astra/Ti5_controller/src/Ti5_hardware_interface/src/hardware.cpp:40:81:[m[K [01;35m[Kwarning: [m[Kleft operand of comma operator has no effect [[01;35m[K]8;;https://gcc.gnu.org/onlinedocs/gcc/Warning-Options.html#index-Wunused-value-Wunused-value]8;;[m[K]
[2.492s]    40 |   motor_vel_sub_ = node_->create_subscription<std_msgs::msg::Float64MultiArray>([01;35m[K"data_analysis/motor_vel"[m[K,1);
[2.492s]       |                                                                                 [01;35m[K^~~~~~~~~~~~~~~~~~~~~~~~~[m[K
[2.498s] [01m[K/home/astra/Ti5_controller/src/Ti5_hardware_interface/src/hardware.cpp:41:3:[m[K [01;31m[Kerror: [m[K‚Äò[01m[Kmotor_torque_sub_[m[K‚Äô was not declared in this scope
[2.498s]    41 |   [01;31m[Kmotor_torque_sub_[m[K = node_->create_subscription<std_msgs::msg::Float64MultiArray>("data_analysis/motor_torque",1);
[2.498s]       |   [01;31m[K^~~~~~~~~~~~~~~~~[m[K
[2.498s] [01m[K/home/astra/Ti5_controller/src/Ti5_hardware_interface/src/hardware.cpp:41:82:[m[K [01;31m[Kerror: [m[Kexpected primary-expression before ‚Äò[01m[K>[m[K‚Äô token
[2.498s]    41 |   motor_torque_sub_ = node_->create_subscription<std_msgs::msg::Float64MultiArray[01;31m[K>[m[K("data_analysis/motor_torque",1);
[2.498s]       |                                                                                  [01;31m[K^[m[K
[2.499s] [01m[K/home/astra/Ti5_controller/src/Ti5_hardware_interface/src/hardware.cpp:41:84:[m[K [01;35m[Kwarning: [m[Kleft operand of comma operator has no effect [[01;35m[K]8;;https://gcc.gnu.org/onlinedocs/gcc/Warning-Options.html#index-Wunused-value-Wunused-value]8;;[m[K]
[2.499s]    41 |   motor_torque_sub_ = node_->create_subscription<std_msgs::msg::Float64MultiArray>([01;35m[K"data_analysis/motor_torque"[m[K,1);
[2.499s]       |                                                                                    [01;35m[K^~~~~~~~~~~~~~~~~~~~~~~~~~~~[m[K
[2.499s] In file included from [01m[K/opt/ros/humble/include/rclcpp/rclcpp/client.hpp:40[m[K,
[2.499s]                  from [01m[K/opt/ros/humble/include/rclcpp/rclcpp/callback_group.hpp:24[m[K,
[2.499s]                  from [01m[K/opt/ros/humble/include/rclcpp/rclcpp/any_executable.hpp:20[m[K,
[2.499s]                  from [01m[K/opt/ros/humble/include/rclcpp/rclcpp/memory_strategy.hpp:25[m[K,
[2.499s]                  from [01m[K/opt/ros/humble/include/rclcpp/rclcpp/memory_strategies.hpp:18[m[K,
[2.499s]                  from [01m[K/opt/ros/humble/include/rclcpp/rclcpp/executor_options.hpp:20[m[K,
[2.499s]                  from [01m[K/opt/ros/humble/include/rclcpp/rclcpp/executor.hpp:37[m[K,
[2.499s]                  from [01m[K/opt/ros/humble/include/rclcpp/rclcpp/executors/multi_threaded_executor.hpp:25[m[K,
[2.499s]                  from [01m[K/opt/ros/humble/include/rclcpp/rclcpp/executors.hpp:21[m[K,
[2.499s]                  from [01m[K/opt/ros/humble/include/rclcpp/rclcpp/rclcpp.hpp:155[m[K,
[2.499s]                  from [01m[K/home/astra/Ti5_controller/src/Ti5_hardware_interface/src/hardware.cpp:20[m[K:
[2.499s] [01m[K/home/astra/Ti5_controller/src/Ti5_hardware_interface/src/hardware.cpp:42:3:[m[K [01;31m[Kerror: [m[Ktemplate argument 1 is invalid
[2.499s]    42 |   [01;31m[KRCLCPP_INFO[m[K(node_->get_logger(), "Ti5 hardware interface initialized");
[2.499s]       |   [01;31m[K^~~~~~~~~~~[m[K
[2.499s] [01m[K/home/astra/Ti5_controller/src/Ti5_hardware_interface/src/hardware.cpp:42:3:[m[K [01;31m[Kerror: [m[Ktemplate argument 1 is invalid
[2.499s]    42 |   [01;31m[KRCLCPP_INFO[m[K(node_->get_logger(), "Ti5 hardware interface initialized");
[2.499s]       |   [01;31m[K^~~~~~~~~~~[m[K
[2.499s] [01m[K/home/astra/Ti5_controller/src/Ti5_hardware_interface/src/hardware.cpp:42:3:[m[K [01;31m[Kerror: [m[Ktemplate argument 1 is invalid
[2.499s]    42 |   [01;31m[KRCLCPP_INFO[m[K(node_->get_logger(), "Ti5 hardware interface initialized");
[2.499s]       |   [01;31m[K^~~~~~~~~~~[m[K
[2.503s] [01m[K/home/astra/Ti5_controller/src/Ti5_hardware_interface/src/hardware.cpp:[m[K In member function ‚Äò[01m[Kvirtual hardware_interface::CallbackReturn Ti5_hardware_interface::hardware::on_configure(const rclcpp_lifecycle::State&)[m[K‚Äô:
[2.503s] [01m[K/home/astra/Ti5_controller/src/Ti5_hardware_interface/src/hardware.cpp:55:8:[m[K [01;31m[Kerror: [m[K‚Äò[01m[Kinit_can[m[K‚Äô was not declared in this scope
[2.503s]    55 |     if([01;31m[Kinit_can[m[K())
[2.503s]       |        [01;31m[K^~~~~~~~[m[K
[2.506s] In file included from [01m[K/opt/ros/humble/include/rclcpp/rclcpp/client.hpp:40[m[K,
[2.506s]                  from [01m[K/opt/ros/humble/include/rclcpp/rclcpp/callback_group.hpp:24[m[K,
[2.506s]                  from [01m[K/opt/ros/humble/include/rclcpp/rclcpp/any_executable.hpp:20[m[K,
[2.506s]                  from [01m[K/opt/ros/humble/include/rclcpp/rclcpp/memory_strategy.hpp:25[m[K,
[2.506s]                  from [01m[K/opt/ros/humble/include/rclcpp/rclcpp/memory_strategies.hpp:18[m[K,
[2.506s]                  from [01m[K/opt/ros/humble/include/rclcpp/rclcpp/executor_options.hpp:20[m[K,
[2.506s]                  from [01m[K/opt/ros/humble/include/rclcpp/rclcpp/executor.hpp:37[m[K,
[2.506s]                  from [01m[K/opt/ros/humble/include/rclcpp/rclcpp/executors/multi_threaded_executor.hpp:25[m[K,
[2.506s]                  from [01m[K/opt/ros/humble/include/rclcpp/rclcpp/executors.hpp:21[m[K,
[2.506s]                  from [01m[K/opt/ros/humble/include/rclcpp/rclcpp/rclcpp.hpp:155[m[K,
[2.507s]                  from [01m[K/home/astra/Ti5_controller/src/Ti5_hardware_interface/src/hardware.cpp:20[m[K:
[2.507s] [01m[K/home/astra/Ti5_controller/src/Ti5_hardware_interface/src/hardware.cpp:57:19:[m[K [01;31m[Kerror: [m[K‚Äò[01m[Knode_[m[K‚Äô was not declared in this scope; did you mean ‚Äò[01m[Kmode_t[m[K‚Äô?
[2.507s]    57 |       RCLCPP_INFO([01;31m[Knode_[m[K->get_logger(), "CAN initialized successfully");
[2.507s]       |                   [01;31m[K^~~~~[m[K
[2.507s] [01m[K/home/astra/Ti5_controller/src/Ti5_hardware_interface/src/hardware.cpp:57:7:[m[K [01;31m[Kerror: [m[Ktemplate argument 1 is invalid
[2.507s]    57 |       [01;31m[KRCLCPP_INFO[m[K(node_->get_logger(), "CAN initialized successfully");
[2.507s]       |       [01;31m[K^~~~~~~~~~~[m[K
[2.507s] [01m[K/home/astra/Ti5_controller/src/Ti5_hardware_interface/src/hardware.cpp:57:7:[m[K [01;31m[Kerror: [m[Ktemplate argument 1 is invalid
[2.507s]    57 |       [01;31m[KRCLCPP_INFO[m[K(node_->get_logger(), "CAN initialized successfully");
[2.507s]       |       [01;31m[K^~~~~~~~~~~[m[K
[2.507s] [01m[K/home/astra/Ti5_controller/src/Ti5_hardware_interface/src/hardware.cpp:57:7:[m[K [01;31m[Kerror: [m[Ktemplate argument 1 is invalid
[2.507s]    57 |       [01;31m[KRCLCPP_INFO[m[K(node_->get_logger(), "CAN initialized successfully");
[2.507s]       |       [01;31m[K^~~~~~~~~~~[m[K
[2.510s] [01m[K/home/astra/Ti5_controller/src/Ti5_hardware_interface/src/hardware.cpp:63:18:[m[K [01;31m[Kerror: [m[K‚Äò[01m[Knode_[m[K‚Äô was not declared in this scope; did you mean ‚Äò[01m[Kmode_t[m[K‚Äô?
[2.510s]    63 |     RCLCPP_ERROR([01;31m[Knode_[m[K->get_logger(), "CAN initialization failed");
[2.510s]       |                  [01;31m[K^~~~~[m[K
[2.510s] [01m[K/home/astra/Ti5_controller/src/Ti5_hardware_interface/src/hardware.cpp:63:5:[m[K [01;31m[Kerror: [m[Ktemplate argument 1 is invalid
[2.510s]    63 |     [01;31m[KRCLCPP_ERROR[m[K(node_->get_logger(), "CAN initialization failed");
[2.510s]       |     [01;31m[K^~~~~~~~~~~~[m[K
[2.510s] [01m[K/home/astra/Ti5_controller/src/Ti5_hardware_interface/src/hardware.cpp:63:5:[m[K [01;31m[Kerror: [m[Ktemplate argument 1 is invalid
[2.510s]    63 |     [01;31m[KRCLCPP_ERROR[m[K(node_->get_logger(), "CAN initialization failed");
[2.510s]       |     [01;31m[K^~~~~~~~~~~~[m[K
[2.510s] [01m[K/home/astra/Ti5_controller/src/Ti5_hardware_interface/src/hardware.cpp:63:5:[m[K [01;31m[Kerror: [m[Ktemplate argument 1 is invalid
[2.510s]    63 |     [01;31m[KRCLCPP_ERROR[m[K(node_->get_logger(), "CAN initialization failed");
[2.510s]       |     [01;31m[K^~~~~~~~~~~~[m[K
[2.515s] [01m[K/home/astra/Ti5_controller/src/Ti5_hardware_interface/src/hardware.cpp:[m[K In member function ‚Äò[01m[Kvirtual std::vector<hardware_interface::StateInterface> Ti5_hardware_interface::hardware::export_state_interfaces()[m[K‚Äô:
[2.515s] [01m[K/home/astra/Ti5_controller/src/Ti5_hardware_interface/src/hardware.cpp:76:17:[m[K [01;31m[Kerror: [m[K‚Äò[01m[Knode_[m[K‚Äô was not declared in this scope; did you mean ‚Äò[01m[Kmode_t[m[K‚Äô?
[2.515s]    76 |     RCLCPP_INFO([01;31m[Knode_[m[K->get_logger(), "Exporting state interface for joint %s", info_.joints[i].name.c_str())
[2.515s]       |                 [01;31m[K^~~~~[m[K
[2.515s] [01m[K/home/astra/Ti5_controller/src/Ti5_hardware_interface/src/hardware.cpp:76:5:[m[K [01;31m[Kerror: [m[Ktemplate argument 1 is invalid
[2.515s]    76 |     [01;31m[KRCLCPP_INFO[m[K(node_->get_logger(), "Exporting state interface for joint %s", info_.joints[i].name.c_str())
[2.515s]       |     [01;31m[K^~~~~~~~~~~[m[K
[2.515s] [01m[K/home/astra/Ti5_controller/src/Ti5_hardware_interface/src/hardware.cpp:76:5:[m[K [01;31m[Kerror: [m[Ktemplate argument 1 is invalid
[2.515s]    76 |     [01;31m[KRCLCPP_INFO[m[K(node_->get_logger(), "Exporting state interface for joint %s", info_.joints[i].name.c_str())
[2.515s]       |     [01;31m[K^~~~~~~~~~~[m[K
[2.515s] [01m[K/home/astra/Ti5_controller/src/Ti5_hardware_interface/src/hardware.cpp:76:5:[m[K [01;31m[Kerror: [m[Ktemplate argument 1 is invalid
[2.515s]    76 |     [01;31m[KRCLCPP_INFO[m[K(node_->get_logger(), "Exporting state interface for joint %s", info_.joints[i].name.c_str())
[2.515s]       |     [01;31m[K^~~~~~~~~~~[m[K
[2.515s] [01m[K/home/astra/Ti5_controller/src/Ti5_hardware_interface/src/hardware.cpp:77:5:[m[K [01;31m[Kerror: [m[Kexpected ‚Äò[01m[K;[m[K‚Äô before ‚Äò[01m[Kstate_interfaces[m[K‚Äô
[2.515s]    77 |     [01;31m[Kstate_interfaces[m[K.emplace_back(info_.joints[i].name, "position", &joint_data_[i].pos_);
[2.515s]       |     [01;31m[K^~~~~~~~~~~~~~~~[m[K
[2.523s] [01m[K/home/astra/Ti5_controller/src/Ti5_hardware_interface/src/hardware.cpp:[m[K In member function ‚Äò[01m[Kvirtual hardware_interface::return_type Ti5_hardware_interface::hardware::read(const rclcpp::Time&, const rclcpp::Duration&)[m[K‚Äô:
[2.523s] [01m[K/home/astra/Ti5_controller/src/Ti5_hardware_interface/src/hardware.cpp:118:27:[m[K [01;31m[Kerror: [m[K‚Äò[01m[Krv_motor_msg[m[K‚Äô was not declared in this scope
[2.523s]   118 |     joint_data_[i].pos_ = [01;31m[Krv_motor_msg[m[K[i].position;
[2.523s]       |                           [01;31m[K^~~~~~~~~~~~[m[K
[2.526s] [01m[K/home/astra/Ti5_controller/src/Ti5_hardware_interface/src/hardware.cpp:122:39:[m[K [01;31m[Kerror: [m[K‚Äò[01m[Ki[m[K‚Äô was not declared in this scope
[2.526s]   122 |     motor_pos_feedback_ = joint_data_[[01;31m[Ki[m[K].pos_;
[2.526s]       |                                       [01;31m[K^[m[K
[2.526s] [01m[K/home/astra/Ti5_controller/src/Ti5_hardware_interface/src/hardware.cpp:125:3:[m[K [01;35m[Kwarning: [m[Kno return statement in function returning non-void [[01;35m[K]8;;https://gcc.gnu.org/onlinedocs/gcc/Warning-Options.html#index-Wreturn-type-Wreturn-type]8;;[m[K]
[2.526s]   125 |   [01;35m[K}[m[K
[2.526s]       |   [01;35m[K^[m[K
[2.527s] [01m[K/home/astra/Ti5_controller/src/Ti5_hardware_interface/src/hardware.cpp:[m[K At global scope:
[2.527s] [01m[K/home/astra/Ti5_controller/src/Ti5_hardware_interface/src/hardware.cpp:126:3:[m[K [01;31m[Kerror: [m[K‚Äò[01m[Kmotor_pos_pub_[m[K‚Äô does not name a type
[2.528s]   126 |   [01;31m[Kmotor_pos_pub_[m[K->publish(createFloa64MultiArrayMsg(motor_pos_feedback_));
[2.528s]       |   [01;31m[K^~~~~~~~~~~~~~[m[K
[2.529s] [01m[K/home/astra/Ti5_controller/src/Ti5_hardware_interface/src/hardware.cpp:127:3:[m[K [01;31m[Kerror: [m[K‚Äò[01m[Kmotor_vel_pub_[m[K‚Äô does not name a type
[2.529s]   127 |   [01;31m[Kmotor_vel_pub_[m[K->publish(createFloa64MultiArrayMsg(motor_vel_feedback_));
[2.529s]       |   [01;31m[K^~~~~~~~~~~~~~[m[K
[2.531s] [01m[K/home/astra/Ti5_controller/src/Ti5_hardware_interface/src/hardware.cpp:128:3:[m[K [01;31m[Kerror: [m[K‚Äò[01m[Kmotor_torque_pub_[m[K‚Äô does not name a type
[2.531s]   128 |   [01;31m[Kmotor_torque_pub_[m[K->publish(createFloa64MultiArrayMsg(motor_eff_feedback_));
[2.531s]       |   [01;31m[K^~~~~~~~~~~~~~~~~[m[K
[2.531s] [01m[K/home/astra/Ti5_controller/src/Ti5_hardware_interface/src/hardware.cpp:130:3:[m[K [01;31m[Kerror: [m[Kexpected unqualified-id before ‚Äò[01m[Kreturn[m[K‚Äô
[2.531s]   130 |   [01;31m[Kreturn[m[K hardware_interface::return_type::OK;
[2.531s]       |   [01;31m[K^~~~~~[m[K
[2.531s] [01m[K/home/astra/Ti5_controller/src/Ti5_hardware_interface/src/hardware.cpp:133:33:[m[K [01;31m[Kerror: [m[K‚Äò[01m[Khardware[m[K‚Äô has not been declared
[2.531s]   133 | hardware_interface::return_type [01;31m[Khardware[m[K::write(const rclcpp::Time & , const rclcpp::Duration & )
[2.531s]       |                                 [01;31m[K^~~~~~~~[m[K
[2.535s] [01m[K/home/astra/Ti5_controller/src/Ti5_hardware_interface/src/hardware.cpp:[m[K In function ‚Äò[01m[Khardware_interface::return_type write(const rclcpp::Time&, const rclcpp::Duration&)[m[K‚Äô:
[2.535s] [01m[K/home/astra/Ti5_controller/src/Ti5_hardware_interface/src/hardware.cpp:135:3:[m[K [01;31m[Kerror: [m[K‚Äò[01m[KsendCanCommand[m[K‚Äô was not declared in this scope
[2.535s]   135 |   [01;31m[KsendCanCommand[m[K();
[2.535s]       |   [01;31m[K^~~~~~~~~~~~~~[m[K
[2.535s] [01m[K/home/astra/Ti5_controller/src/Ti5_hardware_interface/src/hardware.cpp:[m[K At global scope:
[2.535s] [01m[K/home/astra/Ti5_controller/src/Ti5_hardware_interface/src/hardware.cpp:140:1:[m[K [01;31m[Kerror: [m[Kexpected declaration before ‚Äò[01m[K}[m[K‚Äô token
[2.535s]   140 | [01;31m[K}[m[K  // namespace Ti5_hardware_interface
[2.535s]       | [01;31m[K^[m[K
[2.733s] [ 66%] [32m[1mLinking CXX static library libgmock.a[0m
[2.775s] [ 66%] Built target gmock
[2.790s] [ 77%] [32mBuilding CXX object CMakeFiles/test_hardware.dir/test/test_hardware.cpp.o[0m
[3.057s] gmake[2]: *** [CMakeFiles/Ti5_hardware_interface.dir/build.make:76ÔºöCMakeFiles/Ti5_hardware_interface.dir/src/hardware.cpp.o] ÈîôËØØ 1
[3.058s] gmake[1]: *** [CMakeFiles/Makefile2:176ÔºöCMakeFiles/Ti5_hardware_interface.dir/all] ÈîôËØØ 2
[3.058s] gmake[1]: *** Ê≠£Âú®Á≠âÂæÖÊú™ÂÆåÊàêÁöÑ‰ªªÂä°....
[3.591s] [ 88%] [32m[1mLinking CXX executable test_hardware[0m
[3.740s] [ 88%] Built target test_hardware
[3.741s] gmake: *** [Makefile:146Ôºöall] ÈîôËØØ 2
[3.743s] Invoked command in '/home/astra/Ti5_controller/build/Ti5_hardware_interface' returned '2': CMAKE_PREFIX_PATH=${CMAKE_PREFIX_PATH}:/opt/ros/humble /usr/bin/cmake --build /home/astra/Ti5_controller/build/Ti5_hardware_interface -- -j24 -l24
