[0.013s] Invoking command in '/home/astra/Ti5_controller/build/Ti5_arms_controller': CMAKE_PREFIX_PATH=${CMAKE_PREFIX_PATH}:/opt/ros/humble /usr/bin/cmake --build /home/astra/Ti5_controller/build/Ti5_arms_controller -- -j24 -l24
[0.061s] [ 13%] Built target Ti5_arms_controller_parameters
[0.063s] [ 26%] Built target gmock_main
[0.067s] [ 46%] Built target gmock
[0.078s] [35m[1mConsolidate compiler generated dependencies of target test_load_Ti5_arms_controller[0m
[0.084s] [ 60%] Built target Ti5_arms_controller
[0.091s] [ 66%] [32mBuilding CXX object CMakeFiles/test_load_Ti5_arms_controller.dir/test/test_load_Ti5_arms_controller.cpp.o[0m
[0.093s] [35m[1mConsolidate compiler generated dependencies of target test_Ti5_arms_controller[0m
[0.094s] [35m[1mConsolidate compiler generated dependencies of target test_Ti5_arms_controller_preceeding[0m
[0.104s] [ 73%] [32mBuilding CXX object CMakeFiles/test_Ti5_arms_controller.dir/test/test_Ti5_arms_controller.cpp.o[0m
[0.105s] [ 80%] [32mBuilding CXX object CMakeFiles/test_Ti5_arms_controller_preceeding.dir/test/test_Ti5_arms_controller_preceeding.cpp.o[0m
[1.669s] In file included from [01m[K/home/astra/Ti5_controller/build/Ti5_arms_controller/Ti5_arms_controller_parameters/include/Ti5_arms_controller_parameters.hpp:29[m[K,
[1.669s]                  from [01m[K/home/astra/Ti5_controller/src/Ti5_arms_controller/include/Ti5_arms_controller/Ti5_arms_controller.hpp:28[m[K,
[1.669s]                  from [01m[K/home/astra/Ti5_controller/src/Ti5_arms_controller/test/test_Ti5_arms_controller.hpp:31[m[K,
[1.669s]                  from [01m[K/home/astra/Ti5_controller/src/Ti5_arms_controller/test/test_Ti5_arms_controller_preceeding.cpp:20[m[K:
[1.669s] [01m[K/home/astra/Ti5_controller/build/Ti5_arms_controller/Ti5_arms_controller_parameters/include/validate_Ti5_arms_controller_parameters.hpp:29:75:[m[K [01;35m[Kwarning: [m[Kâ€˜[01m[Kusing Result = class tl::expected<void, std::__cxx11::basic_string<char> >[m[Kâ€™ is deprecated: Use tl::expected<void, std::string> for return instead. `#include <tl_expected/expected.hpp>`. [[01;35m[K]8;;https://gcc.gnu.org/onlinedocs/gcc/Warning-Options.html#index-Wdeprecated-declarations-Wdeprecated-declarations]8;;[m[K]
[1.669s]    29 | Result forbidden_interface_name_prefix(rclcpp::Parameter const & parameter[01;35m[K)[m[K
[1.669s]       |                                                                           [01;35m[K^[m[K
[1.669s] In file included from [01m[K/home/astra/Ti5_controller/build/Ti5_arms_controller/Ti5_arms_controller_parameters/include/Ti5_arms_controller_parameters.hpp:23[m[K,
[1.669s]                  from [01m[K/home/astra/Ti5_controller/src/Ti5_arms_controller/include/Ti5_arms_controller/Ti5_arms_controller.hpp:28[m[K,
[1.669s]                  from [01m[K/home/astra/Ti5_controller/src/Ti5_arms_controller/test/test_Ti5_arms_controller.hpp:31[m[K,
[1.669s]                  from [01m[K/home/astra/Ti5_controller/src/Ti5_arms_controller/test/test_Ti5_arms_controller_preceeding.cpp:20[m[K:
[1.669s] [01m[K/opt/ros/humble/include/parameter_traits/parameter_traits/parameter_traits.hpp:37:7:[m[K [01;36m[Knote: [m[Kdeclared here
[1.670s]    37 | using [01;36m[KResult[m[K
[1.670s]       |       [01;36m[K^~~~~~[m[K
[1.670s] In file included from [01m[K/home/astra/Ti5_controller/build/Ti5_arms_controller/Ti5_arms_controller_parameters/include/Ti5_arms_controller_parameters.hpp:29[m[K,
[1.670s]                  from [01m[K/home/astra/Ti5_controller/src/Ti5_arms_controller/include/Ti5_arms_controller/Ti5_arms_controller.hpp:28[m[K,
[1.670s]                  from [01m[K/home/astra/Ti5_controller/src/Ti5_arms_controller/test/test_Ti5_arms_controller.hpp:31[m[K,
[1.670s]                  from [01m[K/home/astra/Ti5_controller/src/Ti5_arms_controller/test/test_Ti5_arms_controller_preceeding.cpp:20[m[K:
[1.670s] [01m[K/home/astra/Ti5_controller/build/Ti5_arms_controller/Ti5_arms_controller_parameters/include/validate_Ti5_arms_controller_parameters.hpp:[m[K In function â€˜[01m[Kparameter_traits::Result parameter_traits::forbidden_interface_name_prefix(const rclcpp::Parameter&)[m[Kâ€™:
[1.670s] [01m[K/home/astra/Ti5_controller/build/Ti5_arms_controller/Ti5_arms_controller_parameters/include/validate_Ti5_arms_controller_parameters.hpp:35:17:[m[K [01;35m[Kwarning: [m[Kâ€˜[01m[Ktl::expected<void, std::__cxx11::basic_string<char> > parameter_traits::ERROR(const string&, Args ...) [with Args = {}; std::string = std::__cxx11::basic_string<char>][m[Kâ€™ is deprecated: When returning tl::expected<void, std::string> you can call fmt::format directly. [[01;35m[K]8;;https://gcc.gnu.org/onlinedocs/gcc/Warning-Options.html#index-Wdeprecated-declarations-Wdeprecated-declarations]8;;[m[K]
[1.670s]    35 |     return [01;35m[KERROR("'interface_name' parameter can not start with 'blup_'")[m[K;
[1.670s]       |            [01;35m[K~~~~~^~~~~~~~~~~~~~~~~~~~~~~~~~~~~~~~~~~~~~~~~~~~~~~~~~~~~~~~~[m[K
[1.670s] In file included from [01m[K/home/astra/Ti5_controller/build/Ti5_arms_controller/Ti5_arms_controller_parameters/include/Ti5_arms_controller_parameters.hpp:23[m[K,
[1.670s]                  from [01m[K/home/astra/Ti5_controller/src/Ti5_arms_controller/include/Ti5_arms_controller/Ti5_arms_controller.hpp:28[m[K,
[1.670s]                  from [01m[K/home/astra/Ti5_controller/src/Ti5_arms_controller/test/test_Ti5_arms_controller.hpp:31[m[K,
[1.670s]                  from [01m[K/home/astra/Ti5_controller/src/Ti5_arms_controller/test/test_Ti5_arms_controller_preceeding.cpp:20[m[K:
[1.670s] [01m[K/opt/ros/humble/include/parameter_traits/parameter_traits/parameter_traits.hpp:46:1:[m[K [01;36m[Knote: [m[Kdeclared here
[1.670s]    46 | [01;36m[KERROR[m[K(const std::string& format, Args... args)
[1.670s]       | [01;36m[K^~~~~[m[K
[1.670s] In file included from [01m[K/home/astra/Ti5_controller/build/Ti5_arms_controller/Ti5_arms_controller_parameters/include/Ti5_arms_controller_parameters.hpp:29[m[K,
[1.670s]                  from [01m[K/home/astra/Ti5_controller/src/Ti5_arms_controller/include/Ti5_arms_controller/Ti5_arms_controller.hpp:28[m[K,
[1.670s]                  from [01m[K/home/astra/Ti5_controller/src/Ti5_arms_controller/test/test_Ti5_arms_controller.hpp:31[m[K,
[1.670s]                  from [01m[K/home/astra/Ti5_controller/src/Ti5_arms_controller/test/test_Ti5_arms_controller_preceeding.cpp:20[m[K:
[1.670s] [01m[K/home/astra/Ti5_controller/build/Ti5_arms_controller/Ti5_arms_controller_parameters/include/validate_Ti5_arms_controller_parameters.hpp:38:10:[m[K [01;35m[Kwarning: [m[Kâ€˜[01m[Kparameter_traits::OK[m[Kâ€™ is deprecated: When returning tl::expected<void, std::string> default construct for OK with `{}`. [[01;35m[K]8;;https://gcc.gnu.org/onlinedocs/gcc/Warning-Options.html#index-Wdeprecated-declarations-Wdeprecated-declarations]8;;[m[K]
[1.670s]    38 |   return [01;35m[KOK[m[K;
[1.670s]       |          [01;35m[K^~[m[K
[1.670s] In file included from [01m[K/home/astra/Ti5_controller/build/Ti5_arms_controller/Ti5_arms_controller_parameters/include/Ti5_arms_controller_parameters.hpp:23[m[K,
[1.670s]                  from [01m[K/home/astra/Ti5_controller/src/Ti5_arms_controller/include/Ti5_arms_controller/Ti5_arms_controller.hpp:28[m[K,
[1.670s]                  from [01m[K/home/astra/Ti5_controller/src/Ti5_arms_controller/test/test_Ti5_arms_controller.hpp:31[m[K,
[1.670s]                  from [01m[K/home/astra/Ti5_controller/src/Ti5_arms_controller/test/test_Ti5_arms_controller_preceeding.cpp:20[m[K:
[1.670s] [01m[K/opt/ros/humble/include/parameter_traits/parameter_traits/parameter_traits.hpp:51:13:[m[K [01;36m[Knote: [m[Kdeclared here
[1.670s]    51 | auto static [01;36m[KOK[m[K
[1.670s]       |             [01;36m[K^~[m[K
[1.678s] In file included from [01m[K/home/astra/Ti5_controller/build/Ti5_arms_controller/Ti5_arms_controller_parameters/include/Ti5_arms_controller_parameters.hpp:29[m[K,
[1.678s]                  from [01m[K/home/astra/Ti5_controller/src/Ti5_arms_controller/include/Ti5_arms_controller/Ti5_arms_controller.hpp:28[m[K,
[1.678s]                  from [01m[K/home/astra/Ti5_controller/src/Ti5_arms_controller/test/test_Ti5_arms_controller.hpp:31[m[K,
[1.678s]                  from [01m[K/home/astra/Ti5_controller/src/Ti5_arms_controller/test/test_Ti5_arms_controller.cpp:27[m[K:
[1.678s] [01m[K/home/astra/Ti5_controller/build/Ti5_arms_controller/Ti5_arms_controller_parameters/include/validate_Ti5_arms_controller_parameters.hpp:29:75:[m[K [01;35m[Kwarning: [m[Kâ€˜[01m[Kusing Result = class tl::expected<void, std::__cxx11::basic_string<char> >[m[Kâ€™ is deprecated: Use tl::expected<void, std::string> for return instead. `#include <tl_expected/expected.hpp>`. [[01;35m[K]8;;https://gcc.gnu.org/onlinedocs/gcc/Warning-Options.html#index-Wdeprecated-declarations-Wdeprecated-declarations]8;;[m[K]
[1.678s]    29 | Result forbidden_interface_name_prefix(rclcpp::Parameter const & parameter[01;35m[K)[m[K
[1.678s]       |                                                                           [01;35m[K^[m[K
[1.678s] In file included from [01m[K/home/astra/Ti5_controller/build/Ti5_arms_controller/Ti5_arms_controller_parameters/include/Ti5_arms_controller_parameters.hpp:23[m[K,
[1.678s]                  from [01m[K/home/astra/Ti5_controller/src/Ti5_arms_controller/include/Ti5_arms_controller/Ti5_arms_controller.hpp:28[m[K,
[1.678s]                  from [01m[K/home/astra/Ti5_controller/src/Ti5_arms_controller/test/test_Ti5_arms_controller.hpp:31[m[K,
[1.678s]                  from [01m[K/home/astra/Ti5_controller/src/Ti5_arms_controller/test/test_Ti5_arms_controller.cpp:27[m[K:
[1.678s] [01m[K/opt/ros/humble/include/parameter_traits/parameter_traits/parameter_traits.hpp:37:7:[m[K [01;36m[Knote: [m[Kdeclared here
[1.678s]    37 | using [01;36m[KResult[m[K
[1.679s]       |       [01;36m[K^~~~~~[m[K
[1.679s] In file included from [01m[K/home/astra/Ti5_controller/build/Ti5_arms_controller/Ti5_arms_controller_parameters/include/Ti5_arms_controller_parameters.hpp:29[m[K,
[1.679s]                  from [01m[K/home/astra/Ti5_controller/src/Ti5_arms_controller/include/Ti5_arms_controller/Ti5_arms_controller.hpp:28[m[K,
[1.679s]                  from [01m[K/home/astra/Ti5_controller/src/Ti5_arms_controller/test/test_Ti5_arms_controller.hpp:31[m[K,
[1.679s]                  from [01m[K/home/astra/Ti5_controller/src/Ti5_arms_controller/test/test_Ti5_arms_controller.cpp:27[m[K:
[1.679s] [01m[K/home/astra/Ti5_controller/build/Ti5_arms_controller/Ti5_arms_controller_parameters/include/validate_Ti5_arms_controller_parameters.hpp:[m[K In function â€˜[01m[Kparameter_traits::Result parameter_traits::forbidden_interface_name_prefix(const rclcpp::Parameter&)[m[Kâ€™:
[1.679s] [01m[K/home/astra/Ti5_controller/build/Ti5_arms_controller/Ti5_arms_controller_parameters/include/validate_Ti5_arms_controller_parameters.hpp:35:17:[m[K [01;35m[Kwarning: [m[Kâ€˜[01m[Ktl::expected<void, std::__cxx11::basic_string<char> > parameter_traits::ERROR(const string&, Args ...) [with Args = {}; std::string = std::__cxx11::basic_string<char>][m[Kâ€™ is deprecated: When returning tl::expected<void, std::string> you can call fmt::format directly. [[01;35m[K]8;;https://gcc.gnu.org/onlinedocs/gcc/Warning-Options.html#index-Wdeprecated-declarations-Wdeprecated-declarations]8;;[m[K]
[1.679s]    35 |     return [01;35m[KERROR("'interface_name' parameter can not start with 'blup_'")[m[K;
[1.679s]       |            [01;35m[K~~~~~^~~~~~~~~~~~~~~~~~~~~~~~~~~~~~~~~~~~~~~~~~~~~~~~~~~~~~~~~[m[K
[1.679s] In file included from [01m[K/home/astra/Ti5_controller/build/Ti5_arms_controller/Ti5_arms_controller_parameters/include/Ti5_arms_controller_parameters.hpp:23[m[K,
[1.679s]                  from [01m[K/home/astra/Ti5_controller/src/Ti5_arms_controller/include/Ti5_arms_controller/Ti5_arms_controller.hpp:28[m[K,
[1.679s]                  from [01m[K/home/astra/Ti5_controller/src/Ti5_arms_controller/test/test_Ti5_arms_controller.hpp:31[m[K,
[1.679s]                  from [01m[K/home/astra/Ti5_controller/src/Ti5_arms_controller/test/test_Ti5_arms_controller.cpp:27[m[K:
[1.679s] [01m[K/opt/ros/humble/include/parameter_traits/parameter_traits/parameter_traits.hpp:46:1:[m[K [01;36m[Knote: [m[Kdeclared here
[1.679s]    46 | [01;36m[KERROR[m[K(const std::string& format, Args... args)
[1.679s]       | [01;36m[K^~~~~[m[K
[1.679s] In file included from [01m[K/home/astra/Ti5_controller/build/Ti5_arms_controller/Ti5_arms_controller_parameters/include/Ti5_arms_controller_parameters.hpp:29[m[K,
[1.679s]                  from [01m[K/home/astra/Ti5_controller/src/Ti5_arms_controller/include/Ti5_arms_controller/Ti5_arms_controller.hpp:28[m[K,
[1.679s]                  from [01m[K/home/astra/Ti5_controller/src/Ti5_arms_controller/test/test_Ti5_arms_controller.hpp:31[m[K,
[1.679s]                  from [01m[K/home/astra/Ti5_controller/src/Ti5_arms_controller/test/test_Ti5_arms_controller.cpp:27[m[K:
[1.679s] [01m[K/home/astra/Ti5_controller/build/Ti5_arms_controller/Ti5_arms_controller_parameters/include/validate_Ti5_arms_controller_parameters.hpp:38:10:[m[K [01;35m[Kwarning: [m[Kâ€˜[01m[Kparameter_traits::OK[m[Kâ€™ is deprecated: When returning tl::expected<void, std::string> default construct for OK with `{}`. [[01;35m[K]8;;https://gcc.gnu.org/onlinedocs/gcc/Warning-Options.html#index-Wdeprecated-declarations-Wdeprecated-declarations]8;;[m[K]
[1.679s]    38 |   return [01;35m[KOK[m[K;
[1.679s]       |          [01;35m[K^~[m[K
[1.679s] In file included from [01m[K/home/astra/Ti5_controller/build/Ti5_arms_controller/Ti5_arms_controller_parameters/include/Ti5_arms_controller_parameters.hpp:23[m[K,
[1.679s]                  from [01m[K/home/astra/Ti5_controller/src/Ti5_arms_controller/include/Ti5_arms_controller/Ti5_arms_controller.hpp:28[m[K,
[1.679s]                  from [01m[K/home/astra/Ti5_controller/src/Ti5_arms_controller/test/test_Ti5_arms_controller.hpp:31[m[K,
[1.679s]                  from [01m[K/home/astra/Ti5_controller/src/Ti5_arms_controller/test/test_Ti5_arms_controller.cpp:27[m[K:
[1.679s] [01m[K/opt/ros/humble/include/parameter_traits/parameter_traits/parameter_traits.hpp:51:13:[m[K [01;36m[Knote: [m[Kdeclared here
[1.679s]    51 | auto static [01;36m[KOK[m[K
[1.679s]       |             [01;36m[K^~[m[K
[2.245s] In file included from [01m[K/home/astra/Ti5_controller/src/Ti5_arms_controller/test/test_Ti5_arms_controller_preceeding.cpp:20[m[K:
[2.245s] [01m[K/home/astra/Ti5_controller/src/Ti5_arms_controller/test/test_Ti5_arms_controller.hpp:[m[K In member function â€˜[01m[Kvirtual controller_interface::CallbackReturn TestableTi5ArmsController::on_configure(const rclcpp_lifecycle::State&)[m[Kâ€™:
[2.245s] [01m[K/home/astra/Ti5_controller/src/Ti5_arms_controller/test/test_Ti5_arms_controller.hpp:71:49:[m[K [01;31m[Kerror: [m[Kâ€˜[01m[Krclcpp::Subscription<control_msgs::msg::JointJog_<std::allocator<void> > >::SharedPtr Ti5_arms_controller::Ti5ArmsController::ref_subscriber_[m[Kâ€™ is private within this context
[2.245s]    71 |       ref_subscriber_wait_set_.add_subscription([01;31m[Kref_subscriber_[m[K);
[2.245s]       |                                                 [01;31m[K^~~~~~~~~~~~~~~[m[K
[2.245s] In file included from [01m[K/home/astra/Ti5_controller/src/Ti5_arms_controller/test/test_Ti5_arms_controller.hpp:31[m[K,
[2.245s]                  from [01m[K/home/astra/Ti5_controller/src/Ti5_arms_controller/test/test_Ti5_arms_controller_preceeding.cpp:20[m[K:
[2.245s] [01m[K/home/astra/Ti5_controller/src/Ti5_arms_controller/include/Ti5_arms_controller/Ti5_arms_controller.hpp:92:61:[m[K [01;36m[Knote: [m[Kdeclared private here
[2.245s]    92 |     rclcpp::Subscription<ControllerReferenceMsg>::SharedPtr [01;36m[Kref_subscriber_[m[K = nullptr;
[2.245s]       |                                                             [01;36m[K^~~~~~~~~~~~~~~[m[K
[2.258s] In file included from [01m[K/home/astra/Ti5_controller/src/Ti5_arms_controller/test/test_Ti5_arms_controller.cpp:27[m[K:
[2.258s] [01m[K/home/astra/Ti5_controller/src/Ti5_arms_controller/test/test_Ti5_arms_controller.hpp:[m[K In member function â€˜[01m[Kvirtual controller_interface::CallbackReturn TestableTi5ArmsController::on_configure(const rclcpp_lifecycle::State&)[m[Kâ€™:
[2.258s] [01m[K/home/astra/Ti5_controller/src/Ti5_arms_controller/test/test_Ti5_arms_controller.hpp:71:49:[m[K [01;31m[Kerror: [m[Kâ€˜[01m[Krclcpp::Subscription<control_msgs::msg::JointJog_<std::allocator<void> > >::SharedPtr Ti5_arms_controller::Ti5ArmsController::ref_subscriber_[m[Kâ€™ is private within this context
[2.258s]    71 |       ref_subscriber_wait_set_.add_subscription([01;31m[Kref_subscriber_[m[K);
[2.258s]       |                                                 [01;31m[K^~~~~~~~~~~~~~~[m[K
[2.258s] In file included from [01m[K/home/astra/Ti5_controller/src/Ti5_arms_controller/test/test_Ti5_arms_controller.hpp:31[m[K,
[2.258s]                  from [01m[K/home/astra/Ti5_controller/src/Ti5_arms_controller/test/test_Ti5_arms_controller.cpp:27[m[K:
[2.258s] [01m[K/home/astra/Ti5_controller/src/Ti5_arms_controller/include/Ti5_arms_controller/Ti5_arms_controller.hpp:92:61:[m[K [01;36m[Knote: [m[Kdeclared private here
[2.258s]    92 |     rclcpp::Subscription<ControllerReferenceMsg>::SharedPtr [01;36m[Kref_subscriber_[m[K = nullptr;
[2.258s]       |                                                             [01;36m[K^~~~~~~~~~~~~~~[m[K
[2.285s] In file included from [01m[K/opt/ros/humble/src/gtest_vendor/include/gtest/gtest.h:375[m[K,
[2.285s]                  from [01m[K/opt/ros/humble/src/gmock_vendor/include/gmock/internal/gmock-internal-utils.h:47[m[K,
[2.285s]                  from [01m[K/opt/ros/humble/src/gmock_vendor/include/gmock/gmock-actions.h:51[m[K,
[2.285s]                  from [01m[K/opt/ros/humble/src/gmock_vendor/include/gmock/gmock.h:59[m[K,
[2.285s]                  from [01m[K/home/astra/Ti5_controller/src/Ti5_arms_controller/test/test_Ti5_arms_controller.hpp:32[m[K,
[2.285s]                  from [01m[K/home/astra/Ti5_controller/src/Ti5_arms_controller/test/test_Ti5_arms_controller_preceeding.cpp:20[m[K:
[2.285s] [01m[K/home/astra/Ti5_controller/src/Ti5_arms_controller/test/test_Ti5_arms_controller.hpp:[m[K In member function â€˜[01m[Kvoid Ti5ArmsControllerFixture<CtrlType>::SetUpController(std::string)[m[Kâ€™:
[2.285s] [01m[K/home/astra/Ti5_controller/src/Ti5_arms_controller/test/test_Ti5_arms_controller.hpp:137:66:[m[K [01;31m[Kerror: [m[Kâ€˜[01m[Kclass TestableTi5ArmsController[m[Kâ€™ has no member named â€˜[01m[Kdefine_custom_node_options[m[Kâ€™
[2.286s]   137 |       controller_->init(controller_name, "", 0, "", controller_->[01;31m[Kdefine_custom_node_options[m[K()),
[2.286s]       |                                                                  [01;31m[K^~~~~~~~~~~~~~~~~~~~~~~~~~[m[K
[2.286s] [01m[K/opt/ros/humble/src/gtest_vendor/include/gtest/gtest_pred_impl.h:77:52:[m[K [01;36m[Knote: [m[Kin definition of macro â€˜[01m[KGTEST_ASSERT_[m[Kâ€™
[2.286s]    77 |   if (const ::testing::AssertionResult gtest_ar = ([01;36m[Kexpression[m[K)) \
[2.286s]       |                                                    [01;36m[K^~~~~~~~~~[m[K
[2.286s] [01m[K/opt/ros/humble/src/gtest_vendor/include/gtest/gtest_pred_impl.h:168:3:[m[K [01;36m[Knote: [m[Kin expansion of macro â€˜[01m[KGTEST_PRED_FORMAT2_[m[Kâ€™
[2.286s]   168 |   [01;36m[KGTEST_PRED_FORMAT2_[m[K(pred_format, v1, v2, GTEST_FATAL_FAILURE_)
[2.286s]       |   [01;36m[K^~~~~~~~~~~~~~~~~~~[m[K
[2.286s] [01m[K/opt/ros/humble/src/gtest_vendor/include/gtest/gtest.h:2041:3:[m[K [01;36m[Knote: [m[Kin expansion of macro â€˜[01m[KASSERT_PRED_FORMAT2[m[Kâ€™
[2.286s]  2041 |   [01;36m[KASSERT_PRED_FORMAT2[m[K(::testing::internal::EqHelper::Compare, val1, val2)
[2.286s]       |   [01;36m[K^~~~~~~~~~~~~~~~~~~[m[K
[2.286s] [01m[K/opt/ros/humble/src/gtest_vendor/include/gtest/gtest.h:2057:32:[m[K [01;36m[Knote: [m[Kin expansion of macro â€˜[01m[KGTEST_ASSERT_EQ[m[Kâ€™
[2.286s]  2057 | # define ASSERT_EQ(val1, val2) [01;36m[KGTEST_ASSERT_EQ[m[K(val1, val2)
[2.286s]       |                                [01;36m[K^~~~~~~~~~~~~~~[m[K
[2.286s] [01m[K/home/astra/Ti5_controller/src/Ti5_arms_controller/test/test_Ti5_arms_controller.hpp:136:5:[m[K [01;36m[Knote: [m[Kin expansion of macro â€˜[01m[KASSERT_EQ[m[Kâ€™
[2.286s]   136 |     [01;36m[KASSERT_EQ[m[K(
[2.286s]       |     [01;36m[K^~~~~~~~~[m[K
[2.289s] [01m[K/home/astra/Ti5_controller/src/Ti5_arms_controller/test/test_Ti5_arms_controller_preceeding.cpp:[m[K At global scope:
[2.289s] [01m[K/home/astra/Ti5_controller/src/Ti5_arms_controller/test/test_Ti5_arms_controller_preceeding.cpp:28:28:[m[K [01;31m[Kerror: [m[Kâ€˜[01m[KCMD_MY_ITFS[m[Kâ€™ has not been declared in â€˜[01m[KTi5_arms_controller[m[Kâ€™
[2.289s]    28 | using Ti5_arms_controller::[01;31m[KCMD_MY_ITFS[m[K;
[2.289s]       |                            [01;31m[K^~~~~~~~~~~[m[K
[2.289s] [01m[K/home/astra/Ti5_controller/src/Ti5_arms_controller/test/test_Ti5_arms_controller_preceeding.cpp:29:28:[m[K [01;31m[Kerror: [m[Kâ€˜[01m[Kcontrol_mode_type[m[Kâ€™ has not been declared in â€˜[01m[KTi5_arms_controller[m[Kâ€™
[2.289s]    29 | using Ti5_arms_controller::[01;31m[Kcontrol_mode_type[m[K;
[2.289s]       |                            [01;31m[K^~~~~~~~~~~~~~~~~[m[K
[2.289s] [01m[K/home/astra/Ti5_controller/src/Ti5_arms_controller/test/test_Ti5_arms_controller_preceeding.cpp:30:28:[m[K [01;31m[Kerror: [m[Kâ€˜[01m[KSTATE_MY_ITFS[m[Kâ€™ has not been declared in â€˜[01m[KTi5_arms_controller[m[Kâ€™
[2.289s]    30 | using Ti5_arms_controller::[01;31m[KSTATE_MY_ITFS[m[K;
[2.289s]       |                            [01;31m[K^~~~~~~~~~~~~[m[K
[2.292s] In file included from [01m[K/opt/ros/humble/src/gtest_vendor/include/gtest/gtest.h:62[m[K,
[2.292s]                  from [01m[K/opt/ros/humble/src/gmock_vendor/include/gmock/internal/gmock-internal-utils.h:47[m[K,
[2.292s]                  from [01m[K/opt/ros/humble/src/gmock_vendor/include/gmock/gmock-actions.h:51[m[K,
[2.292s]                  from [01m[K/opt/ros/humble/src/gmock_vendor/include/gmock/gmock.h:59[m[K,
[2.292s]                  from [01m[K/home/astra/Ti5_controller/src/Ti5_arms_controller/test/test_Ti5_arms_controller.hpp:32[m[K,
[2.292s]                  from [01m[K/home/astra/Ti5_controller/src/Ti5_arms_controller/test/test_Ti5_arms_controller_preceeding.cpp:20[m[K:
[2.292s] [01m[K/home/astra/Ti5_controller/src/Ti5_arms_controller/test/test_Ti5_arms_controller_preceeding.cpp:[m[K In member function â€˜[01m[Kvirtual void Ti5ArmsControllerTest_all_parameters_set_configure_success_Test::TestBody()[m[Kâ€™:
[2.292s] [01m[K/home/astra/Ti5_controller/src/Ti5_arms_controller/test/test_Ti5_arms_controller_preceeding.cpp:40:28:[m[K [01;31m[Kerror: [m[Kâ€˜[01m[KTi5_arms_controller::Params Ti5_arms_controller::Ti5ArmsController::params_[m[Kâ€™ is private within this context
[2.292s]    40 |   ASSERT_TRUE(controller_->[01;31m[Kparams_[m[K.joints.empty());
[2.292s]       |                            [01;31m[K^~~~~~~[m[K
[2.292s] [01m[K/opt/ros/humble/src/gtest_vendor/include/gtest/internal/gtest-internal.h:1325:34:[m[K [01;36m[Knote: [m[Kin definition of macro â€˜[01m[KGTEST_TEST_BOOLEAN_[m[Kâ€™
[2.292s]  1325 |       ::testing::AssertionResult([01;36m[Kexpression[m[K)) \
[2.292s]       |                                  [01;36m[K^~~~~~~~~~[m[K
[2.292s] [01m[K/home/astra/Ti5_controller/src/Ti5_arms_controller/test/test_Ti5_arms_controller_preceeding.cpp:40:3:[m[K [01;36m[Knote: [m[Kin expansion of macro â€˜[01m[KASSERT_TRUE[m[Kâ€™
[2.292s]    40 |   [01;36m[KASSERT_TRUE[m[K(controller_->params_.joints.empty());
[2.292s]       |   [01;36m[K^~~~~~~~~~~[m[K
[2.292s] In file included from [01m[K/home/astra/Ti5_controller/src/Ti5_arms_controller/test/test_Ti5_arms_controller.hpp:31[m[K,
[2.292s]                  from [01m[K/home/astra/Ti5_controller/src/Ti5_arms_controller/test/test_Ti5_arms_controller_preceeding.cpp:20[m[K:
[2.292s] [01m[K/home/astra/Ti5_controller/src/Ti5_arms_controller/include/Ti5_arms_controller/Ti5_arms_controller.hpp:78:33:[m[K [01;36m[Knote: [m[Kdeclared private here
[2.292s]    78 |     Ti5_arms_controller::Params [01;36m[Kparams_[m[K;
[2.292s]       |                                 [01;36m[K^~~~~~~[m[K
[2.293s] In file included from [01m[K/opt/ros/humble/src/gtest_vendor/include/gtest/gtest.h:62[m[K,
[2.293s]                  from [01m[K/opt/ros/humble/src/gmock_vendor/include/gmock/internal/gmock-internal-utils.h:47[m[K,
[2.293s]                  from [01m[K/opt/ros/humble/src/gmock_vendor/include/gmock/gmock-actions.h:51[m[K,
[2.293s]                  from [01m[K/opt/ros/humble/src/gmock_vendor/include/gmock/gmock.h:59[m[K,
[2.293s]                  from [01m[K/home/astra/Ti5_controller/src/Ti5_arms_controller/test/test_Ti5_arms_controller.hpp:32[m[K,
[2.293s]                  from [01m[K/home/astra/Ti5_controller/src/Ti5_arms_controller/test/test_Ti5_arms_controller_preceeding.cpp:20[m[K:
[2.293s] [01m[K/home/astra/Ti5_controller/src/Ti5_arms_controller/test/test_Ti5_arms_controller_preceeding.cpp:41:28:[m[K [01;31m[Kerror: [m[Kâ€˜[01m[KTi5_arms_controller::Params Ti5_arms_controller::Ti5ArmsController::params_[m[Kâ€™ is private within this context
[2.293s]    41 |   ASSERT_TRUE(controller_->[01;31m[Kparams_[m[K.state_joints.empty());
[2.293s]       |                            [01;31m[K^~~~~~~[m[K
[2.293s] [01m[K/opt/ros/humble/src/gtest_vendor/include/gtest/internal/gtest-internal.h:1325:34:[m[K [01;36m[Knote: [m[Kin definition of macro â€˜[01m[KGTEST_TEST_BOOLEAN_[m[Kâ€™
[2.293s]  1325 |       ::testing::AssertionResult([01;36m[Kexpression[m[K)) \
[2.293s]       |                                  [01;36m[K^~~~~~~~~~[m[K
[2.293s] [01m[K/home/astra/Ti5_controller/src/Ti5_arms_controller/test/test_Ti5_arms_controller_preceeding.cpp:41:3:[m[K [01;36m[Knote: [m[Kin expansion of macro â€˜[01m[KASSERT_TRUE[m[Kâ€™
[2.293s]    41 |   [01;36m[KASSERT_TRUE[m[K(controller_->params_.state_joints.empty());
[2.293s]       |   [01;36m[K^~~~~~~~~~~[m[K
[2.293s] In file included from [01m[K/home/astra/Ti5_controller/src/Ti5_arms_controller/test/test_Ti5_arms_controller.hpp:31[m[K,
[2.293s]                  from [01m[K/home/astra/Ti5_controller/src/Ti5_arms_controller/test/test_Ti5_arms_controller_preceeding.cpp:20[m[K:
[2.293s] [01m[K/home/astra/Ti5_controller/src/Ti5_arms_controller/include/Ti5_arms_controller/Ti5_arms_controller.hpp:78:33:[m[K [01;36m[Knote: [m[Kdeclared private here
[2.293s]    78 |     Ti5_arms_controller::Params [01;36m[Kparams_[m[K;
[2.293s]       |                                 [01;36m[K^~~~~~~[m[K
[2.293s] In file included from [01m[K/opt/ros/humble/src/gtest_vendor/include/gtest/gtest.h:62[m[K,
[2.293s]                  from [01m[K/opt/ros/humble/src/gmock_vendor/include/gmock/internal/gmock-internal-utils.h:47[m[K,
[2.293s]                  from [01m[K/opt/ros/humble/src/gmock_vendor/include/gmock/gmock-actions.h:51[m[K,
[2.293s]                  from [01m[K/opt/ros/humble/src/gmock_vendor/include/gmock/gmock.h:59[m[K,
[2.293s]                  from [01m[K/home/astra/Ti5_controller/src/Ti5_arms_controller/test/test_Ti5_arms_controller.hpp:32[m[K,
[2.293s]                  from [01m[K/home/astra/Ti5_controller/src/Ti5_arms_controller/test/test_Ti5_arms_controller_preceeding.cpp:20[m[K:
[2.293s] [01m[K/home/astra/Ti5_controller/src/Ti5_arms_controller/test/test_Ti5_arms_controller_preceeding.cpp:42:28:[m[K [01;31m[Kerror: [m[Kâ€˜[01m[KTi5_arms_controller::Params Ti5_arms_controller::Ti5ArmsController::params_[m[Kâ€™ is private within this context
[2.293s]    42 |   ASSERT_TRUE(controller_->[01;31m[Kparams_[m[K.interface_name.empty());
[2.294s]       |                            [01;31m[K^~~~~~~[m[K
[2.294s] [01m[K/opt/ros/humble/src/gtest_vendor/include/gtest/internal/gtest-internal.h:1325:34:[m[K [01;36m[Knote: [m[Kin definition of macro â€˜[01m[KGTEST_TEST_BOOLEAN_[m[Kâ€™
[2.294s]  1325 |       ::testing::AssertionResult([01;36m[Kexpression[m[K)) \
[2.294s]       |                                  [01;36m[K^~~~~~~~~~[m[K
[2.294s] [01m[K/home/astra/Ti5_controller/src/Ti5_arms_controller/test/test_Ti5_arms_controller_preceeding.cpp:42:3:[m[K [01;36m[Knote: [m[Kin expansion of macro â€˜[01m[KASSERT_TRUE[m[Kâ€™
[2.294s]    42 |   [01;36m[KASSERT_TRUE[m[K(controller_->params_.interface_name.empty());
[2.294s]       |   [01;36m[K^~~~~~~~~~~[m[K
[2.294s] In file included from [01m[K/home/astra/Ti5_controller/src/Ti5_arms_controller/test/test_Ti5_arms_controller.hpp:31[m[K,
[2.294s]                  from [01m[K/home/astra/Ti5_controller/src/Ti5_arms_controller/test/test_Ti5_arms_controller_preceeding.cpp:20[m[K:
[2.294s] [01m[K/home/astra/Ti5_controller/src/Ti5_arms_controller/include/Ti5_arms_controller/Ti5_arms_controller.hpp:78:33:[m[K [01;36m[Knote: [m[Kdeclared private here
[2.294s]    78 |     Ti5_arms_controller::Params [01;36m[Kparams_[m[K;
[2.294s]       |                                 [01;36m[K^~~~~~~[m[K
[2.294s] In file included from [01m[K/opt/ros/humble/src/gtest_vendor/include/gtest/gtest.h:375[m[K,
[2.294s]                  from [01m[K/opt/ros/humble/src/gmock_vendor/include/gmock/internal/gmock-internal-utils.h:47[m[K,
[2.294s]                  from [01m[K/opt/ros/humble/src/gmock_vendor/include/gmock/gmock-actions.h:51[m[K,
[2.294s]                  from [01m[K/opt/ros/humble/src/gmock_vendor/include/gmock/gmock.h:59[m[K,
[2.294s]                  from [01m[K/home/astra/Ti5_controller/src/Ti5_arms_controller/test/test_Ti5_arms_controller.hpp:32[m[K,
[2.294s]                  from [01m[K/home/astra/Ti5_controller/src/Ti5_arms_controller/test/test_Ti5_arms_controller_preceeding.cpp:20[m[K:
[2.294s] [01m[K/home/astra/Ti5_controller/src/Ti5_arms_controller/test/test_Ti5_arms_controller_preceeding.cpp:46:28:[m[K [01;31m[Kerror: [m[Kâ€˜[01m[KTi5_arms_controller::Params Ti5_arms_controller::Ti5ArmsController::params_[m[Kâ€™ is private within this context
[2.294s]    46 |   ASSERT_THAT(controller_->[01;31m[Kparams_[m[K.joints, testing::ElementsAreArray(joint_names_));
[2.294s]       |                            [01;31m[K^~~~~~~[m[K
[2.294s] [01m[K/opt/ros/humble/src/gtest_vendor/include/gtest/gtest_pred_impl.h:77:52:[m[K [01;36m[Knote: [m[Kin definition of macro â€˜[01m[KGTEST_ASSERT_[m[Kâ€™
[2.294s]    77 |   if (const ::testing::AssertionResult gtest_ar = ([01;36m[Kexpression[m[K)) \
[2.294s]       |                                                    [01;36m[K^~~~~~~~~~[m[K
[2.294s] [01m[K/opt/ros/humble/src/gtest_vendor/include/gtest/gtest_pred_impl.h:119:3:[m[K [01;36m[Knote: [m[Kin expansion of macro â€˜[01m[KGTEST_PRED_FORMAT1_[m[Kâ€™
[2.294s]   119 |   [01;36m[KGTEST_PRED_FORMAT1_[m[K(pred_format, v1, GTEST_FATAL_FAILURE_)
[2.294s]       |   [01;36m[K^~~~~~~~~~~~~~~~~~~[m[K
[2.294s] [01m[K/opt/ros/humble/src/gmock_vendor/include/gmock/gmock-matchers.h:4554:37:[m[K [01;36m[Knote: [m[Kin expansion of macro â€˜[01m[KASSERT_PRED_FORMAT1[m[Kâ€™
[2.294s]  4554 | #define ASSERT_THAT(value, matcher) [01;36m[KASSERT_PRED_FORMAT1[m[K(\
[2.294s]       |                                     [01;36m[K^~~~~~~~~~~~~~~~~~~[m[K
[2.294s] [01m[K/home/astra/Ti5_controller/src/Ti5_arms_controller/test/test_Ti5_arms_controller_preceeding.cpp:46:3:[m[K [01;36m[Knote: [m[Kin expansion of macro â€˜[01m[KASSERT_THAT[m[Kâ€™
[2.294s]    46 |   [01;36m[KASSERT_THAT[m[K(controller_->params_.joints, testing::ElementsAreArray(joint_names_));
[2.294s]       |   [01;36m[K^~~~~~~~~~~[m[K
[2.294s] In file included from [01m[K/home/astra/Ti5_controller/src/Ti5_arms_controller/test/test_Ti5_arms_controller.hpp:31[m[K,
[2.294s]                  from [01m[K/home/astra/Ti5_controller/src/Ti5_arms_controller/test/test_Ti5_arms_controller_preceeding.cpp:20[m[K:
[2.294s] [01m[K/home/astra/Ti5_controller/src/Ti5_arms_controller/include/Ti5_arms_controller/Ti5_arms_controller.hpp:78:33:[m[K [01;36m[Knote: [m[Kdeclared private here
[2.295s]    78 |     Ti5_arms_controller::Params [01;36m[Kparams_[m[K;
[2.295s]       |                                 [01;36m[K^~~~~~~[m[K
[2.295s] In file included from [01m[K/opt/ros/humble/src/gtest_vendor/include/gtest/gtest.h:375[m[K,
[2.295s]                  from [01m[K/opt/ros/humble/src/gmock_vendor/include/gmock/internal/gmock-internal-utils.h:47[m[K,
[2.295s]                  from [01m[K/opt/ros/humble/src/gmock_vendor/include/gmock/gmock-actions.h:51[m[K,
[2.295s]                  from [01m[K/opt/ros/humble/src/gmock_vendor/include/gmock/gmock.h:59[m[K,
[2.295s]                  from [01m[K/home/astra/Ti5_controller/src/Ti5_arms_controller/test/test_Ti5_arms_controller.hpp:32[m[K,
[2.295s]                  from [01m[K/home/astra/Ti5_controller/src/Ti5_arms_controller/test/test_Ti5_arms_controller_preceeding.cpp:20[m[K:
[2.295s] [01m[K/home/astra/Ti5_controller/src/Ti5_arms_controller/test/test_Ti5_arms_controller_preceeding.cpp:47:28:[m[K [01;31m[Kerror: [m[Kâ€˜[01m[KTi5_arms_controller::Params Ti5_arms_controller::Ti5ArmsController::params_[m[Kâ€™ is private within this context
[2.295s]    47 |   ASSERT_THAT(controller_->[01;31m[Kparams_[m[K.state_joints, testing::ElementsAreArray(state_joint_names_));
[2.295s]       |                            [01;31m[K^~~~~~~[m[K
[2.295s] [01m[K/opt/ros/humble/src/gtest_vendor/include/gtest/gtest_pred_impl.h:77:52:[m[K [01;36m[Knote: [m[Kin definition of macro â€˜[01m[KGTEST_ASSERT_[m[Kâ€™
[2.295s]    77 |   if (const ::testing::AssertionResult gtest_ar = ([01;36m[Kexpression[m[K)) \
[2.295s]       |                                                    [01;36m[K^~~~~~~~~~[m[K
[2.295s] [01m[K/opt/ros/humble/src/gtest_vendor/include/gtest/gtest_pred_impl.h:119:3:[m[K [01;36m[Knote: [m[Kin expansion of macro â€˜[01m[KGTEST_PRED_FORMAT1_[m[Kâ€™
[2.295s]   119 |   [01;36m[KGTEST_PRED_FORMAT1_[m[K(pred_format, v1, GTEST_FATAL_FAILURE_)
[2.295s]       |   [01;36m[K^~~~~~~~~~~~~~~~~~~[m[K
[2.295s] [01m[K/opt/ros/humble/src/gmock_vendor/include/gmock/gmock-matchers.h:4554:37:[m[K [01;36m[Knote: [m[Kin expansion of macro â€˜[01m[KASSERT_PRED_FORMAT1[m[Kâ€™
[2.295s]  4554 | #define ASSERT_THAT(value, matcher) [01;36m[KASSERT_PRED_FORMAT1[m[K(\
[2.295s]       |                                     [01;36m[K^~~~~~~~~~~~~~~~~~~[m[K
[2.295s] [01m[K/home/astra/Ti5_controller/src/Ti5_arms_controller/test/test_Ti5_arms_controller_preceeding.cpp:47:3:[m[K [01;36m[Knote: [m[Kin expansion of macro â€˜[01m[KASSERT_THAT[m[Kâ€™
[2.295s]    47 |   [01;36m[KASSERT_THAT[m[K(controller_->params_.state_joints, testing::ElementsAreArray(state_joint_names_));
[2.295s]       |   [01;36m[K^~~~~~~~~~~[m[K
[2.295s] In file included from [01m[K/home/astra/Ti5_controller/src/Ti5_arms_controller/test/test_Ti5_arms_controller.hpp:31[m[K,
[2.295s]                  from [01m[K/home/astra/Ti5_controller/src/Ti5_arms_controller/test/test_Ti5_arms_controller_preceeding.cpp:20[m[K:
[2.295s] [01m[K/home/astra/Ti5_controller/src/Ti5_arms_controller/include/Ti5_arms_controller/Ti5_arms_controller.hpp:78:33:[m[K [01;36m[Knote: [m[Kdeclared private here
[2.295s]    78 |     Ti5_arms_controller::Params [01;36m[Kparams_[m[K;
[2.295s]       |                                 [01;36m[K^~~~~~~[m[K
[2.295s] In file included from [01m[K/opt/ros/humble/src/gtest_vendor/include/gtest/gtest.h:375[m[K,
[2.295s]                  from [01m[K/opt/ros/humble/src/gmock_vendor/include/gmock/internal/gmock-internal-utils.h:47[m[K,
[2.295s]                  from [01m[K/opt/ros/humble/src/gmock_vendor/include/gmock/gmock-actions.h:51[m[K,
[2.295s]                  from [01m[K/opt/ros/humble/src/gmock_vendor/include/gmock/gmock.h:59[m[K,
[2.296s]                  from [01m[K/home/astra/Ti5_controller/src/Ti5_arms_controller/test/test_Ti5_arms_controller.hpp:32[m[K,
[2.296s]                  from [01m[K/home/astra/Ti5_controller/src/Ti5_arms_controller/test/test_Ti5_arms_controller_preceeding.cpp:20[m[K:
[2.296s] [01m[K/home/astra/Ti5_controller/src/Ti5_arms_controller/test/test_Ti5_arms_controller_preceeding.cpp:48:28:[m[K [01;31m[Kerror: [m[Kâ€˜[01m[Kclass TestableTi5ArmsController[m[Kâ€™ has no member named â€˜[01m[Kstate_joints_[m[Kâ€™
[2.296s]    48 |   ASSERT_THAT(controller_->[01;31m[Kstate_joints_[m[K, testing::ElementsAreArray(state_joint_names_));
[2.296s]       |                            [01;31m[K^~~~~~~~~~~~~[m[K
[2.296s] [01m[K/opt/ros/humble/src/gtest_vendor/include/gtest/gtest_pred_impl.h:77:52:[m[K [01;36m[Knote: [m[Kin definition of macro â€˜[01m[KGTEST_ASSERT_[m[Kâ€™
[2.296s]    77 |   if (const ::testing::AssertionResult gtest_ar = ([01;36m[Kexpression[m[K)) \
[2.296s]       |                                                    [01;36m[K^~~~~~~~~~[m[K
[2.296s] [01m[K/opt/ros/humble/src/gtest_vendor/include/gtest/gtest_pred_impl.h:119:3:[m[K [01;36m[Knote: [m[Kin expansion of macro â€˜[01m[KGTEST_PRED_FORMAT1_[m[Kâ€™
[2.296s]   119 |   [01;36m[KGTEST_PRED_FORMAT1_[m[K(pred_format, v1, GTEST_FATAL_FAILURE_)
[2.296s]       |   [01;36m[K^~~~~~~~~~~~~~~~~~~[m[K
[2.296s] [01m[K/opt/ros/humble/src/gmock_vendor/include/gmock/gmock-matchers.h:4554:37:[m[K [01;36m[Knote: [m[Kin expansion of macro â€˜[01m[KASSERT_PRED_FORMAT1[m[Kâ€™
[2.296s]  4554 | #define ASSERT_THAT(value, matcher) [01;36m[KASSERT_PRED_FORMAT1[m[K(\
[2.296s]       |                                     [01;36m[K^~~~~~~~~~~~~~~~~~~[m[K
[2.296s] [01m[K/home/astra/Ti5_controller/src/Ti5_arms_controller/test/test_Ti5_arms_controller_preceeding.cpp:48:3:[m[K [01;36m[Knote: [m[Kin expansion of macro â€˜[01m[KASSERT_THAT[m[Kâ€™
[2.296s]    48 |   [01;36m[KASSERT_THAT[m[K(controller_->state_joints_, testing::ElementsAreArray(state_joint_names_));
[2.296s]       |   [01;36m[K^~~~~~~~~~~[m[K
[2.296s] [01m[K/home/astra/Ti5_controller/src/Ti5_arms_controller/test/test_Ti5_arms_controller_preceeding.cpp:49:26:[m[K [01;31m[Kerror: [m[Kâ€˜[01m[KTi5_arms_controller::Params Ti5_arms_controller::Ti5ArmsController::params_[m[Kâ€™ is private within this context
[2.296s]    49 |   ASSERT_EQ(controller_->[01;31m[Kparams_[m[K.interface_name, interface_name_);
[2.296s]       |                          [01;31m[K^~~~~~~[m[K
[2.296s] [01m[K/opt/ros/humble/src/gtest_vendor/include/gtest/gtest_pred_impl.h:77:52:[m[K [01;36m[Knote: [m[Kin definition of macro â€˜[01m[KGTEST_ASSERT_[m[Kâ€™
[2.296s]    77 |   if (const ::testing::AssertionResult gtest_ar = ([01;36m[Kexpression[m[K)) \
[2.296s]       |                                                    [01;36m[K^~~~~~~~~~[m[K
[2.296s] [01m[K/opt/ros/humble/src/gtest_vendor/include/gtest/gtest_pred_impl.h:168:3:[m[K [01;36m[Knote: [m[Kin expansion of macro â€˜[01m[KGTEST_PRED_FORMAT2_[m[Kâ€™
[2.296s]   168 |   [01;36m[KGTEST_PRED_FORMAT2_[m[K(pred_format, v1, v2, GTEST_FATAL_FAILURE_)
[2.296s]       |   [01;36m[K^~~~~~~~~~~~~~~~~~~[m[K
[2.296s] [01m[K/opt/ros/humble/src/gtest_vendor/include/gtest/gtest.h:2041:3:[m[K [01;36m[Knote: [m[Kin expansion of macro â€˜[01m[KASSERT_PRED_FORMAT2[m[Kâ€™
[2.296s]  2041 |   [01;36m[KASSERT_PRED_FORMAT2[m[K(::testing::internal::EqHelper::Compare, val1, val2)
[2.296s]       |   [01;36m[K^~~~~~~~~~~~~~~~~~~[m[K
[2.296s] [01m[K/opt/ros/humble/src/gtest_vendor/include/gtest/gtest.h:2057:32:[m[K [01;36m[Knote: [m[Kin expansion of macro â€˜[01m[KGTEST_ASSERT_EQ[m[Kâ€™
[2.296s]  2057 | # define ASSERT_EQ(val1, val2) [01;36m[KGTEST_ASSERT_EQ[m[K(val1, val2)
[2.296s]       |                                [01;36m[K^~~~~~~~~~~~~~~[m[K
[2.296s] [01m[K/home/astra/Ti5_controller/src/Ti5_arms_controller/test/test_Ti5_arms_controller_preceeding.cpp:49:3:[m[K [01;36m[Knote: [m[Kin expansion of macro â€˜[01m[KASSERT_EQ[m[Kâ€™
[2.296s]    49 |   [01;36m[KASSERT_EQ[m[K(controller_->params_.interface_name, interface_name_);
[2.296s]       |   [01;36m[K^~~~~~~~~[m[K
[2.296s] In file included from [01m[K/home/astra/Ti5_controller/src/Ti5_arms_controller/test/test_Ti5_arms_controller.hpp:31[m[K,
[2.296s]                  from [01m[K/home/astra/Ti5_controller/src/Ti5_arms_controller/test/test_Ti5_arms_controller_preceeding.cpp:20[m[K:
[2.296s] [01m[K/home/astra/Ti5_controller/src/Ti5_arms_controller/include/Ti5_arms_controller/Ti5_arms_controller.hpp:78:33:[m[K [01;36m[Knote: [m[Kdeclared private here
[2.297s]    78 |     Ti5_arms_controller::Params [01;36m[Kparams_[m[K;
[2.297s]       |                                 [01;36m[K^~~~~~~[m[K
[2.299s] In file included from [01m[K/opt/ros/humble/src/gtest_vendor/include/gtest/gtest.h:375[m[K,
[2.299s]                  from [01m[K/opt/ros/humble/src/gmock_vendor/include/gmock/internal/gmock-internal-utils.h:47[m[K,
[2.299s]                  from [01m[K/opt/ros/humble/src/gmock_vendor/include/gmock/gmock-actions.h:51[m[K,
[2.299s]                  from [01m[K/opt/ros/humble/src/gmock_vendor/include/gmock/gmock.h:59[m[K,
[2.299s]                  from [01m[K/home/astra/Ti5_controller/src/Ti5_arms_controller/test/test_Ti5_arms_controller.hpp:32[m[K,
[2.299s]                  from [01m[K/home/astra/Ti5_controller/src/Ti5_arms_controller/test/test_Ti5_arms_controller.cpp:27[m[K:
[2.299s] [01m[K/home/astra/Ti5_controller/src/Ti5_arms_controller/test/test_Ti5_arms_controller.hpp:[m[K In member function â€˜[01m[Kvoid Ti5ArmsControllerFixture<CtrlType>::SetUpController(std::string)[m[Kâ€™:
[2.299s] [01m[K/home/astra/Ti5_controller/src/Ti5_arms_controller/test/test_Ti5_arms_controller.hpp:137:66:[m[K [01;31m[Kerror: [m[Kâ€˜[01m[Kclass TestableTi5ArmsController[m[Kâ€™ has no member named â€˜[01m[Kdefine_custom_node_options[m[Kâ€™
[2.299s]   137 |       controller_->init(controller_name, "", 0, "", controller_->[01;31m[Kdefine_custom_node_options[m[K()),
[2.299s]       |                                                                  [01;31m[K^~~~~~~~~~~~~~~~~~~~~~~~~~[m[K
[2.299s] [01m[K/opt/ros/humble/src/gtest_vendor/include/gtest/gtest_pred_impl.h:77:52:[m[K [01;36m[Knote: [m[Kin definition of macro â€˜[01m[KGTEST_ASSERT_[m[Kâ€™
[2.299s]    77 |   if (const ::testing::AssertionResult gtest_ar = ([01;36m[Kexpression[m[K)) \
[2.299s]       |                                                    [01;36m[K^~~~~~~~~~[m[K
[2.299s] [01m[K/opt/ros/humble/src/gtest_vendor/include/gtest/gtest_pred_impl.h:168:3:[m[K [01;36m[Knote: [m[Kin expansion of macro â€˜[01m[KGTEST_PRED_FORMAT2_[m[Kâ€™
[2.299s]   168 |   [01;36m[KGTEST_PRED_FORMAT2_[m[K(pred_format, v1, v2, GTEST_FATAL_FAILURE_)
[2.299s]       |   [01;36m[K^~~~~~~~~~~~~~~~~~~[m[K
[2.299s] [01m[K/opt/ros/humble/src/gtest_vendor/include/gtest/gtest.h:2041:3:[m[K [01;36m[Knote: [m[Kin expansion of macro â€˜[01m[KASSERT_PRED_FORMAT2[m[Kâ€™
[2.299s]  2041 |   [01;36m[KASSERT_PRED_FORMAT2[m[K(::testing::internal::EqHelper::Compare, val1, val2)
[2.299s]       |   [01;36m[K^~~~~~~~~~~~~~~~~~~[m[K
[2.299s] [01m[K/opt/ros/humble/src/gtest_vendor/include/gtest/gtest.h:2057:32:[m[K [01;36m[Knote: [m[Kin expansion of macro â€˜[01m[KGTEST_ASSERT_EQ[m[Kâ€™
[2.299s]  2057 | # define ASSERT_EQ(val1, val2) [01;36m[KGTEST_ASSERT_EQ[m[K(val1, val2)
[2.299s]       |                                [01;36m[K^~~~~~~~~~~~~~~[m[K
[2.299s] [01m[K/home/astra/Ti5_controller/src/Ti5_arms_controller/test/test_Ti5_arms_controller.hpp:136:5:[m[K [01;36m[Knote: [m[Kin expansion of macro â€˜[01m[KASSERT_EQ[m[Kâ€™
[2.299s]   136 |     [01;36m[KASSERT_EQ[m[K(
[2.299s]       |     [01;36m[K^~~~~~~~~[m[K
[2.302s] [01m[K/home/astra/Ti5_controller/src/Ti5_arms_controller/test/test_Ti5_arms_controller.cpp:[m[K At global scope:
[2.303s] [01m[K/home/astra/Ti5_controller/src/Ti5_arms_controller/test/test_Ti5_arms_controller.cpp:29:28:[m[K [01;31m[Kerror: [m[Kâ€˜[01m[KCMD_MY_ITFS[m[Kâ€™ has not been declared in â€˜[01m[KTi5_arms_controller[m[Kâ€™
[2.303s]    29 | using Ti5_arms_controller::[01;31m[KCMD_MY_ITFS[m[K;
[2.303s]       |                            [01;31m[K^~~~~~~~~~~[m[K
[2.303s] [01m[K/home/astra/Ti5_controller/src/Ti5_arms_controller/test/test_Ti5_arms_controller.cpp:30:28:[m[K [01;31m[Kerror: [m[Kâ€˜[01m[Kcontrol_mode_type[m[Kâ€™ has not been declared in â€˜[01m[KTi5_arms_controller[m[Kâ€™
[2.303s]    30 | using Ti5_arms_controller::[01;31m[Kcontrol_mode_type[m[K;
[2.303s]       |                            [01;31m[K^~~~~~~~~~~~~~~~~[m[K
[2.303s] [01m[K/home/astra/Ti5_controller/src/Ti5_arms_controller/test/test_Ti5_arms_controller.cpp:31:28:[m[K [01;31m[Kerror: [m[Kâ€˜[01m[KSTATE_MY_ITFS[m[Kâ€™ has not been declared in â€˜[01m[KTi5_arms_controller[m[Kâ€™
[2.303s]    31 | using Ti5_arms_controller::[01;31m[KSTATE_MY_ITFS[m[K;
[2.303s]       |                            [01;31m[K^~~~~~~~~~~~~[m[K
[2.305s] In file included from [01m[K/opt/ros/humble/src/gtest_vendor/include/gtest/gtest.h:62[m[K,
[2.305s]                  from [01m[K/opt/ros/humble/src/gmock_vendor/include/gmock/internal/gmock-internal-utils.h:47[m[K,
[2.305s]                  from [01m[K/opt/ros/humble/src/gmock_vendor/include/gmock/gmock-actions.h:51[m[K,
[2.305s]                  from [01m[K/opt/ros/humble/src/gmock_vendor/include/gmock/gmock.h:59[m[K,
[2.305s]                  from [01m[K/home/astra/Ti5_controller/src/Ti5_arms_controller/test/test_Ti5_arms_controller.hpp:32[m[K,
[2.305s]                  from [01m[K/home/astra/Ti5_controller/src/Ti5_arms_controller/test/test_Ti5_arms_controller.cpp:27[m[K:
[2.306s] [01m[K/home/astra/Ti5_controller/src/Ti5_arms_controller/test/test_Ti5_arms_controller.cpp:[m[K In member function â€˜[01m[Kvirtual void Ti5ArmsControllerTest_all_parameters_set_configure_success_Test::TestBody()[m[Kâ€™:
[2.306s] [01m[K/home/astra/Ti5_controller/src/Ti5_arms_controller/test/test_Ti5_arms_controller.cpp:41:28:[m[K [01;31m[Kerror: [m[Kâ€˜[01m[KTi5_arms_controller::Params Ti5_arms_controller::Ti5ArmsController::params_[m[Kâ€™ is private within this context
[2.306s]    41 |   ASSERT_TRUE(controller_->[01;31m[Kparams_[m[K.joints.empty());
[2.306s]       |                            [01;31m[K^~~~~~~[m[K
[2.306s] [01m[K/opt/ros/humble/src/gtest_vendor/include/gtest/internal/gtest-internal.h:1325:34:[m[K [01;36m[Knote: [m[Kin definition of macro â€˜[01m[KGTEST_TEST_BOOLEAN_[m[Kâ€™
[2.306s]  1325 |       ::testing::AssertionResult([01;36m[Kexpression[m[K)) \
[2.306s]       |                                  [01;36m[K^~~~~~~~~~[m[K
[2.306s] [01m[K/home/astra/Ti5_controller/src/Ti5_arms_controller/test/test_Ti5_arms_controller.cpp:41:3:[m[K [01;36m[Knote: [m[Kin expansion of macro â€˜[01m[KASSERT_TRUE[m[Kâ€™
[2.306s]    41 |   [01;36m[KASSERT_TRUE[m[K(controller_->params_.joints.empty());
[2.306s]       |   [01;36m[K^~~~~~~~~~~[m[K
[2.306s] In file included from [01m[K/home/astra/Ti5_controller/src/Ti5_arms_controller/test/test_Ti5_arms_controller.hpp:31[m[K,
[2.306s]                  from [01m[K/home/astra/Ti5_controller/src/Ti5_arms_controller/test/test_Ti5_arms_controller.cpp:27[m[K:
[2.306s] [01m[K/home/astra/Ti5_controller/src/Ti5_arms_controller/include/Ti5_arms_controller/Ti5_arms_controller.hpp:78:33:[m[K [01;36m[Knote: [m[Kdeclared private here
[2.306s]    78 |     Ti5_arms_controller::Params [01;36m[Kparams_[m[K;
[2.306s]       |                                 [01;36m[K^~~~~~~[m[K
[2.306s] In file included from [01m[K/opt/ros/humble/src/gtest_vendor/include/gtest/gtest.h:62[m[K,
[2.306s]                  from [01m[K/opt/ros/humble/src/gmock_vendor/include/gmock/internal/gmock-internal-utils.h:47[m[K,
[2.306s]                  from [01m[K/opt/ros/humble/src/gmock_vendor/include/gmock/gmock-actions.h:51[m[K,
[2.306s]                  from [01m[K/opt/ros/humble/src/gmock_vendor/include/gmock/gmock.h:59[m[K,
[2.306s]                  from [01m[K/home/astra/Ti5_controller/src/Ti5_arms_controller/test/test_Ti5_arms_controller.hpp:32[m[K,
[2.306s]                  from [01m[K/home/astra/Ti5_controller/src/Ti5_arms_controller/test/test_Ti5_arms_controller.cpp:27[m[K:
[2.306s] [01m[K/home/astra/Ti5_controller/src/Ti5_arms_controller/test/test_Ti5_arms_controller.cpp:42:28:[m[K [01;31m[Kerror: [m[Kâ€˜[01m[KTi5_arms_controller::Params Ti5_arms_controller::Ti5ArmsController::params_[m[Kâ€™ is private within this context
[2.306s]    42 |   ASSERT_TRUE(controller_->[01;31m[Kparams_[m[K.state_joints.empty());
[2.306s]       |                            [01;31m[K^~~~~~~[m[K
[2.306s] [01m[K/opt/ros/humble/src/gtest_vendor/include/gtest/internal/gtest-internal.h:1325:34:[m[K [01;36m[Knote: [m[Kin definition of macro â€˜[01m[KGTEST_TEST_BOOLEAN_[m[Kâ€™
[2.306s]  1325 |       ::testing::AssertionResult([01;36m[Kexpression[m[K)) \
[2.306s]       |                                  [01;36m[K^~~~~~~~~~[m[K
[2.306s] [01m[K/home/astra/Ti5_controller/src/Ti5_arms_controller/test/test_Ti5_arms_controller.cpp:42:3:[m[K [01;36m[Knote: [m[Kin expansion of macro â€˜[01m[KASSERT_TRUE[m[Kâ€™
[2.306s]    42 |   [01;36m[KASSERT_TRUE[m[K(controller_->params_.state_joints.empty());
[2.306s]       |   [01;36m[K^~~~~~~~~~~[m[K
[2.306s] In file included from [01m[K/home/astra/Ti5_controller/src/Ti5_arms_controller/test/test_Ti5_arms_controller.hpp:31[m[K,
[2.306s]                  from [01m[K/home/astra/Ti5_controller/src/Ti5_arms_controller/test/test_Ti5_arms_controller.cpp:27[m[K:
[2.306s] [01m[K/home/astra/Ti5_controller/src/Ti5_arms_controller/include/Ti5_arms_controller/Ti5_arms_controller.hpp:78:33:[m[K [01;36m[Knote: [m[Kdeclared private here
[2.306s]    78 |     Ti5_arms_controller::Params [01;36m[Kparams_[m[K;
[2.306s]       |                                 [01;36m[K^~~~~~~[m[K
[2.306s] In file included from [01m[K/opt/ros/humble/src/gtest_vendor/include/gtest/gtest.h:62[m[K,
[2.307s]                  from [01m[K/opt/ros/humble/src/gmock_vendor/include/gmock/internal/gmock-internal-utils.h:47[m[K,
[2.307s]                  from [01m[K/opt/ros/humble/src/gmock_vendor/include/gmock/gmock-actions.h:51[m[K,
[2.307s]                  from [01m[K/opt/ros/humble/src/gmock_vendor/include/gmock/gmock.h:59[m[K,
[2.307s]                  from [01m[K/home/astra/Ti5_controller/src/Ti5_arms_controller/test/test_Ti5_arms_controller.hpp:32[m[K,
[2.307s]                  from [01m[K/home/astra/Ti5_controller/src/Ti5_arms_controller/test/test_Ti5_arms_controller.cpp:27[m[K:
[2.307s] [01m[K/home/astra/Ti5_controller/src/Ti5_arms_controller/test/test_Ti5_arms_controller.cpp:43:28:[m[K [01;31m[Kerror: [m[Kâ€˜[01m[KTi5_arms_controller::Params Ti5_arms_controller::Ti5ArmsController::params_[m[Kâ€™ is private within this context
[2.307s]    43 |   ASSERT_TRUE(controller_->[01;31m[Kparams_[m[K.interface_name.empty());
[2.307s]       |                            [01;31m[K^~~~~~~[m[K
[2.307s] [01m[K/opt/ros/humble/src/gtest_vendor/include/gtest/internal/gtest-internal.h:1325:34:[m[K [01;36m[Knote: [m[Kin definition of macro â€˜[01m[KGTEST_TEST_BOOLEAN_[m[Kâ€™
[2.307s]  1325 |       ::testing::AssertionResult([01;36m[Kexpression[m[K)) \
[2.307s]       |                                  [01;36m[K^~~~~~~~~~[m[K
[2.307s] [01m[K/home/astra/Ti5_controller/src/Ti5_arms_controller/test/test_Ti5_arms_controller.cpp:43:3:[m[K [01;36m[Knote: [m[Kin expansion of macro â€˜[01m[KASSERT_TRUE[m[Kâ€™
[2.307s]    43 |   [01;36m[KASSERT_TRUE[m[K(controller_->params_.interface_name.empty());
[2.307s]       |   [01;36m[K^~~~~~~~~~~[m[K
[2.307s] In file included from [01m[K/home/astra/Ti5_controller/src/Ti5_arms_controller/test/test_Ti5_arms_controller.hpp:31[m[K,
[2.307s]                  from [01m[K/home/astra/Ti5_controller/src/Ti5_arms_controller/test/test_Ti5_arms_controller.cpp:27[m[K:
[2.307s] [01m[K/home/astra/Ti5_controller/src/Ti5_arms_controller/include/Ti5_arms_controller/Ti5_arms_controller.hpp:78:33:[m[K [01;36m[Knote: [m[Kdeclared private here
[2.307s]    78 |     Ti5_arms_controller::Params [01;36m[Kparams_[m[K;
[2.307s]       |                                 [01;36m[K^~~~~~~[m[K
[2.307s] In file included from [01m[K/opt/ros/humble/src/gtest_vendor/include/gtest/gtest.h:375[m[K,
[2.307s]                  from [01m[K/opt/ros/humble/src/gmock_vendor/include/gmock/internal/gmock-internal-utils.h:47[m[K,
[2.307s]                  from [01m[K/opt/ros/humble/src/gmock_vendor/include/gmock/gmock-actions.h:51[m[K,
[2.307s]                  from [01m[K/opt/ros/humble/src/gmock_vendor/include/gmock/gmock.h:59[m[K,
[2.307s]                  from [01m[K/home/astra/Ti5_controller/src/Ti5_arms_controller/test/test_Ti5_arms_controller.hpp:32[m[K,
[2.307s]                  from [01m[K/home/astra/Ti5_controller/src/Ti5_arms_controller/test/test_Ti5_arms_controller.cpp:27[m[K:
[2.307s] [01m[K/home/astra/Ti5_controller/src/Ti5_arms_controller/test/test_Ti5_arms_controller.cpp:47:28:[m[K [01;31m[Kerror: [m[Kâ€˜[01m[KTi5_arms_controller::Params Ti5_arms_controller::Ti5ArmsController::params_[m[Kâ€™ is private within this context
[2.307s]    47 |   ASSERT_THAT(controller_->[01;31m[Kparams_[m[K.joints, testing::ElementsAreArray(joint_names_));
[2.307s]       |                            [01;31m[K^~~~~~~[m[K
[2.307s] [01m[K/opt/ros/humble/src/gtest_vendor/include/gtest/gtest_pred_impl.h:77:52:[m[K [01;36m[Knote: [m[Kin definition of macro â€˜[01m[KGTEST_ASSERT_[m[Kâ€™
[2.307s]    77 |   if (const ::testing::AssertionResult gtest_ar = ([01;36m[Kexpression[m[K)) \
[2.307s]       |                                                    [01;36m[K^~~~~~~~~~[m[K
[2.307s] [01m[K/opt/ros/humble/src/gtest_vendor/include/gtest/gtest_pred_impl.h:119:3:[m[K [01;36m[Knote: [m[Kin expansion of macro â€˜[01m[KGTEST_PRED_FORMAT1_[m[Kâ€™
[2.308s]   119 |   [01;36m[KGTEST_PRED_FORMAT1_[m[K(pred_format, v1, GTEST_FATAL_FAILURE_)
[2.308s]       |   [01;36m[K^~~~~~~~~~~~~~~~~~~[m[K
[2.308s] [01m[K/opt/ros/humble/src/gmock_vendor/include/gmock/gmock-matchers.h:4554:37:[m[K [01;36m[Knote: [m[Kin expansion of macro â€˜[01m[KASSERT_PRED_FORMAT1[m[Kâ€™
[2.308s]  4554 | #define ASSERT_THAT(value, matcher) [01;36m[KASSERT_PRED_FORMAT1[m[K(\
[2.308s]       |                                     [01;36m[K^~~~~~~~~~~~~~~~~~~[m[K
[2.308s] [01m[K/home/astra/Ti5_controller/src/Ti5_arms_controller/test/test_Ti5_arms_controller.cpp:47:3:[m[K [01;36m[Knote: [m[Kin expansion of macro â€˜[01m[KASSERT_THAT[m[Kâ€™
[2.308s]    47 |   [01;36m[KASSERT_THAT[m[K(controller_->params_.joints, testing::ElementsAreArray(joint_names_));
[2.308s]       |   [01;36m[K^~~~~~~~~~~[m[K
[2.308s] In file included from [01m[K/home/astra/Ti5_controller/src/Ti5_arms_controller/test/test_Ti5_arms_controller.hpp:31[m[K,
[2.308s]                  from [01m[K/home/astra/Ti5_controller/src/Ti5_arms_controller/test/test_Ti5_arms_controller.cpp:27[m[K:
[2.308s] [01m[K/home/astra/Ti5_controller/src/Ti5_arms_controller/include/Ti5_arms_controller/Ti5_arms_controller.hpp:78:33:[m[K [01;36m[Knote: [m[Kdeclared private here
[2.308s]    78 |     Ti5_arms_controller::Params [01;36m[Kparams_[m[K;
[2.308s]       |                                 [01;36m[K^~~~~~~[m[K
[2.308s] In file included from [01m[K/opt/ros/humble/src/gtest_vendor/include/gtest/gtest.h:62[m[K,
[2.308s]                  from [01m[K/opt/ros/humble/src/gmock_vendor/include/gmock/internal/gmock-internal-utils.h:47[m[K,
[2.308s]                  from [01m[K/opt/ros/humble/src/gmock_vendor/include/gmock/gmock-actions.h:51[m[K,
[2.308s]                  from [01m[K/opt/ros/humble/src/gmock_vendor/include/gmock/gmock.h:59[m[K,
[2.308s]                  from [01m[K/home/astra/Ti5_controller/src/Ti5_arms_controller/test/test_Ti5_arms_controller.hpp:32[m[K,
[2.308s]                  from [01m[K/home/astra/Ti5_controller/src/Ti5_arms_controller/test/test_Ti5_arms_controller.cpp:27[m[K:
[2.308s] [01m[K/home/astra/Ti5_controller/src/Ti5_arms_controller/test/test_Ti5_arms_controller.cpp:48:28:[m[K [01;31m[Kerror: [m[Kâ€˜[01m[KTi5_arms_controller::Params Ti5_arms_controller::Ti5ArmsController::params_[m[Kâ€™ is private within this context
[2.308s]    48 |   ASSERT_TRUE(controller_->[01;31m[Kparams_[m[K.state_joints.empty());
[2.308s]       |                            [01;31m[K^~~~~~~[m[K
[2.308s] [01m[K/opt/ros/humble/src/gtest_vendor/include/gtest/internal/gtest-internal.h:1325:34:[m[K [01;36m[Knote: [m[Kin definition of macro â€˜[01m[KGTEST_TEST_BOOLEAN_[m[Kâ€™
[2.308s]  1325 |       ::testing::AssertionResult([01;36m[Kexpression[m[K)) \
[2.308s]       |                                  [01;36m[K^~~~~~~~~~[m[K
[2.308s] [01m[K/home/astra/Ti5_controller/src/Ti5_arms_controller/test/test_Ti5_arms_controller.cpp:48:3:[m[K [01;36m[Knote: [m[Kin expansion of macro â€˜[01m[KASSERT_TRUE[m[Kâ€™
[2.308s]    48 |   [01;36m[KASSERT_TRUE[m[K(controller_->params_.state_joints.empty());
[2.308s]       |   [01;36m[K^~~~~~~~~~~[m[K
[2.308s] In file included from [01m[K/home/astra/Ti5_controller/src/Ti5_arms_controller/test/test_Ti5_arms_controller.hpp:31[m[K,
[2.308s]                  from [01m[K/home/astra/Ti5_controller/src/Ti5_arms_controller/test/test_Ti5_arms_controller.cpp:27[m[K:
[2.308s] [01m[K/home/astra/Ti5_controller/src/Ti5_arms_controller/include/Ti5_arms_controller/Ti5_arms_controller.hpp:78:33:[m[K [01;36m[Knote: [m[Kdeclared private here
[2.308s]    78 |     Ti5_arms_controller::Params [01;36m[Kparams_[m[K;
[2.308s]       |                                 [01;36m[K^~~~~~~[m[K
[2.308s] In file included from [01m[K/opt/ros/humble/src/gtest_vendor/include/gtest/gtest.h:375[m[K,
[2.308s]                  from [01m[K/opt/ros/humble/src/gmock_vendor/include/gmock/internal/gmock-internal-utils.h:47[m[K,
[2.308s]                  from [01m[K/opt/ros/humble/src/gmock_vendor/include/gmock/gmock-actions.h:51[m[K,
[2.308s]                  from [01m[K/opt/ros/humble/src/gmock_vendor/include/gmock/gmock.h:59[m[K,
[2.308s]                  from [01m[K/home/astra/Ti5_controller/src/Ti5_arms_controller/test/test_Ti5_arms_controller.hpp:32[m[K,
[2.308s]                  from [01m[K/home/astra/Ti5_controller/src/Ti5_arms_controller/test/test_Ti5_arms_controller.cpp:27[m[K:
[2.308s] [01m[K/home/astra/Ti5_controller/src/Ti5_arms_controller/test/test_Ti5_arms_controller.cpp:49:28:[m[K [01;31m[Kerror: [m[Kâ€˜[01m[Kclass TestableTi5ArmsController[m[Kâ€™ has no member named â€˜[01m[Kstate_joints_[m[Kâ€™
[2.309s]    49 |   ASSERT_THAT(controller_->[01;31m[Kstate_joints_[m[K, testing::ElementsAreArray(joint_names_));
[2.309s]       |                            [01;31m[K^~~~~~~~~~~~~[m[K
[2.309s] [01m[K/opt/ros/humble/src/gtest_vendor/include/gtest/gtest_pred_impl.h:77:52:[m[K [01;36m[Knote: [m[Kin definition of macro â€˜[01m[KGTEST_ASSERT_[m[Kâ€™
[2.309s]    77 |   if (const ::testing::AssertionResult gtest_ar = ([01;36m[Kexpression[m[K)) \
[2.309s]       |                                                    [01;36m[K^~~~~~~~~~[m[K
[2.309s] [01m[K/opt/ros/humble/src/gtest_vendor/include/gtest/gtest_pred_impl.h:119:3:[m[K [01;36m[Knote: [m[Kin expansion of macro â€˜[01m[KGTEST_PRED_FORMAT1_[m[Kâ€™
[2.309s]   119 |   [01;36m[KGTEST_PRED_FORMAT1_[m[K(pred_format, v1, GTEST_FATAL_FAILURE_)
[2.309s]       |   [01;36m[K^~~~~~~~~~~~~~~~~~~[m[K
[2.309s] [01m[K/opt/ros/humble/src/gmock_vendor/include/gmock/gmock-matchers.h:4554:37:[m[K [01;36m[Knote: [m[Kin expansion of macro â€˜[01m[KASSERT_PRED_FORMAT1[m[Kâ€™
[2.309s]  4554 | #define ASSERT_THAT(value, matcher) [01;36m[KASSERT_PRED_FORMAT1[m[K(\
[2.309s]       |                                     [01;36m[K^~~~~~~~~~~~~~~~~~~[m[K
[2.309s] [01m[K/home/astra/Ti5_controller/src/Ti5_arms_controller/test/test_Ti5_arms_controller.cpp:49:3:[m[K [01;36m[Knote: [m[Kin expansion of macro â€˜[01m[KASSERT_THAT[m[Kâ€™
[2.309s]    49 |   [01;36m[KASSERT_THAT[m[K(controller_->state_joints_, testing::ElementsAreArray(joint_names_));
[2.309s]       |   [01;36m[K^~~~~~~~~~~[m[K
[2.309s] [01m[K/home/astra/Ti5_controller/src/Ti5_arms_controller/test/test_Ti5_arms_controller.cpp:50:26:[m[K [01;31m[Kerror: [m[Kâ€˜[01m[KTi5_arms_controller::Params Ti5_arms_controller::Ti5ArmsController::params_[m[Kâ€™ is private within this context
[2.309s]    50 |   ASSERT_EQ(controller_->[01;31m[Kparams_[m[K.interface_name, interface_name_);
[2.309s]       |                          [01;31m[K^~~~~~~[m[K
[2.309s] [01m[K/opt/ros/humble/src/gtest_vendor/include/gtest/gtest_pred_impl.h:77:52:[m[K [01;36m[Knote: [m[Kin definition of macro â€˜[01m[KGTEST_ASSERT_[m[Kâ€™
[2.309s]    77 |   if (const ::testing::AssertionResult gtest_ar = ([01;36m[Kexpression[m[K)) \
[2.309s]       |                                                    [01;36m[K^~~~~~~~~~[m[K
[2.309s] [01m[K/opt/ros/humble/src/gtest_vendor/include/gtest/gtest_pred_impl.h:168:3:[m[K [01;36m[Knote: [m[Kin expansion of macro â€˜[01m[KGTEST_PRED_FORMAT2_[m[Kâ€™
[2.309s]   168 |   [01;36m[KGTEST_PRED_FORMAT2_[m[K(pred_format, v1, v2, GTEST_FATAL_FAILURE_)
[2.309s]       |   [01;36m[K^~~~~~~~~~~~~~~~~~~[m[K
[2.309s] [01m[K/opt/ros/humble/src/gtest_vendor/include/gtest/gtest.h:2041:3:[m[K [01;36m[Knote: [m[Kin expansion of macro â€˜[01m[KASSERT_PRED_FORMAT2[m[Kâ€™
[2.309s]  2041 |   [01;36m[KASSERT_PRED_FORMAT2[m[K(::testing::internal::EqHelper::Compare, val1, val2)
[2.309s]       |   [01;36m[K^~~~~~~~~~~~~~~~~~~[m[K
[2.309s] [01m[K/opt/ros/humble/src/gtest_vendor/include/gtest/gtest.h:2057:32:[m[K [01;36m[Knote: [m[Kin expansion of macro â€˜[01m[KGTEST_ASSERT_EQ[m[Kâ€™
[2.309s]  2057 | # define ASSERT_EQ(val1, val2) [01;36m[KGTEST_ASSERT_EQ[m[K(val1, val2)
[2.309s]       |                                [01;36m[K^~~~~~~~~~~~~~~[m[K
[2.309s] [01m[K/home/astra/Ti5_controller/src/Ti5_arms_controller/test/test_Ti5_arms_controller.cpp:50:3:[m[K [01;36m[Knote: [m[Kin expansion of macro â€˜[01m[KASSERT_EQ[m[Kâ€™
[2.309s]    50 |   [01;36m[KASSERT_EQ[m[K(controller_->params_.interface_name, interface_name_);
[2.309s]       |   [01;36m[K^~~~~~~~~[m[K
[2.309s] In file included from [01m[K/home/astra/Ti5_controller/src/Ti5_arms_controller/test/test_Ti5_arms_controller.hpp:31[m[K,
[2.309s]                  from [01m[K/home/astra/Ti5_controller/src/Ti5_arms_controller/test/test_Ti5_arms_controller.cpp:27[m[K:
[2.309s] [01m[K/home/astra/Ti5_controller/src/Ti5_arms_controller/include/Ti5_arms_controller/Ti5_arms_controller.hpp:78:33:[m[K [01;36m[Knote: [m[Kdeclared private here
[2.309s]    78 |     Ti5_arms_controller::Params [01;36m[Kparams_[m[K;
[2.309s]       |                                 [01;36m[K^~~~~~~[m[K
[2.310s] [01m[K/home/astra/Ti5_controller/src/Ti5_arms_controller/test/test_Ti5_arms_controller.cpp:[m[K In member function â€˜[01m[Kvirtual void Ti5ArmsControllerTest_activate_success_Test::TestBody()[m[Kâ€™:
[2.310s] [01m[K/home/astra/Ti5_controller/src/Ti5_arms_controller/test/test_Ti5_arms_controller.cpp:82:27:[m[K [01;31m[Kerror: [m[Kâ€˜[01m[Krealtime_tools::RealtimeBuffer<std::shared_ptr<control_msgs::msg::JointJog_<std::allocator<void> > > > Ti5_arms_controller::Ti5ArmsController::input_ref_[m[Kâ€™ is private within this context
[2.310s]    82 |   auto msg = controller_->[01;31m[Kinput_ref_[m[K.readFromNonRT();
[2.310s]       |                           [01;31m[K^~~~~~~~~~[m[K
[2.310s] In file included from [01m[K/home/astra/Ti5_controller/src/Ti5_arms_controller/test/test_Ti5_arms_controller.hpp:31[m[K,
[2.310s]                  from [01m[K/home/astra/Ti5_controller/src/Ti5_arms_controller/test/test_Ti5_arms_controller.cpp:27[m[K:
[2.310s] [01m[K/home/astra/Ti5_controller/src/Ti5_arms_controller/include/Ti5_arms_controller/Ti5_arms_controller.hpp:93:77:[m[K [01;36m[Knote: [m[Kdeclared private here
[2.310s]    93 |     realtime_tools::RealtimeBuffer<std::shared_ptr<ControllerReferenceMsg>> [01;36m[Kinput_ref_[m[K;
[2.310s]       |                                                                             [01;36m[K^~~~~~~~~~[m[K
[2.315s] In file included from [01m[K/opt/ros/humble/src/gtest_vendor/include/gtest/gtest.h:375[m[K,
[2.315s]                  from [01m[K/opt/ros/humble/src/gmock_vendor/include/gmock/internal/gmock-internal-utils.h:47[m[K,
[2.315s]                  from [01m[K/opt/ros/humble/src/gmock_vendor/include/gmock/gmock-actions.h:51[m[K,
[2.315s]                  from [01m[K/opt/ros/humble/src/gmock_vendor/include/gmock/gmock.h:59[m[K,
[2.315s]                  from [01m[K/home/astra/Ti5_controller/src/Ti5_arms_controller/test/test_Ti5_arms_controller.hpp:32[m[K,
[2.315s]                  from [01m[K/home/astra/Ti5_controller/src/Ti5_arms_controller/test/test_Ti5_arms_controller.cpp:27[m[K:
[2.315s] [01m[K/home/astra/Ti5_controller/src/Ti5_arms_controller/test/test_Ti5_arms_controller.cpp:[m[K In member function â€˜[01m[Kvirtual void Ti5ArmsControllerTest_reactivate_success_Test::TestBody()[m[Kâ€™:
[2.315s] [01m[K/home/astra/Ti5_controller/src/Ti5_arms_controller/test/test_Ti5_arms_controller.cpp:124:26:[m[K [01;31m[Kerror: [m[Kâ€˜[01m[Kstd::vector<std::__cxx11::basic_string<char> > Ti5_arms_controller::Ti5ArmsController::command_interfaces_[m[Kâ€™ is private within this context
[2.315s]   124 |   ASSERT_EQ(controller_->[01;31m[Kcommand_interfaces_[m[K[CMD_MY_ITFS].get_value(), 101.101);
[2.315s]       |                          [01;31m[K^~~~~~~~~~~~~~~~~~~[m[K
[2.315s] [01m[K/opt/ros/humble/src/gtest_vendor/include/gtest/gtest_pred_impl.h:77:52:[m[K [01;36m[Knote: [m[Kin definition of macro â€˜[01m[KGTEST_ASSERT_[m[Kâ€™
[2.315s]    77 |   if (const ::testing::AssertionResult gtest_ar = ([01;36m[Kexpression[m[K)) \
[2.315s]       |                                                    [01;36m[K^~~~~~~~~~[m[K
[2.315s] [01m[K/opt/ros/humble/src/gtest_vendor/include/gtest/gtest_pred_impl.h:168:3:[m[K [01;36m[Knote: [m[Kin expansion of macro â€˜[01m[KGTEST_PRED_FORMAT2_[m[Kâ€™
[2.315s]   168 |   [01;36m[KGTEST_PRED_FORMAT2_[m[K(pred_format, v1, v2, GTEST_FATAL_FAILURE_)
[2.315s]       |   [01;36m[K^~~~~~~~~~~~~~~~~~~[m[K
[2.315s] [01m[K/opt/ros/humble/src/gtest_vendor/include/gtest/gtest.h:2041:3:[m[K [01;36m[Knote: [m[Kin expansion of macro â€˜[01m[KASSERT_PRED_FORMAT2[m[Kâ€™
[2.315s]  2041 |   [01;36m[KASSERT_PRED_FORMAT2[m[K(::testing::internal::EqHelper::Compare, val1, val2)
[2.315s]       |   [01;36m[K^~~~~~~~~~~~~~~~~~~[m[K
[2.315s] [01m[K/opt/ros/humble/src/gtest_vendor/include/gtest/gtest.h:2057:32:[m[K [01;36m[Knote: [m[Kin expansion of macro â€˜[01m[KGTEST_ASSERT_EQ[m[Kâ€™
[2.315s]  2057 | # define ASSERT_EQ(val1, val2) [01;36m[KGTEST_ASSERT_EQ[m[K(val1, val2)
[2.315s]       |                                [01;36m[K^~~~~~~~~~~~~~~[m[K
[2.315s] [01m[K/home/astra/Ti5_controller/src/Ti5_arms_controller/test/test_Ti5_arms_controller.cpp:124:3:[m[K [01;36m[Knote: [m[Kin expansion of macro â€˜[01m[KASSERT_EQ[m[Kâ€™
[2.315s]   124 |   [01;36m[KASSERT_EQ[m[K(controller_->command_interfaces_[CMD_MY_ITFS].get_value(), 101.101);
[2.315s]       |   [01;36m[K^~~~~~~~~[m[K
[2.315s] In file included from [01m[K/home/astra/Ti5_controller/src/Ti5_arms_controller/test/test_Ti5_arms_controller.hpp:31[m[K,
[2.315s]                  from [01m[K/home/astra/Ti5_controller/src/Ti5_arms_controller/test/test_Ti5_arms_controller.cpp:27[m[K:
[2.315s] [01m[K/home/astra/Ti5_controller/src/Ti5_arms_controller/include/Ti5_arms_controller/Ti5_arms_controller.hpp:85:30:[m[K [01;36m[Knote: [m[Kdeclared private here
[2.315s]    85 |     std::vector<std::string> [01;36m[Kcommand_interfaces_[m[K;
[2.315s]       |                              [01;36m[K^~~~~~~~~~~~~~~~~~~[m[K
[2.320s] In file included from [01m[K/opt/ros/humble/src/gtest_vendor/include/gtest/gtest.h:375[m[K,
[2.320s]                  from [01m[K/opt/ros/humble/src/gmock_vendor/include/gmock/internal/gmock-internal-utils.h:47[m[K,
[2.320s]                  from [01m[K/opt/ros/humble/src/gmock_vendor/include/gmock/gmock-actions.h:51[m[K,
[2.321s]                  from [01m[K/opt/ros/humble/src/gmock_vendor/include/gmock/gmock.h:59[m[K,
[2.321s]                  from [01m[K/home/astra/Ti5_controller/src/Ti5_arms_controller/test/test_Ti5_arms_controller.hpp:32[m[K,
[2.321s]                  from [01m[K/home/astra/Ti5_controller/src/Ti5_arms_controller/test/test_Ti5_arms_controller.cpp:27[m[K:
[2.321s] [01m[K/home/astra/Ti5_controller/src/Ti5_arms_controller/test/test_Ti5_arms_controller.cpp:124:46:[m[K [01;31m[Kerror: [m[Kâ€˜[01m[KCMD_MY_ITFS[m[Kâ€™ was not declared in this scope
[2.321s]   124 |   ASSERT_EQ(controller_->command_interfaces_[[01;31m[KCMD_MY_ITFS[m[K].get_value(), 101.101);
[2.321s]       |                                              [01;31m[K^~~~~~~~~~~[m[K
[2.321s] [01m[K/opt/ros/humble/src/gtest_vendor/include/gtest/gtest_pred_impl.h:77:52:[m[K [01;36m[Knote: [m[Kin definition of macro â€˜[01m[KGTEST_ASSERT_[m[Kâ€™
[2.321s]    77 |   if (const ::testing::AssertionResult gtest_ar = ([01;36m[Kexpression[m[K)) \
[2.321s]       |                                                    [01;36m[K^~~~~~~~~~[m[K
[2.321s] [01m[K/opt/ros/humble/src/gtest_vendor/include/gtest/gtest_pred_impl.h:168:3:[m[K [01;36m[Knote: [m[Kin expansion of macro â€˜[01m[KGTEST_PRED_FORMAT2_[m[Kâ€™
[2.321s]   168 |   [01;36m[KGTEST_PRED_FORMAT2_[m[K(pred_format, v1, v2, GTEST_FATAL_FAILURE_)
[2.321s]       |   [01;36m[K^~~~~~~~~~~~~~~~~~~[m[K
[2.321s] [01m[K/opt/ros/humble/src/gtest_vendor/include/gtest/gtest.h:2041:3:[m[K [01;36m[Knote: [m[Kin expansion of macro â€˜[01m[KASSERT_PRED_FORMAT2[m[Kâ€™
[2.321s]  2041 |   [01;36m[KASSERT_PRED_FORMAT2[m[K(::testing::internal::EqHelper::Compare, val1, val2)
[2.321s]       |   [01;36m[K^~~~~~~~~~~~~~~~~~~[m[K
[2.321s] [01m[K/opt/ros/humble/src/gtest_vendor/include/gtest/gtest.h:2057:32:[m[K [01;36m[Knote: [m[Kin expansion of macro â€˜[01m[KGTEST_ASSERT_EQ[m[Kâ€™
[2.321s]  2057 | # define ASSERT_EQ(val1, val2) [01;36m[KGTEST_ASSERT_EQ[m[K(val1, val2)
[2.321s]       |                                [01;36m[K^~~~~~~~~~~~~~~[m[K
[2.321s] [01m[K/home/astra/Ti5_controller/src/Ti5_arms_controller/test/test_Ti5_arms_controller.cpp:124:3:[m[K [01;36m[Knote: [m[Kin expansion of macro â€˜[01m[KASSERT_EQ[m[Kâ€™
[2.321s]   124 |   [01;36m[KASSERT_EQ[m[K(controller_->command_interfaces_[CMD_MY_ITFS].get_value(), 101.101);
[2.321s]       |   [01;36m[K^~~~~~~~~[m[K
[2.326s] In file included from [01m[K/opt/ros/humble/src/gtest_vendor/include/gtest/gtest.h:62[m[K,
[2.326s]                  from [01m[K/opt/ros/humble/src/gmock_vendor/include/gmock/internal/gmock-internal-utils.h:47[m[K,
[2.326s]                  from [01m[K/opt/ros/humble/src/gmock_vendor/include/gmock/gmock-actions.h:51[m[K,
[2.326s]                  from [01m[K/opt/ros/humble/src/gmock_vendor/include/gmock/gmock.h:59[m[K,
[2.326s]                  from [01m[K/home/astra/Ti5_controller/src/Ti5_arms_controller/test/test_Ti5_arms_controller.hpp:32[m[K,
[2.326s]                  from [01m[K/home/astra/Ti5_controller/src/Ti5_arms_controller/test/test_Ti5_arms_controller.cpp:27[m[K:
[2.326s] [01m[K/home/astra/Ti5_controller/src/Ti5_arms_controller/test/test_Ti5_arms_controller.cpp:126:59:[m[K [01;31m[Kerror: [m[Kâ€˜[01m[KCMD_MY_ITFS[m[Kâ€™ was not declared in this scope
[2.326s]   126 |   ASSERT_TRUE(std::isnan(controller_->command_interfaces_[[01;31m[KCMD_MY_ITFS[m[K].get_value()));
[2.326s]       |                                                           [01;31m[K^~~~~~~~~~~[m[K
[2.326s] [01m[K/opt/ros/humble/src/gtest_vendor/include/gtest/internal/gtest-internal.h:1325:34:[m[K [01;36m[Knote: [m[Kin definition of macro â€˜[01m[KGTEST_TEST_BOOLEAN_[m[Kâ€™
[2.326s]  1325 |       ::testing::AssertionResult([01;36m[Kexpression[m[K)) \
[2.326s]       |                                  [01;36m[K^~~~~~~~~~[m[K
[2.326s] [01m[K/home/astra/Ti5_controller/src/Ti5_arms_controller/test/test_Ti5_arms_controller.cpp:126:3:[m[K [01;36m[Knote: [m[Kin expansion of macro â€˜[01m[KASSERT_TRUE[m[Kâ€™
[2.326s]   126 |   [01;36m[KASSERT_TRUE[m[K(std::isnan(controller_->command_interfaces_[CMD_MY_ITFS].get_value()));
[2.326s]       |   [01;36m[K^~~~~~~~~~~[m[K
[2.326s] [01m[K/home/astra/Ti5_controller/src/Ti5_arms_controller/test/test_Ti5_arms_controller.cpp:126:39:[m[K [01;31m[Kerror: [m[Kâ€˜[01m[Kstd::vector<std::__cxx11::basic_string<char> > Ti5_arms_controller::Ti5ArmsController::command_interfaces_[m[Kâ€™ is private within this context
[2.326s]   126 |   ASSERT_TRUE(std::isnan(controller_->[01;31m[Kcommand_interfaces_[m[K[CMD_MY_ITFS].get_value()));
[2.326s]       |                                       [01;31m[K^~~~~~~~~~~~~~~~~~~[m[K
[2.326s] [01m[K/opt/ros/humble/src/gtest_vendor/include/gtest/internal/gtest-internal.h:1325:34:[m[K [01;36m[Knote: [m[Kin definition of macro â€˜[01m[KGTEST_TEST_BOOLEAN_[m[Kâ€™
[2.326s]  1325 |       ::testing::AssertionResult([01;36m[Kexpression[m[K)) \
[2.326s]       |                                  [01;36m[K^~~~~~~~~~[m[K
[2.326s] [01m[K/home/astra/Ti5_controller/src/Ti5_arms_controller/test/test_Ti5_arms_controller.cpp:126:3:[m[K [01;36m[Knote: [m[Kin expansion of macro â€˜[01m[KASSERT_TRUE[m[Kâ€™
[2.327s]   126 |   [01;36m[KASSERT_TRUE[m[K(std::isnan(controller_->command_interfaces_[CMD_MY_ITFS].get_value()));
[2.327s]       |   [01;36m[K^~~~~~~~~~~[m[K
[2.327s] In file included from [01m[K/home/astra/Ti5_controller/src/Ti5_arms_controller/test/test_Ti5_arms_controller.hpp:31[m[K,
[2.327s]                  from [01m[K/home/astra/Ti5_controller/src/Ti5_arms_controller/test/test_Ti5_arms_controller.cpp:27[m[K:
[2.327s] [01m[K/home/astra/Ti5_controller/src/Ti5_arms_controller/include/Ti5_arms_controller/Ti5_arms_controller.hpp:85:30:[m[K [01;36m[Knote: [m[Kdeclared private here
[2.327s]    85 |     std::vector<std::string> [01;36m[Kcommand_interfaces_[m[K;
[2.327s]       |                              [01;36m[K^~~~~~~~~~~~~~~~~~~[m[K
[2.331s] In file included from [01m[K/opt/ros/humble/src/gtest_vendor/include/gtest/gtest.h:62[m[K,
[2.331s]                  from [01m[K/opt/ros/humble/src/gmock_vendor/include/gmock/internal/gmock-internal-utils.h:47[m[K,
[2.332s]                  from [01m[K/opt/ros/humble/src/gmock_vendor/include/gmock/gmock-actions.h:51[m[K,
[2.332s]                  from [01m[K/opt/ros/humble/src/gmock_vendor/include/gmock/gmock.h:59[m[K,
[2.332s]                  from [01m[K/home/astra/Ti5_controller/src/Ti5_arms_controller/test/test_Ti5_arms_controller.hpp:32[m[K,
[2.332s]                  from [01m[K/home/astra/Ti5_controller/src/Ti5_arms_controller/test/test_Ti5_arms_controller.cpp:27[m[K:
[2.332s] [01m[K/home/astra/Ti5_controller/src/Ti5_arms_controller/test/test_Ti5_arms_controller.cpp:128:59:[m[K [01;31m[Kerror: [m[Kâ€˜[01m[KCMD_MY_ITFS[m[Kâ€™ was not declared in this scope
[2.332s]   128 |   ASSERT_TRUE(std::isnan(controller_->command_interfaces_[[01;31m[KCMD_MY_ITFS[m[K].get_value()));
[2.332s]       |                                                           [01;31m[K^~~~~~~~~~~[m[K
[2.332s] [01m[K/opt/ros/humble/src/gtest_vendor/include/gtest/internal/gtest-internal.h:1325:34:[m[K [01;36m[Knote: [m[Kin definition of macro â€˜[01m[KGTEST_TEST_BOOLEAN_[m[Kâ€™
[2.332s]  1325 |       ::testing::AssertionResult([01;36m[Kexpression[m[K)) \
[2.332s]       |                                  [01;36m[K^~~~~~~~~~[m[K
[2.332s] [01m[K/home/astra/Ti5_controller/src/Ti5_arms_controller/test/test_Ti5_arms_controller.cpp:128:3:[m[K [01;36m[Knote: [m[Kin expansion of macro â€˜[01m[KASSERT_TRUE[m[Kâ€™
[2.332s]   128 |   [01;36m[KASSERT_TRUE[m[K(std::isnan(controller_->command_interfaces_[CMD_MY_ITFS].get_value()));
[2.332s]       |   [01;36m[K^~~~~~~~~~~[m[K
[2.332s] [01m[K/home/astra/Ti5_controller/src/Ti5_arms_controller/test/test_Ti5_arms_controller.cpp:128:39:[m[K [01;31m[Kerror: [m[Kâ€˜[01m[Kstd::vector<std::__cxx11::basic_string<char> > Ti5_arms_controller::Ti5ArmsController::command_interfaces_[m[Kâ€™ is private within this context
[2.332s]   128 |   ASSERT_TRUE(std::isnan(controller_->[01;31m[Kcommand_interfaces_[m[K[CMD_MY_ITFS].get_value()));
[2.332s]       |                                       [01;31m[K^~~~~~~~~~~~~~~~~~~[m[K
[2.332s] [01m[K/opt/ros/humble/src/gtest_vendor/include/gtest/internal/gtest-internal.h:1325:34:[m[K [01;36m[Knote: [m[Kin definition of macro â€˜[01m[KGTEST_TEST_BOOLEAN_[m[Kâ€™
[2.332s]  1325 |       ::testing::AssertionResult([01;36m[Kexpression[m[K)) \
[2.332s]       |                                  [01;36m[K^~~~~~~~~~[m[K
[2.332s] [01m[K/home/astra/Ti5_controller/src/Ti5_arms_controller/test/test_Ti5_arms_controller.cpp:128:3:[m[K [01;36m[Knote: [m[Kin expansion of macro â€˜[01m[KASSERT_TRUE[m[Kâ€™
[2.332s]   128 |   [01;36m[KASSERT_TRUE[m[K(std::isnan(controller_->command_interfaces_[CMD_MY_ITFS].get_value()));
[2.332s]       |   [01;36m[K^~~~~~~~~~~[m[K
[2.332s] In file included from [01m[K/home/astra/Ti5_controller/src/Ti5_arms_controller/test/test_Ti5_arms_controller.hpp:31[m[K,
[2.332s]                  from [01m[K/home/astra/Ti5_controller/src/Ti5_arms_controller/test/test_Ti5_arms_controller.cpp:27[m[K:
[2.332s] [01m[K/home/astra/Ti5_controller/src/Ti5_arms_controller/include/Ti5_arms_controller/Ti5_arms_controller.hpp:85:30:[m[K [01;36m[Knote: [m[Kdeclared private here
[2.332s]    85 |     std::vector<std::string> [01;36m[Kcommand_interfaces_[m[K;
[2.332s]       |                              [01;36m[K^~~~~~~~~~~~~~~~~~~[m[K
[2.333s] In file included from [01m[K/opt/ros/humble/src/gtest_vendor/include/gtest/gtest.h:375[m[K,
[2.333s]                  from [01m[K/opt/ros/humble/src/gmock_vendor/include/gmock/internal/gmock-internal-utils.h:47[m[K,
[2.333s]                  from [01m[K/opt/ros/humble/src/gmock_vendor/include/gmock/gmock-actions.h:51[m[K,
[2.333s]                  from [01m[K/opt/ros/humble/src/gmock_vendor/include/gmock/gmock.h:59[m[K,
[2.333s]                  from [01m[K/home/astra/Ti5_controller/src/Ti5_arms_controller/test/test_Ti5_arms_controller.hpp:32[m[K,
[2.333s]                  from [01m[K/home/astra/Ti5_controller/src/Ti5_arms_controller/test/test_Ti5_arms_controller.cpp:27[m[K:
[2.333s] [01m[K/home/astra/Ti5_controller/src/Ti5_arms_controller/test/test_Ti5_arms_controller.cpp:[m[K In member function â€˜[01m[Kvirtual void Ti5ArmsControllerTest_test_setting_slow_mode_service_Test::TestBody()[m[Kâ€™:
[2.333s] [01m[K/home/astra/Ti5_controller/src/Ti5_arms_controller/test/test_Ti5_arms_controller.cpp:144:28:[m[K [01;31m[Kerror: [m[Kâ€˜[01m[Kclass TestableTi5ArmsController[m[Kâ€™ has no member named â€˜[01m[Kcontrol_mode_[m[Kâ€™
[2.333s]   144 |   ASSERT_EQ(*(controller_->[01;31m[Kcontrol_mode_[m[K.readFromRT()), control_mode_type::FAST);
[2.333s]       |                            [01;31m[K^~~~~~~~~~~~~[m[K
[2.333s] [01m[K/opt/ros/humble/src/gtest_vendor/include/gtest/gtest_pred_impl.h:77:52:[m[K [01;36m[Knote: [m[Kin definition of macro â€˜[01m[KGTEST_ASSERT_[m[Kâ€™
[2.333s]    77 |   if (const ::testing::AssertionResult gtest_ar = ([01;36m[Kexpression[m[K)) \
[2.333s]       |                                                    [01;36m[K^~~~~~~~~~[m[K
[2.333s] [01m[K/opt/ros/humble/src/gtest_vendor/include/gtest/gtest_pred_impl.h:168:3:[m[K [01;36m[Knote: [m[Kin expansion of macro â€˜[01m[KGTEST_PRED_FORMAT2_[m[Kâ€™
[2.333s]   168 |   [01;36m[KGTEST_PRED_FORMAT2_[m[K(pred_format, v1, v2, GTEST_FATAL_FAILURE_)
[2.333s]       |   [01;36m[K^~~~~~~~~~~~~~~~~~~[m[K
[2.333s] [01m[K/opt/ros/humble/src/gtest_vendor/include/gtest/gtest.h:2041:3:[m[K [01;36m[Knote: [m[Kin expansion of macro â€˜[01m[KASSERT_PRED_FORMAT2[m[Kâ€™
[2.333s]  2041 |   [01;36m[KASSERT_PRED_FORMAT2[m[K(::testing::internal::EqHelper::Compare, val1, val2)
[2.333s]       |   [01;36m[K^~~~~~~~~~~~~~~~~~~[m[K
[2.333s] [01m[K/opt/ros/humble/src/gtest_vendor/include/gtest/gtest.h:2057:32:[m[K [01;36m[Knote: [m[Kin expansion of macro â€˜[01m[KGTEST_ASSERT_EQ[m[Kâ€™
[2.333s]  2057 | # define ASSERT_EQ(val1, val2) [01;36m[KGTEST_ASSERT_EQ[m[K(val1, val2)
[2.333s]       |                                [01;36m[K^~~~~~~~~~~~~~~[m[K
[2.333s] [01m[K/home/astra/Ti5_controller/src/Ti5_arms_controller/test/test_Ti5_arms_controller.cpp:144:3:[m[K [01;36m[Knote: [m[Kin expansion of macro â€˜[01m[KASSERT_EQ[m[Kâ€™
[2.334s]   144 |   [01;36m[KASSERT_EQ[m[K(*(controller_->control_mode_.readFromRT()), control_mode_type::FAST);
[2.334s]       |   [01;36m[K^~~~~~~~~[m[K
[2.334s] [01m[K/home/astra/Ti5_controller/src/Ti5_arms_controller/test/test_Ti5_arms_controller.cpp:144:57:[m[K [01;31m[Kerror: [m[Kâ€˜[01m[Kcontrol_mode_type[m[Kâ€™ has not been declared
[2.334s]   144 |   ASSERT_EQ(*(controller_->control_mode_.readFromRT()), [01;31m[Kcontrol_mode_type[m[K::FAST);
[2.334s]       |                                                         [01;31m[K^~~~~~~~~~~~~~~~~[m[K
[2.334s] [01m[K/opt/ros/humble/src/gtest_vendor/include/gtest/gtest_pred_impl.h:77:52:[m[K [01;36m[Knote: [m[Kin definition of macro â€˜[01m[KGTEST_ASSERT_[m[Kâ€™
[2.334s]    77 |   if (const ::testing::AssertionResult gtest_ar = ([01;36m[Kexpression[m[K)) \
[2.334s]       |                                                    [01;36m[K^~~~~~~~~~[m[K
[2.334s] [01m[K/opt/ros/humble/src/gtest_vendor/include/gtest/gtest_pred_impl.h:168:3:[m[K [01;36m[Knote: [m[Kin expansion of macro â€˜[01m[KGTEST_PRED_FORMAT2_[m[Kâ€™
[2.334s]   168 |   [01;36m[KGTEST_PRED_FORMAT2_[m[K(pred_format, v1, v2, GTEST_FATAL_FAILURE_)
[2.334s]       |   [01;36m[K^~~~~~~~~~~~~~~~~~~[m[K
[2.334s] [01m[K/opt/ros/humble/src/gtest_vendor/include/gtest/gtest.h:2041:3:[m[K [01;36m[Knote: [m[Kin expansion of macro â€˜[01m[KASSERT_PRED_FORMAT2[m[Kâ€™
[2.334s]  2041 |   [01;36m[KASSERT_PRED_FORMAT2[m[K(::testing::internal::EqHelper::Compare, val1, val2)
[2.334s]       |   [01;36m[K^~~~~~~~~~~~~~~~~~~[m[K
[2.334s] [01m[K/opt/ros/humble/src/gtest_vendor/include/gtest/gtest.h:2057:32:[m[K [01;36m[Knote: [m[Kin expansion of macro â€˜[01m[KGTEST_ASSERT_EQ[m[Kâ€™
[2.334s]  2057 | # define ASSERT_EQ(val1, val2) [01;36m[KGTEST_ASSERT_EQ[m[K(val1, val2)
[2.334s]       |                                [01;36m[K^~~~~~~~~~~~~~~[m[K
[2.334s] [01m[K/home/astra/Ti5_controller/src/Ti5_arms_controller/test/test_Ti5_arms_controller.cpp:144:3:[m[K [01;36m[Knote: [m[Kin expansion of macro â€˜[01m[KASSERT_EQ[m[Kâ€™
[2.334s]   144 |   [01;36m[KASSERT_EQ[m[K(*(controller_->control_mode_.readFromRT()), control_mode_type::FAST);
[2.334s]       |   [01;36m[K^~~~~~~~~[m[K
[2.334s] [01m[K/home/astra/Ti5_controller/src/Ti5_arms_controller/test/test_Ti5_arms_controller.cpp:150:28:[m[K [01;31m[Kerror: [m[Kâ€˜[01m[Kclass TestableTi5ArmsController[m[Kâ€™ has no member named â€˜[01m[Kcontrol_mode_[m[Kâ€™
[2.334s]   150 |   ASSERT_EQ(*(controller_->[01;31m[Kcontrol_mode_[m[K.readFromRT()), control_mode_type::FAST);
[2.334s]       |                            [01;31m[K^~~~~~~~~~~~~[m[K
[2.334s] [01m[K/opt/ros/humble/src/gtest_vendor/include/gtest/gtest_pred_impl.h:77:52:[m[K [01;36m[Knote: [m[Kin definition of macro â€˜[01m[KGTEST_ASSERT_[m[Kâ€™
[2.334s]    77 |   if (const ::testing::AssertionResult gtest_ar = ([01;36m[Kexpression[m[K)) \
[2.334s]       |                                                    [01;36m[K^~~~~~~~~~[m[K
[2.334s] [01m[K/opt/ros/humble/src/gtest_vendor/include/gtest/gtest_pred_impl.h:168:3:[m[K [01;36m[Knote: [m[Kin expansion of macro â€˜[01m[KGTEST_PRED_FORMAT2_[m[Kâ€™
[2.334s]   168 |   [01;36m[KGTEST_PRED_FORMAT2_[m[K(pred_format, v1, v2, GTEST_FATAL_FAILURE_)
[2.334s]       |   [01;36m[K^~~~~~~~~~~~~~~~~~~[m[K
[2.334s] [01m[K/opt/ros/humble/src/gtest_vendor/include/gtest/gtest.h:2041:3:[m[K [01;36m[Knote: [m[Kin expansion of macro â€˜[01m[KASSERT_PRED_FORMAT2[m[Kâ€™
[2.334s]  2041 |   [01;36m[KASSERT_PRED_FORMAT2[m[K(::testing::internal::EqHelper::Compare, val1, val2)
[2.334s]       |   [01;36m[K^~~~~~~~~~~~~~~~~~~[m[K
[2.334s] [01m[K/opt/ros/humble/src/gtest_vendor/include/gtest/gtest.h:2057:32:[m[K [01;36m[Knote: [m[Kin expansion of macro â€˜[01m[KGTEST_ASSERT_EQ[m[Kâ€™
[2.334s]  2057 | # define ASSERT_EQ(val1, val2) [01;36m[KGTEST_ASSERT_EQ[m[K(val1, val2)
[2.335s]       |                                [01;36m[K^~~~~~~~~~~~~~~[m[K
[2.335s] [01m[K/home/astra/Ti5_controller/src/Ti5_arms_controller/test/test_Ti5_arms_controller.cpp:150:3:[m[K [01;36m[Knote: [m[Kin expansion of macro â€˜[01m[KASSERT_EQ[m[Kâ€™
[2.335s]   150 |   [01;36m[KASSERT_EQ[m[K(*(controller_->control_mode_.readFromRT()), control_mode_type::FAST);
[2.335s]       |   [01;36m[K^~~~~~~~~[m[K
[2.335s] [01m[K/home/astra/Ti5_controller/src/Ti5_arms_controller/test/test_Ti5_arms_controller.cpp:150:57:[m[K [01;31m[Kerror: [m[Kâ€˜[01m[Kcontrol_mode_type[m[Kâ€™ has not been declared
[2.335s]   150 |   ASSERT_EQ(*(controller_->control_mode_.readFromRT()), [01;31m[Kcontrol_mode_type[m[K::FAST);
[2.335s]       |                                                         [01;31m[K^~~~~~~~~~~~~~~~~[m[K
[2.335s] [01m[K/opt/ros/humble/src/gtest_vendor/include/gtest/gtest_pred_impl.h:77:52:[m[K [01;36m[Knote: [m[Kin definition of macro â€˜[01m[KGTEST_ASSERT_[m[Kâ€™
[2.335s]    77 |   if (const ::testing::AssertionResult gtest_ar = ([01;36m[Kexpression[m[K)) \
[2.335s]       |                                                    [01;36m[K^~~~~~~~~~[m[K
[2.335s] [01m[K/opt/ros/humble/src/gtest_vendor/include/gtest/gtest_pred_impl.h:168:3:[m[K [01;36m[Knote: [m[Kin expansion of macro â€˜[01m[KGTEST_PRED_FORMAT2_[m[Kâ€™
[2.335s]   168 |   [01;36m[KGTEST_PRED_FORMAT2_[m[K(pred_format, v1, v2, GTEST_FATAL_FAILURE_)
[2.335s]       |   [01;36m[K^~~~~~~~~~~~~~~~~~~[m[K
[2.335s] [01m[K/opt/ros/humble/src/gtest_vendor/include/gtest/gtest.h:2041:3:[m[K [01;36m[Knote: [m[Kin expansion of macro â€˜[01m[KASSERT_PRED_FORMAT2[m[Kâ€™
[2.335s]  2041 |   [01;36m[KASSERT_PRED_FORMAT2[m[K(::testing::internal::EqHelper::Compare, val1, val2)
[2.335s]       |   [01;36m[K^~~~~~~~~~~~~~~~~~~[m[K
[2.335s] [01m[K/opt/ros/humble/src/gtest_vendor/include/gtest/gtest.h:2057:32:[m[K [01;36m[Knote: [m[Kin expansion of macro â€˜[01m[KGTEST_ASSERT_EQ[m[Kâ€™
[2.335s]  2057 | # define ASSERT_EQ(val1, val2) [01;36m[KGTEST_ASSERT_EQ[m[K(val1, val2)
[2.335s]       |                                [01;36m[K^~~~~~~~~~~~~~~[m[K
[2.335s] [01m[K/home/astra/Ti5_controller/src/Ti5_arms_controller/test/test_Ti5_arms_controller.cpp:150:3:[m[K [01;36m[Knote: [m[Kin expansion of macro â€˜[01m[KASSERT_EQ[m[Kâ€™
[2.335s]   150 |   [01;36m[KASSERT_EQ[m[K(*(controller_->control_mode_.readFromRT()), control_mode_type::FAST);
[2.335s]       |   [01;36m[K^~~~~~~~~[m[K
[2.335s] [01m[K/home/astra/Ti5_controller/src/Ti5_arms_controller/test/test_Ti5_arms_controller.cpp:154:28:[m[K [01;31m[Kerror: [m[Kâ€˜[01m[Kclass TestableTi5ArmsController[m[Kâ€™ has no member named â€˜[01m[Kcontrol_mode_[m[Kâ€™
[2.335s]   154 |   ASSERT_EQ(*(controller_->[01;31m[Kcontrol_mode_[m[K.readFromRT()), control_mode_type::SLOW);
[2.335s]       |                            [01;31m[K^~~~~~~~~~~~~[m[K
[2.335s] [01m[K/opt/ros/humble/src/gtest_vendor/include/gtest/gtest_pred_impl.h:77:52:[m[K [01;36m[Knote: [m[Kin definition of macro â€˜[01m[KGTEST_ASSERT_[m[Kâ€™
[2.335s]    77 |   if (const ::testing::AssertionResult gtest_ar = ([01;36m[Kexpression[m[K)) \
[2.335s]       |                                                    [01;36m[K^~~~~~~~~~[m[K
[2.335s] [01m[K/opt/ros/humble/src/gtest_vendor/include/gtest/gtest_pred_impl.h:168:3:[m[K [01;36m[Knote: [m[Kin expansion of macro â€˜[01m[KGTEST_PRED_FORMAT2_[m[Kâ€™
[2.335s]   168 |   [01;36m[KGTEST_PRED_FORMAT2_[m[K(pred_format, v1, v2, GTEST_FATAL_FAILURE_)
[2.335s]       |   [01;36m[K^~~~~~~~~~~~~~~~~~~[m[K
[2.335s] [01m[K/opt/ros/humble/src/gtest_vendor/include/gtest/gtest.h:2041:3:[m[K [01;36m[Knote: [m[Kin expansion of macro â€˜[01m[KASSERT_PRED_FORMAT2[m[Kâ€™
[2.335s]  2041 |   [01;36m[KASSERT_PRED_FORMAT2[m[K(::testing::internal::EqHelper::Compare, val1, val2)
[2.335s]       |   [01;36m[K^~~~~~~~~~~~~~~~~~~[m[K
[2.335s] [01m[K/opt/ros/humble/src/gtest_vendor/include/gtest/gtest.h:2057:32:[m[K [01;36m[Knote: [m[Kin expansion of macro â€˜[01m[KGTEST_ASSERT_EQ[m[Kâ€™
[2.335s]  2057 | # define ASSERT_EQ(val1, val2) [01;36m[KGTEST_ASSERT_EQ[m[K(val1, val2)
[2.335s]       |                                [01;36m[K^~~~~~~~~~~~~~~[m[K
[2.335s] [01m[K/home/astra/Ti5_controller/src/Ti5_arms_controller/test/test_Ti5_arms_controller.cpp:154:3:[m[K [01;36m[Knote: [m[Kin expansion of macro â€˜[01m[KASSERT_EQ[m[Kâ€™
[2.336s]   154 |   [01;36m[KASSERT_EQ[m[K(*(controller_->control_mode_.readFromRT()), control_mode_type::SLOW);
[2.336s]       |   [01;36m[K^~~~~~~~~[m[K
[2.336s] [01m[K/home/astra/Ti5_controller/src/Ti5_arms_controller/test/test_Ti5_arms_controller.cpp:154:57:[m[K [01;31m[Kerror: [m[Kâ€˜[01m[Kcontrol_mode_type[m[Kâ€™ has not been declared
[2.336s]   154 |   ASSERT_EQ(*(controller_->control_mode_.readFromRT()), [01;31m[Kcontrol_mode_type[m[K::SLOW);
[2.336s]       |                                                         [01;31m[K^~~~~~~~~~~~~~~~~[m[K
[2.336s] [01m[K/opt/ros/humble/src/gtest_vendor/include/gtest/gtest_pred_impl.h:77:52:[m[K [01;36m[Knote: [m[Kin definition of macro â€˜[01m[KGTEST_ASSERT_[m[Kâ€™
[2.336s]    77 |   if (const ::testing::AssertionResult gtest_ar = ([01;36m[Kexpression[m[K)) \
[2.336s]       |                                                    [01;36m[K^~~~~~~~~~[m[K
[2.336s] [01m[K/opt/ros/humble/src/gtest_vendor/include/gtest/gtest_pred_impl.h:168:3:[m[K [01;36m[Knote: [m[Kin expansion of macro â€˜[01m[KGTEST_PRED_FORMAT2_[m[Kâ€™
[2.336s]   168 |   [01;36m[KGTEST_PRED_FORMAT2_[m[K(pred_format, v1, v2, GTEST_FATAL_FAILURE_)
[2.336s]       |   [01;36m[K^~~~~~~~~~~~~~~~~~~[m[K
[2.336s] [01m[K/opt/ros/humble/src/gtest_vendor/include/gtest/gtest.h:2041:3:[m[K [01;36m[Knote: [m[Kin expansion of macro â€˜[01m[KASSERT_PRED_FORMAT2[m[Kâ€™
[2.336s]  2041 |   [01;36m[KASSERT_PRED_FORMAT2[m[K(::testing::internal::EqHelper::Compare, val1, val2)
[2.336s]       |   [01;36m[K^~~~~~~~~~~~~~~~~~~[m[K
[2.336s] [01m[K/opt/ros/humble/src/gtest_vendor/include/gtest/gtest.h:2057:32:[m[K [01;36m[Knote: [m[Kin expansion of macro â€˜[01m[KGTEST_ASSERT_EQ[m[Kâ€™
[2.336s]  2057 | # define ASSERT_EQ(val1, val2) [01;36m[KGTEST_ASSERT_EQ[m[K(val1, val2)
[2.336s]       |                                [01;36m[K^~~~~~~~~~~~~~~[m[K
[2.336s] [01m[K/home/astra/Ti5_controller/src/Ti5_arms_controller/test/test_Ti5_arms_controller.cpp:154:3:[m[K [01;36m[Knote: [m[Kin expansion of macro â€˜[01m[KASSERT_EQ[m[Kâ€™
[2.336s]   154 |   [01;36m[KASSERT_EQ[m[K(*(controller_->control_mode_.readFromRT()), control_mode_type::SLOW);
[2.336s]       |   [01;36m[K^~~~~~~~~[m[K
[2.336s] [01m[K/home/astra/Ti5_controller/src/Ti5_arms_controller/test/test_Ti5_arms_controller.cpp:158:28:[m[K [01;31m[Kerror: [m[Kâ€˜[01m[Kclass TestableTi5ArmsController[m[Kâ€™ has no member named â€˜[01m[Kcontrol_mode_[m[Kâ€™
[2.336s]   158 |   ASSERT_EQ(*(controller_->[01;31m[Kcontrol_mode_[m[K.readFromRT()), control_mode_type::FAST);
[2.336s]       |                            [01;31m[K^~~~~~~~~~~~~[m[K
[2.336s] [01m[K/opt/ros/humble/src/gtest_vendor/include/gtest/gtest_pred_impl.h:77:52:[m[K [01;36m[Knote: [m[Kin definition of macro â€˜[01m[KGTEST_ASSERT_[m[Kâ€™
[2.336s]    77 |   if (const ::testing::AssertionResult gtest_ar = ([01;36m[Kexpression[m[K)) \
[2.336s]       |                                                    [01;36m[K^~~~~~~~~~[m[K
[2.336s] [01m[K/opt/ros/humble/src/gtest_vendor/include/gtest/gtest_pred_impl.h:168:3:[m[K [01;36m[Knote: [m[Kin expansion of macro â€˜[01m[KGTEST_PRED_FORMAT2_[m[Kâ€™
[2.336s]   168 |   [01;36m[KGTEST_PRED_FORMAT2_[m[K(pred_format, v1, v2, GTEST_FATAL_FAILURE_)
[2.336s]       |   [01;36m[K^~~~~~~~~~~~~~~~~~~[m[K
[2.336s] [01m[K/opt/ros/humble/src/gtest_vendor/include/gtest/gtest.h:2041:3:[m[K [01;36m[Knote: [m[Kin expansion of macro â€˜[01m[KASSERT_PRED_FORMAT2[m[Kâ€™
[2.336s]  2041 |   [01;36m[KASSERT_PRED_FORMAT2[m[K(::testing::internal::EqHelper::Compare, val1, val2)
[2.336s]       |   [01;36m[K^~~~~~~~~~~~~~~~~~~[m[K
[2.336s] [01m[K/opt/ros/humble/src/gtest_vendor/include/gtest/gtest.h:2057:32:[m[K [01;36m[Knote: [m[Kin expansion of macro â€˜[01m[KGTEST_ASSERT_EQ[m[Kâ€™
[2.336s]  2057 | # define ASSERT_EQ(val1, val2) [01;36m[KGTEST_ASSERT_EQ[m[K(val1, val2)
[2.336s]       |                                [01;36m[K^~~~~~~~~~~~~~~[m[K
[2.336s] [01m[K/home/astra/Ti5_controller/src/Ti5_arms_controller/test/test_Ti5_arms_controller.cpp:158:3:[m[K [01;36m[Knote: [m[Kin expansion of macro â€˜[01m[KASSERT_EQ[m[Kâ€™
[2.337s]   158 |   [01;36m[KASSERT_EQ[m[K(*(controller_->control_mode_.readFromRT()), control_mode_type::FAST);
[2.337s]       |   [01;36m[K^~~~~~~~~[m[K
[2.337s] [01m[K/home/astra/Ti5_controller/src/Ti5_arms_controller/test/test_Ti5_arms_controller.cpp:158:57:[m[K [01;31m[Kerror: [m[Kâ€˜[01m[Kcontrol_mode_type[m[Kâ€™ has not been declared
[2.337s]   158 |   ASSERT_EQ(*(controller_->control_mode_.readFromRT()), [01;31m[Kcontrol_mode_type[m[K::FAST);
[2.337s]       |                                                         [01;31m[K^~~~~~~~~~~~~~~~~[m[K
[2.337s] [01m[K/opt/ros/humble/src/gtest_vendor/include/gtest/gtest_pred_impl.h:77:52:[m[K [01;36m[Knote: [m[Kin definition of macro â€˜[01m[KGTEST_ASSERT_[m[Kâ€™
[2.337s]    77 |   if (const ::testing::AssertionResult gtest_ar = ([01;36m[Kexpression[m[K)) \
[2.337s]       |                                                    [01;36m[K^~~~~~~~~~[m[K
[2.337s] [01m[K/opt/ros/humble/src/gtest_vendor/include/gtest/gtest_pred_impl.h:168:3:[m[K [01;36m[Knote: [m[Kin expansion of macro â€˜[01m[KGTEST_PRED_FORMAT2_[m[Kâ€™
[2.337s]   168 |   [01;36m[KGTEST_PRED_FORMAT2_[m[K(pred_format, v1, v2, GTEST_FATAL_FAILURE_)
[2.337s]       |   [01;36m[K^~~~~~~~~~~~~~~~~~~[m[K
[2.337s] [01m[K/opt/ros/humble/src/gtest_vendor/include/gtest/gtest.h:2041:3:[m[K [01;36m[Knote: [m[Kin expansion of macro â€˜[01m[KASSERT_PRED_FORMAT2[m[Kâ€™
[2.337s]  2041 |   [01;36m[KASSERT_PRED_FORMAT2[m[K(::testing::internal::EqHelper::Compare, val1, val2)
[2.337s]       |   [01;36m[K^~~~~~~~~~~~~~~~~~~[m[K
[2.337s] [01m[K/opt/ros/humble/src/gtest_vendor/include/gtest/gtest.h:2057:32:[m[K [01;36m[Knote: [m[Kin expansion of macro â€˜[01m[KGTEST_ASSERT_EQ[m[Kâ€™
[2.337s]  2057 | # define ASSERT_EQ(val1, val2) [01;36m[KGTEST_ASSERT_EQ[m[K(val1, val2)
[2.337s]       |                                [01;36m[K^~~~~~~~~~~~~~~[m[K
[2.337s] [01m[K/home/astra/Ti5_controller/src/Ti5_arms_controller/test/test_Ti5_arms_controller.cpp:158:3:[m[K [01;36m[Knote: [m[Kin expansion of macro â€˜[01m[KASSERT_EQ[m[Kâ€™
[2.337s]   158 |   [01;36m[KASSERT_EQ[m[K(*(controller_->control_mode_.readFromRT()), control_mode_type::FAST);
[2.337s]       |   [01;36m[K^~~~~~~~~[m[K
[2.337s] [01m[K/home/astra/Ti5_controller/src/Ti5_arms_controller/test/test_Ti5_arms_controller.cpp:[m[K In member function â€˜[01m[Kvirtual void Ti5ArmsControllerTest_test_update_logic_fast_Test::TestBody()[m[Kâ€™:
[2.337s] [01m[K/home/astra/Ti5_controller/src/Ti5_arms_controller/test/test_Ti5_arms_controller.cpp:178:16:[m[K [01;31m[Kerror: [m[Kâ€˜[01m[Krealtime_tools::RealtimeBuffer<std::shared_ptr<control_msgs::msg::JointJog_<std::allocator<void> > > > Ti5_arms_controller::Ti5ArmsController::input_ref_[m[Kâ€™ is private within this context
[2.337s]   178 |   controller_->[01;31m[Kinput_ref_[m[K.writeFromNonRT(msg);
[2.337s]       |                [01;31m[K^~~~~~~~~~[m[K
[2.337s] In file included from [01m[K/home/astra/Ti5_controller/src/Ti5_arms_controller/test/test_Ti5_arms_controller.hpp:31[m[K,
[2.337s]                  from [01m[K/home/astra/Ti5_controller/src/Ti5_arms_controller/test/test_Ti5_arms_controller.cpp:27[m[K:
[2.337s] [01m[K/home/astra/Ti5_controller/src/Ti5_arms_controller/include/Ti5_arms_controller/Ti5_arms_controller.hpp:93:77:[m[K [01;36m[Knote: [m[Kdeclared private here
[2.337s]    93 |     realtime_tools::RealtimeBuffer<std::shared_ptr<ControllerReferenceMsg>> [01;36m[Kinput_ref_[m[K;
[2.337s]       |                                                                             [01;36m[K^~~~~~~~~~[m[K
[2.337s] In file included from [01m[K/opt/ros/humble/src/gtest_vendor/include/gtest/gtest.h:375[m[K,
[2.337s]                  from [01m[K/opt/ros/humble/src/gmock_vendor/include/gmock/internal/gmock-internal-utils.h:47[m[K,
[2.337s]                  from [01m[K/opt/ros/humble/src/gmock_vendor/include/gmock/gmock-actions.h:51[m[K,
[2.337s]                  from [01m[K/opt/ros/humble/src/gmock_vendor/include/gmock/gmock.h:59[m[K,
[2.337s]                  from [01m[K/home/astra/Ti5_controller/src/Ti5_arms_controller/test/test_Ti5_arms_controller.hpp:32[m[K,
[2.337s]                  from [01m[K/home/astra/Ti5_controller/src/Ti5_arms_controller/test/test_Ti5_arms_controller.cpp:27[m[K:
[2.337s] [01m[K/home/astra/Ti5_controller/src/Ti5_arms_controller/test/test_Ti5_arms_controller.cpp:184:28:[m[K [01;31m[Kerror: [m[Kâ€˜[01m[Kclass TestableTi5ArmsController[m[Kâ€™ has no member named â€˜[01m[Kcontrol_mode_[m[Kâ€™
[2.337s]   184 |   EXPECT_EQ(*(controller_->[01;31m[Kcontrol_mode_[m[K.readFromRT()), control_mode_type::FAST);
[2.337s]       |                            [01;31m[K^~~~~~~~~~~~~[m[K
[2.337s] [01m[K/opt/ros/humble/src/gtest_vendor/include/gtest/gtest_pred_impl.h:77:52:[m[K [01;36m[Knote: [m[Kin definition of macro â€˜[01m[KGTEST_ASSERT_[m[Kâ€™
[2.337s]    77 |   if (const ::testing::AssertionResult gtest_ar = ([01;36m[Kexpression[m[K)) \
[2.337s]       |                                                    [01;36m[K^~~~~~~~~~[m[K
[2.338s] [01m[K/opt/ros/humble/src/gtest_vendor/include/gtest/gtest_pred_impl.h:164:3:[m[K [01;36m[Knote: [m[Kin expansion of macro â€˜[01m[KGTEST_PRED_FORMAT2_[m[Kâ€™
[2.338s]   164 |   [01;36m[KGTEST_PRED_FORMAT2_[m[K(pred_format, v1, v2, GTEST_NONFATAL_FAILURE_)
[2.338s]       |   [01;36m[K^~~~~~~~~~~~~~~~~~~[m[K
[2.338s] [01m[K/opt/ros/humble/src/gtest_vendor/include/gtest/gtest.h:2028:3:[m[K [01;36m[Knote: [m[Kin expansion of macro â€˜[01m[KEXPECT_PRED_FORMAT2[m[Kâ€™
[2.338s]  2028 |   [01;36m[KEXPECT_PRED_FORMAT2[m[K(::testing::internal::EqHelper::Compare, val1, val2)
[2.338s]       |   [01;36m[K^~~~~~~~~~~~~~~~~~~[m[K
[2.338s] [01m[K/home/astra/Ti5_controller/src/Ti5_arms_controller/test/test_Ti5_arms_controller.cpp:184:3:[m[K [01;36m[Knote: [m[Kin expansion of macro â€˜[01m[KEXPECT_EQ[m[Kâ€™
[2.338s]   184 |   [01;36m[KEXPECT_EQ[m[K(*(controller_->control_mode_.readFromRT()), control_mode_type::FAST);
[2.338s]       |   [01;36m[K^~~~~~~~~[m[K
[2.338s] [01m[K/home/astra/Ti5_controller/src/Ti5_arms_controller/test/test_Ti5_arms_controller.cpp:184:57:[m[K [01;31m[Kerror: [m[Kâ€˜[01m[Kcontrol_mode_type[m[Kâ€™ has not been declared
[2.338s]   184 |   EXPECT_EQ(*(controller_->control_mode_.readFromRT()), [01;31m[Kcontrol_mode_type[m[K::FAST);
[2.338s]       |                                                         [01;31m[K^~~~~~~~~~~~~~~~~[m[K
[2.338s] [01m[K/opt/ros/humble/src/gtest_vendor/include/gtest/gtest_pred_impl.h:77:52:[m[K [01;36m[Knote: [m[Kin definition of macro â€˜[01m[KGTEST_ASSERT_[m[Kâ€™
[2.338s]    77 |   if (const ::testing::AssertionResult gtest_ar = ([01;36m[Kexpression[m[K)) \
[2.338s]       |                                                    [01;36m[K^~~~~~~~~~[m[K
[2.338s] [01m[K/opt/ros/humble/src/gtest_vendor/include/gtest/gtest_pred_impl.h:164:3:[m[K [01;36m[Knote: [m[Kin expansion of macro â€˜[01m[KGTEST_PRED_FORMAT2_[m[Kâ€™
[2.338s]   164 |   [01;36m[KGTEST_PRED_FORMAT2_[m[K(pred_format, v1, v2, GTEST_NONFATAL_FAILURE_)
[2.338s]       |   [01;36m[K^~~~~~~~~~~~~~~~~~~[m[K
[2.338s] [01m[K/opt/ros/humble/src/gtest_vendor/include/gtest/gtest.h:2028:3:[m[K [01;36m[Knote: [m[Kin expansion of macro â€˜[01m[KEXPECT_PRED_FORMAT2[m[Kâ€™
[2.338s]  2028 |   [01;36m[KEXPECT_PRED_FORMAT2[m[K(::testing::internal::EqHelper::Compare, val1, val2)
[2.338s]       |   [01;36m[K^~~~~~~~~~~~~~~~~~~[m[K
[2.338s] [01m[K/home/astra/Ti5_controller/src/Ti5_arms_controller/test/test_Ti5_arms_controller.cpp:184:3:[m[K [01;36m[Knote: [m[Kin expansion of macro â€˜[01m[KEXPECT_EQ[m[Kâ€™
[2.338s]   184 |   [01;36m[KEXPECT_EQ[m[K(*(controller_->control_mode_.readFromRT()), control_mode_type::FAST);
[2.338s]       |   [01;36m[K^~~~~~~~~[m[K
[2.341s] [01m[K/home/astra/Ti5_controller/src/Ti5_arms_controller/test/test_Ti5_arms_controller.cpp:185:35:[m[K [01;31m[Kerror: [m[Kâ€˜[01m[KSTATE_MY_ITFS[m[Kâ€™ was not declared in this scope
[2.341s]   185 |   EXPECT_EQ(joint_command_values_[[01;31m[KSTATE_MY_ITFS[m[K], TEST_DISPLACEMENT);
[2.341s]       |                                   [01;31m[K^~~~~~~~~~~~~[m[K
[2.342s] [01m[K/opt/ros/humble/src/gtest_vendor/include/gtest/gtest_pred_impl.h:77:52:[m[K [01;36m[Knote: [m[Kin definition of macro â€˜[01m[KGTEST_ASSERT_[m[Kâ€™
[2.342s]    77 |   if (const ::testing::AssertionResult gtest_ar = ([01;36m[Kexpression[m[K)) \
[2.342s]       |                                                    [01;36m[K^~~~~~~~~~[m[K
[2.342s] [01m[K/opt/ros/humble/src/gtest_vendor/include/gtest/gtest_pred_impl.h:164:3:[m[K [01;36m[Knote: [m[Kin expansion of macro â€˜[01m[KGTEST_PRED_FORMAT2_[m[Kâ€™
[2.342s]   164 |   [01;36m[KGTEST_PRED_FORMAT2_[m[K(pred_format, v1, v2, GTEST_NONFATAL_FAILURE_)
[2.342s]       |   [01;36m[K^~~~~~~~~~~~~~~~~~~[m[K
[2.342s] [01m[K/opt/ros/humble/src/gtest_vendor/include/gtest/gtest.h:2028:3:[m[K [01;36m[Knote: [m[Kin expansion of macro â€˜[01m[KEXPECT_PRED_FORMAT2[m[Kâ€™
[2.342s]  2028 |   [01;36m[KEXPECT_PRED_FORMAT2[m[K(::testing::internal::EqHelper::Compare, val1, val2)
[2.342s]       |   [01;36m[K^~~~~~~~~~~~~~~~~~~[m[K
[2.342s] [01m[K/home/astra/Ti5_controller/src/Ti5_arms_controller/test/test_Ti5_arms_controller.cpp:185:3:[m[K [01;36m[Knote: [m[Kin expansion of macro â€˜[01m[KEXPECT_EQ[m[Kâ€™
[2.342s]   185 |   [01;36m[KEXPECT_EQ[m[K(joint_command_values_[STATE_MY_ITFS], TEST_DISPLACEMENT);
[2.342s]       |   [01;36m[K^~~~~~~~~[m[K
[2.342s] In file included from [01m[K/opt/ros/humble/src/gtest_vendor/include/gtest/gtest.h:62[m[K,
[2.342s]                  from [01m[K/opt/ros/humble/src/gmock_vendor/include/gmock/internal/gmock-internal-utils.h:47[m[K,
[2.342s]                  from [01m[K/opt/ros/humble/src/gmock_vendor/include/gmock/gmock-actions.h:51[m[K,
[2.342s]                  from [01m[K/opt/ros/humble/src/gmock_vendor/include/gmock/gmock.h:59[m[K,
[2.342s]                  from [01m[K/home/astra/Ti5_controller/src/Ti5_arms_controller/test/test_Ti5_arms_controller.hpp:32[m[K,
[2.342s]                  from [01m[K/home/astra/Ti5_controller/src/Ti5_arms_controller/test/test_Ti5_arms_controller.cpp:27[m[K:
[2.342s] [01m[K/home/astra/Ti5_controller/src/Ti5_arms_controller/test/test_Ti5_arms_controller.cpp:186:42:[m[K [01;31m[Kerror: [m[Kâ€˜[01m[Krealtime_tools::RealtimeBuffer<std::shared_ptr<control_msgs::msg::JointJog_<std::allocator<void> > > > Ti5_arms_controller::Ti5ArmsController::input_ref_[m[Kâ€™ is private within this context
[2.342s]   186 |   EXPECT_TRUE(std::isnan((*(controller_->[01;31m[Kinput_ref_[m[K.readFromRT()))->displacements[0]));
[2.342s]       |                                          [01;31m[K^~~~~~~~~~[m[K
[2.342s] [01m[K/opt/ros/humble/src/gtest_vendor/include/gtest/internal/gtest-internal.h:1325:34:[m[K [01;36m[Knote: [m[Kin definition of macro â€˜[01m[KGTEST_TEST_BOOLEAN_[m[Kâ€™
[2.342s]  1325 |       ::testing::AssertionResult([01;36m[Kexpression[m[K)) \
[2.342s]       |                                  [01;36m[K^~~~~~~~~~[m[K
[2.342s] [01m[K/home/astra/Ti5_controller/src/Ti5_arms_controller/test/test_Ti5_arms_controller.cpp:186:3:[m[K [01;36m[Knote: [m[Kin expansion of macro â€˜[01m[KEXPECT_TRUE[m[Kâ€™
[2.342s]   186 |   [01;36m[KEXPECT_TRUE[m[K(std::isnan((*(controller_->input_ref_.readFromRT()))->displacements[0]));
[2.342s]       |   [01;36m[K^~~~~~~~~~~[m[K
[2.342s] In file included from [01m[K/home/astra/Ti5_controller/src/Ti5_arms_controller/test/test_Ti5_arms_controller.hpp:31[m[K,
[2.342s]                  from [01m[K/home/astra/Ti5_controller/src/Ti5_arms_controller/test/test_Ti5_arms_controller.cpp:27[m[K:
[2.342s] [01m[K/home/astra/Ti5_controller/src/Ti5_arms_controller/include/Ti5_arms_controller/Ti5_arms_controller.hpp:93:77:[m[K [01;36m[Knote: [m[Kdeclared private here
[2.342s]    93 |     realtime_tools::RealtimeBuffer<std::shared_ptr<ControllerReferenceMsg>> [01;36m[Kinput_ref_[m[K;
[2.342s]       |                                                                             [01;36m[K^~~~~~~~~~[m[K
[2.342s] In file included from [01m[K/opt/ros/humble/src/gtest_vendor/include/gtest/gtest.h:375[m[K,
[2.343s]                  from [01m[K/opt/ros/humble/src/gmock_vendor/include/gmock/internal/gmock-internal-utils.h:47[m[K,
[2.343s]                  from [01m[K/opt/ros/humble/src/gmock_vendor/include/gmock/gmock-actions.h:51[m[K,
[2.343s]                  from [01m[K/opt/ros/humble/src/gmock_vendor/include/gmock/gmock.h:59[m[K,
[2.343s]                  from [01m[K/home/astra/Ti5_controller/src/Ti5_arms_controller/test/test_Ti5_arms_controller.hpp:32[m[K,
[2.343s]                  from [01m[K/home/astra/Ti5_controller/src/Ti5_arms_controller/test/test_Ti5_arms_controller.cpp:27[m[K:
[2.343s] [01m[K/home/astra/Ti5_controller/src/Ti5_arms_controller/test/test_Ti5_arms_controller.cpp:187:28:[m[K [01;31m[Kerror: [m[Kâ€˜[01m[Kclass TestableTi5ArmsController[m[Kâ€™ has no member named â€˜[01m[Kcontrol_mode_[m[Kâ€™
[2.343s]   187 |   EXPECT_EQ(*(controller_->[01;31m[Kcontrol_mode_[m[K.readFromRT()), control_mode_type::FAST);
[2.343s]       |                            [01;31m[K^~~~~~~~~~~~~[m[K
[2.343s] [01m[K/opt/ros/humble/src/gtest_vendor/include/gtest/gtest_pred_impl.h:77:52:[m[K [01;36m[Knote: [m[Kin definition of macro â€˜[01m[KGTEST_ASSERT_[m[Kâ€™
[2.343s]    77 |   if (const ::testing::AssertionResult gtest_ar = ([01;36m[Kexpression[m[K)) \
[2.343s]       |                                                    [01;36m[K^~~~~~~~~~[m[K
[2.343s] [01m[K/opt/ros/humble/src/gtest_vendor/include/gtest/gtest_pred_impl.h:164:3:[m[K [01;36m[Knote: [m[Kin expansion of macro â€˜[01m[KGTEST_PRED_FORMAT2_[m[Kâ€™
[2.343s]   164 |   [01;36m[KGTEST_PRED_FORMAT2_[m[K(pred_format, v1, v2, GTEST_NONFATAL_FAILURE_)
[2.343s]       |   [01;36m[K^~~~~~~~~~~~~~~~~~~[m[K
[2.343s] [01m[K/opt/ros/humble/src/gtest_vendor/include/gtest/gtest.h:2028:3:[m[K [01;36m[Knote: [m[Kin expansion of macro â€˜[01m[KEXPECT_PRED_FORMAT2[m[Kâ€™
[2.343s]  2028 |   [01;36m[KEXPECT_PRED_FORMAT2[m[K(::testing::internal::EqHelper::Compare, val1, val2)
[2.343s]       |   [01;36m[K^~~~~~~~~~~~~~~~~~~[m[K
[2.343s] [01m[K/home/astra/Ti5_controller/src/Ti5_arms_controller/test/test_Ti5_arms_controller.cpp:187:3:[m[K [01;36m[Knote: [m[Kin expansion of macro â€˜[01m[KEXPECT_EQ[m[Kâ€™
[2.343s]   187 |   [01;36m[KEXPECT_EQ[m[K(*(controller_->control_mode_.readFromRT()), control_mode_type::FAST);
[2.343s]       |   [01;36m[K^~~~~~~~~[m[K
[2.343s] [01m[K/home/astra/Ti5_controller/src/Ti5_arms_controller/test/test_Ti5_arms_controller.cpp:187:57:[m[K [01;31m[Kerror: [m[Kâ€˜[01m[Kcontrol_mode_type[m[Kâ€™ has not been declared
[2.343s]   187 |   EXPECT_EQ(*(controller_->control_mode_.readFromRT()), [01;31m[Kcontrol_mode_type[m[K::FAST);
[2.343s]       |                                                         [01;31m[K^~~~~~~~~~~~~~~~~[m[K
[2.343s] [01m[K/opt/ros/humble/src/gtest_vendor/include/gtest/gtest_pred_impl.h:77:52:[m[K [01;36m[Knote: [m[Kin definition of macro â€˜[01m[KGTEST_ASSERT_[m[Kâ€™
[2.343s]    77 |   if (const ::testing::AssertionResult gtest_ar = ([01;36m[Kexpression[m[K)) \
[2.343s]       |                                                    [01;36m[K^~~~~~~~~~[m[K
[2.343s] [01m[K/opt/ros/humble/src/gtest_vendor/include/gtest/gtest_pred_impl.h:164:3:[m[K [01;36m[Knote: [m[Kin expansion of macro â€˜[01m[KGTEST_PRED_FORMAT2_[m[Kâ€™
[2.343s]   164 |   [01;36m[KGTEST_PRED_FORMAT2_[m[K(pred_format, v1, v2, GTEST_NONFATAL_FAILURE_)
[2.343s]       |   [01;36m[K^~~~~~~~~~~~~~~~~~~[m[K
[2.343s] [01m[K/opt/ros/humble/src/gtest_vendor/include/gtest/gtest.h:2028:3:[m[K [01;36m[Knote: [m[Kin expansion of macro â€˜[01m[KEXPECT_PRED_FORMAT2[m[Kâ€™
[2.343s]  2028 |   [01;36m[KEXPECT_PRED_FORMAT2[m[K(::testing::internal::EqHelper::Compare, val1, val2)
[2.343s]       |   [01;36m[K^~~~~~~~~~~~~~~~~~~[m[K
[2.343s] [01m[K/home/astra/Ti5_controller/src/Ti5_arms_controller/test/test_Ti5_arms_controller.cpp:187:3:[m[K [01;36m[Knote: [m[Kin expansion of macro â€˜[01m[KEXPECT_EQ[m[Kâ€™
[2.343s]   187 |   [01;36m[KEXPECT_EQ[m[K(*(controller_->control_mode_.readFromRT()), control_mode_type::FAST);
[2.343s]       |   [01;36m[K^~~~~~~~~[m[K
[2.343s] [01m[K/home/astra/Ti5_controller/src/Ti5_arms_controller/test/test_Ti5_arms_controller.cpp:[m[K In member function â€˜[01m[Kvirtual void Ti5ArmsControllerTest_test_update_logic_slow_Test::TestBody()[m[Kâ€™:
[2.343s] [01m[K/home/astra/Ti5_controller/src/Ti5_arms_controller/test/test_Ti5_arms_controller.cpp:208:16:[m[K [01;31m[Kerror: [m[Kâ€˜[01m[Krealtime_tools::RealtimeBuffer<std::shared_ptr<control_msgs::msg::JointJog_<std::allocator<void> > > > Ti5_arms_controller::Ti5ArmsController::input_ref_[m[Kâ€™ is private within this context
[2.344s]   208 |   controller_->[01;31m[Kinput_ref_[m[K.writeFromNonRT(msg);
[2.344s]       |                [01;31m[K^~~~~~~~~~[m[K
[2.344s] In file included from [01m[K/home/astra/Ti5_controller/src/Ti5_arms_controller/test/test_Ti5_arms_controller.hpp:31[m[K,
[2.344s]                  from [01m[K/home/astra/Ti5_controller/src/Ti5_arms_controller/test/test_Ti5_arms_controller.cpp:27[m[K:
[2.344s] [01m[K/home/astra/Ti5_controller/src/Ti5_arms_controller/include/Ti5_arms_controller/Ti5_arms_controller.hpp:93:77:[m[K [01;36m[Knote: [m[Kdeclared private here
[2.344s]    93 |     realtime_tools::RealtimeBuffer<std::shared_ptr<ControllerReferenceMsg>> [01;36m[Kinput_ref_[m[K;
[2.344s]       |                                                                             [01;36m[K^~~~~~~~~~[m[K
[2.344s] [01m[K/home/astra/Ti5_controller/src/Ti5_arms_controller/test/test_Ti5_arms_controller.cpp:209:16:[m[K [01;31m[Kerror: [m[Kâ€˜[01m[Kclass TestableTi5ArmsController[m[Kâ€™ has no member named â€˜[01m[Kcontrol_mode_[m[Kâ€™
[2.344s]   209 |   controller_->[01;31m[Kcontrol_mode_[m[K.writeFromNonRT(control_mode_type::SLOW);
[2.344s]       |                [01;31m[K^~~~~~~~~~~~~[m[K
[2.344s] [01m[K/home/astra/Ti5_controller/src/Ti5_arms_controller/test/test_Ti5_arms_controller.cpp:209:45:[m[K [01;31m[Kerror: [m[Kâ€˜[01m[Kcontrol_mode_type[m[Kâ€™ has not been declared
[2.344s]   209 |   controller_->control_mode_.writeFromNonRT([01;31m[Kcontrol_mode_type[m[K::SLOW);
[2.344s]       |                                             [01;31m[K^~~~~~~~~~~~~~~~~[m[K
[2.344s] In file included from [01m[K/opt/ros/humble/src/gtest_vendor/include/gtest/gtest.h:375[m[K,
[2.344s]                  from [01m[K/opt/ros/humble/src/gmock_vendor/include/gmock/internal/gmock-internal-utils.h:47[m[K,
[2.344s]                  from [01m[K/opt/ros/humble/src/gmock_vendor/include/gmock/gmock-actions.h:51[m[K,
[2.344s]                  from [01m[K/opt/ros/humble/src/gmock_vendor/include/gmock/gmock.h:59[m[K,
[2.344s]                  from [01m[K/home/astra/Ti5_controller/src/Ti5_arms_controller/test/test_Ti5_arms_controller.hpp:32[m[K,
[2.344s]                  from [01m[K/home/astra/Ti5_controller/src/Ti5_arms_controller/test/test_Ti5_arms_controller.cpp:27[m[K:
[2.344s] [01m[K/home/astra/Ti5_controller/src/Ti5_arms_controller/test/test_Ti5_arms_controller.cpp:211:28:[m[K [01;31m[Kerror: [m[Kâ€˜[01m[Kclass TestableTi5ArmsController[m[Kâ€™ has no member named â€˜[01m[Kcontrol_mode_[m[Kâ€™
[2.344s]   211 |   EXPECT_EQ(*(controller_->[01;31m[Kcontrol_mode_[m[K.readFromRT()), control_mode_type::SLOW);
[2.344s]       |                            [01;31m[K^~~~~~~~~~~~~[m[K
[2.344s] [01m[K/opt/ros/humble/src/gtest_vendor/include/gtest/gtest_pred_impl.h:77:52:[m[K [01;36m[Knote: [m[Kin definition of macro â€˜[01m[KGTEST_ASSERT_[m[Kâ€™
[2.344s]    77 |   if (const ::testing::AssertionResult gtest_ar = ([01;36m[Kexpression[m[K)) \
[2.344s]       |                                                    [01;36m[K^~~~~~~~~~[m[K
[2.344s] [01m[K/opt/ros/humble/src/gtest_vendor/include/gtest/gtest_pred_impl.h:164:3:[m[K [01;36m[Knote: [m[Kin expansion of macro â€˜[01m[KGTEST_PRED_FORMAT2_[m[Kâ€™
[2.344s]   164 |   [01;36m[KGTEST_PRED_FORMAT2_[m[K(pred_format, v1, v2, GTEST_NONFATAL_FAILURE_)
[2.344s]       |   [01;36m[K^~~~~~~~~~~~~~~~~~~[m[K
[2.344s] [01m[K/opt/ros/humble/src/gtest_vendor/include/gtest/gtest.h:2028:3:[m[K [01;36m[Knote: [m[Kin expansion of macro â€˜[01m[KEXPECT_PRED_FORMAT2[m[Kâ€™
[2.344s]  2028 |   [01;36m[KEXPECT_PRED_FORMAT2[m[K(::testing::internal::EqHelper::Compare, val1, val2)
[2.344s]       |   [01;36m[K^~~~~~~~~~~~~~~~~~~[m[K
[2.344s] [01m[K/home/astra/Ti5_controller/src/Ti5_arms_controller/test/test_Ti5_arms_controller.cpp:211:3:[m[K [01;36m[Knote: [m[Kin expansion of macro â€˜[01m[KEXPECT_EQ[m[Kâ€™
[2.344s]   211 |   [01;36m[KEXPECT_EQ[m[K(*(controller_->control_mode_.readFromRT()), control_mode_type::SLOW);
[2.344s]       |   [01;36m[K^~~~~~~~~[m[K
[2.345s] [01m[K/home/astra/Ti5_controller/src/Ti5_arms_controller/test/test_Ti5_arms_controller.cpp:211:57:[m[K [01;31m[Kerror: [m[Kâ€˜[01m[Kcontrol_mode_type[m[Kâ€™ has not been declared
[2.345s]   211 |   EXPECT_EQ(*(controller_->control_mode_.readFromRT()), [01;31m[Kcontrol_mode_type[m[K::SLOW);
[2.345s]       |                                                         [01;31m[K^~~~~~~~~~~~~~~~~[m[K
[2.345s] [01m[K/opt/ros/humble/src/gtest_vendor/include/gtest/gtest_pred_impl.h:77:52:[m[K [01;36m[Knote: [m[Kin definition of macro â€˜[01m[KGTEST_ASSERT_[m[Kâ€™
[2.345s]    77 |   if (const ::testing::AssertionResult gtest_ar = ([01;36m[Kexpression[m[K)) \
[2.345s]       |                                                    [01;36m[K^~~~~~~~~~[m[K
[2.345s] [01m[K/opt/ros/humble/src/gtest_vendor/include/gtest/gtest_pred_impl.h:164:3:[m[K [01;36m[Knote: [m[Kin expansion of macro â€˜[01m[KGTEST_PRED_FORMAT2_[m[Kâ€™
[2.345s]   164 |   [01;36m[KGTEST_PRED_FORMAT2_[m[K(pred_format, v1, v2, GTEST_NONFATAL_FAILURE_)
[2.345s]       |   [01;36m[K^~~~~~~~~~~~~~~~~~~[m[K
[2.345s] [01m[K/opt/ros/humble/src/gtest_vendor/include/gtest/gtest.h:2028:3:[m[K [01;36m[Knote: [m[Kin expansion of macro â€˜[01m[KEXPECT_PRED_FORMAT2[m[Kâ€™
[2.345s]  2028 |   [01;36m[KEXPECT_PRED_FORMAT2[m[K(::testing::internal::EqHelper::Compare, val1, val2)
[2.345s]       |   [01;36m[K^~~~~~~~~~~~~~~~~~~[m[K
[2.345s] [01m[K/home/astra/Ti5_controller/src/Ti5_arms_controller/test/test_Ti5_arms_controller.cpp:211:3:[m[K [01;36m[Knote: [m[Kin expansion of macro â€˜[01m[KEXPECT_EQ[m[Kâ€™
[2.345s]   211 |   [01;36m[KEXPECT_EQ[m[K(*(controller_->control_mode_.readFromRT()), control_mode_type::SLOW);
[2.345s]       |   [01;36m[K^~~~~~~~~[m[K
[2.345s] [01m[K/home/astra/Ti5_controller/src/Ti5_arms_controller/test/test_Ti5_arms_controller.cpp:212:29:[m[K [01;31m[Kerror: [m[Kâ€˜[01m[Krealtime_tools::RealtimeBuffer<std::shared_ptr<control_msgs::msg::JointJog_<std::allocator<void> > > > Ti5_arms_controller::Ti5ArmsController::input_ref_[m[Kâ€™ is private within this context
[2.345s]   212 |   ASSERT_EQ((*(controller_->[01;31m[Kinput_ref_[m[K.readFromRT()))->displacements[0], TEST_DISPLACEMENT);
[2.345s]       |                             [01;31m[K^~~~~~~~~~[m[K
[2.345s] [01m[K/opt/ros/humble/src/gtest_vendor/include/gtest/gtest_pred_impl.h:77:52:[m[K [01;36m[Knote: [m[Kin definition of macro â€˜[01m[KGTEST_ASSERT_[m[Kâ€™
[2.345s]    77 |   if (const ::testing::AssertionResult gtest_ar = ([01;36m[Kexpression[m[K)) \
[2.345s]       |                                                    [01;36m[K^~~~~~~~~~[m[K
[2.345s] [01m[K/opt/ros/humble/src/gtest_vendor/include/gtest/gtest_pred_impl.h:168:3:[m[K [01;36m[Knote: [m[Kin expansion of macro â€˜[01m[KGTEST_PRED_FORMAT2_[m[Kâ€™
[2.345s]   168 |   [01;36m[KGTEST_PRED_FORMAT2_[m[K(pred_format, v1, v2, GTEST_FATAL_FAILURE_)
[2.345s]       |   [01;36m[K^~~~~~~~~~~~~~~~~~~[m[K
[2.345s] [01m[K/opt/ros/humble/src/gtest_vendor/include/gtest/gtest.h:2041:3:[m[K [01;36m[Knote: [m[Kin expansion of macro â€˜[01m[KASSERT_PRED_FORMAT2[m[Kâ€™
[2.345s]  2041 |   [01;36m[KASSERT_PRED_FORMAT2[m[K(::testing::internal::EqHelper::Compare, val1, val2)
[2.345s]       |   [01;36m[K^~~~~~~~~~~~~~~~~~~[m[K
[2.345s] [01m[K/opt/ros/humble/src/gtest_vendor/include/gtest/gtest.h:2057:32:[m[K [01;36m[Knote: [m[Kin expansion of macro â€˜[01m[KGTEST_ASSERT_EQ[m[Kâ€™
[2.345s]  2057 | # define ASSERT_EQ(val1, val2) [01;36m[KGTEST_ASSERT_EQ[m[K(val1, val2)
[2.345s]       |                                [01;36m[K^~~~~~~~~~~~~~~[m[K
[2.345s] [01m[K/home/astra/Ti5_controller/src/Ti5_arms_controller/test/test_Ti5_arms_controller.cpp:212:3:[m[K [01;36m[Knote: [m[Kin expansion of macro â€˜[01m[KASSERT_EQ[m[Kâ€™
[2.345s]   212 |   [01;36m[KASSERT_EQ[m[K((*(controller_->input_ref_.readFromRT()))->displacements[0], TEST_DISPLACEMENT);
[2.345s]       |   [01;36m[K^~~~~~~~~[m[K
[2.345s] In file included from [01m[K/home/astra/Ti5_controller/src/Ti5_arms_controller/test/test_Ti5_arms_controller.hpp:31[m[K,
[2.345s]                  from [01m[K/home/astra/Ti5_controller/src/Ti5_arms_controller/test/test_Ti5_arms_controller.cpp:27[m[K:
[2.345s] [01m[K/home/astra/Ti5_controller/src/Ti5_arms_controller/include/Ti5_arms_controller/Ti5_arms_controller.hpp:93:77:[m[K [01;36m[Knote: [m[Kdeclared private here
[2.345s]    93 |     realtime_tools::RealtimeBuffer<std::shared_ptr<ControllerReferenceMsg>> [01;36m[Kinput_ref_[m[K;
[2.346s]       |                                                                             [01;36m[K^~~~~~~~~~[m[K
[2.350s] In file included from [01m[K/opt/ros/humble/src/gtest_vendor/include/gtest/gtest.h:375[m[K,
[2.350s]                  from [01m[K/opt/ros/humble/src/gmock_vendor/include/gmock/internal/gmock-internal-utils.h:47[m[K,
[2.350s]                  from [01m[K/opt/ros/humble/src/gmock_vendor/include/gmock/gmock-actions.h:51[m[K,
[2.350s]                  from [01m[K/opt/ros/humble/src/gmock_vendor/include/gmock/gmock.h:59[m[K,
[2.350s]                  from [01m[K/home/astra/Ti5_controller/src/Ti5_arms_controller/test/test_Ti5_arms_controller.hpp:32[m[K,
[2.350s]                  from [01m[K/home/astra/Ti5_controller/src/Ti5_arms_controller/test/test_Ti5_arms_controller.cpp:27[m[K:
[2.350s] [01m[K/home/astra/Ti5_controller/src/Ti5_arms_controller/test/test_Ti5_arms_controller.cpp:217:35:[m[K [01;31m[Kerror: [m[Kâ€˜[01m[KSTATE_MY_ITFS[m[Kâ€™ was not declared in this scope
[2.350s]   217 |   EXPECT_EQ(joint_command_values_[[01;31m[KSTATE_MY_ITFS[m[K], TEST_DISPLACEMENT / 2);
[2.350s]       |                                   [01;31m[K^~~~~~~~~~~~~[m[K
[2.350s] [01m[K/opt/ros/humble/src/gtest_vendor/include/gtest/gtest_pred_impl.h:77:52:[m[K [01;36m[Knote: [m[Kin definition of macro â€˜[01m[KGTEST_ASSERT_[m[Kâ€™
[2.350s]    77 |   if (const ::testing::AssertionResult gtest_ar = ([01;36m[Kexpression[m[K)) \
[2.350s]       |                                                    [01;36m[K^~~~~~~~~~[m[K
[2.350s] [01m[K/opt/ros/humble/src/gtest_vendor/include/gtest/gtest_pred_impl.h:164:3:[m[K [01;36m[Knote: [m[Kin expansion of macro â€˜[01m[KGTEST_PRED_FORMAT2_[m[Kâ€™
[2.350s]   164 |   [01;36m[KGTEST_PRED_FORMAT2_[m[K(pred_format, v1, v2, GTEST_NONFATAL_FAILURE_)
[2.351s]       |   [01;36m[K^~~~~~~~~~~~~~~~~~~[m[K
[2.351s] [01m[K/opt/ros/humble/src/gtest_vendor/include/gtest/gtest.h:2028:3:[m[K [01;36m[Knote: [m[Kin expansion of macro â€˜[01m[KEXPECT_PRED_FORMAT2[m[Kâ€™
[2.351s]  2028 |   [01;36m[KEXPECT_PRED_FORMAT2[m[K(::testing::internal::EqHelper::Compare, val1, val2)
[2.351s]       |   [01;36m[K^~~~~~~~~~~~~~~~~~~[m[K
[2.351s] [01m[K/home/astra/Ti5_controller/src/Ti5_arms_controller/test/test_Ti5_arms_controller.cpp:217:3:[m[K [01;36m[Knote: [m[Kin expansion of macro â€˜[01m[KEXPECT_EQ[m[Kâ€™
[2.351s]   217 |   [01;36m[KEXPECT_EQ[m[K(joint_command_values_[STATE_MY_ITFS], TEST_DISPLACEMENT / 2);
[2.351s]       |   [01;36m[K^~~~~~~~~[m[K
[2.351s] In file included from [01m[K/opt/ros/humble/src/gtest_vendor/include/gtest/gtest.h:62[m[K,
[2.351s]                  from [01m[K/opt/ros/humble/src/gmock_vendor/include/gmock/internal/gmock-internal-utils.h:47[m[K,
[2.351s]                  from [01m[K/opt/ros/humble/src/gmock_vendor/include/gmock/gmock-actions.h:51[m[K,
[2.351s]                  from [01m[K/opt/ros/humble/src/gmock_vendor/include/gmock/gmock.h:59[m[K,
[2.351s]                  from [01m[K/home/astra/Ti5_controller/src/Ti5_arms_controller/test/test_Ti5_arms_controller.hpp:32[m[K,
[2.351s]                  from [01m[K/home/astra/Ti5_controller/src/Ti5_arms_controller/test/test_Ti5_arms_controller.cpp:27[m[K:
[2.351s] [01m[K/home/astra/Ti5_controller/src/Ti5_arms_controller/test/test_Ti5_arms_controller.cpp:218:42:[m[K [01;31m[Kerror: [m[Kâ€˜[01m[Krealtime_tools::RealtimeBuffer<std::shared_ptr<control_msgs::msg::JointJog_<std::allocator<void> > > > Ti5_arms_controller::Ti5ArmsController::input_ref_[m[Kâ€™ is private within this context
[2.351s]   218 |   EXPECT_TRUE(std::isnan((*(controller_->[01;31m[Kinput_ref_[m[K.readFromRT()))->displacements[0]));
[2.351s]       |                                          [01;31m[K^~~~~~~~~~[m[K
[2.351s] [01m[K/opt/ros/humble/src/gtest_vendor/include/gtest/internal/gtest-internal.h:1325:34:[m[K [01;36m[Knote: [m[Kin definition of macro â€˜[01m[KGTEST_TEST_BOOLEAN_[m[Kâ€™
[2.351s]  1325 |       ::testing::AssertionResult([01;36m[Kexpression[m[K)) \
[2.351s]       |                                  [01;36m[K^~~~~~~~~~[m[K
[2.351s] [01m[K/home/astra/Ti5_controller/src/Ti5_arms_controller/test/test_Ti5_arms_controller.cpp:218:3:[m[K [01;36m[Knote: [m[Kin expansion of macro â€˜[01m[KEXPECT_TRUE[m[Kâ€™
[2.352s]   218 |   [01;36m[KEXPECT_TRUE[m[K(std::isnan((*(controller_->input_ref_.readFromRT()))->displacements[0]));
[2.352s]       |   [01;36m[K^~~~~~~~~~~[m[K
[2.352s] In file included from [01m[K/home/astra/Ti5_controller/src/Ti5_arms_controller/test/test_Ti5_arms_controller.hpp:31[m[K,
[2.352s]                  from [01m[K/home/astra/Ti5_controller/src/Ti5_arms_controller/test/test_Ti5_arms_controller.cpp:27[m[K:
[2.352s] [01m[K/home/astra/Ti5_controller/src/Ti5_arms_controller/include/Ti5_arms_controller/Ti5_arms_controller.hpp:93:77:[m[K [01;36m[Knote: [m[Kdeclared private here
[2.352s]    93 |     realtime_tools::RealtimeBuffer<std::shared_ptr<ControllerReferenceMsg>> [01;36m[Kinput_ref_[m[K;
[2.352s]       |                                                                             [01;36m[K^~~~~~~~~~[m[K
[2.358s] In file included from [01m[K/opt/ros/humble/src/gtest_vendor/include/gtest/gtest.h:375[m[K,
[2.358s]                  from [01m[K/opt/ros/humble/src/gmock_vendor/include/gmock/internal/gmock-internal-utils.h:47[m[K,
[2.358s]                  from [01m[K/opt/ros/humble/src/gmock_vendor/include/gmock/gmock-actions.h:51[m[K,
[2.358s]                  from [01m[K/opt/ros/humble/src/gmock_vendor/include/gmock/gmock.h:59[m[K,
[2.358s]                  from [01m[K/home/astra/Ti5_controller/src/Ti5_arms_controller/test/test_Ti5_arms_controller.hpp:32[m[K,
[2.358s]                  from [01m[K/home/astra/Ti5_controller/src/Ti5_arms_controller/test/test_Ti5_arms_controller.cpp:27[m[K:
[2.358s] [01m[K/home/astra/Ti5_controller/src/Ti5_arms_controller/test/test_Ti5_arms_controller.cpp:[m[K In member function â€˜[01m[Kvirtual void Ti5ArmsControllerTest_receive_message_and_publish_updated_status_Test::TestBody()[m[Kâ€™:
[2.358s] [01m[K/home/astra/Ti5_controller/src/Ti5_arms_controller/test/test_Ti5_arms_controller.cpp:263:35:[m[K [01;31m[Kerror: [m[Kâ€˜[01m[KCMD_MY_ITFS[m[Kâ€™ was not declared in this scope
[2.358s]   263 |   EXPECT_EQ(joint_command_values_[[01;31m[KCMD_MY_ITFS[m[K], 0.45);
[2.358s]       |                                   [01;31m[K^~~~~~~~~~~[m[K
[2.358s] [01m[K/opt/ros/humble/src/gtest_vendor/include/gtest/gtest_pred_impl.h:77:52:[m[K [01;36m[Knote: [m[Kin definition of macro â€˜[01m[KGTEST_ASSERT_[m[Kâ€™
[2.359s]    77 |   if (const ::testing::AssertionResult gtest_ar = ([01;36m[Kexpression[m[K)) \
[2.359s]       |                                                    [01;36m[K^~~~~~~~~~[m[K
[2.359s] [01m[K/opt/ros/humble/src/gtest_vendor/include/gtest/gtest_pred_impl.h:164:3:[m[K [01;36m[Knote: [m[Kin expansion of macro â€˜[01m[KGTEST_PRED_FORMAT2_[m[Kâ€™
[2.359s]   164 |   [01;36m[KGTEST_PRED_FORMAT2_[m[K(pred_format, v1, v2, GTEST_NONFATAL_FAILURE_)
[2.359s]       |   [01;36m[K^~~~~~~~~~~~~~~~~~~[m[K
[2.359s] [01m[K/opt/ros/humble/src/gtest_vendor/include/gtest/gtest.h:2028:3:[m[K [01;36m[Knote: [m[Kin expansion of macro â€˜[01m[KEXPECT_PRED_FORMAT2[m[Kâ€™
[2.359s]  2028 |   [01;36m[KEXPECT_PRED_FORMAT2[m[K(::testing::internal::EqHelper::Compare, val1, val2)
[2.359s]       |   [01;36m[K^~~~~~~~~~~~~~~~~~~[m[K
[2.359s] [01m[K/home/astra/Ti5_controller/src/Ti5_arms_controller/test/test_Ti5_arms_controller.cpp:263:3:[m[K [01;36m[Knote: [m[Kin expansion of macro â€˜[01m[KEXPECT_EQ[m[Kâ€™
[2.359s]   263 |   [01;36m[KEXPECT_EQ[m[K(joint_command_values_[CMD_MY_ITFS], 0.45);
[2.359s]       |   [01;36m[K^~~~~~~~~[m[K
[2.527s] In file included from [01m[K/opt/ros/humble/src/gtest_vendor/include/gtest/gtest.h:62[m[K,
[2.527s]                  from [01m[K/opt/ros/humble/src/gmock_vendor/include/gmock/internal/gmock-internal-utils.h:47[m[K,
[2.527s]                  from [01m[K/opt/ros/humble/src/gmock_vendor/include/gmock/gmock-actions.h:51[m[K,
[2.527s]                  from [01m[K/opt/ros/humble/src/gmock_vendor/include/gmock/gmock.h:59[m[K,
[2.527s]                  from [01m[K/home/astra/Ti5_controller/src/Ti5_arms_controller/test/test_load_Ti5_arms_controller.cpp:20[m[K:
[2.527s] [01m[K/home/astra/Ti5_controller/src/Ti5_arms_controller/test/test_load_Ti5_arms_controller.cpp:[m[K In member function â€˜[01m[Kvirtual void TestLoadTi5ArmsController_load_controller_Test::TestBody()[m[Kâ€™:
[2.527s] [01m[K/home/astra/Ti5_controller/src/Ti5_arms_controller/test/test_load_Ti5_arms_controller.cpp:41:23:[m[K [01;31m[Kerror: [m[Kno matching function for call to â€˜[01m[Kcontroller_manager::ControllerManager::load_controller(const char [25], const char [5], const char [38])[m[Kâ€™
[2.527s]    41 |     [01;31m[Kcm.load_controller("test_Ti5_arms_controller", "true","Ti5_arms_controller/Ti5ArmsController")[m[K);
[2.528s]       |     [01;31m[K~~~~~~~~~~~~~~~~~~^~~~~~~~~~~~~~~~~~~~~~~~~~~~~~~~~~~~~~~~~~~~~~~~~~~~~~~~~~~~~~~~~~~~~~~~~~~~[m[K
[2.528s] In file included from [01m[K/home/astra/Ti5_controller/src/Ti5_arms_controller/test/test_load_Ti5_arms_controller.cpp:23[m[K:
[2.528s] [01m[K/opt/ros/humble/include/controller_manager/controller_manager.hpp:93:58:[m[K [01;36m[Knote: [m[Kcandidate: â€˜[01m[Kcontroller_interface::ControllerInterfaceBaseSharedPtr controller_manager::ControllerManager::load_controller(const string&, const string&)[m[Kâ€™
[2.528s]    93 |   controller_interface::ControllerInterfaceBaseSharedPtr [01;36m[Kload_controller[m[K(
[2.528s]       |                                                          [01;36m[K^~~~~~~~~~~~~~~[m[K
[2.528s] [01m[K/opt/ros/humble/include/controller_manager/controller_manager.hpp:93:58:[m[K [01;36m[Knote: [m[K  candidate expects 2 arguments, 3 provided
[2.528s] [01m[K/opt/ros/humble/include/controller_manager/controller_manager.hpp:103:58:[m[K [01;36m[Knote: [m[Kcandidate: â€˜[01m[Kcontroller_interface::ControllerInterfaceBaseSharedPtr controller_manager::ControllerManager::load_controller(const string&)[m[Kâ€™
[2.528s]   103 |   controller_interface::ControllerInterfaceBaseSharedPtr [01;36m[Kload_controller[m[K(
[2.528s]       |                                                          [01;36m[K^~~~~~~~~~~~~~~[m[K
[2.528s] [01m[K/opt/ros/humble/include/controller_manager/controller_manager.hpp:103:58:[m[K [01;36m[Knote: [m[K  candidate expects 1 argument, 3 provided
[3.103s] gmake[2]: *** [CMakeFiles/test_Ti5_arms_controller_preceeding.dir/build.make:76ï¼šCMakeFiles/test_Ti5_arms_controller_preceeding.dir/test/test_Ti5_arms_controller_preceeding.cpp.o] é”™è¯¯ 1
[3.103s] gmake[1]: *** [CMakeFiles/Makefile2:291ï¼šCMakeFiles/test_Ti5_arms_controller_preceeding.dir/all] é”™è¯¯ 2
[3.103s] gmake[1]: *** æ­£åœ¨ç­‰å¾…æœªå®Œæˆçš„ä»»åŠ¡....
[3.114s] gmake[2]: *** [CMakeFiles/test_load_Ti5_arms_controller.dir/build.make:76ï¼šCMakeFiles/test_load_Ti5_arms_controller.dir/test/test_load_Ti5_arms_controller.cpp.o] é”™è¯¯ 1
[3.115s] gmake[1]: *** [CMakeFiles/Makefile2:235ï¼šCMakeFiles/test_load_Ti5_arms_controller.dir/all] é”™è¯¯ 2
[4.385s] gmake[2]: *** [CMakeFiles/test_Ti5_arms_controller.dir/build.make:76ï¼šCMakeFiles/test_Ti5_arms_controller.dir/test/test_Ti5_arms_controller.cpp.o] é”™è¯¯ 1
[4.385s] gmake[1]: *** [CMakeFiles/Makefile2:263ï¼šCMakeFiles/test_Ti5_arms_controller.dir/all] é”™è¯¯ 2
[4.385s] gmake: *** [Makefile:146ï¼šall] é”™è¯¯ 2
[4.387s] Invoked command in '/home/astra/Ti5_controller/build/Ti5_arms_controller' returned '2': CMAKE_PREFIX_PATH=${CMAKE_PREFIX_PATH}:/opt/ros/humble /usr/bin/cmake --build /home/astra/Ti5_controller/build/Ti5_arms_controller -- -j24 -l24
