[0.013s] Invoking command in '/home/astra/Ti5_controller/build/Ti5_arms_controller': CMAKE_PREFIX_PATH=${CMAKE_PREFIX_PATH}:/opt/ros/humble /usr/bin/cmake --build /home/astra/Ti5_controller/build/Ti5_arms_controller -- -j24 -l24
[0.061s] [ 13%] Built target Ti5_arms_controller_parameters
[0.066s] [ 26%] Built target gmock_main
[0.069s] [ 46%] Built target gmock
[0.073s] [35m[1mConsolidate compiler generated dependencies of target Ti5_arms_controller[0m
[0.085s] [ 53%] [32mBuilding CXX object CMakeFiles/Ti5_arms_controller.dir/src/Ti5_arms_controller.cpp.o[0m
[0.089s] [ 66%] Built target test_load_Ti5_arms_controller
[1.572s] In file included from [01m[K/home/astra/Ti5_controller/build/Ti5_arms_controller/Ti5_arms_controller_parameters/include/Ti5_arms_controller_parameters.hpp:29[m[K,
[1.572s]                  from [01m[K/home/astra/Ti5_controller/src/Ti5_arms_controller/include/Ti5_arms_controller/Ti5_arms_controller.hpp:28[m[K,
[1.572s]                  from [01m[K/home/astra/Ti5_controller/src/Ti5_arms_controller/src/Ti5_arms_controller.cpp:20[m[K:
[1.572s] [01m[K/home/astra/Ti5_controller/build/Ti5_arms_controller/Ti5_arms_controller_parameters/include/validate_Ti5_arms_controller_parameters.hpp:29:75:[m[K [01;35m[Kwarning: [m[Kâ€˜[01m[Kusing Result = class tl::expected<void, std::__cxx11::basic_string<char> >[m[Kâ€™ is deprecated: Use tl::expected<void, std::string> for return instead. `#include <tl_expected/expected.hpp>`. [[01;35m[K]8;;https://gcc.gnu.org/onlinedocs/gcc/Warning-Options.html#index-Wdeprecated-declarations-Wdeprecated-declarations]8;;[m[K]
[1.572s]    29 | Result forbidden_interface_name_prefix(rclcpp::Parameter const & parameter[01;35m[K)[m[K
[1.572s]       |                                                                           [01;35m[K^[m[K
[1.572s] In file included from [01m[K/home/astra/Ti5_controller/build/Ti5_arms_controller/Ti5_arms_controller_parameters/include/Ti5_arms_controller_parameters.hpp:23[m[K,
[1.572s]                  from [01m[K/home/astra/Ti5_controller/src/Ti5_arms_controller/include/Ti5_arms_controller/Ti5_arms_controller.hpp:28[m[K,
[1.572s]                  from [01m[K/home/astra/Ti5_controller/src/Ti5_arms_controller/src/Ti5_arms_controller.cpp:20[m[K:
[1.572s] [01m[K/opt/ros/humble/include/parameter_traits/parameter_traits/parameter_traits.hpp:37:7:[m[K [01;36m[Knote: [m[Kdeclared here
[1.572s]    37 | using [01;36m[KResult[m[K
[1.573s]       |       [01;36m[K^~~~~~[m[K
[1.573s] In file included from [01m[K/home/astra/Ti5_controller/build/Ti5_arms_controller/Ti5_arms_controller_parameters/include/Ti5_arms_controller_parameters.hpp:29[m[K,
[1.573s]                  from [01m[K/home/astra/Ti5_controller/src/Ti5_arms_controller/include/Ti5_arms_controller/Ti5_arms_controller.hpp:28[m[K,
[1.573s]                  from [01m[K/home/astra/Ti5_controller/src/Ti5_arms_controller/src/Ti5_arms_controller.cpp:20[m[K:
[1.573s] [01m[K/home/astra/Ti5_controller/build/Ti5_arms_controller/Ti5_arms_controller_parameters/include/validate_Ti5_arms_controller_parameters.hpp:[m[K In function â€˜[01m[Kparameter_traits::Result parameter_traits::forbidden_interface_name_prefix(const rclcpp::Parameter&)[m[Kâ€™:
[1.573s] [01m[K/home/astra/Ti5_controller/build/Ti5_arms_controller/Ti5_arms_controller_parameters/include/validate_Ti5_arms_controller_parameters.hpp:35:17:[m[K [01;35m[Kwarning: [m[Kâ€˜[01m[Ktl::expected<void, std::__cxx11::basic_string<char> > parameter_traits::ERROR(const string&, Args ...) [with Args = {}; std::string = std::__cxx11::basic_string<char>][m[Kâ€™ is deprecated: When returning tl::expected<void, std::string> you can call fmt::format directly. [[01;35m[K]8;;https://gcc.gnu.org/onlinedocs/gcc/Warning-Options.html#index-Wdeprecated-declarations-Wdeprecated-declarations]8;;[m[K]
[1.573s]    35 |     return [01;35m[KERROR("'interface_name' parameter can not start with 'blup_'")[m[K;
[1.573s]       |            [01;35m[K~~~~~^~~~~~~~~~~~~~~~~~~~~~~~~~~~~~~~~~~~~~~~~~~~~~~~~~~~~~~~~[m[K
[1.573s] In file included from [01m[K/home/astra/Ti5_controller/build/Ti5_arms_controller/Ti5_arms_controller_parameters/include/Ti5_arms_controller_parameters.hpp:23[m[K,
[1.573s]                  from [01m[K/home/astra/Ti5_controller/src/Ti5_arms_controller/include/Ti5_arms_controller/Ti5_arms_controller.hpp:28[m[K,
[1.573s]                  from [01m[K/home/astra/Ti5_controller/src/Ti5_arms_controller/src/Ti5_arms_controller.cpp:20[m[K:
[1.573s] [01m[K/opt/ros/humble/include/parameter_traits/parameter_traits/parameter_traits.hpp:46:1:[m[K [01;36m[Knote: [m[Kdeclared here
[1.573s]    46 | [01;36m[KERROR[m[K(const std::string& format, Args... args)
[1.573s]       | [01;36m[K^~~~~[m[K
[1.573s] In file included from [01m[K/home/astra/Ti5_controller/build/Ti5_arms_controller/Ti5_arms_controller_parameters/include/Ti5_arms_controller_parameters.hpp:29[m[K,
[1.573s]                  from [01m[K/home/astra/Ti5_controller/src/Ti5_arms_controller/include/Ti5_arms_controller/Ti5_arms_controller.hpp:28[m[K,
[1.573s]                  from [01m[K/home/astra/Ti5_controller/src/Ti5_arms_controller/src/Ti5_arms_controller.cpp:20[m[K:
[1.573s] [01m[K/home/astra/Ti5_controller/build/Ti5_arms_controller/Ti5_arms_controller_parameters/include/validate_Ti5_arms_controller_parameters.hpp:38:10:[m[K [01;35m[Kwarning: [m[Kâ€˜[01m[Kparameter_traits::OK[m[Kâ€™ is deprecated: When returning tl::expected<void, std::string> default construct for OK with `{}`. [[01;35m[K]8;;https://gcc.gnu.org/onlinedocs/gcc/Warning-Options.html#index-Wdeprecated-declarations-Wdeprecated-declarations]8;;[m[K]
[1.573s]    38 |   return [01;35m[KOK[m[K;
[1.573s]       |          [01;35m[K^~[m[K
[1.573s] In file included from [01m[K/home/astra/Ti5_controller/build/Ti5_arms_controller/Ti5_arms_controller_parameters/include/Ti5_arms_controller_parameters.hpp:23[m[K,
[1.573s]                  from [01m[K/home/astra/Ti5_controller/src/Ti5_arms_controller/include/Ti5_arms_controller/Ti5_arms_controller.hpp:28[m[K,
[1.573s]                  from [01m[K/home/astra/Ti5_controller/src/Ti5_arms_controller/src/Ti5_arms_controller.cpp:20[m[K:
[1.573s] [01m[K/opt/ros/humble/include/parameter_traits/parameter_traits/parameter_traits.hpp:51:13:[m[K [01;36m[Knote: [m[Kdeclared here
[1.573s]    51 | auto static [01;36m[KOK[m[K
[1.573s]       |             [01;36m[K^~[m[K
[1.818s] [01m[K/home/astra/Ti5_controller/src/Ti5_arms_controller/src/Ti5_arms_controller.cpp:[m[K In member function â€˜[01m[Kvirtual controller_interface::return_type Ti5_arms_controller::Ti5ArmsController::update(const rclcpp::Time&, const rclcpp::Duration&)[m[Kâ€™:
[1.818s] [01m[K/home/astra/Ti5_controller/src/Ti5_arms_controller/src/Ti5_arms_controller.cpp:109:83:[m[K [01;35m[Kwarning: [m[Kunused parameter â€˜[01m[Ktime[m[Kâ€™ [[01;35m[K]8;;https://gcc.gnu.org/onlinedocs/gcc/Warning-Options.html#index-Wunused-parameter-Wunused-parameter]8;;[m[K]
[1.818s]   109 |   controller_interface::return_type Ti5ArmsController::update([01;35m[Kconst rclcpp::Time &time[m[K, const rclcpp::Duration &)
[1.818s]       |                                                               [01;35m[K~~~~~~~~~~~~~~~~~~~~^~~~[m[K
[3.002s] [ 73%] [32m[1mLinking CXX shared library libTi5_arms_controller.so[0m
[3.097s] [ 73%] Built target Ti5_arms_controller
[3.111s] [ 80%] [32mBuilding CXX object CMakeFiles/test_Ti5_arms_controller.dir/test/test_Ti5_arms_controller.cpp.o[0m
[3.111s] [ 86%] [32mBuilding CXX object CMakeFiles/test_Ti5_arms_controller_preceeding.dir/test/test_Ti5_arms_controller_preceeding.cpp.o[0m
[4.631s] In file included from [01m[K/home/astra/Ti5_controller/build/Ti5_arms_controller/Ti5_arms_controller_parameters/include/Ti5_arms_controller_parameters.hpp:29[m[K,
[4.631s]                  from [01m[K/home/astra/Ti5_controller/src/Ti5_arms_controller/include/Ti5_arms_controller/Ti5_arms_controller.hpp:28[m[K,
[4.631s]                  from [01m[K/home/astra/Ti5_controller/src/Ti5_arms_controller/test/test_Ti5_arms_controller.hpp:31[m[K,
[4.631s]                  from [01m[K/home/astra/Ti5_controller/src/Ti5_arms_controller/test/test_Ti5_arms_controller_preceeding.cpp:20[m[K:
[4.631s] [01m[K/home/astra/Ti5_controller/build/Ti5_arms_controller/Ti5_arms_controller_parameters/include/validate_Ti5_arms_controller_parameters.hpp:29:75:[m[K [01;35m[Kwarning: [m[Kâ€˜[01m[Kusing Result = class tl::expected<void, std::__cxx11::basic_string<char> >[m[Kâ€™ is deprecated: Use tl::expected<void, std::string> for return instead. `#include <tl_expected/expected.hpp>`. [[01;35m[K]8;;https://gcc.gnu.org/onlinedocs/gcc/Warning-Options.html#index-Wdeprecated-declarations-Wdeprecated-declarations]8;;[m[K]
[4.631s]    29 | Result forbidden_interface_name_prefix(rclcpp::Parameter const & parameter[01;35m[K)[m[K
[4.631s]       |                                                                           [01;35m[K^[m[K
[4.631s] In file included from [01m[K/home/astra/Ti5_controller/build/Ti5_arms_controller/Ti5_arms_controller_parameters/include/Ti5_arms_controller_parameters.hpp:23[m[K,
[4.631s]                  from [01m[K/home/astra/Ti5_controller/src/Ti5_arms_controller/include/Ti5_arms_controller/Ti5_arms_controller.hpp:28[m[K,
[4.631s]                  from [01m[K/home/astra/Ti5_controller/src/Ti5_arms_controller/test/test_Ti5_arms_controller.hpp:31[m[K,
[4.631s]                  from [01m[K/home/astra/Ti5_controller/src/Ti5_arms_controller/test/test_Ti5_arms_controller_preceeding.cpp:20[m[K:
[4.631s] [01m[K/opt/ros/humble/include/parameter_traits/parameter_traits/parameter_traits.hpp:37:7:[m[K [01;36m[Knote: [m[Kdeclared here
[4.631s]    37 | using [01;36m[KResult[m[K
[4.631s]       |       [01;36m[K^~~~~~[m[K
[4.631s] In file included from [01m[K/home/astra/Ti5_controller/build/Ti5_arms_controller/Ti5_arms_controller_parameters/include/Ti5_arms_controller_parameters.hpp:29[m[K,
[4.631s]                  from [01m[K/home/astra/Ti5_controller/src/Ti5_arms_controller/include/Ti5_arms_controller/Ti5_arms_controller.hpp:28[m[K,
[4.631s]                  from [01m[K/home/astra/Ti5_controller/src/Ti5_arms_controller/test/test_Ti5_arms_controller.hpp:31[m[K,
[4.631s]                  from [01m[K/home/astra/Ti5_controller/src/Ti5_arms_controller/test/test_Ti5_arms_controller_preceeding.cpp:20[m[K:
[4.632s] [01m[K/home/astra/Ti5_controller/build/Ti5_arms_controller/Ti5_arms_controller_parameters/include/validate_Ti5_arms_controller_parameters.hpp:[m[K In function â€˜[01m[Kparameter_traits::Result parameter_traits::forbidden_interface_name_prefix(const rclcpp::Parameter&)[m[Kâ€™:
[4.632s] [01m[K/home/astra/Ti5_controller/build/Ti5_arms_controller/Ti5_arms_controller_parameters/include/validate_Ti5_arms_controller_parameters.hpp:35:17:[m[K [01;35m[Kwarning: [m[Kâ€˜[01m[Ktl::expected<void, std::__cxx11::basic_string<char> > parameter_traits::ERROR(const string&, Args ...) [with Args = {}; std::string = std::__cxx11::basic_string<char>][m[Kâ€™ is deprecated: When returning tl::expected<void, std::string> you can call fmt::format directly. [[01;35m[K]8;;https://gcc.gnu.org/onlinedocs/gcc/Warning-Options.html#index-Wdeprecated-declarations-Wdeprecated-declarations]8;;[m[K]
[4.632s]    35 |     return [01;35m[KERROR("'interface_name' parameter can not start with 'blup_'")[m[K;
[4.632s]       |            [01;35m[K~~~~~^~~~~~~~~~~~~~~~~~~~~~~~~~~~~~~~~~~~~~~~~~~~~~~~~~~~~~~~~[m[K
[4.632s] In file included from [01m[K/home/astra/Ti5_controller/build/Ti5_arms_controller/Ti5_arms_controller_parameters/include/Ti5_arms_controller_parameters.hpp:23[m[K,
[4.632s]                  from [01m[K/home/astra/Ti5_controller/src/Ti5_arms_controller/include/Ti5_arms_controller/Ti5_arms_controller.hpp:28[m[K,
[4.632s]                  from [01m[K/home/astra/Ti5_controller/src/Ti5_arms_controller/test/test_Ti5_arms_controller.hpp:31[m[K,
[4.632s]                  from [01m[K/home/astra/Ti5_controller/src/Ti5_arms_controller/test/test_Ti5_arms_controller_preceeding.cpp:20[m[K:
[4.632s] [01m[K/opt/ros/humble/include/parameter_traits/parameter_traits/parameter_traits.hpp:46:1:[m[K [01;36m[Knote: [m[Kdeclared here
[4.632s]    46 | [01;36m[KERROR[m[K(const std::string& format, Args... args)
[4.632s]       | [01;36m[K^~~~~[m[K
[4.632s] In file included from [01m[K/home/astra/Ti5_controller/build/Ti5_arms_controller/Ti5_arms_controller_parameters/include/Ti5_arms_controller_parameters.hpp:29[m[K,
[4.632s]                  from [01m[K/home/astra/Ti5_controller/src/Ti5_arms_controller/include/Ti5_arms_controller/Ti5_arms_controller.hpp:28[m[K,
[4.632s]                  from [01m[K/home/astra/Ti5_controller/src/Ti5_arms_controller/test/test_Ti5_arms_controller.hpp:31[m[K,
[4.632s]                  from [01m[K/home/astra/Ti5_controller/src/Ti5_arms_controller/test/test_Ti5_arms_controller_preceeding.cpp:20[m[K:
[4.633s] [01m[K/home/astra/Ti5_controller/build/Ti5_arms_controller/Ti5_arms_controller_parameters/include/validate_Ti5_arms_controller_parameters.hpp:38:10:[m[K [01;35m[Kwarning: [m[Kâ€˜[01m[Kparameter_traits::OK[m[Kâ€™ is deprecated: When returning tl::expected<void, std::string> default construct for OK with `{}`. [[01;35m[K]8;;https://gcc.gnu.org/onlinedocs/gcc/Warning-Options.html#index-Wdeprecated-declarations-Wdeprecated-declarations]8;;[m[K]
[4.633s]    38 |   return [01;35m[KOK[m[K;
[4.633s]       |          [01;35m[K^~[m[K
[4.633s] In file included from [01m[K/home/astra/Ti5_controller/build/Ti5_arms_controller/Ti5_arms_controller_parameters/include/Ti5_arms_controller_parameters.hpp:23[m[K,
[4.633s]                  from [01m[K/home/astra/Ti5_controller/src/Ti5_arms_controller/include/Ti5_arms_controller/Ti5_arms_controller.hpp:28[m[K,
[4.633s]                  from [01m[K/home/astra/Ti5_controller/src/Ti5_arms_controller/test/test_Ti5_arms_controller.hpp:31[m[K,
[4.633s]                  from [01m[K/home/astra/Ti5_controller/src/Ti5_arms_controller/test/test_Ti5_arms_controller_preceeding.cpp:20[m[K:
[4.633s] [01m[K/opt/ros/humble/include/parameter_traits/parameter_traits/parameter_traits.hpp:51:13:[m[K [01;36m[Knote: [m[Kdeclared here
[4.633s]    51 | auto static [01;36m[KOK[m[K
[4.633s]       |             [01;36m[K^~[m[K
[4.633s] In file included from [01m[K/home/astra/Ti5_controller/build/Ti5_arms_controller/Ti5_arms_controller_parameters/include/Ti5_arms_controller_parameters.hpp:29[m[K,
[4.633s]                  from [01m[K/home/astra/Ti5_controller/src/Ti5_arms_controller/include/Ti5_arms_controller/Ti5_arms_controller.hpp:28[m[K,
[4.633s]                  from [01m[K/home/astra/Ti5_controller/src/Ti5_arms_controller/test/test_Ti5_arms_controller.hpp:31[m[K,
[4.633s]                  from [01m[K/home/astra/Ti5_controller/src/Ti5_arms_controller/test/test_Ti5_arms_controller.cpp:27[m[K:
[4.633s] [01m[K/home/astra/Ti5_controller/build/Ti5_arms_controller/Ti5_arms_controller_parameters/include/validate_Ti5_arms_controller_parameters.hpp:29:75:[m[K [01;35m[Kwarning: [m[Kâ€˜[01m[Kusing Result = class tl::expected<void, std::__cxx11::basic_string<char> >[m[Kâ€™ is deprecated: Use tl::expected<void, std::string> for return instead. `#include <tl_expected/expected.hpp>`. [[01;35m[K]8;;https://gcc.gnu.org/onlinedocs/gcc/Warning-Options.html#index-Wdeprecated-declarations-Wdeprecated-declarations]8;;[m[K]
[4.633s]    29 | Result forbidden_interface_name_prefix(rclcpp::Parameter const & parameter[01;35m[K)[m[K
[4.633s]       |                                                                           [01;35m[K^[m[K
[4.633s] In file included from [01m[K/home/astra/Ti5_controller/build/Ti5_arms_controller/Ti5_arms_controller_parameters/include/Ti5_arms_controller_parameters.hpp:23[m[K,
[4.633s]                  from [01m[K/home/astra/Ti5_controller/src/Ti5_arms_controller/include/Ti5_arms_controller/Ti5_arms_controller.hpp:28[m[K,
[4.634s]                  from [01m[K/home/astra/Ti5_controller/src/Ti5_arms_controller/test/test_Ti5_arms_controller.hpp:31[m[K,
[4.634s]                  from [01m[K/home/astra/Ti5_controller/src/Ti5_arms_controller/test/test_Ti5_arms_controller.cpp:27[m[K:
[4.634s] [01m[K/opt/ros/humble/include/parameter_traits/parameter_traits/parameter_traits.hpp:37:7:[m[K [01;36m[Knote: [m[Kdeclared here
[4.634s]    37 | using [01;36m[KResult[m[K
[4.634s]       |       [01;36m[K^~~~~~[m[K
[4.634s] In file included from [01m[K/home/astra/Ti5_controller/build/Ti5_arms_controller/Ti5_arms_controller_parameters/include/Ti5_arms_controller_parameters.hpp:29[m[K,
[4.634s]                  from [01m[K/home/astra/Ti5_controller/src/Ti5_arms_controller/include/Ti5_arms_controller/Ti5_arms_controller.hpp:28[m[K,
[4.634s]                  from [01m[K/home/astra/Ti5_controller/src/Ti5_arms_controller/test/test_Ti5_arms_controller.hpp:31[m[K,
[4.634s]                  from [01m[K/home/astra/Ti5_controller/src/Ti5_arms_controller/test/test_Ti5_arms_controller.cpp:27[m[K:
[4.634s] [01m[K/home/astra/Ti5_controller/build/Ti5_arms_controller/Ti5_arms_controller_parameters/include/validate_Ti5_arms_controller_parameters.hpp:[m[K In function â€˜[01m[Kparameter_traits::Result parameter_traits::forbidden_interface_name_prefix(const rclcpp::Parameter&)[m[Kâ€™:
[4.634s] [01m[K/home/astra/Ti5_controller/build/Ti5_arms_controller/Ti5_arms_controller_parameters/include/validate_Ti5_arms_controller_parameters.hpp:35:17:[m[K [01;35m[Kwarning: [m[Kâ€˜[01m[Ktl::expected<void, std::__cxx11::basic_string<char> > parameter_traits::ERROR(const string&, Args ...) [with Args = {}; std::string = std::__cxx11::basic_string<char>][m[Kâ€™ is deprecated: When returning tl::expected<void, std::string> you can call fmt::format directly. [[01;35m[K]8;;https://gcc.gnu.org/onlinedocs/gcc/Warning-Options.html#index-Wdeprecated-declarations-Wdeprecated-declarations]8;;[m[K]
[4.634s]    35 |     return [01;35m[KERROR("'interface_name' parameter can not start with 'blup_'")[m[K;
[4.634s]       |            [01;35m[K~~~~~^~~~~~~~~~~~~~~~~~~~~~~~~~~~~~~~~~~~~~~~~~~~~~~~~~~~~~~~~[m[K
[4.634s] In file included from [01m[K/home/astra/Ti5_controller/build/Ti5_arms_controller/Ti5_arms_controller_parameters/include/Ti5_arms_controller_parameters.hpp:23[m[K,
[4.634s]                  from [01m[K/home/astra/Ti5_controller/src/Ti5_arms_controller/include/Ti5_arms_controller/Ti5_arms_controller.hpp:28[m[K,
[4.634s]                  from [01m[K/home/astra/Ti5_controller/src/Ti5_arms_controller/test/test_Ti5_arms_controller.hpp:31[m[K,
[4.634s]                  from [01m[K/home/astra/Ti5_controller/src/Ti5_arms_controller/test/test_Ti5_arms_controller.cpp:27[m[K:
[4.634s] [01m[K/opt/ros/humble/include/parameter_traits/parameter_traits/parameter_traits.hpp:46:1:[m[K [01;36m[Knote: [m[Kdeclared here
[4.634s]    46 | [01;36m[KERROR[m[K(const std::string& format, Args... args)
[4.634s]       | [01;36m[K^~~~~[m[K
[4.635s] In file included from [01m[K/home/astra/Ti5_controller/build/Ti5_arms_controller/Ti5_arms_controller_parameters/include/Ti5_arms_controller_parameters.hpp:29[m[K,
[4.635s]                  from [01m[K/home/astra/Ti5_controller/src/Ti5_arms_controller/include/Ti5_arms_controller/Ti5_arms_controller.hpp:28[m[K,
[4.635s]                  from [01m[K/home/astra/Ti5_controller/src/Ti5_arms_controller/test/test_Ti5_arms_controller.hpp:31[m[K,
[4.635s]                  from [01m[K/home/astra/Ti5_controller/src/Ti5_arms_controller/test/test_Ti5_arms_controller.cpp:27[m[K:
[4.635s] [01m[K/home/astra/Ti5_controller/build/Ti5_arms_controller/Ti5_arms_controller_parameters/include/validate_Ti5_arms_controller_parameters.hpp:38:10:[m[K [01;35m[Kwarning: [m[Kâ€˜[01m[Kparameter_traits::OK[m[Kâ€™ is deprecated: When returning tl::expected<void, std::string> default construct for OK with `{}`. [[01;35m[K]8;;https://gcc.gnu.org/onlinedocs/gcc/Warning-Options.html#index-Wdeprecated-declarations-Wdeprecated-declarations]8;;[m[K]
[4.635s]    38 |   return [01;35m[KOK[m[K;
[4.635s]       |          [01;35m[K^~[m[K
[4.635s] In file included from [01m[K/home/astra/Ti5_controller/build/Ti5_arms_controller/Ti5_arms_controller_parameters/include/Ti5_arms_controller_parameters.hpp:23[m[K,
[4.635s]                  from [01m[K/home/astra/Ti5_controller/src/Ti5_arms_controller/include/Ti5_arms_controller/Ti5_arms_controller.hpp:28[m[K,
[4.635s]                  from [01m[K/home/astra/Ti5_controller/src/Ti5_arms_controller/test/test_Ti5_arms_controller.hpp:31[m[K,
[4.635s]                  from [01m[K/home/astra/Ti5_controller/src/Ti5_arms_controller/test/test_Ti5_arms_controller.cpp:27[m[K:
[4.635s] [01m[K/opt/ros/humble/include/parameter_traits/parameter_traits/parameter_traits.hpp:51:13:[m[K [01;36m[Knote: [m[Kdeclared here
[4.635s]    51 | auto static [01;36m[KOK[m[K
[4.635s]       |             [01;36m[K^~[m[K
[5.194s] In file included from [01m[K/home/astra/Ti5_controller/src/Ti5_arms_controller/test/test_Ti5_arms_controller_preceeding.cpp:20[m[K:
[5.194s] [01m[K/home/astra/Ti5_controller/src/Ti5_arms_controller/test/test_Ti5_arms_controller.hpp:[m[K In member function â€˜[01m[Kvirtual controller_interface::CallbackReturn TestableTi5ArmsController::on_configure(const rclcpp_lifecycle::State&)[m[Kâ€™:
[5.194s] [01m[K/home/astra/Ti5_controller/src/Ti5_arms_controller/test/test_Ti5_arms_controller.hpp:71:49:[m[K [01;31m[Kerror: [m[Kâ€˜[01m[Krclcpp::Subscription<control_msgs::msg::JointJog_<std::allocator<void> > >::SharedPtr Ti5_arms_controller::Ti5ArmsController::ref_subscriber_[m[Kâ€™ is private within this context
[5.194s]    71 |       ref_subscriber_wait_set_.add_subscription([01;31m[Kref_subscriber_[m[K);
[5.194s]       |                                                 [01;31m[K^~~~~~~~~~~~~~~[m[K
[5.194s] In file included from [01m[K/home/astra/Ti5_controller/src/Ti5_arms_controller/test/test_Ti5_arms_controller.hpp:31[m[K,
[5.194s]                  from [01m[K/home/astra/Ti5_controller/src/Ti5_arms_controller/test/test_Ti5_arms_controller_preceeding.cpp:20[m[K:
[5.194s] [01m[K/home/astra/Ti5_controller/src/Ti5_arms_controller/include/Ti5_arms_controller/Ti5_arms_controller.hpp:92:61:[m[K [01;36m[Knote: [m[Kdeclared private here
[5.194s]    92 |     rclcpp::Subscription<ControllerReferenceMsg>::SharedPtr [01;36m[Kref_subscriber_[m[K = nullptr;
[5.194s]       |                                                             [01;36m[K^~~~~~~~~~~~~~~[m[K
[5.194s] In file included from [01m[K/home/astra/Ti5_controller/src/Ti5_arms_controller/test/test_Ti5_arms_controller.cpp:27[m[K:
[5.194s] [01m[K/home/astra/Ti5_controller/src/Ti5_arms_controller/test/test_Ti5_arms_controller.hpp:[m[K In member function â€˜[01m[Kvirtual controller_interface::CallbackReturn TestableTi5ArmsController::on_configure(const rclcpp_lifecycle::State&)[m[Kâ€™:
[5.194s] [01m[K/home/astra/Ti5_controller/src/Ti5_arms_controller/test/test_Ti5_arms_controller.hpp:71:49:[m[K [01;31m[Kerror: [m[Kâ€˜[01m[Krclcpp::Subscription<control_msgs::msg::JointJog_<std::allocator<void> > >::SharedPtr Ti5_arms_controller::Ti5ArmsController::ref_subscriber_[m[Kâ€™ is private within this context
[5.194s]    71 |       ref_subscriber_wait_set_.add_subscription([01;31m[Kref_subscriber_[m[K);
[5.194s]       |                                                 [01;31m[K^~~~~~~~~~~~~~~[m[K
[5.194s] In file included from [01m[K/home/astra/Ti5_controller/src/Ti5_arms_controller/test/test_Ti5_arms_controller.hpp:31[m[K,
[5.194s]                  from [01m[K/home/astra/Ti5_controller/src/Ti5_arms_controller/test/test_Ti5_arms_controller.cpp:27[m[K:
[5.194s] [01m[K/home/astra/Ti5_controller/src/Ti5_arms_controller/include/Ti5_arms_controller/Ti5_arms_controller.hpp:92:61:[m[K [01;36m[Knote: [m[Kdeclared private here
[5.194s]    92 |     rclcpp::Subscription<ControllerReferenceMsg>::SharedPtr [01;36m[Kref_subscriber_[m[K = nullptr;
[5.194s]       |                                                             [01;36m[K^~~~~~~~~~~~~~~[m[K
[5.232s] In file included from [01m[K/opt/ros/humble/src/gtest_vendor/include/gtest/gtest.h:375[m[K,
[5.232s]                  from [01m[K/opt/ros/humble/src/gmock_vendor/include/gmock/internal/gmock-internal-utils.h:47[m[K,
[5.232s]                  from [01m[K/opt/ros/humble/src/gmock_vendor/include/gmock/gmock-actions.h:51[m[K,
[5.232s]                  from [01m[K/opt/ros/humble/src/gmock_vendor/include/gmock/gmock.h:59[m[K,
[5.232s]                  from [01m[K/home/astra/Ti5_controller/src/Ti5_arms_controller/test/test_Ti5_arms_controller.hpp:32[m[K,
[5.232s]                  from [01m[K/home/astra/Ti5_controller/src/Ti5_arms_controller/test/test_Ti5_arms_controller.cpp:27[m[K:
[5.232s] [01m[K/home/astra/Ti5_controller/src/Ti5_arms_controller/test/test_Ti5_arms_controller.hpp:[m[K In member function â€˜[01m[Kvoid Ti5ArmsControllerFixture<CtrlType>::SetUpController(std::string)[m[Kâ€™:
[5.232s] [01m[K/home/astra/Ti5_controller/src/Ti5_arms_controller/test/test_Ti5_arms_controller.hpp:137:66:[m[K [01;31m[Kerror: [m[Kâ€˜[01m[Kclass TestableTi5ArmsController[m[Kâ€™ has no member named â€˜[01m[Kdefine_custom_node_options[m[Kâ€™
[5.232s]   137 |       controller_->init(controller_name, "", 0, "", controller_->[01;31m[Kdefine_custom_node_options[m[K()),
[5.232s]       |                                                                  [01;31m[K^~~~~~~~~~~~~~~~~~~~~~~~~~[m[K
[5.232s] [01m[K/opt/ros/humble/src/gtest_vendor/include/gtest/gtest_pred_impl.h:77:52:[m[K [01;36m[Knote: [m[Kin definition of macro â€˜[01m[KGTEST_ASSERT_[m[Kâ€™
[5.232s]    77 |   if (const ::testing::AssertionResult gtest_ar = ([01;36m[Kexpression[m[K)) \
[5.232s]       |                                                    [01;36m[K^~~~~~~~~~[m[K
[5.232s] [01m[K/opt/ros/humble/src/gtest_vendor/include/gtest/gtest_pred_impl.h:168:3:[m[K [01;36m[Knote: [m[Kin expansion of macro â€˜[01m[KGTEST_PRED_FORMAT2_[m[Kâ€™
[5.232s]   168 |   [01;36m[KGTEST_PRED_FORMAT2_[m[K(pred_format, v1, v2, GTEST_FATAL_FAILURE_)
[5.232s]       |   [01;36m[K^~~~~~~~~~~~~~~~~~~[m[K
[5.232s] [01m[K/opt/ros/humble/src/gtest_vendor/include/gtest/gtest.h:2041:3:[m[K [01;36m[Knote: [m[Kin expansion of macro â€˜[01m[KASSERT_PRED_FORMAT2[m[Kâ€™
[5.232s]  2041 |   [01;36m[KASSERT_PRED_FORMAT2[m[K(::testing::internal::EqHelper::Compare, val1, val2)
[5.232s]       |   [01;36m[K^~~~~~~~~~~~~~~~~~~[m[K
[5.233s] [01m[K/opt/ros/humble/src/gtest_vendor/include/gtest/gtest.h:2057:32:[m[K [01;36m[Knote: [m[Kin expansion of macro â€˜[01m[KGTEST_ASSERT_EQ[m[Kâ€™
[5.233s]  2057 | # define ASSERT_EQ(val1, val2) [01;36m[KGTEST_ASSERT_EQ[m[K(val1, val2)
[5.233s]       |                                [01;36m[K^~~~~~~~~~~~~~~[m[K
[5.233s] [01m[K/home/astra/Ti5_controller/src/Ti5_arms_controller/test/test_Ti5_arms_controller.hpp:136:5:[m[K [01;36m[Knote: [m[Kin expansion of macro â€˜[01m[KASSERT_EQ[m[Kâ€™
[5.233s]   136 |     [01;36m[KASSERT_EQ[m[K(
[5.233s]       |     [01;36m[K^~~~~~~~~[m[K
[5.233s] In file included from [01m[K/opt/ros/humble/src/gtest_vendor/include/gtest/gtest.h:375[m[K,
[5.233s]                  from [01m[K/opt/ros/humble/src/gmock_vendor/include/gmock/internal/gmock-internal-utils.h:47[m[K,
[5.233s]                  from [01m[K/opt/ros/humble/src/gmock_vendor/include/gmock/gmock-actions.h:51[m[K,
[5.233s]                  from [01m[K/opt/ros/humble/src/gmock_vendor/include/gmock/gmock.h:59[m[K,
[5.233s]                  from [01m[K/home/astra/Ti5_controller/src/Ti5_arms_controller/test/test_Ti5_arms_controller.hpp:32[m[K,
[5.233s]                  from [01m[K/home/astra/Ti5_controller/src/Ti5_arms_controller/test/test_Ti5_arms_controller_preceeding.cpp:20[m[K:
[5.233s] [01m[K/home/astra/Ti5_controller/src/Ti5_arms_controller/test/test_Ti5_arms_controller.hpp:[m[K In member function â€˜[01m[Kvoid Ti5ArmsControllerFixture<CtrlType>::SetUpController(std::string)[m[Kâ€™:
[5.233s] [01m[K/home/astra/Ti5_controller/src/Ti5_arms_controller/test/test_Ti5_arms_controller.hpp:137:66:[m[K [01;31m[Kerror: [m[Kâ€˜[01m[Kclass TestableTi5ArmsController[m[Kâ€™ has no member named â€˜[01m[Kdefine_custom_node_options[m[Kâ€™
[5.233s]   137 |       controller_->init(controller_name, "", 0, "", controller_->[01;31m[Kdefine_custom_node_options[m[K()),
[5.233s]       |                                                                  [01;31m[K^~~~~~~~~~~~~~~~~~~~~~~~~~[m[K
[5.233s] [01m[K/opt/ros/humble/src/gtest_vendor/include/gtest/gtest_pred_impl.h:77:52:[m[K [01;36m[Knote: [m[Kin definition of macro â€˜[01m[KGTEST_ASSERT_[m[Kâ€™
[5.233s]    77 |   if (const ::testing::AssertionResult gtest_ar = ([01;36m[Kexpression[m[K)) \
[5.233s]       |                                                    [01;36m[K^~~~~~~~~~[m[K
[5.233s] [01m[K/opt/ros/humble/src/gtest_vendor/include/gtest/gtest_pred_impl.h:168:3:[m[K [01;36m[Knote: [m[Kin expansion of macro â€˜[01m[KGTEST_PRED_FORMAT2_[m[Kâ€™
[5.233s]   168 |   [01;36m[KGTEST_PRED_FORMAT2_[m[K(pred_format, v1, v2, GTEST_FATAL_FAILURE_)
[5.233s]       |   [01;36m[K^~~~~~~~~~~~~~~~~~~[m[K
[5.233s] [01m[K/opt/ros/humble/src/gtest_vendor/include/gtest/gtest.h:2041:3:[m[K [01;36m[Knote: [m[Kin expansion of macro â€˜[01m[KASSERT_PRED_FORMAT2[m[Kâ€™
[5.233s]  2041 |   [01;36m[KASSERT_PRED_FORMAT2[m[K(::testing::internal::EqHelper::Compare, val1, val2)
[5.233s]       |   [01;36m[K^~~~~~~~~~~~~~~~~~~[m[K
[5.233s] [01m[K/opt/ros/humble/src/gtest_vendor/include/gtest/gtest.h:2057:32:[m[K [01;36m[Knote: [m[Kin expansion of macro â€˜[01m[KGTEST_ASSERT_EQ[m[Kâ€™
[5.233s]  2057 | # define ASSERT_EQ(val1, val2) [01;36m[KGTEST_ASSERT_EQ[m[K(val1, val2)
[5.233s]       |                                [01;36m[K^~~~~~~~~~~~~~~[m[K
[5.233s] [01m[K/home/astra/Ti5_controller/src/Ti5_arms_controller/test/test_Ti5_arms_controller.hpp:136:5:[m[K [01;36m[Knote: [m[Kin expansion of macro â€˜[01m[KASSERT_EQ[m[Kâ€™
[5.233s]   136 |     [01;36m[KASSERT_EQ[m[K(
[5.233s]       |     [01;36m[K^~~~~~~~~[m[K
[5.236s] [01m[K/home/astra/Ti5_controller/src/Ti5_arms_controller/test/test_Ti5_arms_controller_preceeding.cpp:[m[K At global scope:
[5.236s] [01m[K/home/astra/Ti5_controller/src/Ti5_arms_controller/test/test_Ti5_arms_controller_preceeding.cpp:28:28:[m[K [01;31m[Kerror: [m[Kâ€˜[01m[KCMD_MY_ITFS[m[Kâ€™ has not been declared in â€˜[01m[KTi5_arms_controller[m[Kâ€™
[5.236s]    28 | using Ti5_arms_controller::[01;31m[KCMD_MY_ITFS[m[K;
[5.236s]       |                            [01;31m[K^~~~~~~~~~~[m[K
[5.236s] [01m[K/home/astra/Ti5_controller/src/Ti5_arms_controller/test/test_Ti5_arms_controller_preceeding.cpp:29:28:[m[K [01;31m[Kerror: [m[Kâ€˜[01m[Kcontrol_mode_type[m[Kâ€™ has not been declared in â€˜[01m[KTi5_arms_controller[m[Kâ€™
[5.236s]    29 | using Ti5_arms_controller::[01;31m[Kcontrol_mode_type[m[K;
[5.236s]       |                            [01;31m[K^~~~~~~~~~~~~~~~~[m[K
[5.236s] [01m[K/home/astra/Ti5_controller/src/Ti5_arms_controller/test/test_Ti5_arms_controller_preceeding.cpp:30:28:[m[K [01;31m[Kerror: [m[Kâ€˜[01m[KSTATE_MY_ITFS[m[Kâ€™ has not been declared in â€˜[01m[KTi5_arms_controller[m[Kâ€™
[5.236s]    30 | using Ti5_arms_controller::[01;31m[KSTATE_MY_ITFS[m[K;
[5.236s]       |                            [01;31m[K^~~~~~~~~~~~~[m[K
[5.237s] [01m[K/home/astra/Ti5_controller/src/Ti5_arms_controller/test/test_Ti5_arms_controller.cpp:[m[K At global scope:
[5.237s] [01m[K/home/astra/Ti5_controller/src/Ti5_arms_controller/test/test_Ti5_arms_controller.cpp:29:28:[m[K [01;31m[Kerror: [m[Kâ€˜[01m[KCMD_MY_ITFS[m[Kâ€™ has not been declared in â€˜[01m[KTi5_arms_controller[m[Kâ€™
[5.237s]    29 | using Ti5_arms_controller::[01;31m[KCMD_MY_ITFS[m[K;
[5.237s]       |                            [01;31m[K^~~~~~~~~~~[m[K
[5.237s] [01m[K/home/astra/Ti5_controller/src/Ti5_arms_controller/test/test_Ti5_arms_controller.cpp:30:28:[m[K [01;31m[Kerror: [m[Kâ€˜[01m[Kcontrol_mode_type[m[Kâ€™ has not been declared in â€˜[01m[KTi5_arms_controller[m[Kâ€™
[5.237s]    30 | using Ti5_arms_controller::[01;31m[Kcontrol_mode_type[m[K;
[5.237s]       |                            [01;31m[K^~~~~~~~~~~~~~~~~[m[K
[5.237s] [01m[K/home/astra/Ti5_controller/src/Ti5_arms_controller/test/test_Ti5_arms_controller.cpp:31:28:[m[K [01;31m[Kerror: [m[Kâ€˜[01m[KSTATE_MY_ITFS[m[Kâ€™ has not been declared in â€˜[01m[KTi5_arms_controller[m[Kâ€™
[5.237s]    31 | using Ti5_arms_controller::[01;31m[KSTATE_MY_ITFS[m[K;
[5.237s]       |                            [01;31m[K^~~~~~~~~~~~~[m[K
[5.238s] In file included from [01m[K/opt/ros/humble/src/gtest_vendor/include/gtest/gtest.h:62[m[K,
[5.238s]                  from [01m[K/opt/ros/humble/src/gmock_vendor/include/gmock/internal/gmock-internal-utils.h:47[m[K,
[5.239s]                  from [01m[K/opt/ros/humble/src/gmock_vendor/include/gmock/gmock-actions.h:51[m[K,
[5.239s]                  from [01m[K/opt/ros/humble/src/gmock_vendor/include/gmock/gmock.h:59[m[K,
[5.239s]                  from [01m[K/home/astra/Ti5_controller/src/Ti5_arms_controller/test/test_Ti5_arms_controller.hpp:32[m[K,
[5.239s]                  from [01m[K/home/astra/Ti5_controller/src/Ti5_arms_controller/test/test_Ti5_arms_controller_preceeding.cpp:20[m[K:
[5.239s] [01m[K/home/astra/Ti5_controller/src/Ti5_arms_controller/test/test_Ti5_arms_controller_preceeding.cpp:[m[K In member function â€˜[01m[Kvirtual void Ti5ArmsControllerTest_all_parameters_set_configure_success_Test::TestBody()[m[Kâ€™:
[5.239s] [01m[K/home/astra/Ti5_controller/src/Ti5_arms_controller/test/test_Ti5_arms_controller_preceeding.cpp:40:28:[m[K [01;31m[Kerror: [m[Kâ€˜[01m[KTi5_arms_controller::Params Ti5_arms_controller::Ti5ArmsController::params_[m[Kâ€™ is private within this context
[5.239s]    40 |   ASSERT_TRUE(controller_->[01;31m[Kparams_[m[K.joints.empty());
[5.239s]       |                            [01;31m[K^~~~~~~[m[K
[5.239s] [01m[K/opt/ros/humble/src/gtest_vendor/include/gtest/internal/gtest-internal.h:1325:34:[m[K [01;36m[Knote: [m[Kin definition of macro â€˜[01m[KGTEST_TEST_BOOLEAN_[m[Kâ€™
[5.239s]  1325 |       ::testing::AssertionResult([01;36m[Kexpression[m[K)) \
[5.239s]       |                                  [01;36m[K^~~~~~~~~~[m[K
[5.239s] [01m[K/home/astra/Ti5_controller/src/Ti5_arms_controller/test/test_Ti5_arms_controller_preceeding.cpp:40:3:[m[K [01;36m[Knote: [m[Kin expansion of macro â€˜[01m[KASSERT_TRUE[m[Kâ€™
[5.239s]    40 |   [01;36m[KASSERT_TRUE[m[K(controller_->params_.joints.empty());
[5.239s]       |   [01;36m[K^~~~~~~~~~~[m[K
[5.239s] In file included from [01m[K/home/astra/Ti5_controller/src/Ti5_arms_controller/test/test_Ti5_arms_controller.hpp:31[m[K,
[5.239s]                  from [01m[K/home/astra/Ti5_controller/src/Ti5_arms_controller/test/test_Ti5_arms_controller_preceeding.cpp:20[m[K:
[5.239s] [01m[K/home/astra/Ti5_controller/src/Ti5_arms_controller/include/Ti5_arms_controller/Ti5_arms_controller.hpp:78:33:[m[K [01;36m[Knote: [m[Kdeclared private here
[5.239s]    78 |     Ti5_arms_controller::Params [01;36m[Kparams_[m[K;
[5.239s]       |                                 [01;36m[K^~~~~~~[m[K
[5.239s] In file included from [01m[K/opt/ros/humble/src/gtest_vendor/include/gtest/gtest.h:62[m[K,
[5.239s]                  from [01m[K/opt/ros/humble/src/gmock_vendor/include/gmock/internal/gmock-internal-utils.h:47[m[K,
[5.239s]                  from [01m[K/opt/ros/humble/src/gmock_vendor/include/gmock/gmock-actions.h:51[m[K,
[5.239s]                  from [01m[K/opt/ros/humble/src/gmock_vendor/include/gmock/gmock.h:59[m[K,
[5.239s]                  from [01m[K/home/astra/Ti5_controller/src/Ti5_arms_controller/test/test_Ti5_arms_controller.hpp:32[m[K,
[5.239s]                  from [01m[K/home/astra/Ti5_controller/src/Ti5_arms_controller/test/test_Ti5_arms_controller_preceeding.cpp:20[m[K:
[5.239s] [01m[K/home/astra/Ti5_controller/src/Ti5_arms_controller/test/test_Ti5_arms_controller_preceeding.cpp:41:28:[m[K [01;31m[Kerror: [m[Kâ€˜[01m[KTi5_arms_controller::Params Ti5_arms_controller::Ti5ArmsController::params_[m[Kâ€™ is private within this context
[5.239s]    41 |   ASSERT_TRUE(controller_->[01;31m[Kparams_[m[K.state_joints.empty());
[5.239s]       |                            [01;31m[K^~~~~~~[m[K
[5.239s] [01m[K/opt/ros/humble/src/gtest_vendor/include/gtest/internal/gtest-internal.h:1325:34:[m[K [01;36m[Knote: [m[Kin definition of macro â€˜[01m[KGTEST_TEST_BOOLEAN_[m[Kâ€™
[5.239s]  1325 |       ::testing::AssertionResult([01;36m[Kexpression[m[K)) \
[5.240s]       |                                  [01;36m[K^~~~~~~~~~[m[K
[5.240s] [01m[K/home/astra/Ti5_controller/src/Ti5_arms_controller/test/test_Ti5_arms_controller_preceeding.cpp:41:3:[m[K [01;36m[Knote: [m[Kin expansion of macro â€˜[01m[KASSERT_TRUE[m[Kâ€™
[5.240s]    41 |   [01;36m[KASSERT_TRUE[m[K(controller_->params_.state_joints.empty());
[5.240s]       |   [01;36m[K^~~~~~~~~~~[m[K
[5.240s] In file included from [01m[K/home/astra/Ti5_controller/src/Ti5_arms_controller/test/test_Ti5_arms_controller.hpp:31[m[K,
[5.240s]                  from [01m[K/home/astra/Ti5_controller/src/Ti5_arms_controller/test/test_Ti5_arms_controller_preceeding.cpp:20[m[K:
[5.240s] [01m[K/home/astra/Ti5_controller/src/Ti5_arms_controller/include/Ti5_arms_controller/Ti5_arms_controller.hpp:78:33:[m[K [01;36m[Knote: [m[Kdeclared private here
[5.240s]    78 |     Ti5_arms_controller::Params [01;36m[Kparams_[m[K;
[5.240s]       |                                 [01;36m[K^~~~~~~[m[K
[5.240s] In file included from [01m[K/opt/ros/humble/src/gtest_vendor/include/gtest/gtest.h:62[m[K,
[5.240s]                  from [01m[K/opt/ros/humble/src/gmock_vendor/include/gmock/internal/gmock-internal-utils.h:47[m[K,
[5.240s]                  from [01m[K/opt/ros/humble/src/gmock_vendor/include/gmock/gmock-actions.h:51[m[K,
[5.240s]                  from [01m[K/opt/ros/humble/src/gmock_vendor/include/gmock/gmock.h:59[m[K,
[5.240s]                  from [01m[K/home/astra/Ti5_controller/src/Ti5_arms_controller/test/test_Ti5_arms_controller.hpp:32[m[K,
[5.240s]                  from [01m[K/home/astra/Ti5_controller/src/Ti5_arms_controller/test/test_Ti5_arms_controller_preceeding.cpp:20[m[K:
[5.240s] [01m[K/home/astra/Ti5_controller/src/Ti5_arms_controller/test/test_Ti5_arms_controller_preceeding.cpp:42:28:[m[K [01;31m[Kerror: [m[Kâ€˜[01m[KTi5_arms_controller::Params Ti5_arms_controller::Ti5ArmsController::params_[m[Kâ€™ is private within this context
[5.240s]    42 |   ASSERT_TRUE(controller_->[01;31m[Kparams_[m[K.interface_name.empty());
[5.240s]       |                            [01;31m[K^~~~~~~[m[K
[5.240s] [01m[K/opt/ros/humble/src/gtest_vendor/include/gtest/internal/gtest-internal.h:1325:34:[m[K [01;36m[Knote: [m[Kin definition of macro â€˜[01m[KGTEST_TEST_BOOLEAN_[m[Kâ€™
[5.240s]  1325 |       ::testing::AssertionResult([01;36m[Kexpression[m[K)) \
[5.240s]       |                                  [01;36m[K^~~~~~~~~~[m[K
[5.240s] [01m[K/home/astra/Ti5_controller/src/Ti5_arms_controller/test/test_Ti5_arms_controller_preceeding.cpp:42:3:[m[K [01;36m[Knote: [m[Kin expansion of macro â€˜[01m[KASSERT_TRUE[m[Kâ€™
[5.241s]    42 |   [01;36m[KASSERT_TRUE[m[K(controller_->params_.interface_name.empty());
[5.241s]       |   [01;36m[K^~~~~~~~~~~[m[K
[5.241s] In file included from [01m[K/home/astra/Ti5_controller/src/Ti5_arms_controller/test/test_Ti5_arms_controller.hpp:31[m[K,
[5.241s]                  from [01m[K/home/astra/Ti5_controller/src/Ti5_arms_controller/test/test_Ti5_arms_controller_preceeding.cpp:20[m[K:
[5.241s] [01m[K/home/astra/Ti5_controller/src/Ti5_arms_controller/include/Ti5_arms_controller/Ti5_arms_controller.hpp:78:33:[m[K [01;36m[Knote: [m[Kdeclared private here
[5.241s]    78 |     Ti5_arms_controller::Params [01;36m[Kparams_[m[K;
[5.241s]       |                                 [01;36m[K^~~~~~~[m[K
[5.241s] In file included from [01m[K/opt/ros/humble/src/gtest_vendor/include/gtest/gtest.h:375[m[K,
[5.241s]                  from [01m[K/opt/ros/humble/src/gmock_vendor/include/gmock/internal/gmock-internal-utils.h:47[m[K,
[5.241s]                  from [01m[K/opt/ros/humble/src/gmock_vendor/include/gmock/gmock-actions.h:51[m[K,
[5.241s]                  from [01m[K/opt/ros/humble/src/gmock_vendor/include/gmock/gmock.h:59[m[K,
[5.241s]                  from [01m[K/home/astra/Ti5_controller/src/Ti5_arms_controller/test/test_Ti5_arms_controller.hpp:32[m[K,
[5.241s]                  from [01m[K/home/astra/Ti5_controller/src/Ti5_arms_controller/test/test_Ti5_arms_controller_preceeding.cpp:20[m[K:
[5.241s] [01m[K/home/astra/Ti5_controller/src/Ti5_arms_controller/test/test_Ti5_arms_controller_preceeding.cpp:46:28:[m[K [01;31m[Kerror: [m[Kâ€˜[01m[KTi5_arms_controller::Params Ti5_arms_controller::Ti5ArmsController::params_[m[Kâ€™ is private within this context
[5.241s]    46 |   ASSERT_THAT(controller_->[01;31m[Kparams_[m[K.joints, testing::ElementsAreArray(joint_names_));
[5.241s]       |                            [01;31m[K^~~~~~~[m[K
[5.241s] [01m[K/opt/ros/humble/src/gtest_vendor/include/gtest/gtest_pred_impl.h:77:52:[m[K [01;36m[Knote: [m[Kin definition of macro â€˜[01m[KGTEST_ASSERT_[m[Kâ€™
[5.241s]    77 |   if (const ::testing::AssertionResult gtest_ar = ([01;36m[Kexpression[m[K)) \
[5.241s]       |                                                    [01;36m[K^~~~~~~~~~[m[K
[5.241s] [01m[K/opt/ros/humble/src/gtest_vendor/include/gtest/gtest_pred_impl.h:119:3:[m[K [01;36m[Knote: [m[Kin expansion of macro â€˜[01m[KGTEST_PRED_FORMAT1_[m[Kâ€™
[5.241s]   119 |   [01;36m[KGTEST_PRED_FORMAT1_[m[K(pred_format, v1, GTEST_FATAL_FAILURE_)
[5.241s]       |   [01;36m[K^~~~~~~~~~~~~~~~~~~[m[K
[5.241s] [01m[K/opt/ros/humble/src/gmock_vendor/include/gmock/gmock-matchers.h:4554:37:[m[K [01;36m[Knote: [m[Kin expansion of macro â€˜[01m[KASSERT_PRED_FORMAT1[m[Kâ€™
[5.241s]  4554 | #define ASSERT_THAT(value, matcher) [01;36m[KASSERT_PRED_FORMAT1[m[K(\
[5.241s]       |                                     [01;36m[K^~~~~~~~~~~~~~~~~~~[m[K
[5.241s] [01m[K/home/astra/Ti5_controller/src/Ti5_arms_controller/test/test_Ti5_arms_controller_preceeding.cpp:46:3:[m[K [01;36m[Knote: [m[Kin expansion of macro â€˜[01m[KASSERT_THAT[m[Kâ€™
[5.241s]    46 |   [01;36m[KASSERT_THAT[m[K(controller_->params_.joints, testing::ElementsAreArray(joint_names_));
[5.241s]       |   [01;36m[K^~~~~~~~~~~[m[K
[5.241s] In file included from [01m[K/home/astra/Ti5_controller/src/Ti5_arms_controller/test/test_Ti5_arms_controller.hpp:31[m[K,
[5.242s]                  from [01m[K/home/astra/Ti5_controller/src/Ti5_arms_controller/test/test_Ti5_arms_controller_preceeding.cpp:20[m[K:
[5.242s] [01m[K/home/astra/Ti5_controller/src/Ti5_arms_controller/include/Ti5_arms_controller/Ti5_arms_controller.hpp:78:33:[m[K [01;36m[Knote: [m[Kdeclared private here
[5.242s]    78 |     Ti5_arms_controller::Params [01;36m[Kparams_[m[K;
[5.242s]       |                                 [01;36m[K^~~~~~~[m[K
[5.242s] In file included from [01m[K/opt/ros/humble/src/gtest_vendor/include/gtest/gtest.h:62[m[K,
[5.242s]                  from [01m[K/opt/ros/humble/src/gmock_vendor/include/gmock/internal/gmock-internal-utils.h:47[m[K,
[5.242s]                  from [01m[K/opt/ros/humble/src/gmock_vendor/include/gmock/gmock-actions.h:51[m[K,
[5.242s]                  from [01m[K/opt/ros/humble/src/gmock_vendor/include/gmock/gmock.h:59[m[K,
[5.242s]                  from [01m[K/home/astra/Ti5_controller/src/Ti5_arms_controller/test/test_Ti5_arms_controller.hpp:32[m[K,
[5.242s]                  from [01m[K/home/astra/Ti5_controller/src/Ti5_arms_controller/test/test_Ti5_arms_controller.cpp:27[m[K:
[5.242s] [01m[K/home/astra/Ti5_controller/src/Ti5_arms_controller/test/test_Ti5_arms_controller.cpp:[m[K In member function â€˜[01m[Kvirtual void Ti5ArmsControllerTest_all_parameters_set_configure_success_Test::TestBody()[m[Kâ€™:
[5.242s] [01m[K/home/astra/Ti5_controller/src/Ti5_arms_controller/test/test_Ti5_arms_controller.cpp:41:28:[m[K [01;31m[Kerror: [m[Kâ€˜[01m[KTi5_arms_controller::Params Ti5_arms_controller::Ti5ArmsController::params_[m[Kâ€™ is private within this context
[5.242s]    41 |   ASSERT_TRUE(controller_->[01;31m[Kparams_[m[K.joints.empty());
[5.242s]       |                            [01;31m[K^~~~~~~[m[K
[5.242s] [01m[K/opt/ros/humble/src/gtest_vendor/include/gtest/internal/gtest-internal.h:1325:34:[m[K [01;36m[Knote: [m[Kin definition of macro â€˜[01m[KGTEST_TEST_BOOLEAN_[m[Kâ€™
[5.242s]  1325 |       ::testing::AssertionResult([01;36m[Kexpression[m[K)) \
[5.242s]       |                                  [01;36m[K^~~~~~~~~~[m[K
[5.242s] [01m[K/home/astra/Ti5_controller/src/Ti5_arms_controller/test/test_Ti5_arms_controller.cpp:41:3:[m[K [01;36m[Knote: [m[Kin expansion of macro â€˜[01m[KASSERT_TRUE[m[Kâ€™
[5.242s]    41 |   [01;36m[KASSERT_TRUE[m[K(controller_->params_.joints.empty());
[5.242s]       |   [01;36m[K^~~~~~~~~~~[m[K
[5.242s] In file included from [01m[K/home/astra/Ti5_controller/src/Ti5_arms_controller/test/test_Ti5_arms_controller.hpp:31[m[K,
[5.242s]                  from [01m[K/home/astra/Ti5_controller/src/Ti5_arms_controller/test/test_Ti5_arms_controller.cpp:27[m[K:
[5.242s] [01m[K/home/astra/Ti5_controller/src/Ti5_arms_controller/include/Ti5_arms_controller/Ti5_arms_controller.hpp:78:33:[m[K [01;36m[Knote: [m[Kdeclared private here
[5.242s]    78 |     Ti5_arms_controller::Params [01;36m[Kparams_[m[K;
[5.242s]       |                                 [01;36m[K^~~~~~~[m[K
[5.242s] In file included from [01m[K/opt/ros/humble/src/gtest_vendor/include/gtest/gtest.h:375[m[K,
[5.242s]                  from [01m[K/opt/ros/humble/src/gmock_vendor/include/gmock/internal/gmock-internal-utils.h:47[m[K,
[5.242s]                  from [01m[K/opt/ros/humble/src/gmock_vendor/include/gmock/gmock-actions.h:51[m[K,
[5.242s]                  from [01m[K/opt/ros/humble/src/gmock_vendor/include/gmock/gmock.h:59[m[K,
[5.242s]                  from [01m[K/home/astra/Ti5_controller/src/Ti5_arms_controller/test/test_Ti5_arms_controller.hpp:32[m[K,
[5.242s]                  from [01m[K/home/astra/Ti5_controller/src/Ti5_arms_controller/test/test_Ti5_arms_controller_preceeding.cpp:20[m[K:
[5.242s] [01m[K/home/astra/Ti5_controller/src/Ti5_arms_controller/test/test_Ti5_arms_controller_preceeding.cpp:47:28:[m[K [01;31m[Kerror: [m[Kâ€˜[01m[KTi5_arms_controller::Params Ti5_arms_controller::Ti5ArmsController::params_[m[Kâ€™ is private within this context
[5.242s]    47 |   ASSERT_THAT(controller_->[01;31m[Kparams_[m[K.state_joints, testing::ElementsAreArray(state_joint_names_));
[5.243s]       |                            [01;31m[K^~~~~~~[m[K
[5.243s] [01m[K/opt/ros/humble/src/gtest_vendor/include/gtest/gtest_pred_impl.h:77:52:[m[K [01;36m[Knote: [m[Kin definition of macro â€˜[01m[KGTEST_ASSERT_[m[Kâ€™
[5.243s]    77 |   if (const ::testing::AssertionResult gtest_ar = ([01;36m[Kexpression[m[K)) \
[5.243s]       |                                                    [01;36m[K^~~~~~~~~~[m[K
[5.243s] [01m[K/opt/ros/humble/src/gtest_vendor/include/gtest/gtest_pred_impl.h:119:3:[m[K [01;36m[Knote: [m[Kin expansion of macro â€˜[01m[KGTEST_PRED_FORMAT1_[m[Kâ€™
[5.243s]   119 |   [01;36m[KGTEST_PRED_FORMAT1_[m[K(pred_format, v1, GTEST_FATAL_FAILURE_)
[5.243s]       |   [01;36m[K^~~~~~~~~~~~~~~~~~~[m[K
[5.243s] [01m[K/opt/ros/humble/src/gmock_vendor/include/gmock/gmock-matchers.h:4554:37:[m[K [01;36m[Knote: [m[Kin expansion of macro â€˜[01m[KASSERT_PRED_FORMAT1[m[Kâ€™
[5.243s]  4554 | #define ASSERT_THAT(value, matcher) [01;36m[KASSERT_PRED_FORMAT1[m[K(\
[5.243s]       |                                     [01;36m[K^~~~~~~~~~~~~~~~~~~[m[K
[5.243s] [01m[K/home/astra/Ti5_controller/src/Ti5_arms_controller/test/test_Ti5_arms_controller_preceeding.cpp:47:3:[m[K [01;36m[Knote: [m[Kin expansion of macro â€˜[01m[KASSERT_THAT[m[Kâ€™
[5.243s]    47 |   [01;36m[KASSERT_THAT[m[K(controller_->params_.state_joints, testing::ElementsAreArray(state_joint_names_));
[5.243s]       |   [01;36m[K^~~~~~~~~~~[m[K
[5.243s] In file included from [01m[K/home/astra/Ti5_controller/src/Ti5_arms_controller/test/test_Ti5_arms_controller.hpp:31[m[K,
[5.243s]                  from [01m[K/home/astra/Ti5_controller/src/Ti5_arms_controller/test/test_Ti5_arms_controller_preceeding.cpp:20[m[K:
[5.243s] [01m[K/home/astra/Ti5_controller/src/Ti5_arms_controller/include/Ti5_arms_controller/Ti5_arms_controller.hpp:78:33:[m[K [01;36m[Knote: [m[Kdeclared private here
[5.243s]    78 |     Ti5_arms_controller::Params [01;36m[Kparams_[m[K;
[5.243s]       |                                 [01;36m[K^~~~~~~[m[K
[5.243s] In file included from [01m[K/opt/ros/humble/src/gtest_vendor/include/gtest/gtest.h:62[m[K,
[5.243s]                  from [01m[K/opt/ros/humble/src/gmock_vendor/include/gmock/internal/gmock-internal-utils.h:47[m[K,
[5.243s]                  from [01m[K/opt/ros/humble/src/gmock_vendor/include/gmock/gmock-actions.h:51[m[K,
[5.243s]                  from [01m[K/opt/ros/humble/src/gmock_vendor/include/gmock/gmock.h:59[m[K,
[5.243s]                  from [01m[K/home/astra/Ti5_controller/src/Ti5_arms_controller/test/test_Ti5_arms_controller.hpp:32[m[K,
[5.243s]                  from [01m[K/home/astra/Ti5_controller/src/Ti5_arms_controller/test/test_Ti5_arms_controller.cpp:27[m[K:
[5.243s] [01m[K/home/astra/Ti5_controller/src/Ti5_arms_controller/test/test_Ti5_arms_controller.cpp:42:28:[m[K [01;31m[Kerror: [m[Kâ€˜[01m[KTi5_arms_controller::Params Ti5_arms_controller::Ti5ArmsController::params_[m[Kâ€™ is private within this context
[5.243s]    42 |   ASSERT_TRUE(controller_->[01;31m[Kparams_[m[K.state_joints.empty());
[5.243s]       |                            [01;31m[K^~~~~~~[m[K
[5.243s] [01m[K/opt/ros/humble/src/gtest_vendor/include/gtest/internal/gtest-internal.h:1325:34:[m[K [01;36m[Knote: [m[Kin definition of macro â€˜[01m[KGTEST_TEST_BOOLEAN_[m[Kâ€™
[5.243s]  1325 |       ::testing::AssertionResult([01;36m[Kexpression[m[K)) \
[5.243s]       |                                  [01;36m[K^~~~~~~~~~[m[K
[5.243s] [01m[K/home/astra/Ti5_controller/src/Ti5_arms_controller/test/test_Ti5_arms_controller.cpp:42:3:[m[K [01;36m[Knote: [m[Kin expansion of macro â€˜[01m[KASSERT_TRUE[m[Kâ€™
[5.243s]    42 |   [01;36m[KASSERT_TRUE[m[K(controller_->params_.state_joints.empty());
[5.243s]       |   [01;36m[K^~~~~~~~~~~[m[K
[5.243s] In file included from [01m[K/home/astra/Ti5_controller/src/Ti5_arms_controller/test/test_Ti5_arms_controller.hpp:31[m[K,
[5.243s]                  from [01m[K/home/astra/Ti5_controller/src/Ti5_arms_controller/test/test_Ti5_arms_controller.cpp:27[m[K:
[5.243s] [01m[K/home/astra/Ti5_controller/src/Ti5_arms_controller/include/Ti5_arms_controller/Ti5_arms_controller.hpp:78:33:[m[K [01;36m[Knote: [m[Kdeclared private here
[5.243s]    78 |     Ti5_arms_controller::Params [01;36m[Kparams_[m[K;
[5.243s]       |                                 [01;36m[K^~~~~~~[m[K
[5.243s] In file included from [01m[K/opt/ros/humble/src/gtest_vendor/include/gtest/gtest.h:375[m[K,
[5.244s]                  from [01m[K/opt/ros/humble/src/gmock_vendor/include/gmock/internal/gmock-internal-utils.h:47[m[K,
[5.244s]                  from [01m[K/opt/ros/humble/src/gmock_vendor/include/gmock/gmock-actions.h:51[m[K,
[5.244s]                  from [01m[K/opt/ros/humble/src/gmock_vendor/include/gmock/gmock.h:59[m[K,
[5.244s]                  from [01m[K/home/astra/Ti5_controller/src/Ti5_arms_controller/test/test_Ti5_arms_controller.hpp:32[m[K,
[5.244s]                  from [01m[K/home/astra/Ti5_controller/src/Ti5_arms_controller/test/test_Ti5_arms_controller_preceeding.cpp:20[m[K:
[5.244s] [01m[K/home/astra/Ti5_controller/src/Ti5_arms_controller/test/test_Ti5_arms_controller_preceeding.cpp:48:28:[m[K [01;31m[Kerror: [m[Kâ€˜[01m[Kclass TestableTi5ArmsController[m[Kâ€™ has no member named â€˜[01m[Kstate_joints_[m[Kâ€™
[5.244s]    48 |   ASSERT_THAT(controller_->[01;31m[Kstate_joints_[m[K, testing::ElementsAreArray(state_joint_names_));
[5.244s]       |                            [01;31m[K^~~~~~~~~~~~~[m[K
[5.244s] [01m[K/opt/ros/humble/src/gtest_vendor/include/gtest/gtest_pred_impl.h:77:52:[m[K [01;36m[Knote: [m[Kin definition of macro â€˜[01m[KGTEST_ASSERT_[m[Kâ€™
[5.244s]    77 |   if (const ::testing::AssertionResult gtest_ar = ([01;36m[Kexpression[m[K)) \
[5.244s]       |                                                    [01;36m[K^~~~~~~~~~[m[K
[5.244s] [01m[K/opt/ros/humble/src/gtest_vendor/include/gtest/gtest_pred_impl.h:119:3:[m[K [01;36m[Knote: [m[Kin expansion of macro â€˜[01m[KGTEST_PRED_FORMAT1_[m[Kâ€™
[5.244s]   119 |   [01;36m[KGTEST_PRED_FORMAT1_[m[K(pred_format, v1, GTEST_FATAL_FAILURE_)
[5.244s]       |   [01;36m[K^~~~~~~~~~~~~~~~~~~[m[K
[5.244s] [01m[K/opt/ros/humble/src/gmock_vendor/include/gmock/gmock-matchers.h:4554:37:[m[K [01;36m[Knote: [m[Kin expansion of macro â€˜[01m[KASSERT_PRED_FORMAT1[m[Kâ€™
[5.244s]  4554 | #define ASSERT_THAT(value, matcher) [01;36m[KASSERT_PRED_FORMAT1[m[K(\
[5.244s]       |                                     [01;36m[K^~~~~~~~~~~~~~~~~~~[m[K
[5.244s] [01m[K/home/astra/Ti5_controller/src/Ti5_arms_controller/test/test_Ti5_arms_controller_preceeding.cpp:48:3:[m[K [01;36m[Knote: [m[Kin expansion of macro â€˜[01m[KASSERT_THAT[m[Kâ€™
[5.244s]    48 |   [01;36m[KASSERT_THAT[m[K(controller_->state_joints_, testing::ElementsAreArray(state_joint_names_));
[5.244s]       |   [01;36m[K^~~~~~~~~~~[m[K
[5.244s] In file included from [01m[K/opt/ros/humble/src/gtest_vendor/include/gtest/gtest.h:62[m[K,
[5.244s]                  from [01m[K/opt/ros/humble/src/gmock_vendor/include/gmock/internal/gmock-internal-utils.h:47[m[K,
[5.244s]                  from [01m[K/opt/ros/humble/src/gmock_vendor/include/gmock/gmock-actions.h:51[m[K,
[5.244s]                  from [01m[K/opt/ros/humble/src/gmock_vendor/include/gmock/gmock.h:59[m[K,
[5.244s]                  from [01m[K/home/astra/Ti5_controller/src/Ti5_arms_controller/test/test_Ti5_arms_controller.hpp:32[m[K,
[5.244s]                  from [01m[K/home/astra/Ti5_controller/src/Ti5_arms_controller/test/test_Ti5_arms_controller.cpp:27[m[K:
[5.244s] [01m[K/home/astra/Ti5_controller/src/Ti5_arms_controller/test/test_Ti5_arms_controller.cpp:43:28:[m[K [01;31m[Kerror: [m[Kâ€˜[01m[KTi5_arms_controller::Params Ti5_arms_controller::Ti5ArmsController::params_[m[Kâ€™ is private within this context
[5.244s]    43 |   ASSERT_TRUE(controller_->[01;31m[Kparams_[m[K.interface_name.empty());
[5.244s]       |                            [01;31m[K^~~~~~~[m[K
[5.244s] [01m[K/opt/ros/humble/src/gtest_vendor/include/gtest/internal/gtest-internal.h:1325:34:[m[K [01;36m[Knote: [m[Kin definition of macro â€˜[01m[KGTEST_TEST_BOOLEAN_[m[Kâ€™
[5.244s]  1325 |       ::testing::AssertionResult([01;36m[Kexpression[m[K)) \
[5.244s]       |                                  [01;36m[K^~~~~~~~~~[m[K
[5.244s] [01m[K/home/astra/Ti5_controller/src/Ti5_arms_controller/test/test_Ti5_arms_controller.cpp:43:3:[m[K [01;36m[Knote: [m[Kin expansion of macro â€˜[01m[KASSERT_TRUE[m[Kâ€™
[5.244s]    43 |   [01;36m[KASSERT_TRUE[m[K(controller_->params_.interface_name.empty());
[5.244s]       |   [01;36m[K^~~~~~~~~~~[m[K
[5.244s] In file included from [01m[K/home/astra/Ti5_controller/src/Ti5_arms_controller/test/test_Ti5_arms_controller.hpp:31[m[K,
[5.244s]                  from [01m[K/home/astra/Ti5_controller/src/Ti5_arms_controller/test/test_Ti5_arms_controller.cpp:27[m[K:
[5.244s] [01m[K/home/astra/Ti5_controller/src/Ti5_arms_controller/include/Ti5_arms_controller/Ti5_arms_controller.hpp:78:33:[m[K [01;36m[Knote: [m[Kdeclared private here
[5.244s]    78 |     Ti5_arms_controller::Params [01;36m[Kparams_[m[K;
[5.245s]       |                                 [01;36m[K^~~~~~~[m[K
[5.245s] [01m[K/home/astra/Ti5_controller/src/Ti5_arms_controller/test/test_Ti5_arms_controller_preceeding.cpp:49:26:[m[K [01;31m[Kerror: [m[Kâ€˜[01m[KTi5_arms_controller::Params Ti5_arms_controller::Ti5ArmsController::params_[m[Kâ€™ is private within this context
[5.245s]    49 |   ASSERT_EQ(controller_->[01;31m[Kparams_[m[K.interface_name, interface_name_);
[5.245s]       |                          [01;31m[K^~~~~~~[m[K
[5.245s] [01m[K/opt/ros/humble/src/gtest_vendor/include/gtest/gtest_pred_impl.h:77:52:[m[K [01;36m[Knote: [m[Kin definition of macro â€˜[01m[KGTEST_ASSERT_[m[Kâ€™
[5.245s]    77 |   if (const ::testing::AssertionResult gtest_ar = ([01;36m[Kexpression[m[K)) \
[5.245s]       |                                                    [01;36m[K^~~~~~~~~~[m[K
[5.245s] [01m[K/opt/ros/humble/src/gtest_vendor/include/gtest/gtest_pred_impl.h:168:3:[m[K [01;36m[Knote: [m[Kin expansion of macro â€˜[01m[KGTEST_PRED_FORMAT2_[m[Kâ€™
[5.245s]   168 |   [01;36m[KGTEST_PRED_FORMAT2_[m[K(pred_format, v1, v2, GTEST_FATAL_FAILURE_)
[5.245s]       |   [01;36m[K^~~~~~~~~~~~~~~~~~~[m[K
[5.245s] [01m[K/opt/ros/humble/src/gtest_vendor/include/gtest/gtest.h:2041:3:[m[K [01;36m[Knote: [m[Kin expansion of macro â€˜[01m[KASSERT_PRED_FORMAT2[m[Kâ€™
[5.245s]  2041 |   [01;36m[KASSERT_PRED_FORMAT2[m[K(::testing::internal::EqHelper::Compare, val1, val2)
[5.245s]       |   [01;36m[K^~~~~~~~~~~~~~~~~~~[m[K
[5.245s] [01m[K/opt/ros/humble/src/gtest_vendor/include/gtest/gtest.h:2057:32:[m[K [01;36m[Knote: [m[Kin expansion of macro â€˜[01m[KGTEST_ASSERT_EQ[m[Kâ€™
[5.245s]  2057 | # define ASSERT_EQ(val1, val2) [01;36m[KGTEST_ASSERT_EQ[m[K(val1, val2)
[5.245s]       |                                [01;36m[K^~~~~~~~~~~~~~~[m[K
[5.245s] [01m[K/home/astra/Ti5_controller/src/Ti5_arms_controller/test/test_Ti5_arms_controller_preceeding.cpp:49:3:[m[K [01;36m[Knote: [m[Kin expansion of macro â€˜[01m[KASSERT_EQ[m[Kâ€™
[5.245s]    49 |   [01;36m[KASSERT_EQ[m[K(controller_->params_.interface_name, interface_name_);
[5.245s]       |   [01;36m[K^~~~~~~~~[m[K
[5.245s] In file included from [01m[K/home/astra/Ti5_controller/src/Ti5_arms_controller/test/test_Ti5_arms_controller.hpp:31[m[K,
[5.245s]                  from [01m[K/home/astra/Ti5_controller/src/Ti5_arms_controller/test/test_Ti5_arms_controller_preceeding.cpp:20[m[K:
[5.245s] [01m[K/home/astra/Ti5_controller/src/Ti5_arms_controller/include/Ti5_arms_controller/Ti5_arms_controller.hpp:78:33:[m[K [01;36m[Knote: [m[Kdeclared private here
[5.245s]    78 |     Ti5_arms_controller::Params [01;36m[Kparams_[m[K;
[5.245s]       |                                 [01;36m[K^~~~~~~[m[K
[5.245s] In file included from [01m[K/opt/ros/humble/src/gtest_vendor/include/gtest/gtest.h:375[m[K,
[5.245s]                  from [01m[K/opt/ros/humble/src/gmock_vendor/include/gmock/internal/gmock-internal-utils.h:47[m[K,
[5.245s]                  from [01m[K/opt/ros/humble/src/gmock_vendor/include/gmock/gmock-actions.h:51[m[K,
[5.245s]                  from [01m[K/opt/ros/humble/src/gmock_vendor/include/gmock/gmock.h:59[m[K,
[5.245s]                  from [01m[K/home/astra/Ti5_controller/src/Ti5_arms_controller/test/test_Ti5_arms_controller.hpp:32[m[K,
[5.245s]                  from [01m[K/home/astra/Ti5_controller/src/Ti5_arms_controller/test/test_Ti5_arms_controller.cpp:27[m[K:
[5.245s] [01m[K/home/astra/Ti5_controller/src/Ti5_arms_controller/test/test_Ti5_arms_controller.cpp:47:28:[m[K [01;31m[Kerror: [m[Kâ€˜[01m[KTi5_arms_controller::Params Ti5_arms_controller::Ti5ArmsController::params_[m[Kâ€™ is private within this context
[5.245s]    47 |   ASSERT_THAT(controller_->[01;31m[Kparams_[m[K.joints, testing::ElementsAreArray(joint_names_));
[5.245s]       |                            [01;31m[K^~~~~~~[m[K
[5.245s] [01m[K/opt/ros/humble/src/gtest_vendor/include/gtest/gtest_pred_impl.h:77:52:[m[K [01;36m[Knote: [m[Kin definition of macro â€˜[01m[KGTEST_ASSERT_[m[Kâ€™
[5.246s]    77 |   if (const ::testing::AssertionResult gtest_ar = ([01;36m[Kexpression[m[K)) \
[5.246s]       |                                                    [01;36m[K^~~~~~~~~~[m[K
[5.246s] [01m[K/opt/ros/humble/src/gtest_vendor/include/gtest/gtest_pred_impl.h:119:3:[m[K [01;36m[Knote: [m[Kin expansion of macro â€˜[01m[KGTEST_PRED_FORMAT1_[m[Kâ€™
[5.246s]   119 |   [01;36m[KGTEST_PRED_FORMAT1_[m[K(pred_format, v1, GTEST_FATAL_FAILURE_)
[5.246s]       |   [01;36m[K^~~~~~~~~~~~~~~~~~~[m[K
[5.246s] [01m[K/opt/ros/humble/src/gmock_vendor/include/gmock/gmock-matchers.h:4554:37:[m[K [01;36m[Knote: [m[Kin expansion of macro â€˜[01m[KASSERT_PRED_FORMAT1[m[Kâ€™
[5.246s]  4554 | #define ASSERT_THAT(value, matcher) [01;36m[KASSERT_PRED_FORMAT1[m[K(\
[5.246s]       |                                     [01;36m[K^~~~~~~~~~~~~~~~~~~[m[K
[5.246s] [01m[K/home/astra/Ti5_controller/src/Ti5_arms_controller/test/test_Ti5_arms_controller.cpp:47:3:[m[K [01;36m[Knote: [m[Kin expansion of macro â€˜[01m[KASSERT_THAT[m[Kâ€™
[5.246s]    47 |   [01;36m[KASSERT_THAT[m[K(controller_->params_.joints, testing::ElementsAreArray(joint_names_));
[5.246s]       |   [01;36m[K^~~~~~~~~~~[m[K
[5.246s] In file included from [01m[K/home/astra/Ti5_controller/src/Ti5_arms_controller/test/test_Ti5_arms_controller.hpp:31[m[K,
[5.246s]                  from [01m[K/home/astra/Ti5_controller/src/Ti5_arms_controller/test/test_Ti5_arms_controller.cpp:27[m[K:
[5.246s] [01m[K/home/astra/Ti5_controller/src/Ti5_arms_controller/include/Ti5_arms_controller/Ti5_arms_controller.hpp:78:33:[m[K [01;36m[Knote: [m[Kdeclared private here
[5.246s]    78 |     Ti5_arms_controller::Params [01;36m[Kparams_[m[K;
[5.246s]       |                                 [01;36m[K^~~~~~~[m[K
[5.246s] In file included from [01m[K/opt/ros/humble/src/gtest_vendor/include/gtest/gtest.h:62[m[K,
[5.246s]                  from [01m[K/opt/ros/humble/src/gmock_vendor/include/gmock/internal/gmock-internal-utils.h:47[m[K,
[5.246s]                  from [01m[K/opt/ros/humble/src/gmock_vendor/include/gmock/gmock-actions.h:51[m[K,
[5.246s]                  from [01m[K/opt/ros/humble/src/gmock_vendor/include/gmock/gmock.h:59[m[K,
[5.246s]                  from [01m[K/home/astra/Ti5_controller/src/Ti5_arms_controller/test/test_Ti5_arms_controller.hpp:32[m[K,
[5.246s]                  from [01m[K/home/astra/Ti5_controller/src/Ti5_arms_controller/test/test_Ti5_arms_controller.cpp:27[m[K:
[5.246s] [01m[K/home/astra/Ti5_controller/src/Ti5_arms_controller/test/test_Ti5_arms_controller.cpp:48:28:[m[K [01;31m[Kerror: [m[Kâ€˜[01m[KTi5_arms_controller::Params Ti5_arms_controller::Ti5ArmsController::params_[m[Kâ€™ is private within this context
[5.246s]    48 |   ASSERT_TRUE(controller_->[01;31m[Kparams_[m[K.state_joints.empty());
[5.246s]       |                            [01;31m[K^~~~~~~[m[K
[5.246s] [01m[K/opt/ros/humble/src/gtest_vendor/include/gtest/internal/gtest-internal.h:1325:34:[m[K [01;36m[Knote: [m[Kin definition of macro â€˜[01m[KGTEST_TEST_BOOLEAN_[m[Kâ€™
[5.246s]  1325 |       ::testing::AssertionResult([01;36m[Kexpression[m[K)) \
[5.246s]       |                                  [01;36m[K^~~~~~~~~~[m[K
[5.246s] [01m[K/home/astra/Ti5_controller/src/Ti5_arms_controller/test/test_Ti5_arms_controller.cpp:48:3:[m[K [01;36m[Knote: [m[Kin expansion of macro â€˜[01m[KASSERT_TRUE[m[Kâ€™
[5.246s]    48 |   [01;36m[KASSERT_TRUE[m[K(controller_->params_.state_joints.empty());
[5.246s]       |   [01;36m[K^~~~~~~~~~~[m[K
[5.246s] In file included from [01m[K/home/astra/Ti5_controller/src/Ti5_arms_controller/test/test_Ti5_arms_controller.hpp:31[m[K,
[5.246s]                  from [01m[K/home/astra/Ti5_controller/src/Ti5_arms_controller/test/test_Ti5_arms_controller.cpp:27[m[K:
[5.246s] [01m[K/home/astra/Ti5_controller/src/Ti5_arms_controller/include/Ti5_arms_controller/Ti5_arms_controller.hpp:78:33:[m[K [01;36m[Knote: [m[Kdeclared private here
[5.246s]    78 |     Ti5_arms_controller::Params [01;36m[Kparams_[m[K;
[5.246s]       |                                 [01;36m[K^~~~~~~[m[K
[5.246s] In file included from [01m[K/opt/ros/humble/src/gtest_vendor/include/gtest/gtest.h:375[m[K,
[5.246s]                  from [01m[K/opt/ros/humble/src/gmock_vendor/include/gmock/internal/gmock-internal-utils.h:47[m[K,
[5.246s]                  from [01m[K/opt/ros/humble/src/gmock_vendor/include/gmock/gmock-actions.h:51[m[K,
[5.247s]                  from [01m[K/opt/ros/humble/src/gmock_vendor/include/gmock/gmock.h:59[m[K,
[5.247s]                  from [01m[K/home/astra/Ti5_controller/src/Ti5_arms_controller/test/test_Ti5_arms_controller.hpp:32[m[K,
[5.247s]                  from [01m[K/home/astra/Ti5_controller/src/Ti5_arms_controller/test/test_Ti5_arms_controller.cpp:27[m[K:
[5.247s] [01m[K/home/astra/Ti5_controller/src/Ti5_arms_controller/test/test_Ti5_arms_controller.cpp:49:28:[m[K [01;31m[Kerror: [m[Kâ€˜[01m[Kclass TestableTi5ArmsController[m[Kâ€™ has no member named â€˜[01m[Kstate_joints_[m[Kâ€™
[5.247s]    49 |   ASSERT_THAT(controller_->[01;31m[Kstate_joints_[m[K, testing::ElementsAreArray(joint_names_));
[5.247s]       |                            [01;31m[K^~~~~~~~~~~~~[m[K
[5.247s] [01m[K/opt/ros/humble/src/gtest_vendor/include/gtest/gtest_pred_impl.h:77:52:[m[K [01;36m[Knote: [m[Kin definition of macro â€˜[01m[KGTEST_ASSERT_[m[Kâ€™
[5.247s]    77 |   if (const ::testing::AssertionResult gtest_ar = ([01;36m[Kexpression[m[K)) \
[5.247s]       |                                                    [01;36m[K^~~~~~~~~~[m[K
[5.247s] [01m[K/opt/ros/humble/src/gtest_vendor/include/gtest/gtest_pred_impl.h:119:3:[m[K [01;36m[Knote: [m[Kin expansion of macro â€˜[01m[KGTEST_PRED_FORMAT1_[m[Kâ€™
[5.247s]   119 |   [01;36m[KGTEST_PRED_FORMAT1_[m[K(pred_format, v1, GTEST_FATAL_FAILURE_)
[5.247s]       |   [01;36m[K^~~~~~~~~~~~~~~~~~~[m[K
[5.247s] [01m[K/opt/ros/humble/src/gmock_vendor/include/gmock/gmock-matchers.h:4554:37:[m[K [01;36m[Knote: [m[Kin expansion of macro â€˜[01m[KASSERT_PRED_FORMAT1[m[Kâ€™
[5.247s]  4554 | #define ASSERT_THAT(value, matcher) [01;36m[KASSERT_PRED_FORMAT1[m[K(\
[5.247s]       |                                     [01;36m[K^~~~~~~~~~~~~~~~~~~[m[K
[5.247s] [01m[K/home/astra/Ti5_controller/src/Ti5_arms_controller/test/test_Ti5_arms_controller.cpp:49:3:[m[K [01;36m[Knote: [m[Kin expansion of macro â€˜[01m[KASSERT_THAT[m[Kâ€™
[5.247s]    49 |   [01;36m[KASSERT_THAT[m[K(controller_->state_joints_, testing::ElementsAreArray(joint_names_));
[5.247s]       |   [01;36m[K^~~~~~~~~~~[m[K
[5.247s] [01m[K/home/astra/Ti5_controller/src/Ti5_arms_controller/test/test_Ti5_arms_controller.cpp:50:26:[m[K [01;31m[Kerror: [m[Kâ€˜[01m[KTi5_arms_controller::Params Ti5_arms_controller::Ti5ArmsController::params_[m[Kâ€™ is private within this context
[5.247s]    50 |   ASSERT_EQ(controller_->[01;31m[Kparams_[m[K.interface_name, interface_name_);
[5.247s]       |                          [01;31m[K^~~~~~~[m[K
[5.247s] [01m[K/opt/ros/humble/src/gtest_vendor/include/gtest/gtest_pred_impl.h:77:52:[m[K [01;36m[Knote: [m[Kin definition of macro â€˜[01m[KGTEST_ASSERT_[m[Kâ€™
[5.247s]    77 |   if (const ::testing::AssertionResult gtest_ar = ([01;36m[Kexpression[m[K)) \
[5.247s]       |                                                    [01;36m[K^~~~~~~~~~[m[K
[5.247s] [01m[K/opt/ros/humble/src/gtest_vendor/include/gtest/gtest_pred_impl.h:168:3:[m[K [01;36m[Knote: [m[Kin expansion of macro â€˜[01m[KGTEST_PRED_FORMAT2_[m[Kâ€™
[5.247s]   168 |   [01;36m[KGTEST_PRED_FORMAT2_[m[K(pred_format, v1, v2, GTEST_FATAL_FAILURE_)
[5.247s]       |   [01;36m[K^~~~~~~~~~~~~~~~~~~[m[K
[5.247s] [01m[K/opt/ros/humble/src/gtest_vendor/include/gtest/gtest.h:2041:3:[m[K [01;36m[Knote: [m[Kin expansion of macro â€˜[01m[KASSERT_PRED_FORMAT2[m[Kâ€™
[5.247s]  2041 |   [01;36m[KASSERT_PRED_FORMAT2[m[K(::testing::internal::EqHelper::Compare, val1, val2)
[5.247s]       |   [01;36m[K^~~~~~~~~~~~~~~~~~~[m[K
[5.247s] [01m[K/opt/ros/humble/src/gtest_vendor/include/gtest/gtest.h:2057:32:[m[K [01;36m[Knote: [m[Kin expansion of macro â€˜[01m[KGTEST_ASSERT_EQ[m[Kâ€™
[5.247s]  2057 | # define ASSERT_EQ(val1, val2) [01;36m[KGTEST_ASSERT_EQ[m[K(val1, val2)
[5.247s]       |                                [01;36m[K^~~~~~~~~~~~~~~[m[K
[5.247s] [01m[K/home/astra/Ti5_controller/src/Ti5_arms_controller/test/test_Ti5_arms_controller.cpp:50:3:[m[K [01;36m[Knote: [m[Kin expansion of macro â€˜[01m[KASSERT_EQ[m[Kâ€™
[5.247s]    50 |   [01;36m[KASSERT_EQ[m[K(controller_->params_.interface_name, interface_name_);
[5.247s]       |   [01;36m[K^~~~~~~~~[m[K
[5.247s] In file included from [01m[K/home/astra/Ti5_controller/src/Ti5_arms_controller/test/test_Ti5_arms_controller.hpp:31[m[K,
[5.247s]                  from [01m[K/home/astra/Ti5_controller/src/Ti5_arms_controller/test/test_Ti5_arms_controller.cpp:27[m[K:
[5.247s] [01m[K/home/astra/Ti5_controller/src/Ti5_arms_controller/include/Ti5_arms_controller/Ti5_arms_controller.hpp:78:33:[m[K [01;36m[Knote: [m[Kdeclared private here
[5.248s]    78 |     Ti5_arms_controller::Params [01;36m[Kparams_[m[K;
[5.248s]       |                                 [01;36m[K^~~~~~~[m[K
[5.248s] [01m[K/home/astra/Ti5_controller/src/Ti5_arms_controller/test/test_Ti5_arms_controller.cpp:[m[K In member function â€˜[01m[Kvirtual void Ti5ArmsControllerTest_activate_success_Test::TestBody()[m[Kâ€™:
[5.248s] [01m[K/home/astra/Ti5_controller/src/Ti5_arms_controller/test/test_Ti5_arms_controller.cpp:82:27:[m[K [01;31m[Kerror: [m[Kâ€˜[01m[Krealtime_tools::RealtimeBuffer<std::shared_ptr<control_msgs::msg::JointJog_<std::allocator<void> > > > Ti5_arms_controller::Ti5ArmsController::input_ref_[m[Kâ€™ is private within this context
[5.248s]    82 |   auto msg = controller_->[01;31m[Kinput_ref_[m[K.readFromNonRT();
[5.248s]       |                           [01;31m[K^~~~~~~~~~[m[K
[5.248s] In file included from [01m[K/home/astra/Ti5_controller/src/Ti5_arms_controller/test/test_Ti5_arms_controller.hpp:31[m[K,
[5.248s]                  from [01m[K/home/astra/Ti5_controller/src/Ti5_arms_controller/test/test_Ti5_arms_controller.cpp:27[m[K:
[5.248s] [01m[K/home/astra/Ti5_controller/src/Ti5_arms_controller/include/Ti5_arms_controller/Ti5_arms_controller.hpp:93:77:[m[K [01;36m[Knote: [m[Kdeclared private here
[5.248s]    93 |     realtime_tools::RealtimeBuffer<std::shared_ptr<ControllerReferenceMsg>> [01;36m[Kinput_ref_[m[K;
[5.248s]       |                                                                             [01;36m[K^~~~~~~~~~[m[K
[5.249s] In file included from [01m[K/opt/ros/humble/src/gtest_vendor/include/gtest/gtest.h:375[m[K,
[5.249s]                  from [01m[K/opt/ros/humble/src/gmock_vendor/include/gmock/internal/gmock-internal-utils.h:47[m[K,
[5.249s]                  from [01m[K/opt/ros/humble/src/gmock_vendor/include/gmock/gmock-actions.h:51[m[K,
[5.249s]                  from [01m[K/opt/ros/humble/src/gmock_vendor/include/gmock/gmock.h:59[m[K,
[5.249s]                  from [01m[K/home/astra/Ti5_controller/src/Ti5_arms_controller/test/test_Ti5_arms_controller.hpp:32[m[K,
[5.249s]                  from [01m[K/home/astra/Ti5_controller/src/Ti5_arms_controller/test/test_Ti5_arms_controller.cpp:27[m[K:
[5.249s] [01m[K/home/astra/Ti5_controller/src/Ti5_arms_controller/test/test_Ti5_arms_controller.cpp:[m[K In member function â€˜[01m[Kvirtual void Ti5ArmsControllerTest_reactivate_success_Test::TestBody()[m[Kâ€™:
[5.249s] [01m[K/home/astra/Ti5_controller/src/Ti5_arms_controller/test/test_Ti5_arms_controller.cpp:124:26:[m[K [01;31m[Kerror: [m[Kâ€˜[01m[Kstd::vector<std::__cxx11::basic_string<char> > Ti5_arms_controller::Ti5ArmsController::command_interfaces_[m[Kâ€™ is private within this context
[5.249s]   124 |   ASSERT_EQ(controller_->[01;31m[Kcommand_interfaces_[m[K[CMD_MY_ITFS].get_value(), 101.101);
[5.249s]       |                          [01;31m[K^~~~~~~~~~~~~~~~~~~[m[K
[5.249s] [01m[K/opt/ros/humble/src/gtest_vendor/include/gtest/gtest_pred_impl.h:77:52:[m[K [01;36m[Knote: [m[Kin definition of macro â€˜[01m[KGTEST_ASSERT_[m[Kâ€™
[5.249s]    77 |   if (const ::testing::AssertionResult gtest_ar = ([01;36m[Kexpression[m[K)) \
[5.249s]       |                                                    [01;36m[K^~~~~~~~~~[m[K
[5.249s] [01m[K/opt/ros/humble/src/gtest_vendor/include/gtest/gtest_pred_impl.h:168:3:[m[K [01;36m[Knote: [m[Kin expansion of macro â€˜[01m[KGTEST_PRED_FORMAT2_[m[Kâ€™
[5.249s]   168 |   [01;36m[KGTEST_PRED_FORMAT2_[m[K(pred_format, v1, v2, GTEST_FATAL_FAILURE_)
[5.249s]       |   [01;36m[K^~~~~~~~~~~~~~~~~~~[m[K
[5.249s] [01m[K/opt/ros/humble/src/gtest_vendor/include/gtest/gtest.h:2041:3:[m[K [01;36m[Knote: [m[Kin expansion of macro â€˜[01m[KASSERT_PRED_FORMAT2[m[Kâ€™
[5.249s]  2041 |   [01;36m[KASSERT_PRED_FORMAT2[m[K(::testing::internal::EqHelper::Compare, val1, val2)
[5.249s]       |   [01;36m[K^~~~~~~~~~~~~~~~~~~[m[K
[5.249s] [01m[K/opt/ros/humble/src/gtest_vendor/include/gtest/gtest.h:2057:32:[m[K [01;36m[Knote: [m[Kin expansion of macro â€˜[01m[KGTEST_ASSERT_EQ[m[Kâ€™
[5.249s]  2057 | # define ASSERT_EQ(val1, val2) [01;36m[KGTEST_ASSERT_EQ[m[K(val1, val2)
[5.249s]       |                                [01;36m[K^~~~~~~~~~~~~~~[m[K
[5.250s] [01m[K/home/astra/Ti5_controller/src/Ti5_arms_controller/test/test_Ti5_arms_controller.cpp:124:3:[m[K [01;36m[Knote: [m[Kin expansion of macro â€˜[01m[KASSERT_EQ[m[Kâ€™
[5.250s]   124 |   [01;36m[KASSERT_EQ[m[K(controller_->command_interfaces_[CMD_MY_ITFS].get_value(), 101.101);
[5.250s]       |   [01;36m[K^~~~~~~~~[m[K
[5.250s] In file included from [01m[K/home/astra/Ti5_controller/src/Ti5_arms_controller/test/test_Ti5_arms_controller.hpp:31[m[K,
[5.250s]                  from [01m[K/home/astra/Ti5_controller/src/Ti5_arms_controller/test/test_Ti5_arms_controller.cpp:27[m[K:
[5.250s] [01m[K/home/astra/Ti5_controller/src/Ti5_arms_controller/include/Ti5_arms_controller/Ti5_arms_controller.hpp:85:30:[m[K [01;36m[Knote: [m[Kdeclared private here
[5.250s]    85 |     std::vector<std::string> [01;36m[Kcommand_interfaces_[m[K;
[5.250s]       |                              [01;36m[K^~~~~~~~~~~~~~~~~~~[m[K
[5.255s] In file included from [01m[K/opt/ros/humble/src/gtest_vendor/include/gtest/gtest.h:375[m[K,
[5.255s]                  from [01m[K/opt/ros/humble/src/gmock_vendor/include/gmock/internal/gmock-internal-utils.h:47[m[K,
[5.255s]                  from [01m[K/opt/ros/humble/src/gmock_vendor/include/gmock/gmock-actions.h:51[m[K,
[5.255s]                  from [01m[K/opt/ros/humble/src/gmock_vendor/include/gmock/gmock.h:59[m[K,
[5.255s]                  from [01m[K/home/astra/Ti5_controller/src/Ti5_arms_controller/test/test_Ti5_arms_controller.hpp:32[m[K,
[5.255s]                  from [01m[K/home/astra/Ti5_controller/src/Ti5_arms_controller/test/test_Ti5_arms_controller.cpp:27[m[K:
[5.255s] [01m[K/home/astra/Ti5_controller/src/Ti5_arms_controller/test/test_Ti5_arms_controller.cpp:124:46:[m[K [01;31m[Kerror: [m[Kâ€˜[01m[KCMD_MY_ITFS[m[Kâ€™ was not declared in this scope
[5.255s]   124 |   ASSERT_EQ(controller_->command_interfaces_[[01;31m[KCMD_MY_ITFS[m[K].get_value(), 101.101);
[5.255s]       |                                              [01;31m[K^~~~~~~~~~~[m[K
[5.255s] [01m[K/opt/ros/humble/src/gtest_vendor/include/gtest/gtest_pred_impl.h:77:52:[m[K [01;36m[Knote: [m[Kin definition of macro â€˜[01m[KGTEST_ASSERT_[m[Kâ€™
[5.255s]    77 |   if (const ::testing::AssertionResult gtest_ar = ([01;36m[Kexpression[m[K)) \
[5.255s]       |                                                    [01;36m[K^~~~~~~~~~[m[K
[5.255s] [01m[K/opt/ros/humble/src/gtest_vendor/include/gtest/gtest_pred_impl.h:168:3:[m[K [01;36m[Knote: [m[Kin expansion of macro â€˜[01m[KGTEST_PRED_FORMAT2_[m[Kâ€™
[5.255s]   168 |   [01;36m[KGTEST_PRED_FORMAT2_[m[K(pred_format, v1, v2, GTEST_FATAL_FAILURE_)
[5.255s]       |   [01;36m[K^~~~~~~~~~~~~~~~~~~[m[K
[5.255s] [01m[K/opt/ros/humble/src/gtest_vendor/include/gtest/gtest.h:2041:3:[m[K [01;36m[Knote: [m[Kin expansion of macro â€˜[01m[KASSERT_PRED_FORMAT2[m[Kâ€™
[5.255s]  2041 |   [01;36m[KASSERT_PRED_FORMAT2[m[K(::testing::internal::EqHelper::Compare, val1, val2)
[5.255s]       |   [01;36m[K^~~~~~~~~~~~~~~~~~~[m[K
[5.255s] [01m[K/opt/ros/humble/src/gtest_vendor/include/gtest/gtest.h:2057:32:[m[K [01;36m[Knote: [m[Kin expansion of macro â€˜[01m[KGTEST_ASSERT_EQ[m[Kâ€™
[5.255s]  2057 | # define ASSERT_EQ(val1, val2) [01;36m[KGTEST_ASSERT_EQ[m[K(val1, val2)
[5.255s]       |                                [01;36m[K^~~~~~~~~~~~~~~[m[K
[5.255s] [01m[K/home/astra/Ti5_controller/src/Ti5_arms_controller/test/test_Ti5_arms_controller.cpp:124:3:[m[K [01;36m[Knote: [m[Kin expansion of macro â€˜[01m[KASSERT_EQ[m[Kâ€™
[5.255s]   124 |   [01;36m[KASSERT_EQ[m[K(controller_->command_interfaces_[CMD_MY_ITFS].get_value(), 101.101);
[5.255s]       |   [01;36m[K^~~~~~~~~[m[K
[5.260s] In file included from [01m[K/opt/ros/humble/src/gtest_vendor/include/gtest/gtest.h:62[m[K,
[5.260s]                  from [01m[K/opt/ros/humble/src/gmock_vendor/include/gmock/internal/gmock-internal-utils.h:47[m[K,
[5.260s]                  from [01m[K/opt/ros/humble/src/gmock_vendor/include/gmock/gmock-actions.h:51[m[K,
[5.260s]                  from [01m[K/opt/ros/humble/src/gmock_vendor/include/gmock/gmock.h:59[m[K,
[5.260s]                  from [01m[K/home/astra/Ti5_controller/src/Ti5_arms_controller/test/test_Ti5_arms_controller.hpp:32[m[K,
[5.260s]                  from [01m[K/home/astra/Ti5_controller/src/Ti5_arms_controller/test/test_Ti5_arms_controller.cpp:27[m[K:
[5.260s] [01m[K/home/astra/Ti5_controller/src/Ti5_arms_controller/test/test_Ti5_arms_controller.cpp:126:59:[m[K [01;31m[Kerror: [m[Kâ€˜[01m[KCMD_MY_ITFS[m[Kâ€™ was not declared in this scope
[5.260s]   126 |   ASSERT_TRUE(std::isnan(controller_->command_interfaces_[[01;31m[KCMD_MY_ITFS[m[K].get_value()));
[5.260s]       |                                                           [01;31m[K^~~~~~~~~~~[m[K
[5.260s] [01m[K/opt/ros/humble/src/gtest_vendor/include/gtest/internal/gtest-internal.h:1325:34:[m[K [01;36m[Knote: [m[Kin definition of macro â€˜[01m[KGTEST_TEST_BOOLEAN_[m[Kâ€™
[5.260s]  1325 |       ::testing::AssertionResult([01;36m[Kexpression[m[K)) \
[5.260s]       |                                  [01;36m[K^~~~~~~~~~[m[K
[5.260s] [01m[K/home/astra/Ti5_controller/src/Ti5_arms_controller/test/test_Ti5_arms_controller.cpp:126:3:[m[K [01;36m[Knote: [m[Kin expansion of macro â€˜[01m[KASSERT_TRUE[m[Kâ€™
[5.260s]   126 |   [01;36m[KASSERT_TRUE[m[K(std::isnan(controller_->command_interfaces_[CMD_MY_ITFS].get_value()));
[5.260s]       |   [01;36m[K^~~~~~~~~~~[m[K
[5.260s] [01m[K/home/astra/Ti5_controller/src/Ti5_arms_controller/test/test_Ti5_arms_controller.cpp:126:39:[m[K [01;31m[Kerror: [m[Kâ€˜[01m[Kstd::vector<std::__cxx11::basic_string<char> > Ti5_arms_controller::Ti5ArmsController::command_interfaces_[m[Kâ€™ is private within this context
[5.260s]   126 |   ASSERT_TRUE(std::isnan(controller_->[01;31m[Kcommand_interfaces_[m[K[CMD_MY_ITFS].get_value()));
[5.260s]       |                                       [01;31m[K^~~~~~~~~~~~~~~~~~~[m[K
[5.260s] [01m[K/opt/ros/humble/src/gtest_vendor/include/gtest/internal/gtest-internal.h:1325:34:[m[K [01;36m[Knote: [m[Kin definition of macro â€˜[01m[KGTEST_TEST_BOOLEAN_[m[Kâ€™
[5.260s]  1325 |       ::testing::AssertionResult([01;36m[Kexpression[m[K)) \
[5.260s]       |                                  [01;36m[K^~~~~~~~~~[m[K
[5.261s] [01m[K/home/astra/Ti5_controller/src/Ti5_arms_controller/test/test_Ti5_arms_controller.cpp:126:3:[m[K [01;36m[Knote: [m[Kin expansion of macro â€˜[01m[KASSERT_TRUE[m[Kâ€™
[5.261s]   126 |   [01;36m[KASSERT_TRUE[m[K(std::isnan(controller_->command_interfaces_[CMD_MY_ITFS].get_value()));
[5.261s]       |   [01;36m[K^~~~~~~~~~~[m[K
[5.261s] In file included from [01m[K/home/astra/Ti5_controller/src/Ti5_arms_controller/test/test_Ti5_arms_controller.hpp:31[m[K,
[5.261s]                  from [01m[K/home/astra/Ti5_controller/src/Ti5_arms_controller/test/test_Ti5_arms_controller.cpp:27[m[K:
[5.261s] [01m[K/home/astra/Ti5_controller/src/Ti5_arms_controller/include/Ti5_arms_controller/Ti5_arms_controller.hpp:85:30:[m[K [01;36m[Knote: [m[Kdeclared private here
[5.261s]    85 |     std::vector<std::string> [01;36m[Kcommand_interfaces_[m[K;
[5.261s]       |                              [01;36m[K^~~~~~~~~~~~~~~~~~~[m[K
[5.265s] In file included from [01m[K/opt/ros/humble/src/gtest_vendor/include/gtest/gtest.h:62[m[K,
[5.265s]                  from [01m[K/opt/ros/humble/src/gmock_vendor/include/gmock/internal/gmock-internal-utils.h:47[m[K,
[5.265s]                  from [01m[K/opt/ros/humble/src/gmock_vendor/include/gmock/gmock-actions.h:51[m[K,
[5.265s]                  from [01m[K/opt/ros/humble/src/gmock_vendor/include/gmock/gmock.h:59[m[K,
[5.265s]                  from [01m[K/home/astra/Ti5_controller/src/Ti5_arms_controller/test/test_Ti5_arms_controller.hpp:32[m[K,
[5.265s]                  from [01m[K/home/astra/Ti5_controller/src/Ti5_arms_controller/test/test_Ti5_arms_controller.cpp:27[m[K:
[5.265s] [01m[K/home/astra/Ti5_controller/src/Ti5_arms_controller/test/test_Ti5_arms_controller.cpp:128:59:[m[K [01;31m[Kerror: [m[Kâ€˜[01m[KCMD_MY_ITFS[m[Kâ€™ was not declared in this scope
[5.265s]   128 |   ASSERT_TRUE(std::isnan(controller_->command_interfaces_[[01;31m[KCMD_MY_ITFS[m[K].get_value()));
[5.265s]       |                                                           [01;31m[K^~~~~~~~~~~[m[K
[5.266s] [01m[K/opt/ros/humble/src/gtest_vendor/include/gtest/internal/gtest-internal.h:1325:34:[m[K [01;36m[Knote: [m[Kin definition of macro â€˜[01m[KGTEST_TEST_BOOLEAN_[m[Kâ€™
[5.266s]  1325 |       ::testing::AssertionResult([01;36m[Kexpression[m[K)) \
[5.266s]       |                                  [01;36m[K^~~~~~~~~~[m[K
[5.266s] [01m[K/home/astra/Ti5_controller/src/Ti5_arms_controller/test/test_Ti5_arms_controller.cpp:128:3:[m[K [01;36m[Knote: [m[Kin expansion of macro â€˜[01m[KASSERT_TRUE[m[Kâ€™
[5.266s]   128 |   [01;36m[KASSERT_TRUE[m[K(std::isnan(controller_->command_interfaces_[CMD_MY_ITFS].get_value()));
[5.266s]       |   [01;36m[K^~~~~~~~~~~[m[K
[5.266s] [01m[K/home/astra/Ti5_controller/src/Ti5_arms_controller/test/test_Ti5_arms_controller.cpp:128:39:[m[K [01;31m[Kerror: [m[Kâ€˜[01m[Kstd::vector<std::__cxx11::basic_string<char> > Ti5_arms_controller::Ti5ArmsController::command_interfaces_[m[Kâ€™ is private within this context
[5.266s]   128 |   ASSERT_TRUE(std::isnan(controller_->[01;31m[Kcommand_interfaces_[m[K[CMD_MY_ITFS].get_value()));
[5.266s]       |                                       [01;31m[K^~~~~~~~~~~~~~~~~~~[m[K
[5.266s] [01m[K/opt/ros/humble/src/gtest_vendor/include/gtest/internal/gtest-internal.h:1325:34:[m[K [01;36m[Knote: [m[Kin definition of macro â€˜[01m[KGTEST_TEST_BOOLEAN_[m[Kâ€™
[5.266s]  1325 |       ::testing::AssertionResult([01;36m[Kexpression[m[K)) \
[5.266s]       |                                  [01;36m[K^~~~~~~~~~[m[K
[5.266s] [01m[K/home/astra/Ti5_controller/src/Ti5_arms_controller/test/test_Ti5_arms_controller.cpp:128:3:[m[K [01;36m[Knote: [m[Kin expansion of macro â€˜[01m[KASSERT_TRUE[m[Kâ€™
[5.266s]   128 |   [01;36m[KASSERT_TRUE[m[K(std::isnan(controller_->command_interfaces_[CMD_MY_ITFS].get_value()));
[5.266s]       |   [01;36m[K^~~~~~~~~~~[m[K
[5.266s] In file included from [01m[K/home/astra/Ti5_controller/src/Ti5_arms_controller/test/test_Ti5_arms_controller.hpp:31[m[K,
[5.266s]                  from [01m[K/home/astra/Ti5_controller/src/Ti5_arms_controller/test/test_Ti5_arms_controller.cpp:27[m[K:
[5.266s] [01m[K/home/astra/Ti5_controller/src/Ti5_arms_controller/include/Ti5_arms_controller/Ti5_arms_controller.hpp:85:30:[m[K [01;36m[Knote: [m[Kdeclared private here
[5.266s]    85 |     std::vector<std::string> [01;36m[Kcommand_interfaces_[m[K;
[5.266s]       |                              [01;36m[K^~~~~~~~~~~~~~~~~~~[m[K
[5.267s] In file included from [01m[K/opt/ros/humble/src/gtest_vendor/include/gtest/gtest.h:375[m[K,
[5.267s]                  from [01m[K/opt/ros/humble/src/gmock_vendor/include/gmock/internal/gmock-internal-utils.h:47[m[K,
[5.267s]                  from [01m[K/opt/ros/humble/src/gmock_vendor/include/gmock/gmock-actions.h:51[m[K,
[5.267s]                  from [01m[K/opt/ros/humble/src/gmock_vendor/include/gmock/gmock.h:59[m[K,
[5.267s]                  from [01m[K/home/astra/Ti5_controller/src/Ti5_arms_controller/test/test_Ti5_arms_controller.hpp:32[m[K,
[5.267s]                  from [01m[K/home/astra/Ti5_controller/src/Ti5_arms_controller/test/test_Ti5_arms_controller.cpp:27[m[K:
[5.267s] [01m[K/home/astra/Ti5_controller/src/Ti5_arms_controller/test/test_Ti5_arms_controller.cpp:[m[K In member function â€˜[01m[Kvirtual void Ti5ArmsControllerTest_test_setting_slow_mode_service_Test::TestBody()[m[Kâ€™:
[5.267s] [01m[K/home/astra/Ti5_controller/src/Ti5_arms_controller/test/test_Ti5_arms_controller.cpp:144:28:[m[K [01;31m[Kerror: [m[Kâ€˜[01m[Kclass TestableTi5ArmsController[m[Kâ€™ has no member named â€˜[01m[Kcontrol_mode_[m[Kâ€™
[5.267s]   144 |   ASSERT_EQ(*(controller_->[01;31m[Kcontrol_mode_[m[K.readFromRT()), control_mode_type::FAST);
[5.267s]       |                            [01;31m[K^~~~~~~~~~~~~[m[K
[5.267s] [01m[K/opt/ros/humble/src/gtest_vendor/include/gtest/gtest_pred_impl.h:77:52:[m[K [01;36m[Knote: [m[Kin definition of macro â€˜[01m[KGTEST_ASSERT_[m[Kâ€™
[5.267s]    77 |   if (const ::testing::AssertionResult gtest_ar = ([01;36m[Kexpression[m[K)) \
[5.267s]       |                                                    [01;36m[K^~~~~~~~~~[m[K
[5.267s] [01m[K/opt/ros/humble/src/gtest_vendor/include/gtest/gtest_pred_impl.h:168:3:[m[K [01;36m[Knote: [m[Kin expansion of macro â€˜[01m[KGTEST_PRED_FORMAT2_[m[Kâ€™
[5.267s]   168 |   [01;36m[KGTEST_PRED_FORMAT2_[m[K(pred_format, v1, v2, GTEST_FATAL_FAILURE_)
[5.267s]       |   [01;36m[K^~~~~~~~~~~~~~~~~~~[m[K
[5.267s] [01m[K/opt/ros/humble/src/gtest_vendor/include/gtest/gtest.h:2041:3:[m[K [01;36m[Knote: [m[Kin expansion of macro â€˜[01m[KASSERT_PRED_FORMAT2[m[Kâ€™
[5.267s]  2041 |   [01;36m[KASSERT_PRED_FORMAT2[m[K(::testing::internal::EqHelper::Compare, val1, val2)
[5.267s]       |   [01;36m[K^~~~~~~~~~~~~~~~~~~[m[K
[5.267s] [01m[K/opt/ros/humble/src/gtest_vendor/include/gtest/gtest.h:2057:32:[m[K [01;36m[Knote: [m[Kin expansion of macro â€˜[01m[KGTEST_ASSERT_EQ[m[Kâ€™
[5.267s]  2057 | # define ASSERT_EQ(val1, val2) [01;36m[KGTEST_ASSERT_EQ[m[K(val1, val2)
[5.267s]       |                                [01;36m[K^~~~~~~~~~~~~~~[m[K
[5.267s] [01m[K/home/astra/Ti5_controller/src/Ti5_arms_controller/test/test_Ti5_arms_controller.cpp:144:3:[m[K [01;36m[Knote: [m[Kin expansion of macro â€˜[01m[KASSERT_EQ[m[Kâ€™
[5.267s]   144 |   [01;36m[KASSERT_EQ[m[K(*(controller_->control_mode_.readFromRT()), control_mode_type::FAST);
[5.267s]       |   [01;36m[K^~~~~~~~~[m[K
[5.267s] [01m[K/home/astra/Ti5_controller/src/Ti5_arms_controller/test/test_Ti5_arms_controller.cpp:144:57:[m[K [01;31m[Kerror: [m[Kâ€˜[01m[Kcontrol_mode_type[m[Kâ€™ has not been declared
[5.267s]   144 |   ASSERT_EQ(*(controller_->control_mode_.readFromRT()), [01;31m[Kcontrol_mode_type[m[K::FAST);
[5.267s]       |                                                         [01;31m[K^~~~~~~~~~~~~~~~~[m[K
[5.267s] [01m[K/opt/ros/humble/src/gtest_vendor/include/gtest/gtest_pred_impl.h:77:52:[m[K [01;36m[Knote: [m[Kin definition of macro â€˜[01m[KGTEST_ASSERT_[m[Kâ€™
[5.268s]    77 |   if (const ::testing::AssertionResult gtest_ar = ([01;36m[Kexpression[m[K)) \
[5.268s]       |                                                    [01;36m[K^~~~~~~~~~[m[K
[5.268s] [01m[K/opt/ros/humble/src/gtest_vendor/include/gtest/gtest_pred_impl.h:168:3:[m[K [01;36m[Knote: [m[Kin expansion of macro â€˜[01m[KGTEST_PRED_FORMAT2_[m[Kâ€™
[5.268s]   168 |   [01;36m[KGTEST_PRED_FORMAT2_[m[K(pred_format, v1, v2, GTEST_FATAL_FAILURE_)
[5.268s]       |   [01;36m[K^~~~~~~~~~~~~~~~~~~[m[K
[5.268s] [01m[K/opt/ros/humble/src/gtest_vendor/include/gtest/gtest.h:2041:3:[m[K [01;36m[Knote: [m[Kin expansion of macro â€˜[01m[KASSERT_PRED_FORMAT2[m[Kâ€™
[5.268s]  2041 |   [01;36m[KASSERT_PRED_FORMAT2[m[K(::testing::internal::EqHelper::Compare, val1, val2)
[5.268s]       |   [01;36m[K^~~~~~~~~~~~~~~~~~~[m[K
[5.268s] [01m[K/opt/ros/humble/src/gtest_vendor/include/gtest/gtest.h:2057:32:[m[K [01;36m[Knote: [m[Kin expansion of macro â€˜[01m[KGTEST_ASSERT_EQ[m[Kâ€™
[5.268s]  2057 | # define ASSERT_EQ(val1, val2) [01;36m[KGTEST_ASSERT_EQ[m[K(val1, val2)
[5.268s]       |                                [01;36m[K^~~~~~~~~~~~~~~[m[K
[5.268s] [01m[K/home/astra/Ti5_controller/src/Ti5_arms_controller/test/test_Ti5_arms_controller.cpp:144:3:[m[K [01;36m[Knote: [m[Kin expansion of macro â€˜[01m[KASSERT_EQ[m[Kâ€™
[5.268s]   144 |   [01;36m[KASSERT_EQ[m[K(*(controller_->control_mode_.readFromRT()), control_mode_type::FAST);
[5.268s]       |   [01;36m[K^~~~~~~~~[m[K
[5.268s] [01m[K/home/astra/Ti5_controller/src/Ti5_arms_controller/test/test_Ti5_arms_controller.cpp:150:28:[m[K [01;31m[Kerror: [m[Kâ€˜[01m[Kclass TestableTi5ArmsController[m[Kâ€™ has no member named â€˜[01m[Kcontrol_mode_[m[Kâ€™
[5.268s]   150 |   ASSERT_EQ(*(controller_->[01;31m[Kcontrol_mode_[m[K.readFromRT()), control_mode_type::FAST);
[5.268s]       |                            [01;31m[K^~~~~~~~~~~~~[m[K
[5.268s] [01m[K/opt/ros/humble/src/gtest_vendor/include/gtest/gtest_pred_impl.h:77:52:[m[K [01;36m[Knote: [m[Kin definition of macro â€˜[01m[KGTEST_ASSERT_[m[Kâ€™
[5.268s]    77 |   if (const ::testing::AssertionResult gtest_ar = ([01;36m[Kexpression[m[K)) \
[5.268s]       |                                                    [01;36m[K^~~~~~~~~~[m[K
[5.268s] [01m[K/opt/ros/humble/src/gtest_vendor/include/gtest/gtest_pred_impl.h:168:3:[m[K [01;36m[Knote: [m[Kin expansion of macro â€˜[01m[KGTEST_PRED_FORMAT2_[m[Kâ€™
[5.268s]   168 |   [01;36m[KGTEST_PRED_FORMAT2_[m[K(pred_format, v1, v2, GTEST_FATAL_FAILURE_)
[5.268s]       |   [01;36m[K^~~~~~~~~~~~~~~~~~~[m[K
[5.268s] [01m[K/opt/ros/humble/src/gtest_vendor/include/gtest/gtest.h:2041:3:[m[K [01;36m[Knote: [m[Kin expansion of macro â€˜[01m[KASSERT_PRED_FORMAT2[m[Kâ€™
[5.268s]  2041 |   [01;36m[KASSERT_PRED_FORMAT2[m[K(::testing::internal::EqHelper::Compare, val1, val2)
[5.268s]       |   [01;36m[K^~~~~~~~~~~~~~~~~~~[m[K
[5.268s] [01m[K/opt/ros/humble/src/gtest_vendor/include/gtest/gtest.h:2057:32:[m[K [01;36m[Knote: [m[Kin expansion of macro â€˜[01m[KGTEST_ASSERT_EQ[m[Kâ€™
[5.268s]  2057 | # define ASSERT_EQ(val1, val2) [01;36m[KGTEST_ASSERT_EQ[m[K(val1, val2)
[5.268s]       |                                [01;36m[K^~~~~~~~~~~~~~~[m[K
[5.268s] [01m[K/home/astra/Ti5_controller/src/Ti5_arms_controller/test/test_Ti5_arms_controller.cpp:150:3:[m[K [01;36m[Knote: [m[Kin expansion of macro â€˜[01m[KASSERT_EQ[m[Kâ€™
[5.268s]   150 |   [01;36m[KASSERT_EQ[m[K(*(controller_->control_mode_.readFromRT()), control_mode_type::FAST);
[5.268s]       |   [01;36m[K^~~~~~~~~[m[K
[5.268s] [01m[K/home/astra/Ti5_controller/src/Ti5_arms_controller/test/test_Ti5_arms_controller.cpp:150:57:[m[K [01;31m[Kerror: [m[Kâ€˜[01m[Kcontrol_mode_type[m[Kâ€™ has not been declared
[5.269s]   150 |   ASSERT_EQ(*(controller_->control_mode_.readFromRT()), [01;31m[Kcontrol_mode_type[m[K::FAST);
[5.269s]       |                                                         [01;31m[K^~~~~~~~~~~~~~~~~[m[K
[5.269s] [01m[K/opt/ros/humble/src/gtest_vendor/include/gtest/gtest_pred_impl.h:77:52:[m[K [01;36m[Knote: [m[Kin definition of macro â€˜[01m[KGTEST_ASSERT_[m[Kâ€™
[5.269s]    77 |   if (const ::testing::AssertionResult gtest_ar = ([01;36m[Kexpression[m[K)) \
[5.269s]       |                                                    [01;36m[K^~~~~~~~~~[m[K
[5.269s] [01m[K/opt/ros/humble/src/gtest_vendor/include/gtest/gtest_pred_impl.h:168:3:[m[K [01;36m[Knote: [m[Kin expansion of macro â€˜[01m[KGTEST_PRED_FORMAT2_[m[Kâ€™
[5.269s]   168 |   [01;36m[KGTEST_PRED_FORMAT2_[m[K(pred_format, v1, v2, GTEST_FATAL_FAILURE_)
[5.269s]       |   [01;36m[K^~~~~~~~~~~~~~~~~~~[m[K
[5.269s] [01m[K/opt/ros/humble/src/gtest_vendor/include/gtest/gtest.h:2041:3:[m[K [01;36m[Knote: [m[Kin expansion of macro â€˜[01m[KASSERT_PRED_FORMAT2[m[Kâ€™
[5.269s]  2041 |   [01;36m[KASSERT_PRED_FORMAT2[m[K(::testing::internal::EqHelper::Compare, val1, val2)
[5.269s]       |   [01;36m[K^~~~~~~~~~~~~~~~~~~[m[K
[5.269s] [01m[K/opt/ros/humble/src/gtest_vendor/include/gtest/gtest.h:2057:32:[m[K [01;36m[Knote: [m[Kin expansion of macro â€˜[01m[KGTEST_ASSERT_EQ[m[Kâ€™
[5.269s]  2057 | # define ASSERT_EQ(val1, val2) [01;36m[KGTEST_ASSERT_EQ[m[K(val1, val2)
[5.269s]       |                                [01;36m[K^~~~~~~~~~~~~~~[m[K
[5.269s] [01m[K/home/astra/Ti5_controller/src/Ti5_arms_controller/test/test_Ti5_arms_controller.cpp:150:3:[m[K [01;36m[Knote: [m[Kin expansion of macro â€˜[01m[KASSERT_EQ[m[Kâ€™
[5.269s]   150 |   [01;36m[KASSERT_EQ[m[K(*(controller_->control_mode_.readFromRT()), control_mode_type::FAST);
[5.269s]       |   [01;36m[K^~~~~~~~~[m[K
[5.269s] [01m[K/home/astra/Ti5_controller/src/Ti5_arms_controller/test/test_Ti5_arms_controller.cpp:154:28:[m[K [01;31m[Kerror: [m[Kâ€˜[01m[Kclass TestableTi5ArmsController[m[Kâ€™ has no member named â€˜[01m[Kcontrol_mode_[m[Kâ€™
[5.269s]   154 |   ASSERT_EQ(*(controller_->[01;31m[Kcontrol_mode_[m[K.readFromRT()), control_mode_type::SLOW);
[5.269s]       |                            [01;31m[K^~~~~~~~~~~~~[m[K
[5.269s] [01m[K/opt/ros/humble/src/gtest_vendor/include/gtest/gtest_pred_impl.h:77:52:[m[K [01;36m[Knote: [m[Kin definition of macro â€˜[01m[KGTEST_ASSERT_[m[Kâ€™
[5.269s]    77 |   if (const ::testing::AssertionResult gtest_ar = ([01;36m[Kexpression[m[K)) \
[5.269s]       |                                                    [01;36m[K^~~~~~~~~~[m[K
[5.269s] [01m[K/opt/ros/humble/src/gtest_vendor/include/gtest/gtest_pred_impl.h:168:3:[m[K [01;36m[Knote: [m[Kin expansion of macro â€˜[01m[KGTEST_PRED_FORMAT2_[m[Kâ€™
[5.269s]   168 |   [01;36m[KGTEST_PRED_FORMAT2_[m[K(pred_format, v1, v2, GTEST_FATAL_FAILURE_)
[5.269s]       |   [01;36m[K^~~~~~~~~~~~~~~~~~~[m[K
[5.270s] [01m[K/opt/ros/humble/src/gtest_vendor/include/gtest/gtest.h:2041:3:[m[K [01;36m[Knote: [m[Kin expansion of macro â€˜[01m[KASSERT_PRED_FORMAT2[m[Kâ€™
[5.270s]  2041 |   [01;36m[KASSERT_PRED_FORMAT2[m[K(::testing::internal::EqHelper::Compare, val1, val2)
[5.270s]       |   [01;36m[K^~~~~~~~~~~~~~~~~~~[m[K
[5.270s] [01m[K/opt/ros/humble/src/gtest_vendor/include/gtest/gtest.h:2057:32:[m[K [01;36m[Knote: [m[Kin expansion of macro â€˜[01m[KGTEST_ASSERT_EQ[m[Kâ€™
[5.270s]  2057 | # define ASSERT_EQ(val1, val2) [01;36m[KGTEST_ASSERT_EQ[m[K(val1, val2)
[5.270s]       |                                [01;36m[K^~~~~~~~~~~~~~~[m[K
[5.270s] [01m[K/home/astra/Ti5_controller/src/Ti5_arms_controller/test/test_Ti5_arms_controller.cpp:154:3:[m[K [01;36m[Knote: [m[Kin expansion of macro â€˜[01m[KASSERT_EQ[m[Kâ€™
[5.270s]   154 |   [01;36m[KASSERT_EQ[m[K(*(controller_->control_mode_.readFromRT()), control_mode_type::SLOW);
[5.270s]       |   [01;36m[K^~~~~~~~~[m[K
[5.270s] [01m[K/home/astra/Ti5_controller/src/Ti5_arms_controller/test/test_Ti5_arms_controller.cpp:154:57:[m[K [01;31m[Kerror: [m[Kâ€˜[01m[Kcontrol_mode_type[m[Kâ€™ has not been declared
[5.270s]   154 |   ASSERT_EQ(*(controller_->control_mode_.readFromRT()), [01;31m[Kcontrol_mode_type[m[K::SLOW);
[5.270s]       |                                                         [01;31m[K^~~~~~~~~~~~~~~~~[m[K
[5.270s] [01m[K/opt/ros/humble/src/gtest_vendor/include/gtest/gtest_pred_impl.h:77:52:[m[K [01;36m[Knote: [m[Kin definition of macro â€˜[01m[KGTEST_ASSERT_[m[Kâ€™
[5.270s]    77 |   if (const ::testing::AssertionResult gtest_ar = ([01;36m[Kexpression[m[K)) \
[5.270s]       |                                                    [01;36m[K^~~~~~~~~~[m[K
[5.270s] [01m[K/opt/ros/humble/src/gtest_vendor/include/gtest/gtest_pred_impl.h:168:3:[m[K [01;36m[Knote: [m[Kin expansion of macro â€˜[01m[KGTEST_PRED_FORMAT2_[m[Kâ€™
[5.270s]   168 |   [01;36m[KGTEST_PRED_FORMAT2_[m[K(pred_format, v1, v2, GTEST_FATAL_FAILURE_)
[5.270s]       |   [01;36m[K^~~~~~~~~~~~~~~~~~~[m[K
[5.270s] [01m[K/opt/ros/humble/src/gtest_vendor/include/gtest/gtest.h:2041:3:[m[K [01;36m[Knote: [m[Kin expansion of macro â€˜[01m[KASSERT_PRED_FORMAT2[m[Kâ€™
[5.270s]  2041 |   [01;36m[KASSERT_PRED_FORMAT2[m[K(::testing::internal::EqHelper::Compare, val1, val2)
[5.270s]       |   [01;36m[K^~~~~~~~~~~~~~~~~~~[m[K
[5.270s] [01m[K/opt/ros/humble/src/gtest_vendor/include/gtest/gtest.h:2057:32:[m[K [01;36m[Knote: [m[Kin expansion of macro â€˜[01m[KGTEST_ASSERT_EQ[m[Kâ€™
[5.270s]  2057 | # define ASSERT_EQ(val1, val2) [01;36m[KGTEST_ASSERT_EQ[m[K(val1, val2)
[5.270s]       |                                [01;36m[K^~~~~~~~~~~~~~~[m[K
[5.270s] [01m[K/home/astra/Ti5_controller/src/Ti5_arms_controller/test/test_Ti5_arms_controller.cpp:154:3:[m[K [01;36m[Knote: [m[Kin expansion of macro â€˜[01m[KASSERT_EQ[m[Kâ€™
[5.270s]   154 |   [01;36m[KASSERT_EQ[m[K(*(controller_->control_mode_.readFromRT()), control_mode_type::SLOW);
[5.270s]       |   [01;36m[K^~~~~~~~~[m[K
[5.270s] [01m[K/home/astra/Ti5_controller/src/Ti5_arms_controller/test/test_Ti5_arms_controller.cpp:158:28:[m[K [01;31m[Kerror: [m[Kâ€˜[01m[Kclass TestableTi5ArmsController[m[Kâ€™ has no member named â€˜[01m[Kcontrol_mode_[m[Kâ€™
[5.270s]   158 |   ASSERT_EQ(*(controller_->[01;31m[Kcontrol_mode_[m[K.readFromRT()), control_mode_type::FAST);
[5.270s]       |                            [01;31m[K^~~~~~~~~~~~~[m[K
[5.270s] [01m[K/opt/ros/humble/src/gtest_vendor/include/gtest/gtest_pred_impl.h:77:52:[m[K [01;36m[Knote: [m[Kin definition of macro â€˜[01m[KGTEST_ASSERT_[m[Kâ€™
[5.270s]    77 |   if (const ::testing::AssertionResult gtest_ar = ([01;36m[Kexpression[m[K)) \
[5.270s]       |                                                    [01;36m[K^~~~~~~~~~[m[K
[5.270s] [01m[K/opt/ros/humble/src/gtest_vendor/include/gtest/gtest_pred_impl.h:168:3:[m[K [01;36m[Knote: [m[Kin expansion of macro â€˜[01m[KGTEST_PRED_FORMAT2_[m[Kâ€™
[5.270s]   168 |   [01;36m[KGTEST_PRED_FORMAT2_[m[K(pred_format, v1, v2, GTEST_FATAL_FAILURE_)
[5.270s]       |   [01;36m[K^~~~~~~~~~~~~~~~~~~[m[K
[5.271s] [01m[K/opt/ros/humble/src/gtest_vendor/include/gtest/gtest.h:2041:3:[m[K [01;36m[Knote: [m[Kin expansion of macro â€˜[01m[KASSERT_PRED_FORMAT2[m[Kâ€™
[5.271s]  2041 |   [01;36m[KASSERT_PRED_FORMAT2[m[K(::testing::internal::EqHelper::Compare, val1, val2)
[5.271s]       |   [01;36m[K^~~~~~~~~~~~~~~~~~~[m[K
[5.271s] [01m[K/opt/ros/humble/src/gtest_vendor/include/gtest/gtest.h:2057:32:[m[K [01;36m[Knote: [m[Kin expansion of macro â€˜[01m[KGTEST_ASSERT_EQ[m[Kâ€™
[5.271s]  2057 | # define ASSERT_EQ(val1, val2) [01;36m[KGTEST_ASSERT_EQ[m[K(val1, val2)
[5.271s]       |                                [01;36m[K^~~~~~~~~~~~~~~[m[K
[5.271s] [01m[K/home/astra/Ti5_controller/src/Ti5_arms_controller/test/test_Ti5_arms_controller.cpp:158:3:[m[K [01;36m[Knote: [m[Kin expansion of macro â€˜[01m[KASSERT_EQ[m[Kâ€™
[5.271s]   158 |   [01;36m[KASSERT_EQ[m[K(*(controller_->control_mode_.readFromRT()), control_mode_type::FAST);
[5.271s]       |   [01;36m[K^~~~~~~~~[m[K
[5.271s] [01m[K/home/astra/Ti5_controller/src/Ti5_arms_controller/test/test_Ti5_arms_controller.cpp:158:57:[m[K [01;31m[Kerror: [m[Kâ€˜[01m[Kcontrol_mode_type[m[Kâ€™ has not been declared
[5.271s]   158 |   ASSERT_EQ(*(controller_->control_mode_.readFromRT()), [01;31m[Kcontrol_mode_type[m[K::FAST);
[5.271s]       |                                                         [01;31m[K^~~~~~~~~~~~~~~~~[m[K
[5.271s] [01m[K/opt/ros/humble/src/gtest_vendor/include/gtest/gtest_pred_impl.h:77:52:[m[K [01;36m[Knote: [m[Kin definition of macro â€˜[01m[KGTEST_ASSERT_[m[Kâ€™
[5.271s]    77 |   if (const ::testing::AssertionResult gtest_ar = ([01;36m[Kexpression[m[K)) \
[5.271s]       |                                                    [01;36m[K^~~~~~~~~~[m[K
[5.271s] [01m[K/opt/ros/humble/src/gtest_vendor/include/gtest/gtest_pred_impl.h:168:3:[m[K [01;36m[Knote: [m[Kin expansion of macro â€˜[01m[KGTEST_PRED_FORMAT2_[m[Kâ€™
[5.271s]   168 |   [01;36m[KGTEST_PRED_FORMAT2_[m[K(pred_format, v1, v2, GTEST_FATAL_FAILURE_)
[5.271s]       |   [01;36m[K^~~~~~~~~~~~~~~~~~~[m[K
[5.271s] [01m[K/opt/ros/humble/src/gtest_vendor/include/gtest/gtest.h:2041:3:[m[K [01;36m[Knote: [m[Kin expansion of macro â€˜[01m[KASSERT_PRED_FORMAT2[m[Kâ€™
[5.271s]  2041 |   [01;36m[KASSERT_PRED_FORMAT2[m[K(::testing::internal::EqHelper::Compare, val1, val2)
[5.271s]       |   [01;36m[K^~~~~~~~~~~~~~~~~~~[m[K
[5.271s] [01m[K/opt/ros/humble/src/gtest_vendor/include/gtest/gtest.h:2057:32:[m[K [01;36m[Knote: [m[Kin expansion of macro â€˜[01m[KGTEST_ASSERT_EQ[m[Kâ€™
[5.271s]  2057 | # define ASSERT_EQ(val1, val2) [01;36m[KGTEST_ASSERT_EQ[m[K(val1, val2)
[5.271s]       |                                [01;36m[K^~~~~~~~~~~~~~~[m[K
[5.271s] [01m[K/home/astra/Ti5_controller/src/Ti5_arms_controller/test/test_Ti5_arms_controller.cpp:158:3:[m[K [01;36m[Knote: [m[Kin expansion of macro â€˜[01m[KASSERT_EQ[m[Kâ€™
[5.271s]   158 |   [01;36m[KASSERT_EQ[m[K(*(controller_->control_mode_.readFromRT()), control_mode_type::FAST);
[5.271s]       |   [01;36m[K^~~~~~~~~[m[K
[5.271s] [01m[K/home/astra/Ti5_controller/src/Ti5_arms_controller/test/test_Ti5_arms_controller.cpp:[m[K In member function â€˜[01m[Kvirtual void Ti5ArmsControllerTest_test_update_logic_fast_Test::TestBody()[m[Kâ€™:
[5.271s] [01m[K/home/astra/Ti5_controller/src/Ti5_arms_controller/test/test_Ti5_arms_controller.cpp:178:16:[m[K [01;31m[Kerror: [m[Kâ€˜[01m[Krealtime_tools::RealtimeBuffer<std::shared_ptr<control_msgs::msg::JointJog_<std::allocator<void> > > > Ti5_arms_controller::Ti5ArmsController::input_ref_[m[Kâ€™ is private within this context
[5.271s]   178 |   controller_->[01;31m[Kinput_ref_[m[K.writeFromNonRT(msg);
[5.271s]       |                [01;31m[K^~~~~~~~~~[m[K
[5.271s] In file included from [01m[K/home/astra/Ti5_controller/src/Ti5_arms_controller/test/test_Ti5_arms_controller.hpp:31[m[K,
[5.271s]                  from [01m[K/home/astra/Ti5_controller/src/Ti5_arms_controller/test/test_Ti5_arms_controller.cpp:27[m[K:
[5.271s] [01m[K/home/astra/Ti5_controller/src/Ti5_arms_controller/include/Ti5_arms_controller/Ti5_arms_controller.hpp:93:77:[m[K [01;36m[Knote: [m[Kdeclared private here
[5.271s]    93 |     realtime_tools::RealtimeBuffer<std::shared_ptr<ControllerReferenceMsg>> [01;36m[Kinput_ref_[m[K;
[5.271s]       |                                                                             [01;36m[K^~~~~~~~~~[m[K
[5.271s] In file included from [01m[K/opt/ros/humble/src/gtest_vendor/include/gtest/gtest.h:375[m[K,
[5.271s]                  from [01m[K/opt/ros/humble/src/gmock_vendor/include/gmock/internal/gmock-internal-utils.h:47[m[K,
[5.272s]                  from [01m[K/opt/ros/humble/src/gmock_vendor/include/gmock/gmock-actions.h:51[m[K,
[5.272s]                  from [01m[K/opt/ros/humble/src/gmock_vendor/include/gmock/gmock.h:59[m[K,
[5.272s]                  from [01m[K/home/astra/Ti5_controller/src/Ti5_arms_controller/test/test_Ti5_arms_controller.hpp:32[m[K,
[5.272s]                  from [01m[K/home/astra/Ti5_controller/src/Ti5_arms_controller/test/test_Ti5_arms_controller.cpp:27[m[K:
[5.272s] [01m[K/home/astra/Ti5_controller/src/Ti5_arms_controller/test/test_Ti5_arms_controller.cpp:184:28:[m[K [01;31m[Kerror: [m[Kâ€˜[01m[Kclass TestableTi5ArmsController[m[Kâ€™ has no member named â€˜[01m[Kcontrol_mode_[m[Kâ€™
[5.272s]   184 |   EXPECT_EQ(*(controller_->[01;31m[Kcontrol_mode_[m[K.readFromRT()), control_mode_type::FAST);
[5.272s]       |                            [01;31m[K^~~~~~~~~~~~~[m[K
[5.272s] [01m[K/opt/ros/humble/src/gtest_vendor/include/gtest/gtest_pred_impl.h:77:52:[m[K [01;36m[Knote: [m[Kin definition of macro â€˜[01m[KGTEST_ASSERT_[m[Kâ€™
[5.272s]    77 |   if (const ::testing::AssertionResult gtest_ar = ([01;36m[Kexpression[m[K)) \
[5.272s]       |                                                    [01;36m[K^~~~~~~~~~[m[K
[5.272s] [01m[K/opt/ros/humble/src/gtest_vendor/include/gtest/gtest_pred_impl.h:164:3:[m[K [01;36m[Knote: [m[Kin expansion of macro â€˜[01m[KGTEST_PRED_FORMAT2_[m[Kâ€™
[5.272s]   164 |   [01;36m[KGTEST_PRED_FORMAT2_[m[K(pred_format, v1, v2, GTEST_NONFATAL_FAILURE_)
[5.272s]       |   [01;36m[K^~~~~~~~~~~~~~~~~~~[m[K
[5.272s] [01m[K/opt/ros/humble/src/gtest_vendor/include/gtest/gtest.h:2028:3:[m[K [01;36m[Knote: [m[Kin expansion of macro â€˜[01m[KEXPECT_PRED_FORMAT2[m[Kâ€™
[5.272s]  2028 |   [01;36m[KEXPECT_PRED_FORMAT2[m[K(::testing::internal::EqHelper::Compare, val1, val2)
[5.272s]       |   [01;36m[K^~~~~~~~~~~~~~~~~~~[m[K
[5.272s] [01m[K/home/astra/Ti5_controller/src/Ti5_arms_controller/test/test_Ti5_arms_controller.cpp:184:3:[m[K [01;36m[Knote: [m[Kin expansion of macro â€˜[01m[KEXPECT_EQ[m[Kâ€™
[5.272s]   184 |   [01;36m[KEXPECT_EQ[m[K(*(controller_->control_mode_.readFromRT()), control_mode_type::FAST);
[5.272s]       |   [01;36m[K^~~~~~~~~[m[K
[5.272s] [01m[K/home/astra/Ti5_controller/src/Ti5_arms_controller/test/test_Ti5_arms_controller.cpp:184:57:[m[K [01;31m[Kerror: [m[Kâ€˜[01m[Kcontrol_mode_type[m[Kâ€™ has not been declared
[5.272s]   184 |   EXPECT_EQ(*(controller_->control_mode_.readFromRT()), [01;31m[Kcontrol_mode_type[m[K::FAST);
[5.272s]       |                                                         [01;31m[K^~~~~~~~~~~~~~~~~[m[K
[5.272s] [01m[K/opt/ros/humble/src/gtest_vendor/include/gtest/gtest_pred_impl.h:77:52:[m[K [01;36m[Knote: [m[Kin definition of macro â€˜[01m[KGTEST_ASSERT_[m[Kâ€™
[5.272s]    77 |   if (const ::testing::AssertionResult gtest_ar = ([01;36m[Kexpression[m[K)) \
[5.272s]       |                                                    [01;36m[K^~~~~~~~~~[m[K
[5.272s] [01m[K/opt/ros/humble/src/gtest_vendor/include/gtest/gtest_pred_impl.h:164:3:[m[K [01;36m[Knote: [m[Kin expansion of macro â€˜[01m[KGTEST_PRED_FORMAT2_[m[Kâ€™
[5.272s]   164 |   [01;36m[KGTEST_PRED_FORMAT2_[m[K(pred_format, v1, v2, GTEST_NONFATAL_FAILURE_)
[5.272s]       |   [01;36m[K^~~~~~~~~~~~~~~~~~~[m[K
[5.272s] [01m[K/opt/ros/humble/src/gtest_vendor/include/gtest/gtest.h:2028:3:[m[K [01;36m[Knote: [m[Kin expansion of macro â€˜[01m[KEXPECT_PRED_FORMAT2[m[Kâ€™
[5.272s]  2028 |   [01;36m[KEXPECT_PRED_FORMAT2[m[K(::testing::internal::EqHelper::Compare, val1, val2)
[5.272s]       |   [01;36m[K^~~~~~~~~~~~~~~~~~~[m[K
[5.272s] [01m[K/home/astra/Ti5_controller/src/Ti5_arms_controller/test/test_Ti5_arms_controller.cpp:184:3:[m[K [01;36m[Knote: [m[Kin expansion of macro â€˜[01m[KEXPECT_EQ[m[Kâ€™
[5.272s]   184 |   [01;36m[KEXPECT_EQ[m[K(*(controller_->control_mode_.readFromRT()), control_mode_type::FAST);
[5.272s]       |   [01;36m[K^~~~~~~~~[m[K
[5.275s] [01m[K/home/astra/Ti5_controller/src/Ti5_arms_controller/test/test_Ti5_arms_controller.cpp:185:35:[m[K [01;31m[Kerror: [m[Kâ€˜[01m[KSTATE_MY_ITFS[m[Kâ€™ was not declared in this scope
[5.275s]   185 |   EXPECT_EQ(joint_command_values_[[01;31m[KSTATE_MY_ITFS[m[K], TEST_DISPLACEMENT);
[5.275s]       |                                   [01;31m[K^~~~~~~~~~~~~[m[K
[5.275s] [01m[K/opt/ros/humble/src/gtest_vendor/include/gtest/gtest_pred_impl.h:77:52:[m[K [01;36m[Knote: [m[Kin definition of macro â€˜[01m[KGTEST_ASSERT_[m[Kâ€™
[5.275s]    77 |   if (const ::testing::AssertionResult gtest_ar = ([01;36m[Kexpression[m[K)) \
[5.275s]       |                                                    [01;36m[K^~~~~~~~~~[m[K
[5.275s] [01m[K/opt/ros/humble/src/gtest_vendor/include/gtest/gtest_pred_impl.h:164:3:[m[K [01;36m[Knote: [m[Kin expansion of macro â€˜[01m[KGTEST_PRED_FORMAT2_[m[Kâ€™
[5.275s]   164 |   [01;36m[KGTEST_PRED_FORMAT2_[m[K(pred_format, v1, v2, GTEST_NONFATAL_FAILURE_)
[5.275s]       |   [01;36m[K^~~~~~~~~~~~~~~~~~~[m[K
[5.275s] [01m[K/opt/ros/humble/src/gtest_vendor/include/gtest/gtest.h:2028:3:[m[K [01;36m[Knote: [m[Kin expansion of macro â€˜[01m[KEXPECT_PRED_FORMAT2[m[Kâ€™
[5.275s]  2028 |   [01;36m[KEXPECT_PRED_FORMAT2[m[K(::testing::internal::EqHelper::Compare, val1, val2)
[5.275s]       |   [01;36m[K^~~~~~~~~~~~~~~~~~~[m[K
[5.275s] [01m[K/home/astra/Ti5_controller/src/Ti5_arms_controller/test/test_Ti5_arms_controller.cpp:185:3:[m[K [01;36m[Knote: [m[Kin expansion of macro â€˜[01m[KEXPECT_EQ[m[Kâ€™
[5.275s]   185 |   [01;36m[KEXPECT_EQ[m[K(joint_command_values_[STATE_MY_ITFS], TEST_DISPLACEMENT);
[5.275s]       |   [01;36m[K^~~~~~~~~[m[K
[5.275s] In file included from [01m[K/opt/ros/humble/src/gtest_vendor/include/gtest/gtest.h:62[m[K,
[5.275s]                  from [01m[K/opt/ros/humble/src/gmock_vendor/include/gmock/internal/gmock-internal-utils.h:47[m[K,
[5.275s]                  from [01m[K/opt/ros/humble/src/gmock_vendor/include/gmock/gmock-actions.h:51[m[K,
[5.275s]                  from [01m[K/opt/ros/humble/src/gmock_vendor/include/gmock/gmock.h:59[m[K,
[5.275s]                  from [01m[K/home/astra/Ti5_controller/src/Ti5_arms_controller/test/test_Ti5_arms_controller.hpp:32[m[K,
[5.275s]                  from [01m[K/home/astra/Ti5_controller/src/Ti5_arms_controller/test/test_Ti5_arms_controller.cpp:27[m[K:
[5.275s] [01m[K/home/astra/Ti5_controller/src/Ti5_arms_controller/test/test_Ti5_arms_controller.cpp:186:42:[m[K [01;31m[Kerror: [m[Kâ€˜[01m[Krealtime_tools::RealtimeBuffer<std::shared_ptr<control_msgs::msg::JointJog_<std::allocator<void> > > > Ti5_arms_controller::Ti5ArmsController::input_ref_[m[Kâ€™ is private within this context
[5.275s]   186 |   EXPECT_TRUE(std::isnan((*(controller_->[01;31m[Kinput_ref_[m[K.readFromRT()))->displacements[0]));
[5.275s]       |                                          [01;31m[K^~~~~~~~~~[m[K
[5.276s] [01m[K/opt/ros/humble/src/gtest_vendor/include/gtest/internal/gtest-internal.h:1325:34:[m[K [01;36m[Knote: [m[Kin definition of macro â€˜[01m[KGTEST_TEST_BOOLEAN_[m[Kâ€™
[5.276s]  1325 |       ::testing::AssertionResult([01;36m[Kexpression[m[K)) \
[5.276s]       |                                  [01;36m[K^~~~~~~~~~[m[K
[5.276s] [01m[K/home/astra/Ti5_controller/src/Ti5_arms_controller/test/test_Ti5_arms_controller.cpp:186:3:[m[K [01;36m[Knote: [m[Kin expansion of macro â€˜[01m[KEXPECT_TRUE[m[Kâ€™
[5.276s]   186 |   [01;36m[KEXPECT_TRUE[m[K(std::isnan((*(controller_->input_ref_.readFromRT()))->displacements[0]));
[5.276s]       |   [01;36m[K^~~~~~~~~~~[m[K
[5.276s] In file included from [01m[K/home/astra/Ti5_controller/src/Ti5_arms_controller/test/test_Ti5_arms_controller.hpp:31[m[K,
[5.276s]                  from [01m[K/home/astra/Ti5_controller/src/Ti5_arms_controller/test/test_Ti5_arms_controller.cpp:27[m[K:
[5.276s] [01m[K/home/astra/Ti5_controller/src/Ti5_arms_controller/include/Ti5_arms_controller/Ti5_arms_controller.hpp:93:77:[m[K [01;36m[Knote: [m[Kdeclared private here
[5.276s]    93 |     realtime_tools::RealtimeBuffer<std::shared_ptr<ControllerReferenceMsg>> [01;36m[Kinput_ref_[m[K;
[5.276s]       |                                                                             [01;36m[K^~~~~~~~~~[m[K
[5.276s] In file included from [01m[K/opt/ros/humble/src/gtest_vendor/include/gtest/gtest.h:375[m[K,
[5.276s]                  from [01m[K/opt/ros/humble/src/gmock_vendor/include/gmock/internal/gmock-internal-utils.h:47[m[K,
[5.276s]                  from [01m[K/opt/ros/humble/src/gmock_vendor/include/gmock/gmock-actions.h:51[m[K,
[5.276s]                  from [01m[K/opt/ros/humble/src/gmock_vendor/include/gmock/gmock.h:59[m[K,
[5.276s]                  from [01m[K/home/astra/Ti5_controller/src/Ti5_arms_controller/test/test_Ti5_arms_controller.hpp:32[m[K,
[5.276s]                  from [01m[K/home/astra/Ti5_controller/src/Ti5_arms_controller/test/test_Ti5_arms_controller.cpp:27[m[K:
[5.276s] [01m[K/home/astra/Ti5_controller/src/Ti5_arms_controller/test/test_Ti5_arms_controller.cpp:187:28:[m[K [01;31m[Kerror: [m[Kâ€˜[01m[Kclass TestableTi5ArmsController[m[Kâ€™ has no member named â€˜[01m[Kcontrol_mode_[m[Kâ€™
[5.276s]   187 |   EXPECT_EQ(*(controller_->[01;31m[Kcontrol_mode_[m[K.readFromRT()), control_mode_type::FAST);
[5.276s]       |                            [01;31m[K^~~~~~~~~~~~~[m[K
[5.276s] [01m[K/opt/ros/humble/src/gtest_vendor/include/gtest/gtest_pred_impl.h:77:52:[m[K [01;36m[Knote: [m[Kin definition of macro â€˜[01m[KGTEST_ASSERT_[m[Kâ€™
[5.276s]    77 |   if (const ::testing::AssertionResult gtest_ar = ([01;36m[Kexpression[m[K)) \
[5.276s]       |                                                    [01;36m[K^~~~~~~~~~[m[K
[5.276s] [01m[K/opt/ros/humble/src/gtest_vendor/include/gtest/gtest_pred_impl.h:164:3:[m[K [01;36m[Knote: [m[Kin expansion of macro â€˜[01m[KGTEST_PRED_FORMAT2_[m[Kâ€™
[5.276s]   164 |   [01;36m[KGTEST_PRED_FORMAT2_[m[K(pred_format, v1, v2, GTEST_NONFATAL_FAILURE_)
[5.276s]       |   [01;36m[K^~~~~~~~~~~~~~~~~~~[m[K
[5.276s] [01m[K/opt/ros/humble/src/gtest_vendor/include/gtest/gtest.h:2028:3:[m[K [01;36m[Knote: [m[Kin expansion of macro â€˜[01m[KEXPECT_PRED_FORMAT2[m[Kâ€™
[5.276s]  2028 |   [01;36m[KEXPECT_PRED_FORMAT2[m[K(::testing::internal::EqHelper::Compare, val1, val2)
[5.276s]       |   [01;36m[K^~~~~~~~~~~~~~~~~~~[m[K
[5.276s] [01m[K/home/astra/Ti5_controller/src/Ti5_arms_controller/test/test_Ti5_arms_controller.cpp:187:3:[m[K [01;36m[Knote: [m[Kin expansion of macro â€˜[01m[KEXPECT_EQ[m[Kâ€™
[5.276s]   187 |   [01;36m[KEXPECT_EQ[m[K(*(controller_->control_mode_.readFromRT()), control_mode_type::FAST);
[5.276s]       |   [01;36m[K^~~~~~~~~[m[K
[5.276s] [01m[K/home/astra/Ti5_controller/src/Ti5_arms_controller/test/test_Ti5_arms_controller.cpp:187:57:[m[K [01;31m[Kerror: [m[Kâ€˜[01m[Kcontrol_mode_type[m[Kâ€™ has not been declared
[5.276s]   187 |   EXPECT_EQ(*(controller_->control_mode_.readFromRT()), [01;31m[Kcontrol_mode_type[m[K::FAST);
[5.276s]       |                                                         [01;31m[K^~~~~~~~~~~~~~~~~[m[K
[5.276s] [01m[K/opt/ros/humble/src/gtest_vendor/include/gtest/gtest_pred_impl.h:77:52:[m[K [01;36m[Knote: [m[Kin definition of macro â€˜[01m[KGTEST_ASSERT_[m[Kâ€™
[5.276s]    77 |   if (const ::testing::AssertionResult gtest_ar = ([01;36m[Kexpression[m[K)) \
[5.276s]       |                                                    [01;36m[K^~~~~~~~~~[m[K
[5.277s] [01m[K/opt/ros/humble/src/gtest_vendor/include/gtest/gtest_pred_impl.h:164:3:[m[K [01;36m[Knote: [m[Kin expansion of macro â€˜[01m[KGTEST_PRED_FORMAT2_[m[Kâ€™
[5.277s]   164 |   [01;36m[KGTEST_PRED_FORMAT2_[m[K(pred_format, v1, v2, GTEST_NONFATAL_FAILURE_)
[5.277s]       |   [01;36m[K^~~~~~~~~~~~~~~~~~~[m[K
[5.277s] [01m[K/opt/ros/humble/src/gtest_vendor/include/gtest/gtest.h:2028:3:[m[K [01;36m[Knote: [m[Kin expansion of macro â€˜[01m[KEXPECT_PRED_FORMAT2[m[Kâ€™
[5.277s]  2028 |   [01;36m[KEXPECT_PRED_FORMAT2[m[K(::testing::internal::EqHelper::Compare, val1, val2)
[5.277s]       |   [01;36m[K^~~~~~~~~~~~~~~~~~~[m[K
[5.277s] [01m[K/home/astra/Ti5_controller/src/Ti5_arms_controller/test/test_Ti5_arms_controller.cpp:187:3:[m[K [01;36m[Knote: [m[Kin expansion of macro â€˜[01m[KEXPECT_EQ[m[Kâ€™
[5.277s]   187 |   [01;36m[KEXPECT_EQ[m[K(*(controller_->control_mode_.readFromRT()), control_mode_type::FAST);
[5.277s]       |   [01;36m[K^~~~~~~~~[m[K
[5.277s] [01m[K/home/astra/Ti5_controller/src/Ti5_arms_controller/test/test_Ti5_arms_controller.cpp:[m[K In member function â€˜[01m[Kvirtual void Ti5ArmsControllerTest_test_update_logic_slow_Test::TestBody()[m[Kâ€™:
[5.277s] [01m[K/home/astra/Ti5_controller/src/Ti5_arms_controller/test/test_Ti5_arms_controller.cpp:208:16:[m[K [01;31m[Kerror: [m[Kâ€˜[01m[Krealtime_tools::RealtimeBuffer<std::shared_ptr<control_msgs::msg::JointJog_<std::allocator<void> > > > Ti5_arms_controller::Ti5ArmsController::input_ref_[m[Kâ€™ is private within this context
[5.277s]   208 |   controller_->[01;31m[Kinput_ref_[m[K.writeFromNonRT(msg);
[5.277s]       |                [01;31m[K^~~~~~~~~~[m[K
[5.277s] In file included from [01m[K/home/astra/Ti5_controller/src/Ti5_arms_controller/test/test_Ti5_arms_controller.hpp:31[m[K,
[5.277s]                  from [01m[K/home/astra/Ti5_controller/src/Ti5_arms_controller/test/test_Ti5_arms_controller.cpp:27[m[K:
[5.277s] [01m[K/home/astra/Ti5_controller/src/Ti5_arms_controller/include/Ti5_arms_controller/Ti5_arms_controller.hpp:93:77:[m[K [01;36m[Knote: [m[Kdeclared private here
[5.277s]    93 |     realtime_tools::RealtimeBuffer<std::shared_ptr<ControllerReferenceMsg>> [01;36m[Kinput_ref_[m[K;
[5.277s]       |                                                                             [01;36m[K^~~~~~~~~~[m[K
[5.277s] [01m[K/home/astra/Ti5_controller/src/Ti5_arms_controller/test/test_Ti5_arms_controller.cpp:209:16:[m[K [01;31m[Kerror: [m[Kâ€˜[01m[Kclass TestableTi5ArmsController[m[Kâ€™ has no member named â€˜[01m[Kcontrol_mode_[m[Kâ€™
[5.277s]   209 |   controller_->[01;31m[Kcontrol_mode_[m[K.writeFromNonRT(control_mode_type::SLOW);
[5.277s]       |                [01;31m[K^~~~~~~~~~~~~[m[K
[5.277s] [01m[K/home/astra/Ti5_controller/src/Ti5_arms_controller/test/test_Ti5_arms_controller.cpp:209:45:[m[K [01;31m[Kerror: [m[Kâ€˜[01m[Kcontrol_mode_type[m[Kâ€™ has not been declared
[5.277s]   209 |   controller_->control_mode_.writeFromNonRT([01;31m[Kcontrol_mode_type[m[K::SLOW);
[5.277s]       |                                             [01;31m[K^~~~~~~~~~~~~~~~~[m[K
[5.277s] In file included from [01m[K/opt/ros/humble/src/gtest_vendor/include/gtest/gtest.h:375[m[K,
[5.277s]                  from [01m[K/opt/ros/humble/src/gmock_vendor/include/gmock/internal/gmock-internal-utils.h:47[m[K,
[5.277s]                  from [01m[K/opt/ros/humble/src/gmock_vendor/include/gmock/gmock-actions.h:51[m[K,
[5.277s]                  from [01m[K/opt/ros/humble/src/gmock_vendor/include/gmock/gmock.h:59[m[K,
[5.277s]                  from [01m[K/home/astra/Ti5_controller/src/Ti5_arms_controller/test/test_Ti5_arms_controller.hpp:32[m[K,
[5.277s]                  from [01m[K/home/astra/Ti5_controller/src/Ti5_arms_controller/test/test_Ti5_arms_controller.cpp:27[m[K:
[5.277s] [01m[K/home/astra/Ti5_controller/src/Ti5_arms_controller/test/test_Ti5_arms_controller.cpp:211:28:[m[K [01;31m[Kerror: [m[Kâ€˜[01m[Kclass TestableTi5ArmsController[m[Kâ€™ has no member named â€˜[01m[Kcontrol_mode_[m[Kâ€™
[5.277s]   211 |   EXPECT_EQ(*(controller_->[01;31m[Kcontrol_mode_[m[K.readFromRT()), control_mode_type::SLOW);
[5.277s]       |                            [01;31m[K^~~~~~~~~~~~~[m[K
[5.277s] [01m[K/opt/ros/humble/src/gtest_vendor/include/gtest/gtest_pred_impl.h:77:52:[m[K [01;36m[Knote: [m[Kin definition of macro â€˜[01m[KGTEST_ASSERT_[m[Kâ€™
[5.277s]    77 |   if (const ::testing::AssertionResult gtest_ar = ([01;36m[Kexpression[m[K)) \
[5.277s]       |                                                    [01;36m[K^~~~~~~~~~[m[K
[5.278s] [01m[K/opt/ros/humble/src/gtest_vendor/include/gtest/gtest_pred_impl.h:164:3:[m[K [01;36m[Knote: [m[Kin expansion of macro â€˜[01m[KGTEST_PRED_FORMAT2_[m[Kâ€™
[5.278s]   164 |   [01;36m[KGTEST_PRED_FORMAT2_[m[K(pred_format, v1, v2, GTEST_NONFATAL_FAILURE_)
[5.278s]       |   [01;36m[K^~~~~~~~~~~~~~~~~~~[m[K
[5.278s] [01m[K/opt/ros/humble/src/gtest_vendor/include/gtest/gtest.h:2028:3:[m[K [01;36m[Knote: [m[Kin expansion of macro â€˜[01m[KEXPECT_PRED_FORMAT2[m[Kâ€™
[5.278s]  2028 |   [01;36m[KEXPECT_PRED_FORMAT2[m[K(::testing::internal::EqHelper::Compare, val1, val2)
[5.278s]       |   [01;36m[K^~~~~~~~~~~~~~~~~~~[m[K
[5.278s] [01m[K/home/astra/Ti5_controller/src/Ti5_arms_controller/test/test_Ti5_arms_controller.cpp:211:3:[m[K [01;36m[Knote: [m[Kin expansion of macro â€˜[01m[KEXPECT_EQ[m[Kâ€™
[5.278s]   211 |   [01;36m[KEXPECT_EQ[m[K(*(controller_->control_mode_.readFromRT()), control_mode_type::SLOW);
[5.278s]       |   [01;36m[K^~~~~~~~~[m[K
[5.278s] [01m[K/home/astra/Ti5_controller/src/Ti5_arms_controller/test/test_Ti5_arms_controller.cpp:211:57:[m[K [01;31m[Kerror: [m[Kâ€˜[01m[Kcontrol_mode_type[m[Kâ€™ has not been declared
[5.278s]   211 |   EXPECT_EQ(*(controller_->control_mode_.readFromRT()), [01;31m[Kcontrol_mode_type[m[K::SLOW);
[5.278s]       |                                                         [01;31m[K^~~~~~~~~~~~~~~~~[m[K
[5.278s] [01m[K/opt/ros/humble/src/gtest_vendor/include/gtest/gtest_pred_impl.h:77:52:[m[K [01;36m[Knote: [m[Kin definition of macro â€˜[01m[KGTEST_ASSERT_[m[Kâ€™
[5.278s]    77 |   if (const ::testing::AssertionResult gtest_ar = ([01;36m[Kexpression[m[K)) \
[5.278s]       |                                                    [01;36m[K^~~~~~~~~~[m[K
[5.278s] [01m[K/opt/ros/humble/src/gtest_vendor/include/gtest/gtest_pred_impl.h:164:3:[m[K [01;36m[Knote: [m[Kin expansion of macro â€˜[01m[KGTEST_PRED_FORMAT2_[m[Kâ€™
[5.278s]   164 |   [01;36m[KGTEST_PRED_FORMAT2_[m[K(pred_format, v1, v2, GTEST_NONFATAL_FAILURE_)
[5.278s]       |   [01;36m[K^~~~~~~~~~~~~~~~~~~[m[K
[5.278s] [01m[K/opt/ros/humble/src/gtest_vendor/include/gtest/gtest.h:2028:3:[m[K [01;36m[Knote: [m[Kin expansion of macro â€˜[01m[KEXPECT_PRED_FORMAT2[m[Kâ€™
[5.278s]  2028 |   [01;36m[KEXPECT_PRED_FORMAT2[m[K(::testing::internal::EqHelper::Compare, val1, val2)
[5.278s]       |   [01;36m[K^~~~~~~~~~~~~~~~~~~[m[K
[5.278s] [01m[K/home/astra/Ti5_controller/src/Ti5_arms_controller/test/test_Ti5_arms_controller.cpp:211:3:[m[K [01;36m[Knote: [m[Kin expansion of macro â€˜[01m[KEXPECT_EQ[m[Kâ€™
[5.278s]   211 |   [01;36m[KEXPECT_EQ[m[K(*(controller_->control_mode_.readFromRT()), control_mode_type::SLOW);
[5.278s]       |   [01;36m[K^~~~~~~~~[m[K
[5.278s] [01m[K/home/astra/Ti5_controller/src/Ti5_arms_controller/test/test_Ti5_arms_controller.cpp:212:29:[m[K [01;31m[Kerror: [m[Kâ€˜[01m[Krealtime_tools::RealtimeBuffer<std::shared_ptr<control_msgs::msg::JointJog_<std::allocator<void> > > > Ti5_arms_controller::Ti5ArmsController::input_ref_[m[Kâ€™ is private within this context
[5.278s]   212 |   ASSERT_EQ((*(controller_->[01;31m[Kinput_ref_[m[K.readFromRT()))->displacements[0], TEST_DISPLACEMENT);
[5.278s]       |                             [01;31m[K^~~~~~~~~~[m[K
[5.278s] [01m[K/opt/ros/humble/src/gtest_vendor/include/gtest/gtest_pred_impl.h:77:52:[m[K [01;36m[Knote: [m[Kin definition of macro â€˜[01m[KGTEST_ASSERT_[m[Kâ€™
[5.278s]    77 |   if (const ::testing::AssertionResult gtest_ar = ([01;36m[Kexpression[m[K)) \
[5.278s]       |                                                    [01;36m[K^~~~~~~~~~[m[K
[5.278s] [01m[K/opt/ros/humble/src/gtest_vendor/include/gtest/gtest_pred_impl.h:168:3:[m[K [01;36m[Knote: [m[Kin expansion of macro â€˜[01m[KGTEST_PRED_FORMAT2_[m[Kâ€™
[5.278s]   168 |   [01;36m[KGTEST_PRED_FORMAT2_[m[K(pred_format, v1, v2, GTEST_FATAL_FAILURE_)
[5.278s]       |   [01;36m[K^~~~~~~~~~~~~~~~~~~[m[K
[5.278s] [01m[K/opt/ros/humble/src/gtest_vendor/include/gtest/gtest.h:2041:3:[m[K [01;36m[Knote: [m[Kin expansion of macro â€˜[01m[KASSERT_PRED_FORMAT2[m[Kâ€™
[5.278s]  2041 |   [01;36m[KASSERT_PRED_FORMAT2[m[K(::testing::internal::EqHelper::Compare, val1, val2)
[5.278s]       |   [01;36m[K^~~~~~~~~~~~~~~~~~~[m[K
[5.278s] [01m[K/opt/ros/humble/src/gtest_vendor/include/gtest/gtest.h:2057:32:[m[K [01;36m[Knote: [m[Kin expansion of macro â€˜[01m[KGTEST_ASSERT_EQ[m[Kâ€™
[5.278s]  2057 | # define ASSERT_EQ(val1, val2) [01;36m[KGTEST_ASSERT_EQ[m[K(val1, val2)
[5.278s]       |                                [01;36m[K^~~~~~~~~~~~~~~[m[K
[5.278s] [01m[K/home/astra/Ti5_controller/src/Ti5_arms_controller/test/test_Ti5_arms_controller.cpp:212:3:[m[K [01;36m[Knote: [m[Kin expansion of macro â€˜[01m[KASSERT_EQ[m[Kâ€™
[5.278s]   212 |   [01;36m[KASSERT_EQ[m[K((*(controller_->input_ref_.readFromRT()))->displacements[0], TEST_DISPLACEMENT);
[5.279s]       |   [01;36m[K^~~~~~~~~[m[K
[5.279s] In file included from [01m[K/home/astra/Ti5_controller/src/Ti5_arms_controller/test/test_Ti5_arms_controller.hpp:31[m[K,
[5.279s]                  from [01m[K/home/astra/Ti5_controller/src/Ti5_arms_controller/test/test_Ti5_arms_controller.cpp:27[m[K:
[5.279s] [01m[K/home/astra/Ti5_controller/src/Ti5_arms_controller/include/Ti5_arms_controller/Ti5_arms_controller.hpp:93:77:[m[K [01;36m[Knote: [m[Kdeclared private here
[5.279s]    93 |     realtime_tools::RealtimeBuffer<std::shared_ptr<ControllerReferenceMsg>> [01;36m[Kinput_ref_[m[K;
[5.279s]       |                                                                             [01;36m[K^~~~~~~~~~[m[K
[5.283s] In file included from [01m[K/opt/ros/humble/src/gtest_vendor/include/gtest/gtest.h:375[m[K,
[5.283s]                  from [01m[K/opt/ros/humble/src/gmock_vendor/include/gmock/internal/gmock-internal-utils.h:47[m[K,
[5.283s]                  from [01m[K/opt/ros/humble/src/gmock_vendor/include/gmock/gmock-actions.h:51[m[K,
[5.283s]                  from [01m[K/opt/ros/humble/src/gmock_vendor/include/gmock/gmock.h:59[m[K,
[5.283s]                  from [01m[K/home/astra/Ti5_controller/src/Ti5_arms_controller/test/test_Ti5_arms_controller.hpp:32[m[K,
[5.283s]                  from [01m[K/home/astra/Ti5_controller/src/Ti5_arms_controller/test/test_Ti5_arms_controller.cpp:27[m[K:
[5.283s] [01m[K/home/astra/Ti5_controller/src/Ti5_arms_controller/test/test_Ti5_arms_controller.cpp:217:35:[m[K [01;31m[Kerror: [m[Kâ€˜[01m[KSTATE_MY_ITFS[m[Kâ€™ was not declared in this scope
[5.283s]   217 |   EXPECT_EQ(joint_command_values_[[01;31m[KSTATE_MY_ITFS[m[K], TEST_DISPLACEMENT / 2);
[5.283s]       |                                   [01;31m[K^~~~~~~~~~~~~[m[K
[5.283s] [01m[K/opt/ros/humble/src/gtest_vendor/include/gtest/gtest_pred_impl.h:77:52:[m[K [01;36m[Knote: [m[Kin definition of macro â€˜[01m[KGTEST_ASSERT_[m[Kâ€™
[5.283s]    77 |   if (const ::testing::AssertionResult gtest_ar = ([01;36m[Kexpression[m[K)) \
[5.283s]       |                                                    [01;36m[K^~~~~~~~~~[m[K
[5.283s] [01m[K/opt/ros/humble/src/gtest_vendor/include/gtest/gtest_pred_impl.h:164:3:[m[K [01;36m[Knote: [m[Kin expansion of macro â€˜[01m[KGTEST_PRED_FORMAT2_[m[Kâ€™
[5.283s]   164 |   [01;36m[KGTEST_PRED_FORMAT2_[m[K(pred_format, v1, v2, GTEST_NONFATAL_FAILURE_)
[5.283s]       |   [01;36m[K^~~~~~~~~~~~~~~~~~~[m[K
[5.283s] [01m[K/opt/ros/humble/src/gtest_vendor/include/gtest/gtest.h:2028:3:[m[K [01;36m[Knote: [m[Kin expansion of macro â€˜[01m[KEXPECT_PRED_FORMAT2[m[Kâ€™
[5.283s]  2028 |   [01;36m[KEXPECT_PRED_FORMAT2[m[K(::testing::internal::EqHelper::Compare, val1, val2)
[5.283s]       |   [01;36m[K^~~~~~~~~~~~~~~~~~~[m[K
[5.283s] [01m[K/home/astra/Ti5_controller/src/Ti5_arms_controller/test/test_Ti5_arms_controller.cpp:217:3:[m[K [01;36m[Knote: [m[Kin expansion of macro â€˜[01m[KEXPECT_EQ[m[Kâ€™
[5.283s]   217 |   [01;36m[KEXPECT_EQ[m[K(joint_command_values_[STATE_MY_ITFS], TEST_DISPLACEMENT / 2);
[5.283s]       |   [01;36m[K^~~~~~~~~[m[K
[5.283s] In file included from [01m[K/opt/ros/humble/src/gtest_vendor/include/gtest/gtest.h:62[m[K,
[5.283s]                  from [01m[K/opt/ros/humble/src/gmock_vendor/include/gmock/internal/gmock-internal-utils.h:47[m[K,
[5.283s]                  from [01m[K/opt/ros/humble/src/gmock_vendor/include/gmock/gmock-actions.h:51[m[K,
[5.283s]                  from [01m[K/opt/ros/humble/src/gmock_vendor/include/gmock/gmock.h:59[m[K,
[5.283s]                  from [01m[K/home/astra/Ti5_controller/src/Ti5_arms_controller/test/test_Ti5_arms_controller.hpp:32[m[K,
[5.283s]                  from [01m[K/home/astra/Ti5_controller/src/Ti5_arms_controller/test/test_Ti5_arms_controller.cpp:27[m[K:
[5.283s] [01m[K/home/astra/Ti5_controller/src/Ti5_arms_controller/test/test_Ti5_arms_controller.cpp:218:42:[m[K [01;31m[Kerror: [m[Kâ€˜[01m[Krealtime_tools::RealtimeBuffer<std::shared_ptr<control_msgs::msg::JointJog_<std::allocator<void> > > > Ti5_arms_controller::Ti5ArmsController::input_ref_[m[Kâ€™ is private within this context
[5.283s]   218 |   EXPECT_TRUE(std::isnan((*(controller_->[01;31m[Kinput_ref_[m[K.readFromRT()))->displacements[0]));
[5.283s]       |                                          [01;31m[K^~~~~~~~~~[m[K
[5.283s] [01m[K/opt/ros/humble/src/gtest_vendor/include/gtest/internal/gtest-internal.h:1325:34:[m[K [01;36m[Knote: [m[Kin definition of macro â€˜[01m[KGTEST_TEST_BOOLEAN_[m[Kâ€™
[5.283s]  1325 |       ::testing::AssertionResult([01;36m[Kexpression[m[K)) \
[5.283s]       |                                  [01;36m[K^~~~~~~~~~[m[K
[5.283s] [01m[K/home/astra/Ti5_controller/src/Ti5_arms_controller/test/test_Ti5_arms_controller.cpp:218:3:[m[K [01;36m[Knote: [m[Kin expansion of macro â€˜[01m[KEXPECT_TRUE[m[Kâ€™
[5.284s]   218 |   [01;36m[KEXPECT_TRUE[m[K(std::isnan((*(controller_->input_ref_.readFromRT()))->displacements[0]));
[5.284s]       |   [01;36m[K^~~~~~~~~~~[m[K
[5.284s] In file included from [01m[K/home/astra/Ti5_controller/src/Ti5_arms_controller/test/test_Ti5_arms_controller.hpp:31[m[K,
[5.284s]                  from [01m[K/home/astra/Ti5_controller/src/Ti5_arms_controller/test/test_Ti5_arms_controller.cpp:27[m[K:
[5.284s] [01m[K/home/astra/Ti5_controller/src/Ti5_arms_controller/include/Ti5_arms_controller/Ti5_arms_controller.hpp:93:77:[m[K [01;36m[Knote: [m[Kdeclared private here
[5.284s]    93 |     realtime_tools::RealtimeBuffer<std::shared_ptr<ControllerReferenceMsg>> [01;36m[Kinput_ref_[m[K;
[5.284s]       |                                                                             [01;36m[K^~~~~~~~~~[m[K
[5.290s] In file included from [01m[K/opt/ros/humble/src/gtest_vendor/include/gtest/gtest.h:375[m[K,
[5.291s]                  from [01m[K/opt/ros/humble/src/gmock_vendor/include/gmock/internal/gmock-internal-utils.h:47[m[K,
[5.291s]                  from [01m[K/opt/ros/humble/src/gmock_vendor/include/gmock/gmock-actions.h:51[m[K,
[5.291s]                  from [01m[K/opt/ros/humble/src/gmock_vendor/include/gmock/gmock.h:59[m[K,
[5.291s]                  from [01m[K/home/astra/Ti5_controller/src/Ti5_arms_controller/test/test_Ti5_arms_controller.hpp:32[m[K,
[5.291s]                  from [01m[K/home/astra/Ti5_controller/src/Ti5_arms_controller/test/test_Ti5_arms_controller.cpp:27[m[K:
[5.291s] [01m[K/home/astra/Ti5_controller/src/Ti5_arms_controller/test/test_Ti5_arms_controller.cpp:[m[K In member function â€˜[01m[Kvirtual void Ti5ArmsControllerTest_receive_message_and_publish_updated_status_Test::TestBody()[m[Kâ€™:
[5.291s] [01m[K/home/astra/Ti5_controller/src/Ti5_arms_controller/test/test_Ti5_arms_controller.cpp:263:35:[m[K [01;31m[Kerror: [m[Kâ€˜[01m[KCMD_MY_ITFS[m[Kâ€™ was not declared in this scope
[5.291s]   263 |   EXPECT_EQ(joint_command_values_[[01;31m[KCMD_MY_ITFS[m[K], 0.45);
[5.291s]       |                                   [01;31m[K^~~~~~~~~~~[m[K
[5.291s] [01m[K/opt/ros/humble/src/gtest_vendor/include/gtest/gtest_pred_impl.h:77:52:[m[K [01;36m[Knote: [m[Kin definition of macro â€˜[01m[KGTEST_ASSERT_[m[Kâ€™
[5.291s]    77 |   if (const ::testing::AssertionResult gtest_ar = ([01;36m[Kexpression[m[K)) \
[5.291s]       |                                                    [01;36m[K^~~~~~~~~~[m[K
[5.291s] [01m[K/opt/ros/humble/src/gtest_vendor/include/gtest/gtest_pred_impl.h:164:3:[m[K [01;36m[Knote: [m[Kin expansion of macro â€˜[01m[KGTEST_PRED_FORMAT2_[m[Kâ€™
[5.291s]   164 |   [01;36m[KGTEST_PRED_FORMAT2_[m[K(pred_format, v1, v2, GTEST_NONFATAL_FAILURE_)
[5.291s]       |   [01;36m[K^~~~~~~~~~~~~~~~~~~[m[K
[5.291s] [01m[K/opt/ros/humble/src/gtest_vendor/include/gtest/gtest.h:2028:3:[m[K [01;36m[Knote: [m[Kin expansion of macro â€˜[01m[KEXPECT_PRED_FORMAT2[m[Kâ€™
[5.291s]  2028 |   [01;36m[KEXPECT_PRED_FORMAT2[m[K(::testing::internal::EqHelper::Compare, val1, val2)
[5.291s]       |   [01;36m[K^~~~~~~~~~~~~~~~~~~[m[K
[5.291s] [01m[K/home/astra/Ti5_controller/src/Ti5_arms_controller/test/test_Ti5_arms_controller.cpp:263:3:[m[K [01;36m[Knote: [m[Kin expansion of macro â€˜[01m[KEXPECT_EQ[m[Kâ€™
[5.291s]   263 |   [01;36m[KEXPECT_EQ[m[K(joint_command_values_[CMD_MY_ITFS], 0.45);
[5.291s]       |   [01;36m[K^~~~~~~~~[m[K
[6.014s] gmake[2]: *** [CMakeFiles/test_Ti5_arms_controller_preceeding.dir/build.make:76ï¼šCMakeFiles/test_Ti5_arms_controller_preceeding.dir/test/test_Ti5_arms_controller_preceeding.cpp.o] é”™è¯¯ 1
[6.014s] gmake[1]: *** [CMakeFiles/Makefile2:291ï¼šCMakeFiles/test_Ti5_arms_controller_preceeding.dir/all] é”™è¯¯ 2
[6.014s] gmake[1]: *** æ­£åœ¨ç­‰å¾…æœªå®Œæˆçš„ä»»åŠ¡....
[7.254s] gmake[2]: *** [CMakeFiles/test_Ti5_arms_controller.dir/build.make:76ï¼šCMakeFiles/test_Ti5_arms_controller.dir/test/test_Ti5_arms_controller.cpp.o] é”™è¯¯ 1
[7.254s] gmake[1]: *** [CMakeFiles/Makefile2:263ï¼šCMakeFiles/test_Ti5_arms_controller.dir/all] é”™è¯¯ 2
[7.254s] gmake: *** [Makefile:146ï¼šall] é”™è¯¯ 2
[7.256s] Invoked command in '/home/astra/Ti5_controller/build/Ti5_arms_controller' returned '2': CMAKE_PREFIX_PATH=${CMAKE_PREFIX_PATH}:/opt/ros/humble /usr/bin/cmake --build /home/astra/Ti5_controller/build/Ti5_arms_controller -- -j24 -l24
