-- The C compiler identification is GNU 11.4.0
-- The CXX compiler identification is GNU 11.4.0
-- Detecting C compiler ABI info
-- Detecting C compiler ABI info - done
-- Check for working C compiler: /usr/bin/cc - skipped
-- Detecting C compile features
-- Detecting C compile features - done
-- Detecting CXX compiler ABI info
-- Detecting CXX compiler ABI info - done
-- Check for working CXX compiler: /usr/bin/c++ - skipped
-- Detecting CXX compile features
-- Detecting CXX compile features - done
-- Found ament_cmake: 1.3.10 (/opt/ros/humble/share/ament_cmake/cmake)
-- Found Python3: /usr/bin/python3 (found version "3.10.12") found components: Interpreter 
-- Override CMake install command with custom implementation using symlinks instead of copying resources
-- Found generate_parameter_library: 0.3.9 (/opt/ros/humble/share/generate_parameter_library/cmake)
-- Found parameter_traits: 0.3.9 (/opt/ros/humble/share/parameter_traits/cmake)
-- Found rosidl_generator_c: 3.1.5 (/opt/ros/humble/share/rosidl_generator_c/cmake)
-- Found rosidl_adapter: 3.1.5 (/opt/ros/humble/share/rosidl_adapter/cmake)
-- Found rosidl_generator_cpp: 3.1.5 (/opt/ros/humble/share/rosidl_generator_cpp/cmake)
-- Using all available rosidl_typesupport_c: rosidl_typesupport_fastrtps_c;rosidl_typesupport_introspection_c
-- Using all available rosidl_typesupport_cpp: rosidl_typesupport_fastrtps_cpp;rosidl_typesupport_introspection_cpp
-- Found rmw_implementation_cmake: 6.1.2 (/opt/ros/humble/share/rmw_implementation_cmake/cmake)
-- Found rmw_cyclonedds_cpp: 1.3.4 (/opt/ros/humble/share/rmw_cyclonedds_cpp/cmake)
-- Using RMW implementation 'rmw_cyclonedds_cpp' as default
-- Looking for pthread.h
-- Looking for pthread.h - found
-- Performing Test CMAKE_HAVE_LIBC_PTHREAD
-- Performing Test CMAKE_HAVE_LIBC_PTHREAD - Success
-- Found Threads: TRUE  
-- Found rclcpp_lifecycle: 16.0.10 (/opt/ros/humble/share/rclcpp_lifecycle/cmake)
-- Found ament_cmake_gmock: 1.3.10 (/opt/ros/humble/share/ament_cmake_gmock/cmake)
-- Found controller_manager: 2.43.1 (/opt/ros/humble/share/controller_manager/cmake)
-- Found ros2_control_test_assets: 2.43.1 (/opt/ros/humble/share/ros2_control_test_assets/cmake)
-- Found std_srvs: 4.2.4 (/opt/ros/humble/share/std_srvs/cmake)
-- Found ament_lint_auto: 0.12.11 (/opt/ros/humble/share/ament_lint_auto/cmake)
-- Found gmock sources under '/opt/ros/humble/src/gmock_vendor': C++ tests using 'Google Mock' will be built
-- Found ament_cmake_gtest: 1.3.10 (/opt/ros/humble/share/ament_cmake_gtest/cmake)
-- Found gtest sources under '/opt/ros/humble/src/gtest_vendor': C++ tests using 'Google Test' will be built
WARNING: Package name "Ti5_arms_controller" does not follow the naming conventions. It should start with a lower case letter and only contain lower case letters, digits, underscores, and dashes.
-- Configuring done
-- Generating done
-- Build files have been written to: /home/astra/Ti5_controller/build/Ti5_arms_controller
[  6%] [32mBuilding CXX object gmock/CMakeFiles/gmock.dir/opt/ros/humble/src/gtest_vendor/src/gtest-all.cc.o[0m
[ 13%] [34m[1mRunning `/usr/bin/cmake -E copy /home/astra/Ti5_controller/src/Ti5_arms_controller/include/Ti5_arms_controller/validate_Ti5_arms_controller_parameters.hpp /home/astra/Ti5_controller/build/Ti5_arms_controller/Ti5_arms_controller_parameters/include/validate_Ti5_arms_controller_parameters.hpp`[0m
[ 20%] [32mBuilding CXX object gmock/CMakeFiles/gmock_main.dir/src/gmock_main.cc.o[0m
[ 26%] [32mBuilding CXX object gmock/CMakeFiles/gmock.dir/src/gmock-all.cc.o[0m
[ 33%] [34m[1mRunning `/opt/ros/humble/bin/generate_parameter_library_cpp /home/astra/Ti5_controller/build/Ti5_arms_controller/Ti5_arms_controller_parameters/include//Ti5_arms_controller_parameters.hpp /home/astra/Ti5_controller/src/Ti5_arms_controller/src/Ti5_arms_controller.yaml validate_Ti5_arms_controller_parameters.hpp`[0m
[ 33%] Built target Ti5_arms_controller_parameters
[ 40%] [32mBuilding CXX object CMakeFiles/Ti5_arms_controller.dir/src/Ti5_arms_controller.cpp.o[0m
[ 46%] [32m[1mLinking CXX static library libgmock_main.a[0m
[ 46%] Built target gmock_main
In file included from [01m[K/home/astra/Ti5_controller/build/Ti5_arms_controller/Ti5_arms_controller_parameters/include/Ti5_arms_controller_parameters.hpp:29[m[K,
                 from [01m[K/home/astra/Ti5_controller/src/Ti5_arms_controller/include/Ti5_arms_controller/Ti5_arms_controller.hpp:28[m[K,
                 from [01m[K/home/astra/Ti5_controller/src/Ti5_arms_controller/src/Ti5_arms_controller.cpp:20[m[K:
[01m[K/home/astra/Ti5_controller/build/Ti5_arms_controller/Ti5_arms_controller_parameters/include/validate_Ti5_arms_controller_parameters.hpp:29:75:[m[K [01;35m[Kwarning: [m[K‚Äò[01m[Kusing Result = class tl::expected<void, std::__cxx11::basic_string<char> >[m[K‚Äô is deprecated: Use tl::expected<void, std::string> for return instead. `#include <tl_expected/expected.hpp>`. [[01;35m[K]8;;https://gcc.gnu.org/onlinedocs/gcc/Warning-Options.html#index-Wdeprecated-declarations-Wdeprecated-declarations]8;;[m[K]
   29 | Result forbidden_interface_name_prefix(rclcpp::Parameter const & parameter[01;35m[K)[m[K
      |                                                                           [01;35m[K^[m[K
In file included from [01m[K/home/astra/Ti5_controller/build/Ti5_arms_controller/Ti5_arms_controller_parameters/include/Ti5_arms_controller_parameters.hpp:23[m[K,
                 from [01m[K/home/astra/Ti5_controller/src/Ti5_arms_controller/include/Ti5_arms_controller/Ti5_arms_controller.hpp:28[m[K,
                 from [01m[K/home/astra/Ti5_controller/src/Ti5_arms_controller/src/Ti5_arms_controller.cpp:20[m[K:
[01m[K/opt/ros/humble/include/parameter_traits/parameter_traits/parameter_traits.hpp:37:7:[m[K [01;36m[Knote: [m[Kdeclared here
   37 | using [01;36m[KResult[m[K
      |       [01;36m[K^~~~~~[m[K
In file included from [01m[K/home/astra/Ti5_controller/build/Ti5_arms_controller/Ti5_arms_controller_parameters/include/Ti5_arms_controller_parameters.hpp:29[m[K,
                 from [01m[K/home/astra/Ti5_controller/src/Ti5_arms_controller/include/Ti5_arms_controller/Ti5_arms_controller.hpp:28[m[K,
                 from [01m[K/home/astra/Ti5_controller/src/Ti5_arms_controller/src/Ti5_arms_controller.cpp:20[m[K:
[01m[K/home/astra/Ti5_controller/build/Ti5_arms_controller/Ti5_arms_controller_parameters/include/validate_Ti5_arms_controller_parameters.hpp:[m[K In function ‚Äò[01m[Kparameter_traits::Result parameter_traits::forbidden_interface_name_prefix(const rclcpp::Parameter&)[m[K‚Äô:
[01m[K/home/astra/Ti5_controller/build/Ti5_arms_controller/Ti5_arms_controller_parameters/include/validate_Ti5_arms_controller_parameters.hpp:35:17:[m[K [01;35m[Kwarning: [m[K‚Äò[01m[Ktl::expected<void, std::__cxx11::basic_string<char> > parameter_traits::ERROR(const string&, Args ...) [with Args = {}; std::string = std::__cxx11::basic_string<char>][m[K‚Äô is deprecated: When returning tl::expected<void, std::string> you can call fmt::format directly. [[01;35m[K]8;;https://gcc.gnu.org/onlinedocs/gcc/Warning-Options.html#index-Wdeprecated-declarations-Wdeprecated-declarations]8;;[m[K]
   35 |     return [01;35m[KERROR("'interface_name' parameter can not start with 'blup_'")[m[K;
      |            [01;35m[K~~~~~^~~~~~~~~~~~~~~~~~~~~~~~~~~~~~~~~~~~~~~~~~~~~~~~~~~~~~~~~[m[K
In file included from [01m[K/home/astra/Ti5_controller/build/Ti5_arms_controller/Ti5_arms_controller_parameters/include/Ti5_arms_controller_parameters.hpp:23[m[K,
                 from [01m[K/home/astra/Ti5_controller/src/Ti5_arms_controller/include/Ti5_arms_controller/Ti5_arms_controller.hpp:28[m[K,
                 from [01m[K/home/astra/Ti5_controller/src/Ti5_arms_controller/src/Ti5_arms_controller.cpp:20[m[K:
[01m[K/opt/ros/humble/include/parameter_traits/parameter_traits/parameter_traits.hpp:46:1:[m[K [01;36m[Knote: [m[Kdeclared here
   46 | [01;36m[KERROR[m[K(const std::string& format, Args... args)
      | [01;36m[K^~~~~[m[K
In file included from [01m[K/home/astra/Ti5_controller/build/Ti5_arms_controller/Ti5_arms_controller_parameters/include/Ti5_arms_controller_parameters.hpp:29[m[K,
                 from [01m[K/home/astra/Ti5_controller/src/Ti5_arms_controller/include/Ti5_arms_controller/Ti5_arms_controller.hpp:28[m[K,
                 from [01m[K/home/astra/Ti5_controller/src/Ti5_arms_controller/src/Ti5_arms_controller.cpp:20[m[K:
[01m[K/home/astra/Ti5_controller/build/Ti5_arms_controller/Ti5_arms_controller_parameters/include/validate_Ti5_arms_controller_parameters.hpp:38:10:[m[K [01;35m[Kwarning: [m[K‚Äò[01m[Kparameter_traits::OK[m[K‚Äô is deprecated: When returning tl::expected<void, std::string> default construct for OK with `{}`. [[01;35m[K]8;;https://gcc.gnu.org/onlinedocs/gcc/Warning-Options.html#index-Wdeprecated-declarations-Wdeprecated-declarations]8;;[m[K]
   38 |   return [01;35m[KOK[m[K;
      |          [01;35m[K^~[m[K
In file included from [01m[K/home/astra/Ti5_controller/build/Ti5_arms_controller/Ti5_arms_controller_parameters/include/Ti5_arms_controller_parameters.hpp:23[m[K,
                 from [01m[K/home/astra/Ti5_controller/src/Ti5_arms_controller/include/Ti5_arms_controller/Ti5_arms_controller.hpp:28[m[K,
                 from [01m[K/home/astra/Ti5_controller/src/Ti5_arms_controller/src/Ti5_arms_controller.cpp:20[m[K:
[01m[K/opt/ros/humble/include/parameter_traits/parameter_traits/parameter_traits.hpp:51:13:[m[K [01;36m[Knote: [m[Kdeclared here
   51 | auto static [01;36m[KOK[m[K
      |             [01;36m[K^~[m[K
[ 53%] [32m[1mLinking CXX static library libgmock.a[0m
[ 53%] Built target gmock
[ 60%] [32mBuilding CXX object CMakeFiles/test_load_Ti5_arms_controller.dir/test/test_load_Ti5_arms_controller.cpp.o[0m
[01m[K/home/astra/Ti5_controller/src/Ti5_arms_controller/test/test_load_Ti5_arms_controller.cpp:[m[K In member function ‚Äò[01m[Kvirtual void TestLoadTi5ArmsController_load_controller_Test::TestBody()[m[K‚Äô:
[01m[K/home/astra/Ti5_controller/src/Ti5_arms_controller/test/test_load_Ti5_arms_controller.cpp:38:92:[m[K [01;31m[Kerror: [m[Kno matching function for call to ‚Äò[01m[Kcontroller_manager::ControllerManager::ControllerManager(std::shared_ptr<rclcpp::Executor>&, const std::__cxx11::basic_string<char>&, bool, const char [24])[m[K‚Äô
   38 |     executor, ros2_control_test_assets::minimal_robot_urdf, true, "test_controller_manager"[01;31m[K)[m[K;
      |                                                                                            [01;31m[K^[m[K
In file included from [01m[K/home/astra/Ti5_controller/src/Ti5_arms_controller/test/test_load_Ti5_arms_controller.cpp:23[m[K:
[01m[K/opt/ros/humble/include/controller_manager/controller_manager.hpp:77:3:[m[K [01;36m[Knote: [m[Kcandidate: ‚Äò[01m[Kcontroller_manager::ControllerManager::ControllerManager(std::shared_ptr<rclcpp::Executor>, const string&, const string&, const rclcpp::NodeOptions&)[m[K‚Äô
   77 |   [01;36m[KControllerManager[m[K(
      |   [01;36m[K^~~~~~~~~~~~~~~~~[m[K
[01m[K/opt/ros/humble/include/controller_manager/controller_manager.hpp:80:25:[m[K [01;36m[Knote: [m[K  no known conversion for argument 3 from ‚Äò[01m[Kbool[m[K‚Äô to ‚Äò[01m[Kconst string&[m[K‚Äô {aka ‚Äò[01m[Kconst std::__cxx11::basic_string<char>&[m[K‚Äô}
   80 |     [01;36m[Kconst std::string & namespace_ = ""[m[K,
      |     [01;36m[K~~~~~~~~~~~~~~~~~~~~^~~~~~~~~~~~~~~[m[K
[01m[K/opt/ros/humble/include/controller_manager/controller_manager.hpp:69:3:[m[K [01;36m[Knote: [m[Kcandidate: ‚Äò[01m[Kcontroller_manager::ControllerManager::ControllerManager(std::unique_ptr<hardware_interface::ResourceManager>, std::shared_ptr<rclcpp::Executor>, const string&, const string&, const rclcpp::NodeOptions&)[m[K‚Äô
   69 |   [01;36m[KControllerManager[m[K(
      |   [01;36m[K^~~~~~~~~~~~~~~~~[m[K
[01m[K/opt/ros/humble/include/controller_manager/controller_manager.hpp:70:58:[m[K [01;36m[Knote: [m[K  no known conversion for argument 1 from ‚Äò[01m[Kstd::shared_ptr<rclcpp::Executor>[m[K‚Äô to ‚Äò[01m[Kstd::unique_ptr<hardware_interface::ResourceManager>[m[K‚Äô
   70 |     [01;36m[Kstd::unique_ptr<hardware_interface::ResourceManager> resource_manager[m[K,
      |     [01;36m[K~~~~~~~~~~~~~~~~~~~~~~~~~~~~~~~~~~~~~~~~~~~~~~~~~~~~~^~~~~~~~~~~~~~~~[m[K
gmake[2]: *** [CMakeFiles/test_load_Ti5_arms_controller.dir/build.make:76ÔºöCMakeFiles/test_load_Ti5_arms_controller.dir/test/test_load_Ti5_arms_controller.cpp.o] ÈîôËØØ 1
gmake[1]: *** [CMakeFiles/Makefile2:235ÔºöCMakeFiles/test_load_Ti5_arms_controller.dir/all] ÈîôËØØ 2
gmake[1]: *** Ê≠£Âú®Á≠âÂæÖÊú™ÂÆåÊàêÁöÑ‰ªªÂä°....
[ 66%] [32m[1mLinking CXX shared library libTi5_arms_controller.so[0m
[ 66%] Built target Ti5_arms_controller
gmake: *** [Makefile:146Ôºöall] ÈîôËØØ 2
