[0.006s] Invoking command in '/home/astra/Ti5_controller/build/Ti5_arms_controller': CMAKE_PREFIX_PATH=${CMAKE_PREFIX_PATH}:/opt/ros/humble /usr/bin/cmake /home/astra/Ti5_controller/src/Ti5_arms_controller -DCMAKE_BUILD_TYPE=RelWithDebInfo -DCMAKE_EXPORT_COMPILE_COMMANDS=ON -DAMENT_CMAKE_SYMLINK_INSTALL=1 -DCMAKE_INSTALL_PREFIX=/home/astra/Ti5_controller/install/Ti5_arms_controller
[0.049s] -- The C compiler identification is GNU 11.4.0
[0.101s] -- The CXX compiler identification is GNU 11.4.0
[0.106s] -- Detecting C compiler ABI info
[0.197s] -- Detecting C compiler ABI info - done
[0.208s] -- Check for working C compiler: /usr/bin/cc - skipped
[0.208s] -- Detecting C compile features
[0.208s] -- Detecting C compile features - done
[0.211s] -- Detecting CXX compiler ABI info
[0.297s] -- Detecting CXX compiler ABI info - done
[0.301s] -- Check for working CXX compiler: /usr/bin/c++ - skipped
[0.301s] -- Detecting CXX compile features
[0.302s] -- Detecting CXX compile features - done
[0.303s] -- Found ament_cmake: 1.3.10 (/opt/ros/humble/share/ament_cmake/cmake)
[0.427s] -- Found Python3: /usr/bin/python3 (found version "3.10.12") found components: Interpreter 
[0.466s] -- Override CMake install command with custom implementation using symlinks instead of copying resources
[0.484s] -- Found generate_parameter_library: 0.3.9 (/opt/ros/humble/share/generate_parameter_library/cmake)
[0.486s] -- Found parameter_traits: 0.3.9 (/opt/ros/humble/share/parameter_traits/cmake)
[0.514s] -- Found rosidl_generator_c: 3.1.5 (/opt/ros/humble/share/rosidl_generator_c/cmake)
[0.517s] -- Found rosidl_adapter: 3.1.5 (/opt/ros/humble/share/rosidl_adapter/cmake)
[0.523s] -- Found rosidl_generator_cpp: 3.1.5 (/opt/ros/humble/share/rosidl_generator_cpp/cmake)
[0.530s] -- Using all available rosidl_typesupport_c: rosidl_typesupport_fastrtps_c;rosidl_typesupport_introspection_c
[0.540s] -- Using all available rosidl_typesupport_cpp: rosidl_typesupport_fastrtps_cpp;rosidl_typesupport_introspection_cpp
[0.568s] -- Found rmw_implementation_cmake: 6.1.2 (/opt/ros/humble/share/rmw_implementation_cmake/cmake)
[0.570s] -- Found rmw_cyclonedds_cpp: 1.3.4 (/opt/ros/humble/share/rmw_cyclonedds_cpp/cmake)
[0.583s] -- Using RMW implementation 'rmw_cyclonedds_cpp' as default
[0.588s] -- Looking for pthread.h
[0.656s] -- Looking for pthread.h - found
[0.656s] -- Performing Test CMAKE_HAVE_LIBC_PTHREAD
[0.746s] -- Performing Test CMAKE_HAVE_LIBC_PTHREAD - Success
[0.748s] -- Found Threads: TRUE  
[0.804s] -- Found rclcpp_lifecycle: 16.0.10 (/opt/ros/humble/share/rclcpp_lifecycle/cmake)
[0.818s] -- Found ament_cmake_gmock: 1.3.10 (/opt/ros/humble/share/ament_cmake_gmock/cmake)
[0.819s] -- Found controller_manager: 2.43.1 (/opt/ros/humble/share/controller_manager/cmake)
[0.933s] -- Found ros2_control_test_assets: 2.43.1 (/opt/ros/humble/share/ros2_control_test_assets/cmake)
[0.935s] -- Found std_srvs: 4.2.4 (/opt/ros/humble/share/std_srvs/cmake)
[0.951s] -- Found ament_lint_auto: 0.12.11 (/opt/ros/humble/share/ament_lint_auto/cmake)
[0.953s] -- Found gmock sources under '/opt/ros/humble/src/gmock_vendor': C++ tests using 'Google Mock' will be built
[0.956s] -- Found ament_cmake_gtest: 1.3.10 (/opt/ros/humble/share/ament_cmake_gtest/cmake)
[0.956s] -- Found gtest sources under '/opt/ros/humble/src/gtest_vendor': C++ tests using 'Google Test' will be built
[1.016s] WARNING: Package name "Ti5_arms_controller" does not follow the naming conventions. It should start with a lower case letter and only contain lower case letters, digits, underscores, and dashes.
[1.024s] -- Configuring done
[1.072s] -- Generating done
[1.073s] -- Build files have been written to: /home/astra/Ti5_controller/build/Ti5_arms_controller
[1.081s] Invoked command in '/home/astra/Ti5_controller/build/Ti5_arms_controller' returned '0': CMAKE_PREFIX_PATH=${CMAKE_PREFIX_PATH}:/opt/ros/humble /usr/bin/cmake /home/astra/Ti5_controller/src/Ti5_arms_controller -DCMAKE_BUILD_TYPE=RelWithDebInfo -DCMAKE_EXPORT_COMPILE_COMMANDS=ON -DAMENT_CMAKE_SYMLINK_INSTALL=1 -DCMAKE_INSTALL_PREFIX=/home/astra/Ti5_controller/install/Ti5_arms_controller
[1.081s] Invoking command in '/home/astra/Ti5_controller/build/Ti5_arms_controller': CMAKE_PREFIX_PATH=${CMAKE_PREFIX_PATH}:/opt/ros/humble /usr/bin/cmake --build /home/astra/Ti5_controller/build/Ti5_arms_controller -- -j24 -l24
[1.117s] [  6%] [32mBuilding CXX object gmock/CMakeFiles/gmock.dir/opt/ros/humble/src/gtest_vendor/src/gtest-all.cc.o[0m
[1.120s] [ 13%] [34m[1mRunning `/usr/bin/cmake -E copy /home/astra/Ti5_controller/src/Ti5_arms_controller/include/Ti5_arms_controller/validate_Ti5_arms_controller_parameters.hpp /home/astra/Ti5_controller/build/Ti5_arms_controller/Ti5_arms_controller_parameters/include/validate_Ti5_arms_controller_parameters.hpp`[0m
[1.120s] [ 20%] [32mBuilding CXX object gmock/CMakeFiles/gmock_main.dir/src/gmock_main.cc.o[0m
[1.120s] [ 26%] [32mBuilding CXX object gmock/CMakeFiles/gmock.dir/src/gmock-all.cc.o[0m
[1.131s] [ 33%] [34m[1mRunning `/opt/ros/humble/bin/generate_parameter_library_cpp /home/astra/Ti5_controller/build/Ti5_arms_controller/Ti5_arms_controller_parameters/include//Ti5_arms_controller_parameters.hpp /home/astra/Ti5_controller/src/Ti5_arms_controller/src/Ti5_arms_controller.yaml validate_Ti5_arms_controller_parameters.hpp`[0m
[1.256s] [ 33%] Built target Ti5_arms_controller_parameters
[1.272s] [ 40%] [32mBuilding CXX object CMakeFiles/Ti5_arms_controller.dir/src/Ti5_arms_controller.cpp.o[0m
[1.851s] [ 46%] [32m[1mLinking CXX static library libgmock_main.a[0m
[1.873s] [ 46%] Built target gmock_main
[2.793s] In file included from [01m[K/home/astra/Ti5_controller/build/Ti5_arms_controller/Ti5_arms_controller_parameters/include/Ti5_arms_controller_parameters.hpp:29[m[K,
[2.793s]                  from [01m[K/home/astra/Ti5_controller/src/Ti5_arms_controller/include/Ti5_arms_controller/Ti5_arms_controller.hpp:28[m[K,
[2.793s]                  from [01m[K/home/astra/Ti5_controller/src/Ti5_arms_controller/src/Ti5_arms_controller.cpp:20[m[K:
[2.793s] [01m[K/home/astra/Ti5_controller/build/Ti5_arms_controller/Ti5_arms_controller_parameters/include/validate_Ti5_arms_controller_parameters.hpp:29:75:[m[K [01;35m[Kwarning: [m[K‚Äò[01m[Kusing Result = class tl::expected<void, std::__cxx11::basic_string<char> >[m[K‚Äô is deprecated: Use tl::expected<void, std::string> for return instead. `#include <tl_expected/expected.hpp>`. [[01;35m[K]8;;https://gcc.gnu.org/onlinedocs/gcc/Warning-Options.html#index-Wdeprecated-declarations-Wdeprecated-declarations]8;;[m[K]
[2.793s]    29 | Result forbidden_interface_name_prefix(rclcpp::Parameter const & parameter[01;35m[K)[m[K
[2.793s]       |                                                                           [01;35m[K^[m[K
[2.793s] In file included from [01m[K/home/astra/Ti5_controller/build/Ti5_arms_controller/Ti5_arms_controller_parameters/include/Ti5_arms_controller_parameters.hpp:23[m[K,
[2.793s]                  from [01m[K/home/astra/Ti5_controller/src/Ti5_arms_controller/include/Ti5_arms_controller/Ti5_arms_controller.hpp:28[m[K,
[2.793s]                  from [01m[K/home/astra/Ti5_controller/src/Ti5_arms_controller/src/Ti5_arms_controller.cpp:20[m[K:
[2.793s] [01m[K/opt/ros/humble/include/parameter_traits/parameter_traits/parameter_traits.hpp:37:7:[m[K [01;36m[Knote: [m[Kdeclared here
[2.793s]    37 | using [01;36m[KResult[m[K
[2.793s]       |       [01;36m[K^~~~~~[m[K
[2.794s] In file included from [01m[K/home/astra/Ti5_controller/build/Ti5_arms_controller/Ti5_arms_controller_parameters/include/Ti5_arms_controller_parameters.hpp:29[m[K,
[2.794s]                  from [01m[K/home/astra/Ti5_controller/src/Ti5_arms_controller/include/Ti5_arms_controller/Ti5_arms_controller.hpp:28[m[K,
[2.794s]                  from [01m[K/home/astra/Ti5_controller/src/Ti5_arms_controller/src/Ti5_arms_controller.cpp:20[m[K:
[2.794s] [01m[K/home/astra/Ti5_controller/build/Ti5_arms_controller/Ti5_arms_controller_parameters/include/validate_Ti5_arms_controller_parameters.hpp:[m[K In function ‚Äò[01m[Kparameter_traits::Result parameter_traits::forbidden_interface_name_prefix(const rclcpp::Parameter&)[m[K‚Äô:
[2.794s] [01m[K/home/astra/Ti5_controller/build/Ti5_arms_controller/Ti5_arms_controller_parameters/include/validate_Ti5_arms_controller_parameters.hpp:35:17:[m[K [01;35m[Kwarning: [m[K‚Äò[01m[Ktl::expected<void, std::__cxx11::basic_string<char> > parameter_traits::ERROR(const string&, Args ...) [with Args = {}; std::string = std::__cxx11::basic_string<char>][m[K‚Äô is deprecated: When returning tl::expected<void, std::string> you can call fmt::format directly. [[01;35m[K]8;;https://gcc.gnu.org/onlinedocs/gcc/Warning-Options.html#index-Wdeprecated-declarations-Wdeprecated-declarations]8;;[m[K]
[2.794s]    35 |     return [01;35m[KERROR("'interface_name' parameter can not start with 'blup_'")[m[K;
[2.794s]       |            [01;35m[K~~~~~^~~~~~~~~~~~~~~~~~~~~~~~~~~~~~~~~~~~~~~~~~~~~~~~~~~~~~~~~[m[K
[2.794s] In file included from [01m[K/home/astra/Ti5_controller/build/Ti5_arms_controller/Ti5_arms_controller_parameters/include/Ti5_arms_controller_parameters.hpp:23[m[K,
[2.794s]                  from [01m[K/home/astra/Ti5_controller/src/Ti5_arms_controller/include/Ti5_arms_controller/Ti5_arms_controller.hpp:28[m[K,
[2.794s]                  from [01m[K/home/astra/Ti5_controller/src/Ti5_arms_controller/src/Ti5_arms_controller.cpp:20[m[K:
[2.794s] [01m[K/opt/ros/humble/include/parameter_traits/parameter_traits/parameter_traits.hpp:46:1:[m[K [01;36m[Knote: [m[Kdeclared here
[2.794s]    46 | [01;36m[KERROR[m[K(const std::string& format, Args... args)
[2.794s]       | [01;36m[K^~~~~[m[K
[2.794s] In file included from [01m[K/home/astra/Ti5_controller/build/Ti5_arms_controller/Ti5_arms_controller_parameters/include/Ti5_arms_controller_parameters.hpp:29[m[K,
[2.794s]                  from [01m[K/home/astra/Ti5_controller/src/Ti5_arms_controller/include/Ti5_arms_controller/Ti5_arms_controller.hpp:28[m[K,
[2.794s]                  from [01m[K/home/astra/Ti5_controller/src/Ti5_arms_controller/src/Ti5_arms_controller.cpp:20[m[K:
[2.794s] [01m[K/home/astra/Ti5_controller/build/Ti5_arms_controller/Ti5_arms_controller_parameters/include/validate_Ti5_arms_controller_parameters.hpp:38:10:[m[K [01;35m[Kwarning: [m[K‚Äò[01m[Kparameter_traits::OK[m[K‚Äô is deprecated: When returning tl::expected<void, std::string> default construct for OK with `{}`. [[01;35m[K]8;;https://gcc.gnu.org/onlinedocs/gcc/Warning-Options.html#index-Wdeprecated-declarations-Wdeprecated-declarations]8;;[m[K]
[2.794s]    38 |   return [01;35m[KOK[m[K;
[2.794s]       |          [01;35m[K^~[m[K
[2.794s] In file included from [01m[K/home/astra/Ti5_controller/build/Ti5_arms_controller/Ti5_arms_controller_parameters/include/Ti5_arms_controller_parameters.hpp:23[m[K,
[2.794s]                  from [01m[K/home/astra/Ti5_controller/src/Ti5_arms_controller/include/Ti5_arms_controller/Ti5_arms_controller.hpp:28[m[K,
[2.794s]                  from [01m[K/home/astra/Ti5_controller/src/Ti5_arms_controller/src/Ti5_arms_controller.cpp:20[m[K:
[2.794s] [01m[K/opt/ros/humble/include/parameter_traits/parameter_traits/parameter_traits.hpp:51:13:[m[K [01;36m[Knote: [m[Kdeclared here
[2.794s]    51 | auto static [01;36m[KOK[m[K
[2.794s]       |             [01;36m[K^~[m[K
[6.792s] [ 53%] [32m[1mLinking CXX static library libgmock.a[0m
[6.849s] [ 53%] Built target gmock
[6.863s] [ 60%] [32mBuilding CXX object CMakeFiles/test_load_Ti5_arms_controller.dir/test/test_load_Ti5_arms_controller.cpp.o[0m
[9.243s] [01m[K/home/astra/Ti5_controller/src/Ti5_arms_controller/test/test_load_Ti5_arms_controller.cpp:[m[K In member function ‚Äò[01m[Kvirtual void TestLoadTi5ArmsController_load_controller_Test::TestBody()[m[K‚Äô:
[9.243s] [01m[K/home/astra/Ti5_controller/src/Ti5_arms_controller/test/test_load_Ti5_arms_controller.cpp:38:92:[m[K [01;31m[Kerror: [m[Kno matching function for call to ‚Äò[01m[Kcontroller_manager::ControllerManager::ControllerManager(std::shared_ptr<rclcpp::Executor>&, const std::__cxx11::basic_string<char>&, bool, const char [24])[m[K‚Äô
[9.243s]    38 |     executor, ros2_control_test_assets::minimal_robot_urdf, true, "test_controller_manager"[01;31m[K)[m[K;
[9.243s]       |                                                                                            [01;31m[K^[m[K
[9.243s] In file included from [01m[K/home/astra/Ti5_controller/src/Ti5_arms_controller/test/test_load_Ti5_arms_controller.cpp:23[m[K:
[9.243s] [01m[K/opt/ros/humble/include/controller_manager/controller_manager.hpp:77:3:[m[K [01;36m[Knote: [m[Kcandidate: ‚Äò[01m[Kcontroller_manager::ControllerManager::ControllerManager(std::shared_ptr<rclcpp::Executor>, const string&, const string&, const rclcpp::NodeOptions&)[m[K‚Äô
[9.243s]    77 |   [01;36m[KControllerManager[m[K(
[9.243s]       |   [01;36m[K^~~~~~~~~~~~~~~~~[m[K
[9.243s] [01m[K/opt/ros/humble/include/controller_manager/controller_manager.hpp:80:25:[m[K [01;36m[Knote: [m[K  no known conversion for argument 3 from ‚Äò[01m[Kbool[m[K‚Äô to ‚Äò[01m[Kconst string&[m[K‚Äô {aka ‚Äò[01m[Kconst std::__cxx11::basic_string<char>&[m[K‚Äô}
[9.243s]    80 |     [01;36m[Kconst std::string & namespace_ = ""[m[K,
[9.243s]       |     [01;36m[K~~~~~~~~~~~~~~~~~~~~^~~~~~~~~~~~~~~[m[K
[9.244s] [01m[K/opt/ros/humble/include/controller_manager/controller_manager.hpp:69:3:[m[K [01;36m[Knote: [m[Kcandidate: ‚Äò[01m[Kcontroller_manager::ControllerManager::ControllerManager(std::unique_ptr<hardware_interface::ResourceManager>, std::shared_ptr<rclcpp::Executor>, const string&, const string&, const rclcpp::NodeOptions&)[m[K‚Äô
[9.244s]    69 |   [01;36m[KControllerManager[m[K(
[9.244s]       |   [01;36m[K^~~~~~~~~~~~~~~~~[m[K
[9.244s] [01m[K/opt/ros/humble/include/controller_manager/controller_manager.hpp:70:58:[m[K [01;36m[Knote: [m[K  no known conversion for argument 1 from ‚Äò[01m[Kstd::shared_ptr<rclcpp::Executor>[m[K‚Äô to ‚Äò[01m[Kstd::unique_ptr<hardware_interface::ResourceManager>[m[K‚Äô
[9.244s]    70 |     [01;36m[Kstd::unique_ptr<hardware_interface::ResourceManager> resource_manager[m[K,
[9.244s]       |     [01;36m[K~~~~~~~~~~~~~~~~~~~~~~~~~~~~~~~~~~~~~~~~~~~~~~~~~~~~~^~~~~~~~~~~~~~~~[m[K
[9.806s] gmake[2]: *** [CMakeFiles/test_load_Ti5_arms_controller.dir/build.make:76ÔºöCMakeFiles/test_load_Ti5_arms_controller.dir/test/test_load_Ti5_arms_controller.cpp.o] ÈîôËØØ 1
[9.806s] gmake[1]: *** [CMakeFiles/Makefile2:235ÔºöCMakeFiles/test_load_Ti5_arms_controller.dir/all] ÈîôËØØ 2
[9.806s] gmake[1]: *** Ê≠£Âú®Á≠âÂæÖÊú™ÂÆåÊàêÁöÑ‰ªªÂä°....
[12.745s] [ 66%] [32m[1mLinking CXX shared library libTi5_arms_controller.so[0m
[12.956s] [ 66%] Built target Ti5_arms_controller
[12.956s] gmake: *** [Makefile:146Ôºöall] ÈîôËØØ 2
[12.958s] Invoked command in '/home/astra/Ti5_controller/build/Ti5_arms_controller' returned '2': CMAKE_PREFIX_PATH=${CMAKE_PREFIX_PATH}:/opt/ros/humble /usr/bin/cmake --build /home/astra/Ti5_controller/build/Ti5_arms_controller -- -j24 -l24
