<?xml version="1.0" encoding="UTF-8"?>
<Site BuildName="(empty)"
	BuildStamp="20250616-0742-Experimental"
	Name="astra"
	Generator="ctest-3.22.1"
	CompilerName="/usr/bin/g++"
	CompilerVersion="11.4.0"
	OSName="Linux"
	Hostname="astra"
	OSRelease="6.8.0-59-generic"
	OSVersion="#61~22.04.1-Ubuntu SMP PREEMPT_DYNAMIC Tue Apr 15 17:03:15 UTC 2"
	OSPlatform="x86_64"
	Is64Bits="1"
	VendorString="GenuineIntel"
	VendorID="Intel Corporation"
	FamilyID="6"
	ModelID="183"
	ProcessorCacheSize="30720"
	NumberOfLogicalCPU="24"
	NumberOfPhysicalCPU="16"
	TotalVirtualMemory="2047"
	TotalPhysicalMemory="31756"
	LogicalProcessorsPerPhysical="1"
	ProcessorClockFrequency="3771.15"
	>
	<Testing>
		<StartDateTime>Jun 16 15:42 CST</StartDateTime>
		<StartTestTime>1750059750</StartTestTime>
		<TestList/>
		<EndDateTime>Jun 16 15:42 CST</EndDateTime>
		<EndTestTime>1750059750</EndTestTime>
		<ElapsedMinutes>0</ElapsedMinutes>
	</Testing>
</Site>
